                       :-) GROMACS - gmx mdrun, 2021 (-:

                            GROMACS is written by:
     Andrey Alekseenko              Emile Apol              Rossen Apostolov     
         Paul Bauer           Herman J.C. Berendsen           Par Bjelkmar       
       Christian Blau           Viacheslav Bolnykh             Kevin Boyd        
     Aldert van Buuren           Rudi van Drunen             Anton Feenstra      
    Gilles Gouaillardet             Alan Gray               Gerrit Groenhof      
       Anca Hamuraru            Vincent Hindriksen          M. Eric Irrgang      
      Aleksei Iupinov           Christoph Junghans             Joe Jordan        
    Dimitrios Karkoulis            Peter Kasson                Jiri Kraus        
      Carsten Kutzner              Per Larsson              Justin A. Lemkul     
       Viveca Lindahl            Magnus Lundborg             Erik Marklund       
        Pascal Merz             Pieter Meulenhoff            Teemu Murtola       
        Szilard Pall               Sander Pronk              Roland Schulz       
       Michael Shirts            Alexey Shvetsov             Alfons Sijbers      
       Peter Tieleman              Jon Vincent              Teemu Virolainen     
     Christian Wennberg            Maarten Wolf              Artem Zhmurov       
                           and the project leaders:
        Mark Abraham, Berk Hess, Erik Lindahl, and David van der Spoel

Copyright (c) 1991-2000, University of Groningen, The Netherlands.
Copyright (c) 2001-2019, The GROMACS development team at
Uppsala University, Stockholm University and
the Royal Institute of Technology, Sweden.
check out http://www.gromacs.org for more information.

GROMACS is free software; you can redistribute it and/or modify it
under the terms of the GNU Lesser General Public License
as published by the Free Software Foundation; either version 2.1
of the License, or (at your option) any later version.

GROMACS:      gmx mdrun, version 2021
Executable:   /usr/local/gromacs/bin/gmx
Data prefix:  /usr/local/gromacs
Working dir:  /Users/admin/Documents/GitHub/CHE4597-project/data/interfaces/add-anionic
Process ID:   98502
Command line:
  gmx mdrun -deffnm nvt

GROMACS version:    2021
Verified release checksum is 3e06a5865d6ff726fc417dea8d55afd37ac3cbb94c02c54c76d7a881c49c5dd8
Precision:          mixed
Memory model:       64 bit
MPI library:        thread_mpi
OpenMP support:     disabled
GPU support:        disabled
SIMD instructions:  AVX2_256
FFT library:        fftw-3.3.8-sse2
RDTSCP usage:       enabled
TNG support:        enabled
Hwloc support:      disabled
Tracing support:    disabled
C compiler:         /Library/Developer/CommandLineTools/usr/bin/cc AppleClang 12.0.5.12050022
C compiler flags:   -mavx2 -mfma -Wno-unknown-pragmas -Wno-missing-field-initializers -fno-stack-check -fno-stack-check -O3 -DNDEBUG
C++ compiler:       /Library/Developer/CommandLineTools/usr/bin/c++ AppleClang 12.0.5.12050022
C++ compiler flags: -mavx2 -mfma -Wno-unknown-pragmas -Wno-missing-field-initializers -fno-stack-check -fno-stack-check -Weverything -Wno-c++98-compat -Wno-c++98-compat-pedantic -Wno-source-uses-openmp -Wno-c++17-extensions -Wno-documentation-unknown-command -Wno-covered-switch-default -Wno-switch-enum -Wno-extra-semi-stmt -Wno-disabled-macro-expansion -Wno-cast-align -Wno-reserved-id-macro -Wno-global-constructors -Wno-exit-time-destructors -Wno-unused-macros -Wno-weak-vtables -Wno-conditional-uninitialized -Wno-format-nonliteral -Wno-shadow -Wno-cast-qual -Wno-documentation -Wno-used-but-marked-unused -Wno-padded -Wno-float-equal -Wno-old-style-cast -Wno-conversion -Wno-double-promotion -O3 -DNDEBUG


Running on 1 node with total 8 cores, 8 logical cores
Hardware detected:
  CPU info:
    Vendor: Intel
    Brand:  Intel(R) Core(TM) i5-1030NG7 CPU @ 1.10GHz
    Family: 6   Model: 126   Stepping: 5
    Features: aes apic avx avx2 avx512f avx512cd avx512bw avx512vl clfsh cmov cx8 cx16 f16c fma htt intel lahf mmx msr nonstop_tsc pcid pclmuldq pdcm pdpe1gb popcnt pse rdrnd rdtscp sha sse2 sse3 sse4.1 sse4.2 ssse3 tdt x2apic
    Number of AVX-512 FMA units: 1 (AVX2 is faster w/o 2 AVX-512 FMA units)
  Hardware topology: Only logical processor count


++++ PLEASE READ AND CITE THE FOLLOWING REFERENCE ++++
M. J. Abraham, T. Murtola, R. Schulz, S. Páll, J. C. Smith, B. Hess, E.
Lindahl
GROMACS: High performance molecular simulations through multi-level
parallelism from laptops to supercomputers
SoftwareX 1 (2015) pp. 19-25
-------- -------- --- Thank You --- -------- --------


++++ PLEASE READ AND CITE THE FOLLOWING REFERENCE ++++
S. Páll, M. J. Abraham, C. Kutzner, B. Hess, E. Lindahl
Tackling Exascale Software Challenges in Molecular Dynamics Simulations with
GROMACS
In S. Markidis & E. Laure (Eds.), Solving Software Challenges for Exascale 8759 (2015) pp. 3-27
-------- -------- --- Thank You --- -------- --------


++++ PLEASE READ AND CITE THE FOLLOWING REFERENCE ++++
S. Pronk, S. Páll, R. Schulz, P. Larsson, P. Bjelkmar, R. Apostolov, M. R.
Shirts, J. C. Smith, P. M. Kasson, D. van der Spoel, B. Hess, and E. Lindahl
GROMACS 4.5: a high-throughput and highly parallel open source molecular
simulation toolkit
Bioinformatics 29 (2013) pp. 845-54
-------- -------- --- Thank You --- -------- --------


++++ PLEASE READ AND CITE THE FOLLOWING REFERENCE ++++
B. Hess and C. Kutzner and D. van der Spoel and E. Lindahl
GROMACS 4: Algorithms for highly efficient, load-balanced, and scalable
molecular simulation
J. Chem. Theory Comput. 4 (2008) pp. 435-447
-------- -------- --- Thank You --- -------- --------


++++ PLEASE READ AND CITE THE FOLLOWING REFERENCE ++++
D. van der Spoel, E. Lindahl, B. Hess, G. Groenhof, A. E. Mark and H. J. C.
Berendsen
GROMACS: Fast, Flexible and Free
J. Comp. Chem. 26 (2005) pp. 1701-1719
-------- -------- --- Thank You --- -------- --------


++++ PLEASE READ AND CITE THE FOLLOWING REFERENCE ++++
E. Lindahl and B. Hess and D. van der Spoel
GROMACS 3.0: A package for molecular simulation and trajectory analysis
J. Mol. Mod. 7 (2001) pp. 306-317
-------- -------- --- Thank You --- -------- --------


++++ PLEASE READ AND CITE THE FOLLOWING REFERENCE ++++
H. J. C. Berendsen, D. van der Spoel and R. van Drunen
GROMACS: A message-passing parallel molecular dynamics implementation
Comp. Phys. Comm. 91 (1995) pp. 43-56
-------- -------- --- Thank You --- -------- --------


++++ PLEASE CITE THE DOI FOR THIS VERSION OF GROMACS ++++
https://doi.org/10.5281/zenodo.4457626
-------- -------- --- Thank You --- -------- --------

Input Parameters:
   integrator                     = md
   tinit                          = 0
   dt                             = 0.002
   nsteps                         = 50000
   init-step                      = 0
   simulation-part                = 1
   mts                            = false
   comm-mode                      = Linear
   nstcomm                        = 100
   bd-fric                        = 0
   ld-seed                        = -268437634
   emtol                          = 10
   emstep                         = 0.01
   niter                          = 20
   fcstep                         = 0
   nstcgsteep                     = 1000
   nbfgscorr                      = 10
   rtpi                           = 0.05
   nstxout                        = 500
   nstvout                        = 500
   nstfout                        = 0
   nstlog                         = 500
   nstcalcenergy                  = 100
   nstenergy                      = 500
   nstxout-compressed             = 0
   compressed-x-precision         = 1000
   cutoff-scheme                  = Verlet
   nstlist                        = 10
   pbc                            = xyz
   periodic-molecules             = false
   verlet-buffer-tolerance        = 0.005
   rlist                          = 1
   coulombtype                    = PME
   coulomb-modifier               = Potential-shift
   rcoulomb-switch                = 0
   rcoulomb                       = 1
   epsilon-r                      = 1
   epsilon-rf                     = inf
   vdw-type                       = Cut-off
   vdw-modifier                   = Potential-shift
   rvdw-switch                    = 0
   rvdw                           = 1
   DispCorr                       = EnerPres
   table-extension                = 1
   fourierspacing                 = 0.2
   fourier-nx                     = 16
   fourier-ny                     = 16
   fourier-nz                     = 48
   pme-order                      = 4
   ewald-rtol                     = 1e-05
   ewald-rtol-lj                  = 0.001
   lj-pme-comb-rule               = Geometric
   ewald-geometry                 = 0
   epsilon-surface                = 0
   tcoupl                         = V-rescale
   nsttcouple                     = 10
   nh-chain-length                = 0
   print-nose-hoover-chain-variables = false
   pcoupl                         = No
   pcoupltype                     = Isotropic
   nstpcouple                     = -1
   tau-p                          = 1
   compressibility (3x3):
      compressibility[    0]={ 0.00000e+00,  0.00000e+00,  0.00000e+00}
      compressibility[    1]={ 0.00000e+00,  0.00000e+00,  0.00000e+00}
      compressibility[    2]={ 0.00000e+00,  0.00000e+00,  0.00000e+00}
   ref-p (3x3):
      ref-p[    0]={ 0.00000e+00,  0.00000e+00,  0.00000e+00}
      ref-p[    1]={ 0.00000e+00,  0.00000e+00,  0.00000e+00}
      ref-p[    2]={ 0.00000e+00,  0.00000e+00,  0.00000e+00}
   refcoord-scaling               = No
   posres-com (3):
      posres-com[0]= 0.00000e+00
      posres-com[1]= 0.00000e+00
      posres-com[2]= 0.00000e+00
   posres-comB (3):
      posres-comB[0]= 0.00000e+00
      posres-comB[1]= 0.00000e+00
      posres-comB[2]= 0.00000e+00
   QMMM                           = false
qm-opts:
   ngQM                           = 0
   constraint-algorithm           = Lincs
   continuation                   = false
   Shake-SOR                      = false
   shake-tol                      = 0.0001
   lincs-order                    = 4
   lincs-iter                     = 1
   lincs-warnangle                = 30
   nwall                          = 0
   wall-type                      = 9-3
   wall-r-linpot                  = -1
   wall-atomtype[0]               = -1
   wall-atomtype[1]               = -1
   wall-density[0]                = 0
   wall-density[1]                = 0
   wall-ewald-zfac                = 3
   pull                           = false
   awh                            = false
   rotation                       = false
   interactiveMD                  = false
   disre                          = No
   disre-weighting                = Conservative
   disre-mixed                    = false
   dr-fc                          = 1000
   dr-tau                         = 0
   nstdisreout                    = 100
   orire-fc                       = 0
   orire-tau                      = 0
   nstorireout                    = 100
   free-energy                    = no
   cos-acceleration               = 0
   deform (3x3):
      deform[    0]={ 0.00000e+00,  0.00000e+00,  0.00000e+00}
      deform[    1]={ 0.00000e+00,  0.00000e+00,  0.00000e+00}
      deform[    2]={ 0.00000e+00,  0.00000e+00,  0.00000e+00}
   simulated-tempering            = false
   swapcoords                     = no
   userint1                       = 0
   userint2                       = 0
   userint3                       = 0
   userint4                       = 0
   userreal1                      = 0
   userreal2                      = 0
   userreal3                      = 0
   userreal4                      = 0
   applied-forces:
     electric-field:
       x:
         E0                       = 0
         omega                    = 0
         t0                       = 0
         sigma                    = 0
       y:
         E0                       = 0
         omega                    = 0
         t0                       = 0
         sigma                    = 0
       z:
         E0                       = 0
         omega                    = 0
         t0                       = 0
         sigma                    = 0
     density-guided-simulation:
       active                     = false
       group                      = protein
       similarity-measure         = inner-product
       atom-spreading-weight      = unity
       force-constant             = 1e+09
       gaussian-transform-spreading-width = 0.2
       gaussian-transform-spreading-range-in-multiples-of-width = 4
       reference-density-filename = reference.mrc
       nst                        = 1
       normalize-densities        = true
       adaptive-force-scaling     = false
       adaptive-force-scaling-time-constant = 4
       shift-vector               = 
       transformation-matrix      = 
grpopts:
   nrdf:        5040         781       10845
   ref-t:         300         0.1         300
   tau-t:         0.1         0.1         0.1
annealing:          No          No          No
annealing-npoints:           0           0           0
   acc:	           0           0           0
   nfreeze:           N           N           N
   energygrp-flags[  0]: 0

Changing nstlist from 10 to 80, rlist from 1 to 1.11


Initializing Domain Decomposition on 8 ranks
Dynamic load balancing: auto
Minimum cell size due to atom displacement: 0.646 nm
Initial maximum distances in bonded interactions:
    two-body bonded interactions: 0.398 nm, LJ-14, atoms 5294 5303
  multi-body bonded interactions: 0.398 nm, Proper Dih., atoms 5294 5303
Minimum cell size due to bonded interactions: 0.438 nm
Maximum distance for 5 constraints, at 120 deg. angles, all-trans: 0.765 nm
Estimated maximum distance required for P-LINCS: 0.765 nm
This distance will limit the DD cell size, you can override this with -rcon
Scaling the initial minimum size with 1/0.8 (option -dds) = 1.25
Using 0 separate PME ranks, as there are too few total
 ranks for efficient splitting
Optimizing the DD grid for 8 cells with a minimum initial size of 0.956 nm
The maximum allowed number of cells is: X 3 Y 3 Z 9
Domain decomposition grid 1 x 2 x 4, separate PME ranks 0
PME domain decomposition: 1 x 8 x 1
Domain decomposition rank 0, coordinates 0 0 0

The initial number of communication pulses is: Y 1 Z 1
The initial domain decomposition cell size is: Y 1.50 nm Z 2.25 nm

The maximum allowed distance for atoms involved in interactions is:
                 non-bonded interactions           1.110 nm
            two-body bonded interactions  (-rdd)   1.110 nm
          multi-body bonded interactions  (-rdd)   1.110 nm
  atoms separated by up to 5 constraints  (-rcon)  1.500 nm

When dynamic load balancing gets turned on, these settings will change to:
The maximum number of communication pulses is: Y 1 Z 1
The minimum size for domain decomposition cells is 1.110 nm
The requested allowed shrink of DD cells (option -dds) is: 0.80
The allowed shrink of domain decomposition cells is: Y 0.74 Z 0.49
The maximum allowed distance for atoms involved in interactions is:
                 non-bonded interactions           1.110 nm
            two-body bonded interactions  (-rdd)   1.110 nm
          multi-body bonded interactions  (-rdd)   1.110 nm
  atoms separated by up to 5 constraints  (-rcon)  1.110 nm

Using 8 MPI threads
System total charge: -0.000
Will do PME sum in reciprocal space for electrostatic interactions.

++++ PLEASE READ AND CITE THE FOLLOWING REFERENCE ++++
U. Essmann, L. Perera, M. L. Berkowitz, T. Darden, H. Lee and L. G. Pedersen 
A smooth particle mesh Ewald method
J. Chem. Phys. 103 (1995) pp. 8577-8592
-------- -------- --- Thank You --- -------- --------

Using a Gaussian width (1/beta) of 0.320163 nm for Ewald
Potential shift: LJ r^-12: -1.000e+00 r^-6: -1.000e+00, Ewald -1.000e-05
Initialized non-bonded Ewald tables, spacing: 9.33e-04 size: 1073

Generated table with 1055 data points for 1-4 COUL.
Tabscale = 500 points/nm
Generated table with 1055 data points for 1-4 LJ6.
Tabscale = 500 points/nm
Generated table with 1055 data points for 1-4 LJ12.
Tabscale = 500 points/nm
Long Range LJ corr.: <C6> 3.5702e-04


Using SIMD 4x8 nonbonded short-range kernels

Using a dual 4x8 pair-list setup updated with dynamic pruning:
  outer list: updated every 80 steps, buffer 0.110 nm, rlist 1.110 nm
  inner list: updated every 16 steps, buffer 0.002 nm, rlist 1.002 nm
At tolerance 0.005 kJ/mol/ps per atom, equivalent classical 1x1 list would be:
  outer list: updated every 80 steps, buffer 0.262 nm, rlist 1.262 nm
  inner list: updated every 16 steps, buffer 0.062 nm, rlist 1.062 nm

Using geometric Lennard-Jones combination rule
Removing pbc first time

Initializing Parallel LINear Constraint Solver

++++ PLEASE READ AND CITE THE FOLLOWING REFERENCE ++++
B. Hess
P-LINCS: A Parallel Linear Constraint Solver for molecular simulation
J. Chem. Theory Comput. 4 (2008) pp. 116-122
-------- -------- --- Thank You --- -------- --------

The number of constraints is 2705
There are constraints between atoms in different decomposition domains,
will communicate selected coordinates each lincs iteration

++++ PLEASE READ AND CITE THE FOLLOWING REFERENCE ++++
S. Miyamoto and P. A. Kollman
SETTLE: An Analytical Version of the SHAKE and RATTLE Algorithms for Rigid
Water Models
J. Comp. Chem. 13 (1992) pp. 952-962
-------- -------- --- Thank You --- -------- --------


Linking all bonded interactions to atoms


Intra-simulation communication will occur every 10 steps.

++++ PLEASE READ AND CITE THE FOLLOWING REFERENCE ++++
G. Bussi, D. Donadio and M. Parrinello
Canonical sampling through velocity rescaling
J. Chem. Phys. 126 (2007) pp. 014101
-------- -------- --- Thank You --- -------- --------

There are: 8260 Atoms
Atom distribution over 8 domains: av 1032 stddev 50 min 978 max 1080

Constraining the starting coordinates (step 0)

Constraining the coordinates at t0-dt (step 0)
Center of mass motion removal mode is Linear
We have the following groups for center of mass motion removal:
  0:  HEX
  1:  ANI
  2:  Water_and_ions
RMS relative constraint deviation after constraining: 0.00e+00
Initial temperature: 299.415 K

Started mdrun on rank 0 Tue Apr 25 21:01:59 2023

           Step           Time
              0        0.00000

   Energies (kJ/mol)
          Angle    Proper Dih. Ryckaert-Bell.          LJ-14     Coulomb-14
    1.78256e+03    4.32232e+02    1.39598e+02    5.07823e+02   -3.46192e+02
        LJ (SR)  Disper. corr.   Coulomb (SR)   Coul. recip.      Potential
    1.68991e+04   -1.25821e+03   -1.30605e+05    9.09365e+02   -1.11538e+05
    Kinetic En.   Total Energy  Conserved En.    Temperature Pres. DC (bar)
    2.07464e+04   -9.07921e+04   -9.07921e+04    2.99438e+02   -2.58240e+02
 Pressure (bar)   Constr. rmsd
   -1.02101e+03    3.89602e-06


DD  step 79 load imb.: force  9.1%

step 160 Turning on dynamic load balancing, because the performance loss due to load imbalance is 5.5 %.
           Step           Time
            500        1.00000

   Energies (kJ/mol)
          Angle    Proper Dih. Ryckaert-Bell.          LJ-14     Coulomb-14
    5.89573e+03    4.24114e+02    7.59529e+02    8.19332e+02   -3.29815e+02
        LJ (SR)  Disper. corr.   Coulomb (SR)   Coul. recip.      Potential
    1.28623e+04   -1.25821e+03   -1.11601e+05    7.83066e+02   -9.16449e+04
    Kinetic En.   Total Energy  Conserved En.    Temperature Pres. DC (bar)
    1.97205e+04   -7.19244e+04   -9.05182e+04    2.84632e+02   -2.58240e+02
 Pressure (bar)   Constr. rmsd
    1.28780e+03    3.60962e-06

           Step           Time
           1000        2.00000

   Energies (kJ/mol)
          Angle    Proper Dih. Ryckaert-Bell.          LJ-14     Coulomb-14
    5.89221e+03    4.24267e+02    7.80628e+02    8.32661e+02   -3.20234e+02
        LJ (SR)  Disper. corr.   Coulomb (SR)   Coul. recip.      Potential
    1.25498e+04   -1.25821e+03   -1.12074e+05    7.10812e+02   -9.24618e+04
    Kinetic En.   Total Energy  Conserved En.    Temperature Pres. DC (bar)
    1.97487e+04   -7.27131e+04   -9.05598e+04    2.85039e+02   -2.58240e+02
 Pressure (bar)   Constr. rmsd
    8.34392e+02    3.62769e-06

           Step           Time
           1500        3.00000

   Energies (kJ/mol)
          Angle    Proper Dih. Ryckaert-Bell.          LJ-14     Coulomb-14
    5.97303e+03    4.25036e+02    8.15164e+02    8.07732e+02   -3.11226e+02
        LJ (SR)  Disper. corr.   Coulomb (SR)   Coul. recip.      Potential
    1.27696e+04   -1.25821e+03   -1.12550e+05    6.80604e+02   -9.26484e+04
    Kinetic En.   Total Energy  Conserved En.    Temperature Pres. DC (bar)
    1.96082e+04   -7.30402e+04   -9.06024e+04    2.83010e+02   -2.58240e+02
 Pressure (bar)   Constr. rmsd
    8.68864e+02    3.60607e-06


DD  step 1999  vol min/aver 0.963  load imb.: force  2.7%
           Step           Time
           2000        4.00000

   Energies (kJ/mol)
          Angle    Proper Dih. Ryckaert-Bell.          LJ-14     Coulomb-14
    5.93372e+03    4.19301e+02    8.31344e+02    8.19908e+02   -3.05600e+02
        LJ (SR)  Disper. corr.   Coulomb (SR)   Coul. recip.      Potential
    1.18125e+04   -1.25821e+03   -1.11298e+05    6.01371e+02   -9.24436e+04
    Kinetic En.   Total Energy  Conserved En.    Temperature Pres. DC (bar)
    1.98197e+04   -7.26239e+04   -9.06424e+04    2.86063e+02   -2.58240e+02
 Pressure (bar)   Constr. rmsd
    2.26006e+02    3.66825e-06

           Step           Time
           2500        5.00000

   Energies (kJ/mol)
          Angle    Proper Dih. Ryckaert-Bell.          LJ-14     Coulomb-14
    5.97067e+03    4.12628e+02    7.78141e+02    8.14574e+02   -3.20097e+02
        LJ (SR)  Disper. corr.   Coulomb (SR)   Coul. recip.      Potential
    1.21235e+04   -1.25821e+03   -1.11670e+05    6.67124e+02   -9.24821e+04
    Kinetic En.   Total Energy  Conserved En.    Temperature Pres. DC (bar)
    2.00483e+04   -7.24338e+04   -9.06724e+04    2.89363e+02   -2.58240e+02
 Pressure (bar)   Constr. rmsd
    1.76445e+02    3.78008e-06

           Step           Time
           3000        6.00000

   Energies (kJ/mol)
          Angle    Proper Dih. Ryckaert-Bell.          LJ-14     Coulomb-14
    6.01175e+03    4.06363e+02    7.70602e+02    7.98399e+02   -3.10705e+02
        LJ (SR)  Disper. corr.   Coulomb (SR)   Coul. recip.      Potential
    1.23963e+04   -1.25821e+03   -1.12277e+05    6.43895e+02   -9.28184e+04
    Kinetic En.   Total Energy  Conserved En.    Temperature Pres. DC (bar)
    1.95562e+04   -7.32622e+04   -9.06920e+04    2.82259e+02   -2.58240e+02
 Pressure (bar)   Constr. rmsd
    7.23758e+02    3.59844e-06


step 3200 Turning off dynamic load balancing, because it is degrading performance.
Atom distribution over 8 domains: av 1032 stddev 50 min 957 max 1093
           Step           Time
           3500        7.00000

   Energies (kJ/mol)
          Angle    Proper Dih. Ryckaert-Bell.          LJ-14     Coulomb-14
    6.07672e+03    4.10073e+02    8.12291e+02    8.07319e+02   -3.13961e+02
        LJ (SR)  Disper. corr.   Coulomb (SR)   Coul. recip.      Potential
    1.25845e+04   -1.25821e+03   -1.12242e+05    6.15586e+02   -9.25076e+04
    Kinetic En.   Total Energy  Conserved En.    Temperature Pres. DC (bar)
    1.98348e+04   -7.26728e+04   -9.07095e+04    2.86280e+02   -2.58240e+02
 Pressure (bar)   Constr. rmsd
    5.59373e+02    3.82081e-06


DD  step 3999 load imb.: force  8.8%
           Step           Time
           4000        8.00000

   Energies (kJ/mol)
          Angle    Proper Dih. Ryckaert-Bell.          LJ-14     Coulomb-14
    6.10638e+03    4.06140e+02    7.95505e+02    8.12794e+02   -3.02058e+02
        LJ (SR)  Disper. corr.   Coulomb (SR)   Coul. recip.      Potential
    1.27633e+04   -1.25821e+03   -1.12505e+05    6.50547e+02   -9.25310e+04
    Kinetic En.   Total Energy  Conserved En.    Temperature Pres. DC (bar)
    1.96157e+04   -7.29153e+04   -9.07162e+04    2.83118e+02   -2.58240e+02
 Pressure (bar)   Constr. rmsd
    7.97306e+02    3.57049e-06

           Step           Time
           4500        9.00000

   Energies (kJ/mol)
          Angle    Proper Dih. Ryckaert-Bell.          LJ-14     Coulomb-14
    6.21083e+03    3.98055e+02    9.33439e+02    8.07019e+02   -2.91104e+02
        LJ (SR)  Disper. corr.   Coulomb (SR)   Coul. recip.      Potential
    1.29458e+04   -1.25821e+03   -1.12374e+05    6.30139e+02   -9.19977e+04
    Kinetic En.   Total Energy  Conserved En.    Temperature Pres. DC (bar)
    2.01729e+04   -7.18248e+04   -9.07518e+04    2.91161e+02   -2.58240e+02
 Pressure (bar)   Constr. rmsd
    7.97742e+02    3.81777e-06

           Step           Time
           5000       10.00000

   Energies (kJ/mol)
          Angle    Proper Dih. Ryckaert-Bell.          LJ-14     Coulomb-14
    6.13255e+03    4.04221e+02    8.01317e+02    7.97032e+02   -2.84398e+02
        LJ (SR)  Disper. corr.   Coulomb (SR)   Coul. recip.      Potential
    1.22257e+04   -1.25821e+03   -1.12211e+05    5.96158e+02   -9.27962e+04
    Kinetic En.   Total Energy  Conserved En.    Temperature Pres. DC (bar)
    1.98112e+04   -7.29850e+04   -9.07588e+04    2.85940e+02   -2.58240e+02
 Pressure (bar)   Constr. rmsd
    3.46964e+02    3.72083e-06

           Step           Time
           5500       11.00000

   Energies (kJ/mol)
          Angle    Proper Dih. Ryckaert-Bell.          LJ-14     Coulomb-14
    6.16444e+03    4.11595e+02    7.96349e+02    8.55081e+02   -2.94991e+02
        LJ (SR)  Disper. corr.   Coulomb (SR)   Coul. recip.      Potential
    1.18556e+04   -1.25821e+03   -1.11181e+05    5.70608e+02   -9.20809e+04
    Kinetic En.   Total Energy  Conserved En.    Temperature Pres. DC (bar)
    1.99053e+04   -7.21756e+04   -9.07828e+04    2.87299e+02   -2.58240e+02
 Pressure (bar)   Constr. rmsd
    6.56824e+02    3.84664e-06


DD  step 5999 load imb.: force  9.6%
           Step           Time
           6000       12.00000

   Energies (kJ/mol)
          Angle    Proper Dih. Ryckaert-Bell.          LJ-14     Coulomb-14
    6.29854e+03    4.08738e+02    8.27329e+02    8.07017e+02   -2.82333e+02
        LJ (SR)  Disper. corr.   Coulomb (SR)   Coul. recip.      Potential
    1.20997e+04   -1.25821e+03   -1.11617e+05    6.48731e+02   -9.20679e+04
    Kinetic En.   Total Energy  Conserved En.    Temperature Pres. DC (bar)
    2.01390e+04   -7.19289e+04   -9.07966e+04    2.90671e+02   -2.58240e+02
 Pressure (bar)   Constr. rmsd
    3.98916e+02    4.07115e-06

           Step           Time
           6500       13.00000

   Energies (kJ/mol)
          Angle    Proper Dih. Ryckaert-Bell.          LJ-14     Coulomb-14
    6.20789e+03    4.07129e+02    8.32741e+02    8.58208e+02   -2.94651e+02
        LJ (SR)  Disper. corr.   Coulomb (SR)   Coul. recip.      Potential
    1.20221e+04   -1.25821e+03   -1.11787e+05    6.07549e+02   -9.24046e+04
    Kinetic En.   Total Energy  Conserved En.    Temperature Pres. DC (bar)
    1.98590e+04   -7.25456e+04   -9.08163e+04    2.86630e+02   -2.58240e+02
 Pressure (bar)   Constr. rmsd
    4.26107e+02    3.84890e-06

           Step           Time
           7000       14.00000

   Energies (kJ/mol)
          Angle    Proper Dih. Ryckaert-Bell.          LJ-14     Coulomb-14
    5.86968e+03    4.15899e+02    8.19478e+02    8.32413e+02   -2.99691e+02
        LJ (SR)  Disper. corr.   Coulomb (SR)   Coul. recip.      Potential
    1.18222e+04   -1.25821e+03   -1.11721e+05    6.42351e+02   -9.28765e+04
    Kinetic En.   Total Energy  Conserved En.    Temperature Pres. DC (bar)
    1.92205e+04   -7.36561e+04   -9.08448e+04    2.77414e+02   -2.58240e+02
 Pressure (bar)   Constr. rmsd
    1.11603e+02    3.76609e-06

           Step           Time
           7500       15.00000

   Energies (kJ/mol)
          Angle    Proper Dih. Ryckaert-Bell.          LJ-14     Coulomb-14
    6.04194e+03    4.15301e+02    7.88908e+02    8.22870e+02   -2.84465e+02
        LJ (SR)  Disper. corr.   Coulomb (SR)   Coul. recip.      Potential
    1.18710e+04   -1.25821e+03   -1.11665e+05    6.21274e+02   -9.26463e+04
    Kinetic En.   Total Energy  Conserved En.    Temperature Pres. DC (bar)
    1.97618e+04   -7.28844e+04   -9.08635e+04    2.85228e+02   -2.58240e+02
 Pressure (bar)   Constr. rmsd
    3.93190e+02    3.83114e-06


DD  step 7999 load imb.: force  8.3%

step 8000 Turning on dynamic load balancing, because the performance loss due to load imbalance is 2.2 %.
           Step           Time
           8000       16.00000

   Energies (kJ/mol)
          Angle    Proper Dih. Ryckaert-Bell.          LJ-14     Coulomb-14
    6.19104e+03    4.07174e+02    8.48220e+02    7.87086e+02   -2.74389e+02
        LJ (SR)  Disper. corr.   Coulomb (SR)   Coul. recip.      Potential
    1.21339e+04   -1.25821e+03   -1.11633e+05    6.19369e+02   -9.21787e+04
    Kinetic En.   Total Energy  Conserved En.    Temperature Pres. DC (bar)
    1.96322e+04   -7.25465e+04   -9.08821e+04    2.83357e+02   -2.58240e+02
 Pressure (bar)   Constr. rmsd
    4.07435e+02    3.97947e-06

           Step           Time
           8500       17.00000

   Energies (kJ/mol)
          Angle    Proper Dih. Ryckaert-Bell.          LJ-14     Coulomb-14
    6.06632e+03    4.04917e+02    8.29344e+02    8.21204e+02   -2.77770e+02
        LJ (SR)  Disper. corr.   Coulomb (SR)   Coul. recip.      Potential
    1.20067e+04   -1.25821e+03   -1.11834e+05    6.41433e+02   -9.26001e+04
    Kinetic En.   Total Energy  Conserved En.    Temperature Pres. DC (bar)
    1.96196e+04   -7.29805e+04   -9.09019e+04    2.83174e+02   -2.58240e+02
 Pressure (bar)   Constr. rmsd
    4.36640e+02    3.91739e-06

           Step           Time
           9000       18.00000

   Energies (kJ/mol)
          Angle    Proper Dih. Ryckaert-Bell.          LJ-14     Coulomb-14
    6.03668e+03    4.14437e+02    8.43126e+02    8.26357e+02   -2.76849e+02
        LJ (SR)  Disper. corr.   Coulomb (SR)   Coul. recip.      Potential
    1.23969e+04   -1.25821e+03   -1.12156e+05    6.26636e+02   -9.25465e+04
    Kinetic En.   Total Energy  Conserved En.    Temperature Pres. DC (bar)
    1.98566e+04   -7.26899e+04   -9.09174e+04    2.86596e+02   -2.58240e+02
 Pressure (bar)   Constr. rmsd
    9.23104e+02    4.19655e-06

           Step           Time
           9500       19.00000

   Energies (kJ/mol)
          Angle    Proper Dih. Ryckaert-Bell.          LJ-14     Coulomb-14
    6.02104e+03    4.06648e+02    9.02703e+02    8.45289e+02   -2.79612e+02
        LJ (SR)  Disper. corr.   Coulomb (SR)   Coul. recip.      Potential
    1.20911e+04   -1.25821e+03   -1.11868e+05    6.40304e+02   -9.24985e+04
    Kinetic En.   Total Energy  Conserved En.    Temperature Pres. DC (bar)
    1.98569e+04   -7.26416e+04   -9.09462e+04    2.86600e+02   -2.58240e+02
 Pressure (bar)   Constr. rmsd
    6.40019e+02    3.98771e-06


DD  step 9999  vol min/aver 0.803  load imb.: force  3.1%
           Step           Time
          10000       20.00000

   Energies (kJ/mol)
          Angle    Proper Dih. Ryckaert-Bell.          LJ-14     Coulomb-14
    6.05659e+03    4.10684e+02    8.55876e+02    8.02711e+02   -2.78557e+02
        LJ (SR)  Disper. corr.   Coulomb (SR)   Coul. recip.      Potential
    1.18056e+04   -1.25821e+03   -1.11672e+05    6.70991e+02   -9.26061e+04
    Kinetic En.   Total Energy  Conserved En.    Temperature Pres. DC (bar)
    1.96219e+04   -7.29842e+04   -9.09418e+04    2.83208e+02   -2.58240e+02
 Pressure (bar)   Constr. rmsd
    1.39679e+02    3.92208e-06

           Step           Time
          10500       21.00000

   Energies (kJ/mol)
          Angle    Proper Dih. Ryckaert-Bell.          LJ-14     Coulomb-14
    6.19297e+03    4.03335e+02    8.86743e+02    7.76970e+02   -2.59536e+02
        LJ (SR)  Disper. corr.   Coulomb (SR)   Coul. recip.      Potential
    1.22673e+04   -1.25821e+03   -1.11980e+05    6.02637e+02   -9.23683e+04
    Kinetic En.   Total Energy  Conserved En.    Temperature Pres. DC (bar)
    1.94642e+04   -7.29041e+04   -9.09409e+04    2.80932e+02   -2.58240e+02
 Pressure (bar)   Constr. rmsd
    1.68712e+02    3.99841e-06

           Step           Time
          11000       22.00000

   Energies (kJ/mol)
          Angle    Proper Dih. Ryckaert-Bell.          LJ-14     Coulomb-14
    6.36223e+03    4.15768e+02    8.74668e+02    7.87714e+02   -2.71710e+02
        LJ (SR)  Disper. corr.   Coulomb (SR)   Coul. recip.      Potential
    1.21277e+04   -1.25821e+03   -1.12208e+05    6.17458e+02   -9.25526e+04
    Kinetic En.   Total Energy  Conserved En.    Temperature Pres. DC (bar)
    2.00369e+04   -7.25157e+04   -9.09554e+04    2.89197e+02   -2.58240e+02
 Pressure (bar)   Constr. rmsd
    1.18446e+02    4.05718e-06

           Step           Time
          11500       23.00000

   Energies (kJ/mol)
          Angle    Proper Dih. Ryckaert-Bell.          LJ-14     Coulomb-14
    6.00212e+03    4.02291e+02    7.96872e+02    8.27628e+02   -2.71977e+02
        LJ (SR)  Disper. corr.   Coulomb (SR)   Coul. recip.      Potential
    1.19421e+04   -1.25821e+03   -1.11860e+05    6.84466e+02   -9.27346e+04
    Kinetic En.   Total Energy  Conserved En.    Temperature Pres. DC (bar)
    1.96343e+04   -7.31003e+04   -9.09870e+04    2.83387e+02   -2.58240e+02
 Pressure (bar)   Constr. rmsd
    5.56177e+02    3.93945e-06


DD  step 11999  vol min/aver 0.798  load imb.: force  2.9%
           Step           Time
          12000       24.00000

   Energies (kJ/mol)
          Angle    Proper Dih. Ryckaert-Bell.          LJ-14     Coulomb-14
    6.23281e+03    4.12415e+02    8.58396e+02    8.36315e+02   -2.64223e+02
        LJ (SR)  Disper. corr.   Coulomb (SR)   Coul. recip.      Potential
    1.17629e+04   -1.25821e+03   -1.11399e+05    6.10567e+02   -9.22080e+04
    Kinetic En.   Total Energy  Conserved En.    Temperature Pres. DC (bar)
    1.99273e+04   -7.22807e+04   -9.09970e+04    2.87616e+02   -2.58240e+02
 Pressure (bar)   Constr. rmsd
    4.08692e+02    3.86599e-06

           Step           Time
          12500       25.00000

   Energies (kJ/mol)
          Angle    Proper Dih. Ryckaert-Bell.          LJ-14     Coulomb-14
    6.08557e+03    4.10778e+02    8.29064e+02    8.16420e+02   -2.67004e+02
        LJ (SR)  Disper. corr.   Coulomb (SR)   Coul. recip.      Potential
    1.20204e+04   -1.25821e+03   -1.12018e+05    5.76018e+02   -9.28051e+04
    Kinetic En.   Total Energy  Conserved En.    Temperature Pres. DC (bar)
    1.95918e+04   -7.32132e+04   -9.10072e+04    2.82774e+02   -2.58240e+02
 Pressure (bar)   Constr. rmsd
    4.25204e+02    3.83029e-06

           Step           Time
          13000       26.00000

   Energies (kJ/mol)
          Angle    Proper Dih. Ryckaert-Bell.          LJ-14     Coulomb-14
    5.98662e+03    4.04954e+02    7.99555e+02    8.04556e+02   -2.74142e+02
        LJ (SR)  Disper. corr.   Coulomb (SR)   Coul. recip.      Potential
    1.21406e+04   -1.25821e+03   -1.12055e+05    5.79500e+02   -9.28711e+04
    Kinetic En.   Total Energy  Conserved En.    Temperature Pres. DC (bar)
    1.98822e+04   -7.29890e+04   -9.10398e+04    2.86965e+02   -2.58240e+02
 Pressure (bar)   Constr. rmsd
    5.20063e+02    4.10249e-06

           Step           Time
          13500       27.00000

   Energies (kJ/mol)
          Angle    Proper Dih. Ryckaert-Bell.          LJ-14     Coulomb-14
    6.17704e+03    4.10026e+02    7.70946e+02    8.15693e+02   -2.72246e+02
        LJ (SR)  Disper. corr.   Coulomb (SR)   Coul. recip.      Potential
    1.20187e+04   -1.25821e+03   -1.11965e+05    6.26964e+02   -9.26763e+04
    Kinetic En.   Total Energy  Conserved En.    Temperature Pres. DC (bar)
    1.95991e+04   -7.30772e+04   -9.10385e+04    2.82879e+02   -2.58240e+02
 Pressure (bar)   Constr. rmsd
    5.67710e+02    3.92613e-06


DD  step 13999  vol min/aver 0.789  load imb.: force  5.8%
           Step           Time
          14000       28.00000

   Energies (kJ/mol)
          Angle    Proper Dih. Ryckaert-Bell.          LJ-14     Coulomb-14
    6.19998e+03    4.08001e+02    8.57022e+02    8.08370e+02   -2.68726e+02
        LJ (SR)  Disper. corr.   Coulomb (SR)   Coul. recip.      Potential
    1.17290e+04   -1.25821e+03   -1.11690e+05    6.57347e+02   -9.25571e+04
    Kinetic En.   Total Energy  Conserved En.    Temperature Pres. DC (bar)
    1.98492e+04   -7.27078e+04   -9.10587e+04    2.86489e+02   -2.58240e+02
 Pressure (bar)   Constr. rmsd
    1.36200e+02    3.87517e-06

           Step           Time
          14500       29.00000

   Energies (kJ/mol)
          Angle    Proper Dih. Ryckaert-Bell.          LJ-14     Coulomb-14
    6.13928e+03    4.13265e+02    8.49018e+02    8.09317e+02   -2.66227e+02
        LJ (SR)  Disper. corr.   Coulomb (SR)   Coul. recip.      Potential
    1.25252e+04   -1.25821e+03   -1.12384e+05    6.03670e+02   -9.25684e+04
    Kinetic En.   Total Energy  Conserved En.    Temperature Pres. DC (bar)
    1.94892e+04   -7.30792e+04   -9.10754e+04    2.81293e+02   -2.58240e+02
 Pressure (bar)   Constr. rmsd
    4.82925e+02    3.97146e-06

           Step           Time
          15000       30.00000

   Energies (kJ/mol)
          Angle    Proper Dih. Ryckaert-Bell.          LJ-14     Coulomb-14
    6.02461e+03    4.13746e+02    8.45681e+02    7.72406e+02   -2.54203e+02
        LJ (SR)  Disper. corr.   Coulomb (SR)   Coul. recip.      Potential
    1.21121e+04   -1.25821e+03   -1.11751e+05    6.50150e+02   -9.24448e+04
    Kinetic En.   Total Energy  Conserved En.    Temperature Pres. DC (bar)
    1.97074e+04   -7.27374e+04   -9.10949e+04    2.84442e+02   -2.58240e+02
 Pressure (bar)   Constr. rmsd
    2.79118e+02    4.26328e-06

           Step           Time
          15500       31.00000

   Energies (kJ/mol)
          Angle    Proper Dih. Ryckaert-Bell.          LJ-14     Coulomb-14
    6.19791e+03    4.09849e+02    8.24540e+02    7.86552e+02   -2.53516e+02
        LJ (SR)  Disper. corr.   Coulomb (SR)   Coul. recip.      Potential
    1.20912e+04   -1.25821e+03   -1.11869e+05    5.89171e+02   -9.24813e+04
    Kinetic En.   Total Energy  Conserved En.    Temperature Pres. DC (bar)
    1.99932e+04   -7.24880e+04   -9.10945e+04    2.88567e+02   -2.58240e+02
 Pressure (bar)   Constr. rmsd
    4.97952e+02    3.95884e-06


DD  step 15999  vol min/aver 0.775  load imb.: force  2.5%
           Step           Time
          16000       32.00000

   Energies (kJ/mol)
          Angle    Proper Dih. Ryckaert-Bell.          LJ-14     Coulomb-14
    6.26566e+03    4.11085e+02    8.75302e+02    8.23414e+02   -2.64205e+02
        LJ (SR)  Disper. corr.   Coulomb (SR)   Coul. recip.      Potential
    1.20299e+04   -1.25821e+03   -1.11736e+05    6.37609e+02   -9.22159e+04
    Kinetic En.   Total Energy  Conserved En.    Temperature Pres. DC (bar)
    2.00304e+04   -7.21855e+04   -9.10924e+04    2.89104e+02   -2.58240e+02
 Pressure (bar)   Constr. rmsd
    1.35803e+02    4.17715e-06

           Step           Time
          16500       33.00000

   Energies (kJ/mol)
          Angle    Proper Dih. Ryckaert-Bell.          LJ-14     Coulomb-14
    6.21413e+03    4.13561e+02    8.93604e+02    8.21759e+02   -2.57834e+02
        LJ (SR)  Disper. corr.   Coulomb (SR)   Coul. recip.      Potential
    1.18875e+04   -1.25821e+03   -1.11612e+05    6.20044e+02   -9.22778e+04
    Kinetic En.   Total Energy  Conserved En.    Temperature Pres. DC (bar)
    1.98745e+04   -7.24033e+04   -9.11068e+04    2.86853e+02   -2.58240e+02
 Pressure (bar)   Constr. rmsd
    4.64140e+02    4.06783e-06

           Step           Time
          17000       34.00000

   Energies (kJ/mol)
          Angle    Proper Dih. Ryckaert-Bell.          LJ-14     Coulomb-14
    6.21340e+03    4.15232e+02    9.16856e+02    8.51401e+02   -2.63318e+02
        LJ (SR)  Disper. corr.   Coulomb (SR)   Coul. recip.      Potential
    1.20511e+04   -1.25821e+03   -1.11788e+05    5.90178e+02   -9.22718e+04
    Kinetic En.   Total Energy  Conserved En.    Temperature Pres. DC (bar)
    1.92833e+04   -7.29885e+04   -9.11206e+04    2.78320e+02   -2.58240e+02
 Pressure (bar)   Constr. rmsd
    8.08245e+02    3.90546e-06

           Step           Time
          17500       35.00000

   Energies (kJ/mol)
          Angle    Proper Dih. Ryckaert-Bell.          LJ-14     Coulomb-14
    6.17293e+03    4.20860e+02    9.02632e+02    8.13094e+02   -2.52808e+02
        LJ (SR)  Disper. corr.   Coulomb (SR)   Coul. recip.      Potential
    1.23594e+04   -1.25821e+03   -1.11974e+05    6.12284e+02   -9.22036e+04
    Kinetic En.   Total Energy  Conserved En.    Temperature Pres. DC (bar)
    1.98213e+04   -7.23824e+04   -9.11380e+04    2.86085e+02   -2.58240e+02
 Pressure (bar)   Constr. rmsd
    9.88442e+02    3.87559e-06


DD  step 17999  vol min/aver 0.777  load imb.: force  1.5%
           Step           Time
          18000       36.00000

   Energies (kJ/mol)
          Angle    Proper Dih. Ryckaert-Bell.          LJ-14     Coulomb-14
    6.29140e+03    4.17340e+02    9.21826e+02    8.13628e+02   -2.53130e+02
        LJ (SR)  Disper. corr.   Coulomb (SR)   Coul. recip.      Potential
    1.21660e+04   -1.25821e+03   -1.11750e+05    6.40176e+02   -9.20106e+04
    Kinetic En.   Total Energy  Conserved En.    Temperature Pres. DC (bar)
    2.00866e+04   -7.19240e+04   -9.11482e+04    2.89915e+02   -2.58240e+02
 Pressure (bar)   Constr. rmsd
    5.79136e+02    4.19630e-06

           Step           Time
          18500       37.00000

   Energies (kJ/mol)
          Angle    Proper Dih. Ryckaert-Bell.          LJ-14     Coulomb-14
    6.00458e+03    4.13246e+02    9.39674e+02    8.24901e+02   -2.60895e+02
        LJ (SR)  Disper. corr.   Coulomb (SR)   Coul. recip.      Potential
    1.23623e+04   -1.25821e+03   -1.12211e+05    5.83628e+02   -9.26020e+04
    Kinetic En.   Total Energy  Conserved En.    Temperature Pres. DC (bar)
    1.92989e+04   -7.33031e+04   -9.11693e+04    2.78545e+02   -2.58240e+02
 Pressure (bar)   Constr. rmsd
    7.43988e+02    4.04872e-06

           Step           Time
          19000       38.00000

   Energies (kJ/mol)
          Angle    Proper Dih. Ryckaert-Bell.          LJ-14     Coulomb-14
    6.11674e+03    4.13465e+02    9.15498e+02    8.09241e+02   -2.63464e+02
        LJ (SR)  Disper. corr.   Coulomb (SR)   Coul. recip.      Potential
    1.20372e+04   -1.25821e+03   -1.12318e+05    5.93428e+02   -9.29539e+04
    Kinetic En.   Total Energy  Conserved En.    Temperature Pres. DC (bar)
    2.03720e+04   -7.25819e+04   -9.11917e+04    2.94034e+02   -2.58240e+02
 Pressure (bar)   Constr. rmsd
    3.75473e+02    4.08975e-06

           Step           Time
          19500       39.00000

   Energies (kJ/mol)
          Angle    Proper Dih. Ryckaert-Bell.          LJ-14     Coulomb-14
    6.00158e+03    4.10915e+02    9.06771e+02    8.22729e+02   -2.59362e+02
        LJ (SR)  Disper. corr.   Coulomb (SR)   Coul. recip.      Potential
    1.22213e+04   -1.25821e+03   -1.11837e+05    6.08599e+02   -9.23829e+04
    Kinetic En.   Total Energy  Conserved En.    Temperature Pres. DC (bar)
    1.89892e+04   -7.33936e+04   -9.11825e+04    2.74076e+02   -2.58240e+02
 Pressure (bar)   Constr. rmsd
    8.79051e+02    3.77911e-06


DD  step 19999  vol min/aver 0.757  load imb.: force  4.8%
           Step           Time
          20000       40.00000

   Energies (kJ/mol)
          Angle    Proper Dih. Ryckaert-Bell.          LJ-14     Coulomb-14
    6.15398e+03    4.09537e+02    8.72105e+02    8.14121e+02   -2.55819e+02
        LJ (SR)  Disper. corr.   Coulomb (SR)   Coul. recip.      Potential
    1.21043e+04   -1.25821e+03   -1.11515e+05    6.13211e+02   -9.20621e+04
    Kinetic En.   Total Energy  Conserved En.    Temperature Pres. DC (bar)
    1.98848e+04   -7.21773e+04   -9.12025e+04    2.87002e+02   -2.58240e+02
 Pressure (bar)   Constr. rmsd
    6.45238e+02    4.30765e-06

           Step           Time
          20500       41.00000

   Energies (kJ/mol)
          Angle    Proper Dih. Ryckaert-Bell.          LJ-14     Coulomb-14
    6.23263e+03    4.03217e+02    9.11267e+02    8.21809e+02   -2.65610e+02
        LJ (SR)  Disper. corr.   Coulomb (SR)   Coul. recip.      Potential
    1.21208e+04   -1.25821e+03   -1.12079e+05    6.77926e+02   -9.24354e+04
    Kinetic En.   Total Energy  Conserved En.    Temperature Pres. DC (bar)
    2.02212e+04   -7.22142e+04   -9.12214e+04    2.91858e+02   -2.58240e+02
 Pressure (bar)   Constr. rmsd
    3.23887e+02    4.02994e-06


step 20800 Turning off dynamic load balancing, because it is degrading performance.
Atom distribution over 8 domains: av 1032 stddev 84 min 908 max 1124
           Step           Time
          21000       42.00000

   Energies (kJ/mol)
          Angle    Proper Dih. Ryckaert-Bell.          LJ-14     Coulomb-14
    5.98663e+03    4.07694e+02    9.22999e+02    8.27626e+02   -2.60986e+02
        LJ (SR)  Disper. corr.   Coulomb (SR)   Coul. recip.      Potential
    1.26606e+04   -1.25821e+03   -1.12775e+05    6.13975e+02   -9.28744e+04
    Kinetic En.   Total Energy  Conserved En.    Temperature Pres. DC (bar)
    1.97489e+04   -7.31255e+04   -9.12409e+04    2.85041e+02   -2.58240e+02
 Pressure (bar)   Constr. rmsd
    9.12987e+02    3.89341e-06

           Step           Time
          21500       43.00000

   Energies (kJ/mol)
          Angle    Proper Dih. Ryckaert-Bell.          LJ-14     Coulomb-14
    5.91796e+03    3.99716e+02    8.68032e+02    8.16697e+02   -2.55517e+02
        LJ (SR)  Disper. corr.   Coulomb (SR)   Coul. recip.      Potential
    1.24710e+04   -1.25821e+03   -1.12825e+05    5.75080e+02   -9.32900e+04
    Kinetic En.   Total Energy  Conserved En.    Temperature Pres. DC (bar)
    1.95842e+04   -7.37058e+04   -9.12460e+04    2.82664e+02   -2.58240e+02
 Pressure (bar)   Constr. rmsd
    7.85026e+02    3.93641e-06


DD  step 21999 load imb.: force 20.6%
           Step           Time
          22000       44.00000

   Energies (kJ/mol)
          Angle    Proper Dih. Ryckaert-Bell.          LJ-14     Coulomb-14
    6.22674e+03    4.13419e+02    9.12787e+02    8.16508e+02   -2.63033e+02
        LJ (SR)  Disper. corr.   Coulomb (SR)   Coul. recip.      Potential
    1.23944e+04   -1.25821e+03   -1.12437e+05    6.08555e+02   -9.25862e+04
    Kinetic En.   Total Energy  Conserved En.    Temperature Pres. DC (bar)
    2.03012e+04   -7.22850e+04   -9.12578e+04    2.93012e+02   -2.58240e+02
 Pressure (bar)   Constr. rmsd
    8.65739e+02    3.96613e-06

           Step           Time
          22500       45.00000

   Energies (kJ/mol)
          Angle    Proper Dih. Ryckaert-Bell.          LJ-14     Coulomb-14
    6.11457e+03    4.09874e+02    8.80759e+02    8.70998e+02   -2.66048e+02
        LJ (SR)  Disper. corr.   Coulomb (SR)   Coul. recip.      Potential
    1.25568e+04   -1.25821e+03   -1.11777e+05    6.01340e+02   -9.18673e+04
    Kinetic En.   Total Energy  Conserved En.    Temperature Pres. DC (bar)
    1.98936e+04   -7.19737e+04   -9.12686e+04    2.87129e+02   -2.58240e+02
 Pressure (bar)   Constr. rmsd
    1.42219e+03    4.13756e-06

           Step           Time
          23000       46.00000

   Energies (kJ/mol)
          Angle    Proper Dih. Ryckaert-Bell.          LJ-14     Coulomb-14
    6.05139e+03    4.03758e+02    8.73319e+02    7.96942e+02   -2.49690e+02
        LJ (SR)  Disper. corr.   Coulomb (SR)   Coul. recip.      Potential
    1.22869e+04   -1.25821e+03   -1.12534e+05    6.16845e+02   -9.30130e+04
    Kinetic En.   Total Energy  Conserved En.    Temperature Pres. DC (bar)
    1.98101e+04   -7.32030e+04   -9.12744e+04    2.85924e+02   -2.58240e+02
 Pressure (bar)   Constr. rmsd
    7.10255e+02    3.99430e-06

           Step           Time
          23500       47.00000

   Energies (kJ/mol)
          Angle    Proper Dih. Ryckaert-Bell.          LJ-14     Coulomb-14
    6.12484e+03    4.04976e+02    8.43864e+02    7.85583e+02   -2.60490e+02
        LJ (SR)  Disper. corr.   Coulomb (SR)   Coul. recip.      Potential
    1.22953e+04   -1.25821e+03   -1.12379e+05    5.83921e+02   -9.28592e+04
    Kinetic En.   Total Energy  Conserved En.    Temperature Pres. DC (bar)
    1.98034e+04   -7.30558e+04   -9.12911e+04    2.85828e+02   -2.58240e+02
 Pressure (bar)   Constr. rmsd
    6.04935e+02    4.19581e-06


DD  step 23999 load imb.: force 18.0%
           Step           Time
          24000       48.00000

   Energies (kJ/mol)
          Angle    Proper Dih. Ryckaert-Bell.          LJ-14     Coulomb-14
    6.27436e+03    4.05442e+02    9.22073e+02    8.11965e+02   -2.61610e+02
        LJ (SR)  Disper. corr.   Coulomb (SR)   Coul. recip.      Potential
    1.19850e+04   -1.25821e+03   -1.11704e+05    6.72543e+02   -9.21520e+04
    Kinetic En.   Total Energy  Conserved En.    Temperature Pres. DC (bar)
    2.00269e+04   -7.21251e+04   -9.12980e+04    2.89053e+02   -2.58240e+02
 Pressure (bar)   Constr. rmsd
    3.36437e+02    4.29090e-06

           Step           Time
          24500       49.00000

   Energies (kJ/mol)
          Angle    Proper Dih. Ryckaert-Bell.          LJ-14     Coulomb-14
    6.20133e+03    4.04586e+02    9.01327e+02    8.08190e+02   -2.53328e+02
        LJ (SR)  Disper. corr.   Coulomb (SR)   Coul. recip.      Potential
    1.25104e+04   -1.25821e+03   -1.12446e+05    5.92789e+02   -9.25387e+04
    Kinetic En.   Total Energy  Conserved En.    Temperature Pres. DC (bar)
    1.95972e+04   -7.29415e+04   -9.13068e+04    2.82852e+02   -2.58240e+02
 Pressure (bar)   Constr. rmsd
    8.86888e+02    3.97227e-06

           Step           Time
          25000       50.00000

   Energies (kJ/mol)
          Angle    Proper Dih. Ryckaert-Bell.          LJ-14     Coulomb-14
    6.22931e+03    4.05414e+02    8.85215e+02    7.87361e+02   -2.55031e+02
        LJ (SR)  Disper. corr.   Coulomb (SR)   Coul. recip.      Potential
    1.27559e+04   -1.25821e+03   -1.12584e+05    6.30859e+02   -9.24029e+04
    Kinetic En.   Total Energy  Conserved En.    Temperature Pres. DC (bar)
    2.03156e+04   -7.20873e+04   -9.13441e+04    2.93221e+02   -2.58240e+02
 Pressure (bar)   Constr. rmsd
    6.89615e+02    4.28590e-06

           Step           Time
          25500       51.00000

   Energies (kJ/mol)
          Angle    Proper Dih. Ryckaert-Bell.          LJ-14     Coulomb-14
    6.03447e+03    4.05644e+02    8.39713e+02    7.89041e+02   -2.59146e+02
        LJ (SR)  Disper. corr.   Coulomb (SR)   Coul. recip.      Potential
    1.23137e+04   -1.25821e+03   -1.12299e+05    5.89219e+02   -9.28445e+04
    Kinetic En.   Total Energy  Conserved En.    Temperature Pres. DC (bar)
    1.97439e+04   -7.31006e+04   -9.13517e+04    2.84969e+02   -2.58240e+02
 Pressure (bar)   Constr. rmsd
    5.95509e+02    4.15403e-06


DD  step 25999 load imb.: force 15.6%
           Step           Time
          26000       52.00000

   Energies (kJ/mol)
          Angle    Proper Dih. Ryckaert-Bell.          LJ-14     Coulomb-14
    6.07679e+03    4.02467e+02    9.69131e+02    8.01257e+02   -2.51120e+02
        LJ (SR)  Disper. corr.   Coulomb (SR)   Coul. recip.      Potential
    1.18165e+04   -1.25821e+03   -1.11424e+05    6.73105e+02   -9.21940e+04
    Kinetic En.   Total Energy  Conserved En.    Temperature Pres. DC (bar)
    1.99204e+04   -7.22736e+04   -9.13761e+04    2.87517e+02   -2.58240e+02
 Pressure (bar)   Constr. rmsd
    5.05162e+02    4.08192e-06

           Step           Time
          26500       53.00000

   Energies (kJ/mol)
          Angle    Proper Dih. Ryckaert-Bell.          LJ-14     Coulomb-14
    6.31123e+03    4.07739e+02    9.43621e+02    8.24008e+02   -2.57188e+02
        LJ (SR)  Disper. corr.   Coulomb (SR)   Coul. recip.      Potential
    1.25282e+04   -1.25821e+03   -1.11974e+05    5.78115e+02   -9.18962e+04
    Kinetic En.   Total Energy  Conserved En.    Temperature Pres. DC (bar)
    1.98009e+04   -7.20953e+04   -9.13727e+04    2.85791e+02   -2.58240e+02
 Pressure (bar)   Constr. rmsd
    8.93695e+02    4.22208e-06

           Step           Time
          27000       54.00000

   Energies (kJ/mol)
          Angle    Proper Dih. Ryckaert-Bell.          LJ-14     Coulomb-14
    6.03387e+03    4.05076e+02    8.98617e+02    8.10691e+02   -2.42761e+02
        LJ (SR)  Disper. corr.   Coulomb (SR)   Coul. recip.      Potential
    1.21309e+04   -1.25821e+03   -1.12320e+05    6.02875e+02   -9.29392e+04
    Kinetic En.   Total Energy  Conserved En.    Temperature Pres. DC (bar)
    1.95051e+04   -7.34341e+04   -9.13879e+04    2.81523e+02   -2.58240e+02
 Pressure (bar)   Constr. rmsd
    5.74495e+02    3.86708e-06

           Step           Time
          27500       55.00000

   Energies (kJ/mol)
          Angle    Proper Dih. Ryckaert-Bell.          LJ-14     Coulomb-14
    5.96280e+03    4.14753e+02    8.93689e+02    7.95232e+02   -2.55338e+02
        LJ (SR)  Disper. corr.   Coulomb (SR)   Coul. recip.      Potential
    1.23944e+04   -1.25821e+03   -1.12687e+05    6.23629e+02   -9.31157e+04
    Kinetic En.   Total Energy  Conserved En.    Temperature Pres. DC (bar)
    1.96898e+04   -7.34259e+04   -9.14131e+04    2.84189e+02   -2.58240e+02
 Pressure (bar)   Constr. rmsd
    6.33044e+02    4.17943e-06


DD  step 27999 load imb.: force 21.4%
           Step           Time
          28000       56.00000

   Energies (kJ/mol)
          Angle    Proper Dih. Ryckaert-Bell.          LJ-14     Coulomb-14
    6.13042e+03    4.04321e+02    9.26218e+02    8.26341e+02   -2.47179e+02
        LJ (SR)  Disper. corr.   Coulomb (SR)   Coul. recip.      Potential
    1.24851e+04   -1.25821e+03   -1.12566e+05    6.29458e+02   -9.26700e+04
    Kinetic En.   Total Energy  Conserved En.    Temperature Pres. DC (bar)
    2.00673e+04   -7.26028e+04   -9.14251e+04    2.89636e+02   -2.58240e+02
 Pressure (bar)   Constr. rmsd
    7.65755e+02    4.28439e-06

           Step           Time
          28500       57.00000

   Energies (kJ/mol)
          Angle    Proper Dih. Ryckaert-Bell.          LJ-14     Coulomb-14
    6.05289e+03    4.04398e+02    8.91460e+02    7.96476e+02   -2.33130e+02
        LJ (SR)  Disper. corr.   Coulomb (SR)   Coul. recip.      Potential
    1.23657e+04   -1.25821e+03   -1.12465e+05    5.96287e+02   -9.28495e+04
    Kinetic En.   Total Energy  Conserved En.    Temperature Pres. DC (bar)
    1.96278e+04   -7.32217e+04   -9.14380e+04    2.83293e+02   -2.58240e+02
 Pressure (bar)   Constr. rmsd
    6.08163e+02    4.24709e-06

           Step           Time
          29000       58.00000

   Energies (kJ/mol)
          Angle    Proper Dih. Ryckaert-Bell.          LJ-14     Coulomb-14
    6.29311e+03    4.00233e+02    1.00187e+03    8.50889e+02   -2.47444e+02
        LJ (SR)  Disper. corr.   Coulomb (SR)   Coul. recip.      Potential
    1.22726e+04   -1.25821e+03   -1.12131e+05    6.33996e+02   -9.21836e+04
    Kinetic En.   Total Energy  Conserved En.    Temperature Pres. DC (bar)
    2.01125e+04   -7.20710e+04   -9.14411e+04    2.90289e+02   -2.58240e+02
 Pressure (bar)   Constr. rmsd
    9.34530e+02    3.95103e-06

           Step           Time
          29500       59.00000

   Energies (kJ/mol)
          Angle    Proper Dih. Ryckaert-Bell.          LJ-14     Coulomb-14
    6.23008e+03    4.06498e+02    1.02313e+03    8.47594e+02   -2.50929e+02
        LJ (SR)  Disper. corr.   Coulomb (SR)   Coul. recip.      Potential
    1.32726e+04   -1.25821e+03   -1.13386e+05    5.88768e+02   -9.25266e+04
    Kinetic En.   Total Energy  Conserved En.    Temperature Pres. DC (bar)
    1.98505e+04   -7.26761e+04   -9.14466e+04    2.86507e+02   -2.58240e+02
 Pressure (bar)   Constr. rmsd
    1.48804e+03    4.11434e-06


DD  step 29999 load imb.: force 24.3%
           Step           Time
          30000       60.00000

   Energies (kJ/mol)
          Angle    Proper Dih. Ryckaert-Bell.          LJ-14     Coulomb-14
    6.23861e+03    4.05705e+02    9.80308e+02    8.19230e+02   -2.36396e+02
        LJ (SR)  Disper. corr.   Coulomb (SR)   Coul. recip.      Potential
    1.21533e+04   -1.25821e+03   -1.11700e+05    6.23791e+02   -9.19737e+04
    Kinetic En.   Total Energy  Conserved En.    Temperature Pres. DC (bar)
    2.00402e+04   -7.19335e+04   -9.14609e+04    2.89245e+02   -2.58240e+02
 Pressure (bar)   Constr. rmsd
    8.04977e+02    4.10946e-06

           Step           Time
          30500       61.00000

   Energies (kJ/mol)
          Angle    Proper Dih. Ryckaert-Bell.          LJ-14     Coulomb-14
    6.01048e+03    4.10044e+02    9.80637e+02    8.38527e+02   -2.56615e+02
        LJ (SR)  Disper. corr.   Coulomb (SR)   Coul. recip.      Potential
    1.21862e+04   -1.25821e+03   -1.12165e+05    6.28221e+02   -9.26253e+04
    Kinetic En.   Total Energy  Conserved En.    Temperature Pres. DC (bar)
    1.96616e+04   -7.29637e+04   -9.14834e+04    2.83782e+02   -2.58240e+02
 Pressure (bar)   Constr. rmsd
    5.08093e+02    4.18841e-06

           Step           Time
          31000       62.00000

   Energies (kJ/mol)
          Angle    Proper Dih. Ryckaert-Bell.          LJ-14     Coulomb-14
    6.15818e+03    4.03368e+02    9.48657e+02    8.16175e+02   -2.55901e+02
        LJ (SR)  Disper. corr.   Coulomb (SR)   Coul. recip.      Potential
    1.22760e+04   -1.25821e+03   -1.12002e+05    6.41588e+02   -9.22726e+04
    Kinetic En.   Total Energy  Conserved En.    Temperature Pres. DC (bar)
    1.97522e+04   -7.25204e+04   -9.14926e+04    2.85088e+02   -2.58240e+02
 Pressure (bar)   Constr. rmsd
    7.06706e+02    4.08426e-06

           Step           Time
          31500       63.00000

   Energies (kJ/mol)
          Angle    Proper Dih. Ryckaert-Bell.          LJ-14     Coulomb-14
    6.14826e+03    4.03874e+02    8.71882e+02    8.24290e+02   -2.51785e+02
        LJ (SR)  Disper. corr.   Coulomb (SR)   Coul. recip.      Potential
    1.25303e+04   -1.25821e+03   -1.12555e+05    5.83873e+02   -9.27026e+04
    Kinetic En.   Total Energy  Conserved En.    Temperature Pres. DC (bar)
    1.98059e+04   -7.28968e+04   -9.15023e+04    2.85863e+02   -2.58240e+02
 Pressure (bar)   Constr. rmsd
    1.01161e+03    4.00312e-06


DD  step 31999 load imb.: force 15.3%
           Step           Time
          32000       64.00000

   Energies (kJ/mol)
          Angle    Proper Dih. Ryckaert-Bell.          LJ-14     Coulomb-14
    6.12236e+03    4.07581e+02    9.27879e+02    8.09199e+02   -2.38188e+02
        LJ (SR)  Disper. corr.   Coulomb (SR)   Coul. recip.      Potential
    1.26385e+04   -1.25821e+03   -1.12788e+05    6.42699e+02   -9.27362e+04
    Kinetic En.   Total Energy  Conserved En.    Temperature Pres. DC (bar)
    2.00233e+04   -7.27129e+04   -9.15190e+04    2.89002e+02   -2.58240e+02
 Pressure (bar)   Constr. rmsd
    6.91999e+02    4.29027e-06

           Step           Time
          32500       65.00000

   Energies (kJ/mol)
          Angle    Proper Dih. Ryckaert-Bell.          LJ-14     Coulomb-14
    6.17332e+03    4.02101e+02    9.95858e+02    8.63108e+02   -2.45043e+02
        LJ (SR)  Disper. corr.   Coulomb (SR)   Coul. recip.      Potential
    1.26486e+04   -1.25821e+03   -1.12495e+05    6.12151e+02   -9.23027e+04
    Kinetic En.   Total Energy  Conserved En.    Temperature Pres. DC (bar)
    1.95740e+04   -7.27287e+04   -9.15375e+04    2.82517e+02   -2.58240e+02
 Pressure (bar)   Constr. rmsd
    1.00338e+03    3.90041e-06

           Step           Time
          33000       66.00000

   Energies (kJ/mol)
          Angle    Proper Dih. Ryckaert-Bell.          LJ-14     Coulomb-14
    6.17108e+03    4.09685e+02    9.42294e+02    8.38843e+02   -2.42184e+02
        LJ (SR)  Disper. corr.   Coulomb (SR)   Coul. recip.      Potential
    1.22217e+04   -1.25821e+03   -1.12113e+05    5.86139e+02   -9.24439e+04
    Kinetic En.   Total Energy  Conserved En.    Temperature Pres. DC (bar)
    2.02482e+04   -7.21957e+04   -9.15480e+04    2.92247e+02   -2.58240e+02
 Pressure (bar)   Constr. rmsd
    9.38860e+02    4.38788e-06

           Step           Time
          33500       67.00000

   Energies (kJ/mol)
          Angle    Proper Dih. Ryckaert-Bell.          LJ-14     Coulomb-14
    6.20311e+03    4.06330e+02    9.81130e+02    8.45992e+02   -2.45080e+02
        LJ (SR)  Disper. corr.   Coulomb (SR)   Coul. recip.      Potential
    1.23071e+04   -1.25821e+03   -1.12350e+05    6.33164e+02   -9.24760e+04
    Kinetic En.   Total Energy  Conserved En.    Temperature Pres. DC (bar)
    1.97100e+04   -7.27660e+04   -9.15537e+04    2.84480e+02   -2.58240e+02
 Pressure (bar)   Constr. rmsd
    8.90630e+02    4.13228e-06


DD  step 33999 load imb.: force 22.7%
           Step           Time
          34000       68.00000

   Energies (kJ/mol)
          Angle    Proper Dih. Ryckaert-Bell.          LJ-14     Coulomb-14
    6.18890e+03    3.98162e+02    8.92979e+02    8.30890e+02   -2.50047e+02
        LJ (SR)  Disper. corr.   Coulomb (SR)   Coul. recip.      Potential
    1.23049e+04   -1.25821e+03   -1.12289e+05    6.56757e+02   -9.25249e+04
    Kinetic En.   Total Energy  Conserved En.    Temperature Pres. DC (bar)
    1.98571e+04   -7.26679e+04   -9.15655e+04    2.86602e+02   -2.58240e+02
 Pressure (bar)   Constr. rmsd
    9.10361e+02    3.96301e-06

           Step           Time
          34500       69.00000

   Energies (kJ/mol)
          Angle    Proper Dih. Ryckaert-Bell.          LJ-14     Coulomb-14
    6.32465e+03    4.04525e+02    9.01931e+02    8.28150e+02   -2.51749e+02
        LJ (SR)  Disper. corr.   Coulomb (SR)   Coul. recip.      Potential
    1.14970e+04   -1.25821e+03   -1.10960e+05    5.85191e+02   -9.19290e+04
    Kinetic En.   Total Energy  Conserved En.    Temperature Pres. DC (bar)
    1.96646e+04   -7.22644e+04   -9.15710e+04    2.83824e+02   -2.58240e+02
 Pressure (bar)   Constr. rmsd
    3.96188e+02    4.09756e-06

           Step           Time
          35000       70.00000

   Energies (kJ/mol)
          Angle    Proper Dih. Ryckaert-Bell.          LJ-14     Coulomb-14
    6.12444e+03    4.05680e+02    9.48944e+02    8.24218e+02   -2.56998e+02
        LJ (SR)  Disper. corr.   Coulomb (SR)   Coul. recip.      Potential
    1.23406e+04   -1.25821e+03   -1.12203e+05    6.22935e+02   -9.24509e+04
    Kinetic En.   Total Energy  Conserved En.    Temperature Pres. DC (bar)
    1.98676e+04   -7.25833e+04   -9.15927e+04    2.86754e+02   -2.58240e+02
 Pressure (bar)   Constr. rmsd
    8.08983e+02    4.09497e-06

           Step           Time
          35500       71.00000

   Energies (kJ/mol)
          Angle    Proper Dih. Ryckaert-Bell.          LJ-14     Coulomb-14
    6.22102e+03    4.09207e+02    9.06718e+02    8.15121e+02   -2.48100e+02
        LJ (SR)  Disper. corr.   Coulomb (SR)   Coul. recip.      Potential
    1.25838e+04   -1.25821e+03   -1.12782e+05    6.21568e+02   -9.27308e+04
    Kinetic En.   Total Energy  Conserved En.    Temperature Pres. DC (bar)
    1.98999e+04   -7.28309e+04   -9.16118e+04    2.87221e+02   -2.58240e+02
 Pressure (bar)   Constr. rmsd
    7.39700e+02    3.94178e-06


DD  step 35999 load imb.: force 18.8%
           Step           Time
          36000       72.00000

   Energies (kJ/mol)
          Angle    Proper Dih. Ryckaert-Bell.          LJ-14     Coulomb-14
    6.25410e+03    4.12001e+02    9.71913e+02    8.58317e+02   -2.68718e+02
        LJ (SR)  Disper. corr.   Coulomb (SR)   Coul. recip.      Potential
    1.20983e+04   -1.25821e+03   -1.12090e+05    6.09319e+02   -9.24125e+04
    Kinetic En.   Total Energy  Conserved En.    Temperature Pres. DC (bar)
    2.00982e+04   -7.23143e+04   -9.16289e+04    2.90083e+02   -2.58240e+02
 Pressure (bar)   Constr. rmsd
    5.33505e+02    4.18281e-06

           Step           Time
          36500       73.00000

   Energies (kJ/mol)
          Angle    Proper Dih. Ryckaert-Bell.          LJ-14     Coulomb-14
    6.09092e+03    4.13608e+02    8.59937e+02    8.21704e+02   -2.73634e+02
        LJ (SR)  Disper. corr.   Coulomb (SR)   Coul. recip.      Potential
    1.17906e+04   -1.25821e+03   -1.11741e+05    6.22963e+02   -9.26734e+04
    Kinetic En.   Total Energy  Conserved En.    Temperature Pres. DC (bar)
    1.99834e+04   -7.26899e+04   -9.16473e+04    2.88426e+02   -2.58240e+02
 Pressure (bar)   Constr. rmsd
    2.98505e+02    4.07783e-06

           Step           Time
          37000       74.00000

   Energies (kJ/mol)
          Angle    Proper Dih. Ryckaert-Bell.          LJ-14     Coulomb-14
    6.22122e+03    3.98183e+02    9.22952e+02    7.95522e+02   -2.54670e+02
        LJ (SR)  Disper. corr.   Coulomb (SR)   Coul. recip.      Potential
    1.20276e+04   -1.25821e+03   -1.11600e+05    6.34829e+02   -9.21123e+04
    Kinetic En.   Total Energy  Conserved En.    Temperature Pres. DC (bar)
    2.01987e+04   -7.19136e+04   -9.16599e+04    2.91533e+02   -2.58240e+02
 Pressure (bar)   Constr. rmsd
    5.37405e+02    4.47584e-06

           Step           Time
          37500       75.00000

   Energies (kJ/mol)
          Angle    Proper Dih. Ryckaert-Bell.          LJ-14     Coulomb-14
    6.26211e+03    4.00603e+02    8.55090e+02    8.13271e+02   -2.68173e+02
        LJ (SR)  Disper. corr.   Coulomb (SR)   Coul. recip.      Potential
    1.22429e+04   -1.25821e+03   -1.12356e+05    6.38250e+02   -9.26699e+04
    Kinetic En.   Total Energy  Conserved En.    Temperature Pres. DC (bar)
    1.99802e+04   -7.26896e+04   -9.16601e+04    2.88380e+02   -2.58240e+02
 Pressure (bar)   Constr. rmsd
    5.35479e+02    4.24927e-06


DD  step 37999 load imb.: force 19.0%
           Step           Time
          38000       76.00000

   Energies (kJ/mol)
          Angle    Proper Dih. Ryckaert-Bell.          LJ-14     Coulomb-14
    6.03723e+03    4.05358e+02    9.04885e+02    7.96095e+02   -2.61802e+02
        LJ (SR)  Disper. corr.   Coulomb (SR)   Coul. recip.      Potential
    1.18395e+04   -1.25821e+03   -1.11782e+05    6.23273e+02   -9.26961e+04
    Kinetic En.   Total Energy  Conserved En.    Temperature Pres. DC (bar)
    1.97608e+04   -7.29354e+04   -9.16960e+04    2.85212e+02   -2.58240e+02
 Pressure (bar)   Constr. rmsd
    3.57365e+02    4.37624e-06

           Step           Time
          38500       77.00000

   Energies (kJ/mol)
          Angle    Proper Dih. Ryckaert-Bell.          LJ-14     Coulomb-14
    6.16179e+03    4.05720e+02    9.11083e+02    8.37107e+02   -2.60461e+02
        LJ (SR)  Disper. corr.   Coulomb (SR)   Coul. recip.      Potential
    1.17873e+04   -1.25821e+03   -1.11634e+05    6.72030e+02   -9.23772e+04
    Kinetic En.   Total Energy  Conserved En.    Temperature Pres. DC (bar)
    2.01070e+04   -7.22702e+04   -9.17005e+04    2.90210e+02   -2.58240e+02
 Pressure (bar)   Constr. rmsd
    3.97976e+02    4.36780e-06

           Step           Time
          39000       78.00000

   Energies (kJ/mol)
          Angle    Proper Dih. Ryckaert-Bell.          LJ-14     Coulomb-14
    6.19030e+03    4.00313e+02    9.00183e+02    8.02782e+02   -2.57226e+02
        LJ (SR)  Disper. corr.   Coulomb (SR)   Coul. recip.      Potential
    1.20569e+04   -1.25821e+03   -1.12218e+05    6.47729e+02   -9.27349e+04
    Kinetic En.   Total Energy  Conserved En.    Temperature Pres. DC (bar)
    1.98595e+04   -7.28754e+04   -9.17068e+04    2.86638e+02   -2.58240e+02
 Pressure (bar)   Constr. rmsd
    4.46451e+02    4.06415e-06

           Step           Time
          39500       79.00000

   Energies (kJ/mol)
          Angle    Proper Dih. Ryckaert-Bell.          LJ-14     Coulomb-14
    6.09635e+03    4.06992e+02    8.79798e+02    8.28234e+02   -2.60988e+02
        LJ (SR)  Disper. corr.   Coulomb (SR)   Coul. recip.      Potential
    1.15530e+04   -1.25821e+03   -1.11016e+05    6.45203e+02   -9.21254e+04
    Kinetic En.   Total Energy  Conserved En.    Temperature Pres. DC (bar)
    1.96935e+04   -7.24318e+04   -9.17226e+04    2.84242e+02   -2.58240e+02
 Pressure (bar)   Constr. rmsd
    3.86545e+02    4.53116e-06


DD  step 39999 load imb.: force 23.3%
           Step           Time
          40000       80.00000

   Energies (kJ/mol)
          Angle    Proper Dih. Ryckaert-Bell.          LJ-14     Coulomb-14
    6.31575e+03    3.97493e+02    9.24855e+02    8.30138e+02   -2.60614e+02
        LJ (SR)  Disper. corr.   Coulomb (SR)   Coul. recip.      Potential
    1.19579e+04   -1.25821e+03   -1.11171e+05    6.50831e+02   -9.16133e+04
    Kinetic En.   Total Energy  Conserved En.    Temperature Pres. DC (bar)
    2.05345e+04   -7.10788e+04   -9.17394e+04    2.96379e+02   -2.58240e+02
 Pressure (bar)   Constr. rmsd
    7.85029e+02    4.54227e-06

           Step           Time
          40500       81.00000

   Energies (kJ/mol)
          Angle    Proper Dih. Ryckaert-Bell.          LJ-14     Coulomb-14
    6.15689e+03    4.05530e+02    8.50803e+02    8.14822e+02   -2.62167e+02
        LJ (SR)  Disper. corr.   Coulomb (SR)   Coul. recip.      Potential
    1.19450e+04   -1.25821e+03   -1.11685e+05    6.44294e+02   -9.23881e+04
    Kinetic En.   Total Energy  Conserved En.    Temperature Pres. DC (bar)
    1.96239e+04   -7.27642e+04   -9.17477e+04    2.83236e+02   -2.58240e+02
 Pressure (bar)   Constr. rmsd
    5.29338e+02    4.04256e-06

           Step           Time
          41000       82.00000

   Energies (kJ/mol)
          Angle    Proper Dih. Ryckaert-Bell.          LJ-14     Coulomb-14
    6.12088e+03    3.94886e+02    8.46419e+02    7.85376e+02   -2.58433e+02
        LJ (SR)  Disper. corr.   Coulomb (SR)   Coul. recip.      Potential
    1.26789e+04   -1.25821e+03   -1.12490e+05    6.36369e+02   -9.25438e+04
    Kinetic En.   Total Energy  Conserved En.    Temperature Pres. DC (bar)
    1.99536e+04   -7.25902e+04   -9.17777e+04    2.87995e+02   -2.58240e+02
 Pressure (bar)   Constr. rmsd
    9.84825e+02    4.62185e-06

           Step           Time
          41500       83.00000

   Energies (kJ/mol)
          Angle    Proper Dih. Ryckaert-Bell.          LJ-14     Coulomb-14
    6.15683e+03    4.01189e+02    9.03988e+02    8.24384e+02   -2.52077e+02
        LJ (SR)  Disper. corr.   Coulomb (SR)   Coul. recip.      Potential
    1.21297e+04   -1.25821e+03   -1.12290e+05    6.35036e+02   -9.27493e+04
    Kinetic En.   Total Energy  Conserved En.    Temperature Pres. DC (bar)
    1.96523e+04   -7.30970e+04   -9.17734e+04    2.83647e+02   -2.58240e+02
 Pressure (bar)   Constr. rmsd
    8.29587e+02    4.18659e-06


DD  step 41999 load imb.: force 22.1%
           Step           Time
          42000       84.00000

   Energies (kJ/mol)
          Angle    Proper Dih. Ryckaert-Bell.          LJ-14     Coulomb-14
    6.08611e+03    4.00369e+02    8.77557e+02    8.01584e+02   -2.49821e+02
        LJ (SR)  Disper. corr.   Coulomb (SR)   Coul. recip.      Potential
    1.23287e+04   -1.25821e+03   -1.12695e+05    6.32837e+02   -9.30761e+04
    Kinetic En.   Total Energy  Conserved En.    Temperature Pres. DC (bar)
    1.95833e+04   -7.34928e+04   -9.17915e+04    2.82651e+02   -2.58240e+02
 Pressure (bar)   Constr. rmsd
    6.39226e+02    4.17074e-06

           Step           Time
          42500       85.00000

   Energies (kJ/mol)
          Angle    Proper Dih. Ryckaert-Bell.          LJ-14     Coulomb-14
    6.14606e+03    3.99615e+02    8.48241e+02    8.15632e+02   -2.62878e+02
        LJ (SR)  Disper. corr.   Coulomb (SR)   Coul. recip.      Potential
    1.18368e+04   -1.25821e+03   -1.12231e+05    6.05460e+02   -9.31003e+04
    Kinetic En.   Total Energy  Conserved En.    Temperature Pres. DC (bar)
    1.95159e+04   -7.35844e+04   -9.17932e+04    2.81677e+02   -2.58240e+02
 Pressure (bar)   Constr. rmsd
    2.98486e+02    3.76078e-06

           Step           Time
          43000       86.00000

   Energies (kJ/mol)
          Angle    Proper Dih. Ryckaert-Bell.          LJ-14     Coulomb-14
    6.16313e+03    3.98697e+02    8.95413e+02    8.23927e+02   -2.50575e+02
        LJ (SR)  Disper. corr.   Coulomb (SR)   Coul. recip.      Potential
    1.21559e+04   -1.25821e+03   -1.12089e+05    6.18169e+02   -9.25421e+04
    Kinetic En.   Total Energy  Conserved En.    Temperature Pres. DC (bar)
    1.97675e+04   -7.27746e+04   -9.18115e+04    2.85310e+02   -2.58240e+02
 Pressure (bar)   Constr. rmsd
    8.01421e+02    4.03700e-06

           Step           Time
          43500       87.00000

   Energies (kJ/mol)
          Angle    Proper Dih. Ryckaert-Bell.          LJ-14     Coulomb-14
    6.01563e+03    3.98051e+02    8.24621e+02    8.07813e+02   -2.48405e+02
        LJ (SR)  Disper. corr.   Coulomb (SR)   Coul. recip.      Potential
    1.26984e+04   -1.25821e+03   -1.12716e+05    6.34039e+02   -9.28441e+04
    Kinetic En.   Total Energy  Conserved En.    Temperature Pres. DC (bar)
    1.94170e+04   -7.34270e+04   -9.18167e+04    2.80251e+02   -2.58240e+02
 Pressure (bar)   Constr. rmsd
    1.03891e+03    4.17122e-06


DD  step 43999 load imb.: force 16.9%
           Step           Time
          44000       88.00000

   Energies (kJ/mol)
          Angle    Proper Dih. Ryckaert-Bell.          LJ-14     Coulomb-14
    6.33457e+03    4.04088e+02    9.05972e+02    8.22433e+02   -2.47471e+02
        LJ (SR)  Disper. corr.   Coulomb (SR)   Coul. recip.      Potential
    1.19375e+04   -1.25821e+03   -1.11826e+05    5.80667e+02   -9.23466e+04
    Kinetic En.   Total Energy  Conserved En.    Temperature Pres. DC (bar)
    1.97596e+04   -7.25870e+04   -9.18258e+04    2.85195e+02   -2.58240e+02
 Pressure (bar)   Constr. rmsd
    1.49564e+02    4.04942e-06

           Step           Time
          44500       89.00000

   Energies (kJ/mol)
          Angle    Proper Dih. Ryckaert-Bell.          LJ-14     Coulomb-14
    6.11301e+03    4.07043e+02    8.68403e+02    8.26075e+02   -2.60828e+02
        LJ (SR)  Disper. corr.   Coulomb (SR)   Coul. recip.      Potential
    1.21858e+04   -1.25821e+03   -1.11814e+05    6.41930e+02   -9.22911e+04
    Kinetic En.   Total Energy  Conserved En.    Temperature Pres. DC (bar)
    1.96191e+04   -7.26720e+04   -9.18544e+04    2.83167e+02   -2.58240e+02
 Pressure (bar)   Constr. rmsd
    5.27936e+02    4.15616e-06

           Step           Time
          45000       90.00000

   Energies (kJ/mol)
          Angle    Proper Dih. Ryckaert-Bell.          LJ-14     Coulomb-14
    6.05644e+03    4.02632e+02    9.17512e+02    8.24883e+02   -2.55787e+02
        LJ (SR)  Disper. corr.   Coulomb (SR)   Coul. recip.      Potential
    1.26527e+04   -1.25821e+03   -1.12699e+05    6.28180e+02   -9.27303e+04
    Kinetic En.   Total Energy  Conserved En.    Temperature Pres. DC (bar)
    2.00603e+04   -7.26701e+04   -9.18701e+04    2.89535e+02   -2.58240e+02
 Pressure (bar)   Constr. rmsd
    9.27370e+02    4.29443e-06

           Step           Time
          45500       91.00000

   Energies (kJ/mol)
          Angle    Proper Dih. Ryckaert-Bell.          LJ-14     Coulomb-14
    6.31588e+03    4.07265e+02    9.54087e+02    8.66820e+02   -2.49097e+02
        LJ (SR)  Disper. corr.   Coulomb (SR)   Coul. recip.      Potential
    1.18625e+04   -1.25821e+03   -1.11379e+05    5.94411e+02   -9.18850e+04
    Kinetic En.   Total Energy  Conserved En.    Temperature Pres. DC (bar)
    2.00001e+04   -7.18849e+04   -9.18869e+04    2.88667e+02   -2.58240e+02
 Pressure (bar)   Constr. rmsd
    1.02479e+03    4.03873e-06


DD  step 45999 load imb.: force 20.3%
           Step           Time
          46000       92.00000

   Energies (kJ/mol)
          Angle    Proper Dih. Ryckaert-Bell.          LJ-14     Coulomb-14
    6.30223e+03    4.05824e+02    8.83745e+02    8.34985e+02   -2.54457e+02
        LJ (SR)  Disper. corr.   Coulomb (SR)   Coul. recip.      Potential
    1.16889e+04   -1.25821e+03   -1.11383e+05    6.28928e+02   -9.21506e+04
    Kinetic En.   Total Energy  Conserved En.    Temperature Pres. DC (bar)
    1.97386e+04   -7.24120e+04   -9.18927e+04    2.84892e+02   -2.58240e+02
 Pressure (bar)   Constr. rmsd
    4.01784e+02    4.39105e-06

           Step           Time
          46500       93.00000

   Energies (kJ/mol)
          Angle    Proper Dih. Ryckaert-Bell.          LJ-14     Coulomb-14
    6.29619e+03    4.07536e+02    9.51985e+02    8.32306e+02   -2.57857e+02
        LJ (SR)  Disper. corr.   Coulomb (SR)   Coul. recip.      Potential
    1.20145e+04   -1.25821e+03   -1.11270e+05    6.00675e+02   -9.16828e+04
    Kinetic En.   Total Energy  Conserved En.    Temperature Pres. DC (bar)
    2.02688e+04   -7.14140e+04   -9.19089e+04    2.92545e+02   -2.58240e+02
 Pressure (bar)   Constr. rmsd
    7.24955e+02    4.41911e-06

           Step           Time
          47000       94.00000

   Energies (kJ/mol)
          Angle    Proper Dih. Ryckaert-Bell.          LJ-14     Coulomb-14
    6.29310e+03    4.09146e+02    9.50824e+02    8.44930e+02   -2.60456e+02
        LJ (SR)  Disper. corr.   Coulomb (SR)   Coul. recip.      Potential
    1.26048e+04   -1.25821e+03   -1.12643e+05    6.34560e+02   -9.24246e+04
    Kinetic En.   Total Energy  Conserved En.    Temperature Pres. DC (bar)
    1.97418e+04   -7.26828e+04   -9.19064e+04    2.84938e+02   -2.58240e+02
 Pressure (bar)   Constr. rmsd
    1.04752e+03    3.97313e-06

           Step           Time
          47500       95.00000

   Energies (kJ/mol)
          Angle    Proper Dih. Ryckaert-Bell.          LJ-14     Coulomb-14
    5.92157e+03    4.11564e+02    8.65176e+02    7.86976e+02   -2.63895e+02
        LJ (SR)  Disper. corr.   Coulomb (SR)   Coul. recip.      Potential
    1.25934e+04   -1.25821e+03   -1.12601e+05    6.54508e+02   -9.28902e+04
    Kinetic En.   Total Energy  Conserved En.    Temperature Pres. DC (bar)
    1.97338e+04   -7.31564e+04   -9.19385e+04    2.84823e+02   -2.58240e+02
 Pressure (bar)   Constr. rmsd
    6.86753e+02    4.42988e-06


DD  step 47999 load imb.: force 18.3%

step 48000 Turning on dynamic load balancing, because the performance loss due to load imbalance is 2.1 %.
           Step           Time
          48000       96.00000

   Energies (kJ/mol)
          Angle    Proper Dih. Ryckaert-Bell.          LJ-14     Coulomb-14
    6.14785e+03    4.06713e+02    9.05656e+02    8.06016e+02   -2.59499e+02
        LJ (SR)  Disper. corr.   Coulomb (SR)   Coul. recip.      Potential
    1.21849e+04   -1.25821e+03   -1.12152e+05    6.52013e+02   -9.25669e+04
    Kinetic En.   Total Energy  Conserved En.    Temperature Pres. DC (bar)
    1.99441e+04   -7.26228e+04   -9.19523e+04    2.87858e+02   -2.58240e+02
 Pressure (bar)   Constr. rmsd
    4.66564e+02    4.28477e-06

           Step           Time
          48500       97.00000

   Energies (kJ/mol)
          Angle    Proper Dih. Ryckaert-Bell.          LJ-14     Coulomb-14
    6.08554e+03    4.02185e+02    8.97420e+02    7.99586e+02   -2.45456e+02
        LJ (SR)  Disper. corr.   Coulomb (SR)   Coul. recip.      Potential
    1.25754e+04   -1.25821e+03   -1.12339e+05    6.26828e+02   -9.24561e+04
    Kinetic En.   Total Energy  Conserved En.    Temperature Pres. DC (bar)
    1.96702e+04   -7.27859e+04   -9.19453e+04    2.83904e+02   -2.58240e+02
 Pressure (bar)   Constr. rmsd
    8.96544e+02    4.23323e-06

           Step           Time
          49000       98.00000

   Energies (kJ/mol)
          Angle    Proper Dih. Ryckaert-Bell.          LJ-14     Coulomb-14
    6.26070e+03    4.04600e+02    8.49958e+02    8.22823e+02   -2.45820e+02
        LJ (SR)  Disper. corr.   Coulomb (SR)   Coul. recip.      Potential
    1.24280e+04   -1.25821e+03   -1.11923e+05    6.06481e+02   -9.20546e+04
    Kinetic En.   Total Energy  Conserved En.    Temperature Pres. DC (bar)
    2.05851e+04   -7.14696e+04   -9.19820e+04    2.97110e+02   -2.58240e+02
 Pressure (bar)   Constr. rmsd
    1.24307e+03    4.53321e-06

           Step           Time
          49500       99.00000

   Energies (kJ/mol)
          Angle    Proper Dih. Ryckaert-Bell.          LJ-14     Coulomb-14
    6.09342e+03    3.99615e+02    8.94154e+02    7.86854e+02   -2.53993e+02
        LJ (SR)  Disper. corr.   Coulomb (SR)   Coul. recip.      Potential
    1.26000e+04   -1.25821e+03   -1.12814e+05    5.91512e+02   -9.29610e+04
    Kinetic En.   Total Energy  Conserved En.    Temperature Pres. DC (bar)
    1.95311e+04   -7.34299e+04   -9.19795e+04    2.81898e+02   -2.58240e+02
 Pressure (bar)   Constr. rmsd
    3.44448e+02    4.14835e-06

step 49600 Turning off dynamic load balancing, because it is degrading performance.
Atom distribution over 8 domains: av 1032 stddev 91 min 911 max 1140

DD  step 49999 load imb.: force 20.9%
           Step           Time
          50000      100.00000

Writing checkpoint, step 50000 at Tue Apr 25 21:11:41 2023


   Energies (kJ/mol)
          Angle    Proper Dih. Ryckaert-Bell.          LJ-14     Coulomb-14
    6.12337e+03    4.05932e+02    9.86943e+02    8.20719e+02   -2.46456e+02
        LJ (SR)  Disper. corr.   Coulomb (SR)   Coul. recip.      Potential
    1.24586e+04   -1.25821e+03   -1.12164e+05    6.70451e+02   -9.22023e+04
    Kinetic En.   Total Energy  Conserved En.    Temperature Pres. DC (bar)
    1.99692e+04   -7.22331e+04   -9.20044e+04    2.88221e+02   -2.58240e+02
 Pressure (bar)   Constr. rmsd
    7.93834e+02    4.13271e-06


Energy conservation over simulation part #1 of length 100 ns, time 0 to 100 ns
  Conserved energy drift: -1.47e-03 kJ/mol/ps per atom


	<======  ###############  ==>
	<====  A V E R A G E S  ====>
	<==  ###############  ======>

	Statistics over 50001 steps using 501 frames

   Energies (kJ/mol)
          Angle    Proper Dih. Ryckaert-Bell.          LJ-14     Coulomb-14
    6.13569e+03    4.07611e+02    8.83908e+02    8.16993e+02   -2.64307e+02
        LJ (SR)  Disper. corr.   Coulomb (SR)   Coul. recip.      Potential
    1.22492e+04   -1.25821e+03   -1.12086e+05    6.27927e+02   -9.24869e+04
    Kinetic En.   Total Energy  Conserved En.    Temperature Pres. DC (bar)
    1.98060e+04   -7.26809e+04   -9.13267e+04    2.85865e+02   -2.58240e+02
 Pressure (bar)   Constr. rmsd
    6.31410e+02    0.00000e+00

   Total Virial (kJ/mol)
    4.89495e+03    2.16795e+01    9.03203e+01
    2.16858e+01    4.98408e+03    7.55247e+00
    9.08924e+01    8.04193e+00    5.30700e+03

   Pressure (bar)
    7.26177e+02   -1.84748e+01   -3.06724e+01
   -1.84774e+01    6.74273e+02   -1.73364e+00
   -3.09070e+01   -1.93432e+00    4.93780e+02

          T-HEX          T-ANIT-Water_and_ions
    2.98812e+02    2.52201e+01    2.98618e+02


	M E G A - F L O P S   A C C O U N T I N G

 NB=Group-cutoff nonbonded kernels    NxN=N-by-N cluster Verlet kernels
 RF=Reaction-Field  VdW=Van der Waals  QSTab=quadratic-spline table
 W3=SPC/TIP3p  W4=TIP4p (single or pairs)
 V&F=Potential and force  V=Potential only  F=Force only

 Computing:                               M-Number         M-Flops  % Flops
-----------------------------------------------------------------------------
 Pair Search distance check            2227.688458       20049.196     0.1
 NxN Ewald Elec. + LJ [F]            172427.516208    11380216.070    65.2
 NxN Ewald Elec. + LJ [V&F]            1745.306080      186747.751     1.1
 NxN Ewald Elec. [F]                  84709.674000     5167290.114    29.6
 NxN Ewald Elec. [V&F]                  857.392160       72020.941     0.4
 1,4 nonbonded interactions             317.556351       28580.072     0.2
 Calc Weights                          1239.024780       44604.892     0.3
 Spread Q Bspline                     26432.528640       52865.057     0.3
 Gather F Bspline                     26432.528640      158595.172     0.9
 3D-FFT                               16693.533864      133548.271     0.8
 Solve PME                              102.402048        6553.731     0.0
 Reset In Box                             5.145980          15.438     0.0
 CG-CoM                                   5.179020          15.537     0.0
 Angles                                 255.805116       42975.259     0.2
 Propers                                 45.600912       10442.609     0.1
 RB-Dihedrals                           276.755535       68358.617     0.4
 Virial                                   4.318620          77.735     0.0
 Stop-CM                                  4.146520          41.465     0.0
 Calc-Ekin                               82.616520        2230.646     0.0
 Lincs                                  197.799619       11867.977     0.1
 Lincs-Mat                             4480.372980       17921.492     0.1
 Constraint-V                           693.718004        6243.462     0.0
 Constraint-Vir                           4.968674         119.248     0.0
 Settle                                  99.377393       36769.635     0.2
-----------------------------------------------------------------------------
 Total                                                17448150.388   100.0
-----------------------------------------------------------------------------


    D O M A I N   D E C O M P O S I T I O N   S T A T I S T I C S

 av. #atoms communicated per step for force:  2 x 12619.2
 av. #atoms communicated per step for LINCS:  2 x 1907.9


Dynamic load balancing report:
 DLB was off during the run due to low measured imbalance.
 Average load imbalance: 5.3%.
 The balanceable part of the MD step is 41%, load imbalance is computed from this.
 Part of the total run time spent waiting due to load imbalance: 2.2%.


     R E A L   C Y C L E   A N D   T I M E   A C C O U N T I N G

On 8 MPI ranks

 Computing:          Num   Num      Call    Wall time         Giga-Cycles
                     Ranks Threads  Count      (s)         total sum    %
-----------------------------------------------------------------------------
 Domain decomp.         8    1        626       3.904         34.781   0.7
 DD comm. load          8    1        238       0.019          0.167   0.0
 DD comm. bounds        8    1        218       0.020          0.181   0.0
 Neighbor search        8    1        626       3.736         33.283   0.6
 Comm. coord.           8    1      49375      16.992        151.383   2.9
 Force                  8    1      50001     167.725       1494.276  28.8
 Wait + Comm. F         8    1      50001      10.406         92.710   1.8
 PME mesh               8    1      50001     338.656       3017.124  58.2
 NB X/F buffer ops.     8    1     148751       2.067         18.411   0.4
 Write traj.            8    1        101       0.303          2.699   0.1
 Update                 8    1      50001       0.918          8.175   0.2
 Constraints            8    1      50003      33.091        294.815   5.7
 Comm. energies         8    1       5001       3.301         29.406   0.6
 Rest                                           0.806          7.177   0.1
-----------------------------------------------------------------------------
 Total                                        581.943       5184.588 100.0
-----------------------------------------------------------------------------
 Breakdown of PME mesh computation
-----------------------------------------------------------------------------
 PME redist. X/F        8    1     100002     261.390       2328.748  44.9
 PME spread             8    1      50001      27.841        248.039   4.8
 PME gather             8    1      50001      19.204        171.091   3.3
 PME 3D-FFT             8    1     100002       4.007         35.696   0.7
 PME 3D-FFT Comm.       8    1     100002      25.500        227.185   4.4
 PME solve Elec         8    1      50001       0.600          5.342   0.1
-----------------------------------------------------------------------------

               Core t (s)   Wall t (s)        (%)
       Time:     4655.473      581.943      800.0
                 (ns/day)    (hour/ns)
Performance:       14.847        1.616
Finished mdrun on rank 0 Tue Apr 25 21:11:41 2023

