                       :-) GROMACS - gmx mdrun, 2021 (-:

                            GROMACS is written by:
     Andrey Alekseenko              Emile Apol              Rossen Apostolov     
         Paul Bauer           Herman J.C. Berendsen           Par Bjelkmar       
       Christian Blau           Viacheslav Bolnykh             Kevin Boyd        
     Aldert van Buuren           Rudi van Drunen             Anton Feenstra      
    Gilles Gouaillardet             Alan Gray               Gerrit Groenhof      
       Anca Hamuraru            Vincent Hindriksen          M. Eric Irrgang      
      Aleksei Iupinov           Christoph Junghans             Joe Jordan        
    Dimitrios Karkoulis            Peter Kasson                Jiri Kraus        
      Carsten Kutzner              Per Larsson              Justin A. Lemkul     
       Viveca Lindahl            Magnus Lundborg             Erik Marklund       
        Pascal Merz             Pieter Meulenhoff            Teemu Murtola       
        Szilard Pall               Sander Pronk              Roland Schulz       
       Michael Shirts            Alexey Shvetsov             Alfons Sijbers      
       Peter Tieleman              Jon Vincent              Teemu Virolainen     
     Christian Wennberg            Maarten Wolf              Artem Zhmurov       
                           and the project leaders:
        Mark Abraham, Berk Hess, Erik Lindahl, and David van der Spoel

Copyright (c) 1991-2000, University of Groningen, The Netherlands.
Copyright (c) 2001-2019, The GROMACS development team at
Uppsala University, Stockholm University and
the Royal Institute of Technology, Sweden.
check out http://www.gromacs.org for more information.

GROMACS is free software; you can redistribute it and/or modify it
under the terms of the GNU Lesser General Public License
as published by the Free Software Foundation; either version 2.1
of the License, or (at your option) any later version.

GROMACS:      gmx mdrun, version 2021
Executable:   /usr/local/gromacs/bin/gmx
Data prefix:  /usr/local/gromacs
Working dir:  /Users/admin/Documents/GitHub/CHE4597-project/data/interfaces/hexane
Process ID:   44011
Command line:
  gmx mdrun -deffnm nvt

GROMACS version:    2021
Verified release checksum is 3e06a5865d6ff726fc417dea8d55afd37ac3cbb94c02c54c76d7a881c49c5dd8
Precision:          mixed
Memory model:       64 bit
MPI library:        thread_mpi
OpenMP support:     disabled
GPU support:        disabled
SIMD instructions:  AVX2_256
FFT library:        fftw-3.3.8-sse2
RDTSCP usage:       enabled
TNG support:        enabled
Hwloc support:      disabled
Tracing support:    disabled
C compiler:         /Library/Developer/CommandLineTools/usr/bin/cc AppleClang 12.0.5.12050022
C compiler flags:   -mavx2 -mfma -Wno-unknown-pragmas -Wno-missing-field-initializers -fno-stack-check -fno-stack-check -O3 -DNDEBUG
C++ compiler:       /Library/Developer/CommandLineTools/usr/bin/c++ AppleClang 12.0.5.12050022
C++ compiler flags: -mavx2 -mfma -Wno-unknown-pragmas -Wno-missing-field-initializers -fno-stack-check -fno-stack-check -Weverything -Wno-c++98-compat -Wno-c++98-compat-pedantic -Wno-source-uses-openmp -Wno-c++17-extensions -Wno-documentation-unknown-command -Wno-covered-switch-default -Wno-switch-enum -Wno-extra-semi-stmt -Wno-disabled-macro-expansion -Wno-cast-align -Wno-reserved-id-macro -Wno-global-constructors -Wno-exit-time-destructors -Wno-unused-macros -Wno-weak-vtables -Wno-conditional-uninitialized -Wno-format-nonliteral -Wno-shadow -Wno-cast-qual -Wno-documentation -Wno-used-but-marked-unused -Wno-padded -Wno-float-equal -Wno-old-style-cast -Wno-conversion -Wno-double-promotion -O3 -DNDEBUG


Running on 1 node with total 8 cores, 8 logical cores
Hardware detected:
  CPU info:
    Vendor: Intel
    Brand:  Intel(R) Core(TM) i5-1030NG7 CPU @ 1.10GHz
    Family: 6   Model: 126   Stepping: 5
    Features: aes apic avx avx2 avx512f avx512cd avx512bw avx512vl clfsh cmov cx8 cx16 f16c fma htt intel lahf mmx msr nonstop_tsc pcid pclmuldq pdcm pdpe1gb popcnt pse rdrnd rdtscp sha sse2 sse3 sse4.1 sse4.2 ssse3 tdt x2apic
    Number of AVX-512 FMA units: 1 (AVX2 is faster w/o 2 AVX-512 FMA units)
  Hardware topology: Only logical processor count


++++ PLEASE READ AND CITE THE FOLLOWING REFERENCE ++++
M. J. Abraham, T. Murtola, R. Schulz, S. Páll, J. C. Smith, B. Hess, E.
Lindahl
GROMACS: High performance molecular simulations through multi-level
parallelism from laptops to supercomputers
SoftwareX 1 (2015) pp. 19-25
-------- -------- --- Thank You --- -------- --------


++++ PLEASE READ AND CITE THE FOLLOWING REFERENCE ++++
S. Páll, M. J. Abraham, C. Kutzner, B. Hess, E. Lindahl
Tackling Exascale Software Challenges in Molecular Dynamics Simulations with
GROMACS
In S. Markidis & E. Laure (Eds.), Solving Software Challenges for Exascale 8759 (2015) pp. 3-27
-------- -------- --- Thank You --- -------- --------


++++ PLEASE READ AND CITE THE FOLLOWING REFERENCE ++++
S. Pronk, S. Páll, R. Schulz, P. Larsson, P. Bjelkmar, R. Apostolov, M. R.
Shirts, J. C. Smith, P. M. Kasson, D. van der Spoel, B. Hess, and E. Lindahl
GROMACS 4.5: a high-throughput and highly parallel open source molecular
simulation toolkit
Bioinformatics 29 (2013) pp. 845-54
-------- -------- --- Thank You --- -------- --------


++++ PLEASE READ AND CITE THE FOLLOWING REFERENCE ++++
B. Hess and C. Kutzner and D. van der Spoel and E. Lindahl
GROMACS 4: Algorithms for highly efficient, load-balanced, and scalable
molecular simulation
J. Chem. Theory Comput. 4 (2008) pp. 435-447
-------- -------- --- Thank You --- -------- --------


++++ PLEASE READ AND CITE THE FOLLOWING REFERENCE ++++
D. van der Spoel, E. Lindahl, B. Hess, G. Groenhof, A. E. Mark and H. J. C.
Berendsen
GROMACS: Fast, Flexible and Free
J. Comp. Chem. 26 (2005) pp. 1701-1719
-------- -------- --- Thank You --- -------- --------


++++ PLEASE READ AND CITE THE FOLLOWING REFERENCE ++++
E. Lindahl and B. Hess and D. van der Spoel
GROMACS 3.0: A package for molecular simulation and trajectory analysis
J. Mol. Mod. 7 (2001) pp. 306-317
-------- -------- --- Thank You --- -------- --------


++++ PLEASE READ AND CITE THE FOLLOWING REFERENCE ++++
H. J. C. Berendsen, D. van der Spoel and R. van Drunen
GROMACS: A message-passing parallel molecular dynamics implementation
Comp. Phys. Comm. 91 (1995) pp. 43-56
-------- -------- --- Thank You --- -------- --------


++++ PLEASE CITE THE DOI FOR THIS VERSION OF GROMACS ++++
https://doi.org/10.5281/zenodo.4457626
-------- -------- --- Thank You --- -------- --------

Input Parameters:
   integrator                     = md
   tinit                          = 0
   dt                             = 0.002
   nsteps                         = 50000
   init-step                      = 0
   simulation-part                = 1
   mts                            = false
   comm-mode                      = Linear
   nstcomm                        = 100
   bd-fric                        = 0
   ld-seed                        = -83893137
   emtol                          = 10
   emstep                         = 0.01
   niter                          = 20
   fcstep                         = 0
   nstcgsteep                     = 1000
   nbfgscorr                      = 10
   rtpi                           = 0.05
   nstxout                        = 500
   nstvout                        = 500
   nstfout                        = 0
   nstlog                         = 500
   nstcalcenergy                  = 100
   nstenergy                      = 500
   nstxout-compressed             = 0
   compressed-x-precision         = 1000
   cutoff-scheme                  = Verlet
   nstlist                        = 10
   pbc                            = xyz
   periodic-molecules             = false
   verlet-buffer-tolerance        = 0.005
   rlist                          = 1
   coulombtype                    = PME
   coulomb-modifier               = Potential-shift
   rcoulomb-switch                = 0
   rcoulomb                       = 1
   epsilon-r                      = 1
   epsilon-rf                     = inf
   vdw-type                       = Cut-off
   vdw-modifier                   = Potential-shift
   rvdw-switch                    = 0
   rvdw                           = 1
   DispCorr                       = EnerPres
   table-extension                = 1
   fourierspacing                 = 0.16
   fourier-nx                     = 20
   fourier-ny                     = 20
   fourier-nz                     = 20
   pme-order                      = 4
   ewald-rtol                     = 1e-05
   ewald-rtol-lj                  = 0.001
   lj-pme-comb-rule               = Geometric
   ewald-geometry                 = 0
   epsilon-surface                = 0
   tcoupl                         = V-rescale
   nsttcouple                     = 10
   nh-chain-length                = 0
   print-nose-hoover-chain-variables = false
   pcoupl                         = No
   pcoupltype                     = Isotropic
   nstpcouple                     = -1
   tau-p                          = 1
   compressibility (3x3):
      compressibility[    0]={ 0.00000e+00,  0.00000e+00,  0.00000e+00}
      compressibility[    1]={ 0.00000e+00,  0.00000e+00,  0.00000e+00}
      compressibility[    2]={ 0.00000e+00,  0.00000e+00,  0.00000e+00}
   ref-p (3x3):
      ref-p[    0]={ 0.00000e+00,  0.00000e+00,  0.00000e+00}
      ref-p[    1]={ 0.00000e+00,  0.00000e+00,  0.00000e+00}
      ref-p[    2]={ 0.00000e+00,  0.00000e+00,  0.00000e+00}
   refcoord-scaling               = No
   posres-com (3):
      posres-com[0]= 0.00000e+00
      posres-com[1]= 0.00000e+00
      posres-com[2]= 0.00000e+00
   posres-comB (3):
      posres-comB[0]= 0.00000e+00
      posres-comB[1]= 0.00000e+00
      posres-comB[2]= 0.00000e+00
   QMMM                           = false
qm-opts:
   ngQM                           = 0
   constraint-algorithm           = Lincs
   continuation                   = false
   Shake-SOR                      = false
   shake-tol                      = 0.0001
   lincs-order                    = 4
   lincs-iter                     = 1
   lincs-warnangle                = 30
   nwall                          = 0
   wall-type                      = 9-3
   wall-r-linpot                  = -1
   wall-atomtype[0]               = -1
   wall-atomtype[1]               = -1
   wall-density[0]                = 0
   wall-density[1]                = 0
   wall-ewald-zfac                = 3
   pull                           = false
   awh                            = false
   rotation                       = false
   interactiveMD                  = false
   disre                          = No
   disre-weighting                = Conservative
   disre-mixed                    = false
   dr-fc                          = 1000
   dr-tau                         = 0
   nstdisreout                    = 100
   orire-fc                       = 0
   orire-tau                      = 0
   nstorireout                    = 100
   free-energy                    = no
   cos-acceleration               = 0
   deform (3x3):
      deform[    0]={ 0.00000e+00,  0.00000e+00,  0.00000e+00}
      deform[    1]={ 0.00000e+00,  0.00000e+00,  0.00000e+00}
      deform[    2]={ 0.00000e+00,  0.00000e+00,  0.00000e+00}
   simulated-tempering            = false
   swapcoords                     = no
   userint1                       = 0
   userint2                       = 0
   userint3                       = 0
   userint4                       = 0
   userreal1                      = 0
   userreal2                      = 0
   userreal3                      = 0
   userreal4                      = 0
   applied-forces:
     electric-field:
       x:
         E0                       = 0
         omega                    = 0
         t0                       = 0
         sigma                    = 0
       y:
         E0                       = 0
         omega                    = 0
         t0                       = 0
         sigma                    = 0
       z:
         E0                       = 0
         omega                    = 0
         t0                       = 0
         sigma                    = 0
     density-guided-simulation:
       active                     = false
       group                      = protein
       similarity-measure         = inner-product
       atom-spreading-weight      = unity
       force-constant             = 1e+09
       gaussian-transform-spreading-width = 0.2
       gaussian-transform-spreading-range-in-multiples-of-width = 4
       reference-density-filename = reference.mrc
       nst                        = 1
       normalize-densities        = true
       adaptive-force-scaling     = false
       adaptive-force-scaling-time-constant = 4
       shift-vector               = 
       transformation-matrix      = 
grpopts:
   nrdf:        5517
   ref-t:         300
   tau-t:         0.1
annealing:          No
annealing-npoints:           0
   acc:	           0           0           0
   nfreeze:           N           N           N
   energygrp-flags[  0]: 0

Changing nstlist from 10 to 100, rlist from 1 to 1.011


Initializing Domain Decomposition on 8 ranks
Dynamic load balancing: auto
Minimum cell size due to atom displacement: 0.753 nm
Initial maximum distances in bonded interactions:
    two-body bonded interactions: 0.393 nm, LJ-14, atoms 372 362
  multi-body bonded interactions: 0.393 nm, Ryckaert-Bell., atoms 362 372
Minimum cell size due to bonded interactions: 0.432 nm
Maximum distance for 5 constraints, at 120 deg. angles, all-trans: 0.222 nm
Estimated maximum distance required for P-LINCS: 0.222 nm
Scaling the initial minimum size with 1/0.8 (option -dds) = 1.25
Using 0 separate PME ranks, as there are too few total
 ranks for efficient splitting
Optimizing the DD grid for 8 cells with a minimum initial size of 0.941 nm
The maximum allowed number of cells is: X 3 Y 3 Z 3
Domain decomposition grid 2 x 2 x 2, separate PME ranks 0
PME domain decomposition: 2 x 4 x 1
Domain decomposition rank 0, coordinates 0 0 0

The initial number of communication pulses is: X 1 Y 1 Z 1
The initial domain decomposition cell size is: X 1.50 nm Y 1.50 nm Z 1.50 nm

The maximum allowed distance for atoms involved in interactions is:
                 non-bonded interactions           1.011 nm
            two-body bonded interactions  (-rdd)   1.011 nm
          multi-body bonded interactions  (-rdd)   1.011 nm
  atoms separated by up to 5 constraints  (-rcon)  1.500 nm

When dynamic load balancing gets turned on, these settings will change to:
The maximum number of communication pulses is: X 1 Y 1 Z 1
The minimum size for domain decomposition cells is 1.011 nm
The requested allowed shrink of DD cells (option -dds) is: 0.80
The allowed shrink of domain decomposition cells is: X 0.67 Y 0.67 Z 0.67
The maximum allowed distance for atoms involved in interactions is:
                 non-bonded interactions           1.011 nm
            two-body bonded interactions  (-rdd)   1.011 nm
          multi-body bonded interactions  (-rdd)   1.011 nm
  atoms separated by up to 5 constraints  (-rcon)  1.011 nm

Using 8 MPI threads
System total charge: -0.000
Will do PME sum in reciprocal space for electrostatic interactions.

++++ PLEASE READ AND CITE THE FOLLOWING REFERENCE ++++
U. Essmann, L. Perera, M. L. Berkowitz, T. Darden, H. Lee and L. G. Pedersen 
A smooth particle mesh Ewald method
J. Chem. Phys. 103 (1995) pp. 8577-8592
-------- -------- --- Thank You --- -------- --------

Using a Gaussian width (1/beta) of 0.320163 nm for Ewald
Potential shift: LJ r^-12: -1.000e+00 r^-6: -1.000e+00, Ewald -1.000e-05
Initialized non-bonded Ewald tables, spacing: 9.33e-04 size: 1073

Generated table with 1005 data points for 1-4 COUL.
Tabscale = 500 points/nm
Generated table with 1005 data points for 1-4 LJ6.
Tabscale = 500 points/nm
Generated table with 1005 data points for 1-4 LJ12.
Tabscale = 500 points/nm
Long Range LJ corr.: <C6> 4.5181e-04


Using SIMD 4x8 nonbonded short-range kernels

Using a 4x8 pair-list setup:
  updated every 100 steps, buffer 0.011 nm, rlist 1.011 nm
At tolerance 0.005 kJ/mol/ps per atom, equivalent classical 1x1 list would be:
  updated every 100 steps, buffer 0.213 nm, rlist 1.213 nm

Using geometric Lennard-Jones combination rule
Removing pbc first time

Initializing Parallel LINear Constraint Solver

++++ PLEASE READ AND CITE THE FOLLOWING REFERENCE ++++
B. Hess
P-LINCS: A Parallel Linear Constraint Solver for molecular simulation
J. Chem. Theory Comput. 4 (2008) pp. 116-122
-------- -------- --- Thank You --- -------- --------

The number of constraints is 1680
There are constraints between atoms in different decomposition domains,
will communicate selected coordinates each lincs iteration

Linking all bonded interactions to atoms


Intra-simulation communication will occur every 10 steps.

++++ PLEASE READ AND CITE THE FOLLOWING REFERENCE ++++
G. Bussi, D. Donadio and M. Parrinello
Canonical sampling through velocity rescaling
J. Chem. Phys. 126 (2007) pp. 014101
-------- -------- --- Thank You --- -------- --------

There are: 2400 Atoms
Atom distribution over 8 domains: av 300 stddev 29 min 239 max 345

Constraining the starting coordinates (step 0)

Constraining the coordinates at t0-dt (step 0)
Center of mass motion removal mode is Linear
We have the following groups for center of mass motion removal:
  0:  rest
RMS relative constraint deviation after constraining: 3.49e-06
Initial temperature: 300.346 K

Started mdrun on rank 0 Sun Apr 23 15:12:24 2023

           Step           Time
              0        0.00000

   Energies (kJ/mol)
           Bond          Angle Ryckaert-Bell.          LJ-14     Coulomb-14
    2.14872e+01    1.23509e+02    1.16650e+02    3.69984e+02   -3.47826e+02
        LJ (SR)  Disper. corr.   Coulomb (SR)   Coul. recip.      Potential
   -3.55364e+03   -4.03203e+02    1.55477e+03    5.77069e+01   -2.06056e+03
    Kinetic En.   Total Energy  Conserved En.    Temperature Pres. DC (bar)
    6.89248e+03    4.83192e+03    4.83192e+03    3.00516e+02   -2.48309e+02
 Pressure (bar)   Constr. rmsd
    4.69052e+03    3.35557e-06


DD  step 99 load imb.: force  4.0%

DD  step 499 load imb.: force  5.6%
           Step           Time
            500        1.00000

   Energies (kJ/mol)
           Bond          Angle Ryckaert-Bell.          LJ-14     Coulomb-14
    6.73929e+02    3.71751e+03    8.69424e+02    6.35430e+02   -3.16034e+02
        LJ (SR)  Disper. corr.   Coulomb (SR)   Coul. recip.      Potential
   -3.29822e+03   -4.03203e+02    1.51319e+03    5.80242e+01    3.45005e+03
    Kinetic En.   Total Energy  Conserved En.    Temperature Pres. DC (bar)
    6.63020e+03    1.00803e+04    5.05410e+03    2.89081e+02   -2.48309e+02
 Pressure (bar)   Constr. rmsd
    2.50226e+03    2.67325e-06


DD  step 999 load imb.: force  3.1%
           Step           Time
           1000        2.00000

   Energies (kJ/mol)
           Bond          Angle Ryckaert-Bell.          LJ-14     Coulomb-14
    7.69993e+02    4.01534e+03    9.84969e+02    6.23455e+02   -2.86781e+02
        LJ (SR)  Disper. corr.   Coulomb (SR)   Coul. recip.      Potential
   -3.27369e+03   -4.03203e+02    1.48072e+03    5.56551e+01    3.96645e+03
    Kinetic En.   Total Energy  Conserved En.    Temperature Pres. DC (bar)
    6.74414e+03    1.07106e+04    5.06455e+03    2.94049e+02   -2.48309e+02
 Pressure (bar)   Constr. rmsd
    2.34431e+02    2.75484e-06


DD  step 1499 load imb.: force  5.8%
           Step           Time
           1500        3.00000

   Energies (kJ/mol)
           Bond          Angle Ryckaert-Bell.          LJ-14     Coulomb-14
    7.46317e+02    4.12833e+03    9.71296e+02    5.73321e+02   -2.68138e+02
        LJ (SR)  Disper. corr.   Coulomb (SR)   Coul. recip.      Potential
   -3.18362e+03   -4.03203e+02    1.45594e+03    5.45403e+01    4.07479e+03
    Kinetic En.   Total Energy  Conserved En.    Temperature Pres. DC (bar)
    6.67500e+03    1.07498e+04    5.06647e+03    2.91034e+02   -2.48309e+02
 Pressure (bar)   Constr. rmsd
    1.90271e+02    3.04032e-06


DD  step 1999 load imb.: force  1.1%
           Step           Time
           2000        4.00000

   Energies (kJ/mol)
           Bond          Angle Ryckaert-Bell.          LJ-14     Coulomb-14
    6.85055e+02    4.07349e+03    1.08042e+03    5.99598e+02   -2.51387e+02
        LJ (SR)  Disper. corr.   Coulomb (SR)   Coul. recip.      Potential
   -3.32929e+03   -4.03203e+02    1.42812e+03    5.51375e+01    3.93794e+03
    Kinetic En.   Total Energy  Conserved En.    Temperature Pres. DC (bar)
    6.67328e+03    1.06112e+04    5.05750e+03    2.90959e+02   -2.48309e+02
 Pressure (bar)   Constr. rmsd
   -9.53759e+02    2.81551e-06

Writing checkpoint, step 2100 at Sun Apr 23 15:28:09 2023



DD  step 2499 load imb.: force  3.7%
           Step           Time
           2500        5.00000

   Energies (kJ/mol)
           Bond          Angle Ryckaert-Bell.          LJ-14     Coulomb-14
    7.87173e+02    4.12609e+03    1.13780e+03    6.28359e+02   -2.47352e+02
        LJ (SR)  Disper. corr.   Coulomb (SR)   Coul. recip.      Potential
   -3.28701e+03   -4.03203e+02    1.41248e+03    5.60523e+01    4.21039e+03
    Kinetic En.   Total Energy  Conserved En.    Temperature Pres. DC (bar)
    6.92233e+03    1.11327e+04    5.05251e+03    3.01818e+02   -2.48309e+02
 Pressure (bar)   Constr. rmsd
   -1.76659e+01    3.18278e-06


DD  step 2999 load imb.: force  3.9%
           Step           Time
           3000        6.00000

   Energies (kJ/mol)
           Bond          Angle Ryckaert-Bell.          LJ-14     Coulomb-14
    6.87591e+02    4.11151e+03    1.08993e+03    6.13693e+02   -2.18318e+02
        LJ (SR)  Disper. corr.   Coulomb (SR)   Coul. recip.      Potential
   -3.21792e+03   -4.03203e+02    1.36818e+03    5.64540e+01    4.08792e+03
    Kinetic En.   Total Energy  Conserved En.    Temperature Pres. DC (bar)
    6.91139e+03    1.09993e+04    5.05771e+03    3.01341e+02   -2.48309e+02
 Pressure (bar)   Constr. rmsd
    1.72505e+03    2.77113e-06


DD  step 3499 load imb.: force  2.6%
           Step           Time
           3500        7.00000

   Energies (kJ/mol)
           Bond          Angle Ryckaert-Bell.          LJ-14     Coulomb-14
    6.78457e+02    4.13759e+03    1.10578e+03    6.34390e+02   -2.29026e+02
        LJ (SR)  Disper. corr.   Coulomb (SR)   Coul. recip.      Potential
   -3.25819e+03   -4.03203e+02    1.38438e+03    5.61376e+01    4.10633e+03
    Kinetic En.   Total Energy  Conserved En.    Temperature Pres. DC (bar)
    6.73567e+03    1.08420e+04    5.06560e+03    2.93679e+02   -2.48309e+02
 Pressure (bar)   Constr. rmsd
    1.48800e+03    3.01357e-06


DD  step 3999 load imb.: force  7.2%
           Step           Time
           4000        8.00000

   Energies (kJ/mol)
           Bond          Angle Ryckaert-Bell.          LJ-14     Coulomb-14
    7.13393e+02    4.23481e+03    1.10175e+03    6.09322e+02   -2.29904e+02
        LJ (SR)  Disper. corr.   Coulomb (SR)   Coul. recip.      Potential
   -3.29829e+03   -4.03203e+02    1.38407e+03    5.56657e+01    4.16761e+03
    Kinetic En.   Total Energy  Conserved En.    Temperature Pres. DC (bar)
    6.71647e+03    1.08841e+04    5.06333e+03    2.92843e+02   -2.48309e+02
 Pressure (bar)   Constr. rmsd
    3.56897e+02    3.12362e-06

Writing checkpoint, step 4400 at Sun Apr 23 15:42:58 2023



DD  step 4499 load imb.: force  4.5%
           Step           Time
           4500        9.00000

   Energies (kJ/mol)
           Bond          Angle Ryckaert-Bell.          LJ-14     Coulomb-14
    7.61714e+02    4.18239e+03    1.06391e+03    6.26455e+02   -2.35080e+02
        LJ (SR)  Disper. corr.   Coulomb (SR)   Coul. recip.      Potential
   -3.35352e+03   -4.03203e+02    1.39481e+03    5.61232e+01    4.09360e+03
    Kinetic En.   Total Energy  Conserved En.    Temperature Pres. DC (bar)
    6.64859e+03    1.07422e+04    5.05039e+03    2.89883e+02   -2.48309e+02
 Pressure (bar)   Constr. rmsd
    5.64070e+02    2.76001e-06


DD  step 4999 load imb.: force  3.0%
           Step           Time
           5000       10.00000

   Energies (kJ/mol)
           Bond          Angle Ryckaert-Bell.          LJ-14     Coulomb-14
    7.60149e+02    4.19683e+03    1.10312e+03    6.36845e+02   -2.26428e+02
        LJ (SR)  Disper. corr.   Coulomb (SR)   Coul. recip.      Potential
   -3.32748e+03   -4.03203e+02    1.37225e+03    5.62665e+01    4.16835e+03
    Kinetic En.   Total Energy  Conserved En.    Temperature Pres. DC (bar)
    6.85195e+03    1.10203e+04    5.05542e+03    2.98749e+02   -2.48309e+02
 Pressure (bar)   Constr. rmsd
    1.27238e+03    2.98715e-06


DD  step 5499 load imb.: force  2.6%
           Step           Time
           5500       11.00000

   Energies (kJ/mol)
           Bond          Angle Ryckaert-Bell.          LJ-14     Coulomb-14
    7.28695e+02    4.25148e+03    1.06870e+03    5.87476e+02   -2.26859e+02
        LJ (SR)  Disper. corr.   Coulomb (SR)   Coul. recip.      Potential
   -3.29500e+03   -4.03203e+02    1.38824e+03    5.56861e+01    4.15521e+03
    Kinetic En.   Total Energy  Conserved En.    Temperature Pres. DC (bar)
    7.11872e+03    1.12739e+04    5.04744e+03    3.10381e+02   -2.48309e+02
 Pressure (bar)   Constr. rmsd
    5.77064e+02    3.06376e-06


DD  step 5999 load imb.: force  3.7%
           Step           Time
           6000       12.00000

   Energies (kJ/mol)
           Bond          Angle Ryckaert-Bell.          LJ-14     Coulomb-14
    7.72454e+02    4.08111e+03    1.09126e+03    6.26447e+02   -2.23676e+02
        LJ (SR)  Disper. corr.   Coulomb (SR)   Coul. recip.      Potential
   -3.33380e+03   -4.03203e+02    1.37375e+03    5.66565e+01    4.04100e+03
    Kinetic En.   Total Energy  Conserved En.    Temperature Pres. DC (bar)
    6.95014e+03    1.09911e+04    5.05071e+03    3.03031e+02   -2.48309e+02
 Pressure (bar)   Constr. rmsd
    4.77324e+02    2.93617e-06


DD  step 6499 load imb.: force  8.1%
           Step           Time
           6500       13.00000

   Energies (kJ/mol)
           Bond          Angle Ryckaert-Bell.          LJ-14     Coulomb-14
    6.87212e+02    4.20561e+03    1.03310e+03    6.05123e+02   -2.25659e+02
        LJ (SR)  Disper. corr.   Coulomb (SR)   Coul. recip.      Potential
   -3.28038e+03   -4.03203e+02    1.38027e+03    5.59002e+01    4.05798e+03
    Kinetic En.   Total Energy  Conserved En.    Temperature Pres. DC (bar)
    6.92111e+03    1.09791e+04    5.05414e+03    3.01765e+02   -2.48309e+02
 Pressure (bar)   Constr. rmsd
    5.51958e+02    3.08022e-06

Writing checkpoint, step 6700 at Sun Apr 23 15:57:30 2023



DD  step 6999 load imb.: force  2.8%
           Step           Time
           7000       14.00000

   Energies (kJ/mol)
           Bond          Angle Ryckaert-Bell.          LJ-14     Coulomb-14
    7.62713e+02    4.25630e+03    1.03358e+03    5.91171e+02   -2.11948e+02
        LJ (SR)  Disper. corr.   Coulomb (SR)   Coul. recip.      Potential
   -3.33888e+03   -4.03203e+02    1.36156e+03    5.76591e+01    4.10895e+03
    Kinetic En.   Total Energy  Conserved En.    Temperature Pres. DC (bar)
    6.76127e+03    1.08702e+04    5.05788e+03    2.94795e+02   -2.48309e+02
 Pressure (bar)   Constr. rmsd
    7.05294e+02    3.17550e-06


DD  step 7499 load imb.: force  4.8%
           Step           Time
           7500       15.00000

   Energies (kJ/mol)
           Bond          Angle Ryckaert-Bell.          LJ-14     Coulomb-14
    7.57707e+02    4.15909e+03    1.07997e+03    5.98432e+02   -2.16479e+02
        LJ (SR)  Disper. corr.   Coulomb (SR)   Coul. recip.      Potential
   -3.34495e+03   -4.03203e+02    1.36418e+03    5.56914e+01    4.05043e+03
    Kinetic En.   Total Energy  Conserved En.    Temperature Pres. DC (bar)
    7.00667e+03    1.10571e+04    5.04702e+03    3.05495e+02   -2.48309e+02
 Pressure (bar)   Constr. rmsd
    4.53499e+02    2.91164e-06

Writing checkpoint, step 7900 at Sun Apr 23 16:17:45 2023



DD  step 7999 load imb.: force  6.1%
           Step           Time
           8000       16.00000

   Energies (kJ/mol)
           Bond          Angle Ryckaert-Bell.          LJ-14     Coulomb-14
    7.49851e+02    4.17124e+03    1.08615e+03    5.75705e+02   -2.08625e+02
        LJ (SR)  Disper. corr.   Coulomb (SR)   Coul. recip.      Potential
   -3.31910e+03   -4.03203e+02    1.35445e+03    5.68985e+01    4.06337e+03
    Kinetic En.   Total Energy  Conserved En.    Temperature Pres. DC (bar)
    6.96154e+03    1.10249e+04    5.04659e+03    3.03528e+02   -2.48309e+02
 Pressure (bar)   Constr. rmsd
    1.12882e+02    3.08731e-06


DD  step 8499 load imb.: force  2.6%
           Step           Time
           8500       17.00000

   Energies (kJ/mol)
           Bond          Angle Ryckaert-Bell.          LJ-14     Coulomb-14
    7.28767e+02    4.50374e+03    1.08776e+03    6.07140e+02   -2.13182e+02
        LJ (SR)  Disper. corr.   Coulomb (SR)   Coul. recip.      Potential
   -3.29351e+03   -4.03203e+02    1.35041e+03    5.70879e+01    4.42502e+03
    Kinetic En.   Total Energy  Conserved En.    Temperature Pres. DC (bar)
    6.80694e+03    1.12320e+04    5.07298e+03    2.96787e+02   -2.48309e+02
 Pressure (bar)   Constr. rmsd
   -1.79140e+01    3.00318e-06


DD  step 8999 load imb.: force  4.7%
           Step           Time
           9000       18.00000

   Energies (kJ/mol)
           Bond          Angle Ryckaert-Bell.          LJ-14     Coulomb-14
    8.22566e+02    4.33537e+03    1.08973e+03    6.08185e+02   -2.02709e+02
        LJ (SR)  Disper. corr.   Coulomb (SR)   Coul. recip.      Potential
   -3.31284e+03   -4.03203e+02    1.34644e+03    5.73171e+01    4.34085e+03
    Kinetic En.   Total Energy  Conserved En.    Temperature Pres. DC (bar)
    6.84625e+03    1.11871e+04    5.07297e+03    2.98501e+02   -2.48309e+02
 Pressure (bar)   Constr. rmsd
   -7.21081e+01    3.05952e-06

Writing checkpoint, step 9100 at Sun Apr 23 16:27:39 2023



DD  step 9499 load imb.: force  4.6%
           Step           Time
           9500       19.00000

   Energies (kJ/mol)
           Bond          Angle Ryckaert-Bell.          LJ-14     Coulomb-14
    6.85016e+02    4.18628e+03    1.05186e+03    6.20090e+02   -2.09333e+02
        LJ (SR)  Disper. corr.   Coulomb (SR)   Coul. recip.      Potential
   -3.29549e+03   -4.03203e+02    1.34726e+03    5.71143e+01    4.03959e+03
    Kinetic En.   Total Energy  Conserved En.    Temperature Pres. DC (bar)
    6.84679e+03    1.08864e+04    5.05134e+03    2.98525e+02   -2.48309e+02
 Pressure (bar)   Constr. rmsd
    1.93705e+02    2.78547e-06


DD  step 9999 load imb.: force  5.5%
           Step           Time
          10000       20.00000

   Energies (kJ/mol)
           Bond          Angle Ryckaert-Bell.          LJ-14     Coulomb-14
    7.62071e+02    4.31031e+03    1.06103e+03    5.79792e+02   -2.08901e+02
        LJ (SR)  Disper. corr.   Coulomb (SR)   Coul. recip.      Potential
   -3.31416e+03   -4.03203e+02    1.35406e+03    5.63625e+01    4.19737e+03
    Kinetic En.   Total Energy  Conserved En.    Temperature Pres. DC (bar)
    6.82889e+03    1.10263e+04    5.06572e+03    2.97744e+02   -2.48309e+02
 Pressure (bar)   Constr. rmsd
   -5.73899e+02    3.14791e-06


DD  step 10499 load imb.: force  7.4%
           Step           Time
          10500       21.00000

   Energies (kJ/mol)
           Bond          Angle Ryckaert-Bell.          LJ-14     Coulomb-14
    8.24569e+02    4.10699e+03    1.02573e+03    5.63066e+02   -2.05775e+02
        LJ (SR)  Disper. corr.   Coulomb (SR)   Coul. recip.      Potential
   -3.28266e+03   -4.03203e+02    1.34362e+03    5.66845e+01    4.02903e+03
    Kinetic En.   Total Energy  Conserved En.    Temperature Pres. DC (bar)
    7.05330e+03    1.10823e+04    5.04962e+03    3.07528e+02   -2.48309e+02
 Pressure (bar)   Constr. rmsd
   -8.41004e+02    3.09623e-06


DD  step 10999 load imb.: force  5.2%
           Step           Time
          11000       22.00000

   Energies (kJ/mol)
           Bond          Angle Ryckaert-Bell.          LJ-14     Coulomb-14
    7.84156e+02    4.22210e+03    1.00533e+03    6.30448e+02   -2.10443e+02
        LJ (SR)  Disper. corr.   Coulomb (SR)   Coul. recip.      Potential
   -3.31188e+03   -4.03203e+02    1.34763e+03    5.68734e+01    4.12101e+03
    Kinetic En.   Total Energy  Conserved En.    Temperature Pres. DC (bar)
    6.71088e+03    1.08319e+04    5.05393e+03    2.92598e+02   -2.48309e+02
 Pressure (bar)   Constr. rmsd
    1.17605e+03    3.09489e-06


DD  step 11499 load imb.: force  5.9%
           Step           Time
          11500       23.00000

   Energies (kJ/mol)
           Bond          Angle Ryckaert-Bell.          LJ-14     Coulomb-14
    7.55198e+02    4.31913e+03    1.09745e+03    5.87038e+02   -2.10958e+02
        LJ (SR)  Disper. corr.   Coulomb (SR)   Coul. recip.      Potential
   -3.30432e+03   -4.03203e+02    1.35796e+03    5.59609e+01    4.25426e+03
    Kinetic En.   Total Energy  Conserved En.    Temperature Pres. DC (bar)
    6.88538e+03    1.11396e+04    5.05923e+03    3.00207e+02   -2.48309e+02
 Pressure (bar)   Constr. rmsd
   -2.77956e+02    3.25220e-06


DD  step 11999 load imb.: force  3.7%
           Step           Time
          12000       24.00000

   Energies (kJ/mol)
           Bond          Angle Ryckaert-Bell.          LJ-14     Coulomb-14
    7.99484e+02    4.13028e+03    1.03417e+03    6.36950e+02   -2.22183e+02
        LJ (SR)  Disper. corr.   Coulomb (SR)   Coul. recip.      Potential
   -3.30214e+03   -4.03203e+02    1.37174e+03    5.55599e+01    4.10066e+03
    Kinetic En.   Total Energy  Conserved En.    Temperature Pres. DC (bar)
    6.90400e+03    1.10047e+04    5.05857e+03    3.01019e+02   -2.48309e+02
 Pressure (bar)   Constr. rmsd
    1.23061e+03    3.05359e-06


DD  step 12499 load imb.: force  4.3%
           Step           Time
          12500       25.00000

   Energies (kJ/mol)
           Bond          Angle Ryckaert-Bell.          LJ-14     Coulomb-14
    7.39959e+02    4.34231e+03    1.08138e+03    6.25261e+02   -2.14839e+02
        LJ (SR)  Disper. corr.   Coulomb (SR)   Coul. recip.      Potential
   -3.32863e+03   -4.03203e+02    1.36631e+03    5.56706e+01    4.26421e+03
    Kinetic En.   Total Energy  Conserved En.    Temperature Pres. DC (bar)
    7.01398e+03    1.12782e+04    5.06348e+03    3.05814e+02   -2.48309e+02
 Pressure (bar)   Constr. rmsd
    6.04102e+02    3.16049e-06


DD  step 12999 load imb.: force  4.4%
           Step           Time
          13000       26.00000

   Energies (kJ/mol)
           Bond          Angle Ryckaert-Bell.          LJ-14     Coulomb-14
    7.41013e+02    4.22439e+03    1.00524e+03    6.09059e+02   -2.13952e+02
        LJ (SR)  Disper. corr.   Coulomb (SR)   Coul. recip.      Potential
   -3.28405e+03   -4.03203e+02    1.36474e+03    5.59454e+01    4.09918e+03
    Kinetic En.   Total Energy  Conserved En.    Temperature Pres. DC (bar)
    6.93779e+03    1.10370e+04    5.04774e+03    3.02492e+02   -2.48309e+02
 Pressure (bar)   Constr. rmsd
    3.20800e+02    3.12463e-06


DD  step 13499 load imb.: force  6.1%
           Step           Time
          13500       27.00000

   Energies (kJ/mol)
           Bond          Angle Ryckaert-Bell.          LJ-14     Coulomb-14
    7.93354e+02    4.19896e+03    1.01826e+03    6.08045e+02   -2.33125e+02
        LJ (SR)  Disper. corr.   Coulomb (SR)   Coul. recip.      Potential
   -3.33237e+03   -4.03203e+02    1.38959e+03    5.60519e+01    4.09555e+03
    Kinetic En.   Total Energy  Conserved En.    Temperature Pres. DC (bar)
    6.89964e+03    1.09952e+04    5.05629e+03    3.00829e+02   -2.48309e+02
 Pressure (bar)   Constr. rmsd
   -2.96353e+02    3.14724e-06


DD  step 13999 load imb.: force  5.8%
           Step           Time
          14000       28.00000

   Energies (kJ/mol)
           Bond          Angle Ryckaert-Bell.          LJ-14     Coulomb-14
    8.29761e+02    4.11644e+03    1.04726e+03    6.27970e+02   -2.26178e+02
        LJ (SR)  Disper. corr.   Coulomb (SR)   Coul. recip.      Potential
   -3.30341e+03   -4.03203e+02    1.38070e+03    5.56346e+01    4.12498e+03
    Kinetic En.   Total Energy  Conserved En.    Temperature Pres. DC (bar)
    6.73627e+03    1.08613e+04    5.06075e+03    2.93706e+02   -2.48309e+02
 Pressure (bar)   Constr. rmsd
   -1.90665e+01    3.01213e-06


DD  step 14499 load imb.: force  2.9%
           Step           Time
          14500       29.00000

   Energies (kJ/mol)
           Bond          Angle Ryckaert-Bell.          LJ-14     Coulomb-14
    8.01622e+02    4.07284e+03    1.03716e+03    6.15852e+02   -2.25767e+02
        LJ (SR)  Disper. corr.   Coulomb (SR)   Coul. recip.      Potential
   -3.32376e+03   -4.03203e+02    1.37641e+03    5.58772e+01    4.00704e+03
    Kinetic En.   Total Energy  Conserved En.    Temperature Pres. DC (bar)
    7.08632e+03    1.10934e+04    5.04673e+03    3.08968e+02   -2.48309e+02
 Pressure (bar)   Constr. rmsd
    5.69778e+02    3.21560e-06


DD  step 14999 load imb.: force  5.2%
           Step           Time
          15000       30.00000

   Energies (kJ/mol)
           Bond          Angle Ryckaert-Bell.          LJ-14     Coulomb-14
    8.22432e+02    4.19215e+03    1.10930e+03    6.20088e+02   -2.07155e+02
        LJ (SR)  Disper. corr.   Coulomb (SR)   Coul. recip.      Potential
   -3.29157e+03   -4.03203e+02    1.35170e+03    5.65527e+01    4.25029e+03
    Kinetic En.   Total Energy  Conserved En.    Temperature Pres. DC (bar)
    6.78004e+03    1.10303e+04    5.05530e+03    2.95614e+02   -2.48309e+02
 Pressure (bar)   Constr. rmsd
    8.73499e+02    3.21285e-06


DD  step 15499 load imb.: force  5.6%
           Step           Time
          15500       31.00000

   Energies (kJ/mol)
           Bond          Angle Ryckaert-Bell.          LJ-14     Coulomb-14
    7.25152e+02    4.29502e+03    1.07279e+03    5.98963e+02   -2.03309e+02
        LJ (SR)  Disper. corr.   Coulomb (SR)   Coul. recip.      Potential
   -3.30026e+03   -4.03203e+02    1.34633e+03    5.55327e+01    4.18702e+03
    Kinetic En.   Total Energy  Conserved En.    Temperature Pres. DC (bar)
    6.79606e+03    1.09831e+04    5.06124e+03    2.96312e+02   -2.48309e+02
 Pressure (bar)   Constr. rmsd
    2.70577e+02    3.16564e-06


DD  step 15999 load imb.: force  4.9%
           Step           Time
          16000       32.00000

   Energies (kJ/mol)
           Bond          Angle Ryckaert-Bell.          LJ-14     Coulomb-14
    8.46587e+02    4.29155e+03    1.05720e+03    5.90417e+02   -2.05415e+02
        LJ (SR)  Disper. corr.   Coulomb (SR)   Coul. recip.      Potential
   -3.37392e+03   -4.03203e+02    1.34973e+03    5.73292e+01    4.21027e+03
    Kinetic En.   Total Energy  Conserved En.    Temperature Pres. DC (bar)
    6.68623e+03    1.08965e+04    5.06877e+03    2.91524e+02   -2.48309e+02
 Pressure (bar)   Constr. rmsd
   -7.87120e+02    3.08045e-06


DD  step 16499 load imb.: force  8.9%
           Step           Time
          16500       33.00000

   Energies (kJ/mol)
           Bond          Angle Ryckaert-Bell.          LJ-14     Coulomb-14
    7.85323e+02    4.20879e+03    1.01375e+03    5.76940e+02   -2.11499e+02
        LJ (SR)  Disper. corr.   Coulomb (SR)   Coul. recip.      Potential
   -3.32019e+03   -4.03203e+02    1.34598e+03    5.80922e+01    4.05398e+03
    Kinetic En.   Total Energy  Conserved En.    Temperature Pres. DC (bar)
    6.95921e+03    1.10132e+04    5.05331e+03    3.03426e+02   -2.48309e+02
 Pressure (bar)   Constr. rmsd
   -5.95623e+01    3.08094e-06


DD  step 16999 load imb.: force  4.6%
           Step           Time
          17000       34.00000

   Energies (kJ/mol)
           Bond          Angle Ryckaert-Bell.          LJ-14     Coulomb-14
    6.94709e+02    4.16972e+03    1.04162e+03    6.13552e+02   -2.13389e+02
        LJ (SR)  Disper. corr.   Coulomb (SR)   Coul. recip.      Potential
   -3.36325e+03   -4.03203e+02    1.35576e+03    5.79636e+01    3.95348e+03
    Kinetic En.   Total Energy  Conserved En.    Temperature Pres. DC (bar)
    6.77907e+03    1.07325e+04    5.04334e+03    2.95572e+02   -2.48309e+02
 Pressure (bar)   Constr. rmsd
    6.87034e+02    3.28744e-06


DD  step 17499 load imb.: force 10.3%
           Step           Time
          17500       35.00000

   Energies (kJ/mol)
           Bond          Angle Ryckaert-Bell.          LJ-14     Coulomb-14
    7.17414e+02    4.14115e+03    9.95027e+02    5.65000e+02   -2.05303e+02
        LJ (SR)  Disper. corr.   Coulomb (SR)   Coul. recip.      Potential
   -3.38404e+03   -4.03203e+02    1.34936e+03    5.54651e+01    3.83088e+03
    Kinetic En.   Total Energy  Conserved En.    Temperature Pres. DC (bar)
    6.80361e+03    1.06345e+04    5.04729e+03    2.96642e+02   -2.48309e+02
 Pressure (bar)   Constr. rmsd
    3.52851e+02    2.86606e-06


DD  step 17999 load imb.: force  6.9%
           Step           Time
          18000       36.00000

   Energies (kJ/mol)
           Bond          Angle Ryckaert-Bell.          LJ-14     Coulomb-14
    8.12372e+02    4.26011e+03    1.02613e+03    5.72724e+02   -2.09122e+02
        LJ (SR)  Disper. corr.   Coulomb (SR)   Coul. recip.      Potential
   -3.32370e+03   -4.03203e+02    1.34782e+03    5.52385e+01    4.13837e+03
    Kinetic En.   Total Energy  Conserved En.    Temperature Pres. DC (bar)
    6.92658e+03    1.10649e+04    5.06033e+03    3.02003e+02   -2.48309e+02
 Pressure (bar)   Constr. rmsd
   -2.24211e+02    3.16533e-06


DD  step 18499 load imb.: force  4.6%
           Step           Time
          18500       37.00000

   Energies (kJ/mol)
           Bond          Angle Ryckaert-Bell.          LJ-14     Coulomb-14
    8.29861e+02    4.29783e+03    1.08035e+03    5.88415e+02   -2.14045e+02
        LJ (SR)  Disper. corr.   Coulomb (SR)   Coul. recip.      Potential
   -3.33100e+03   -4.03203e+02    1.35342e+03    5.74961e+01    4.25912e+03
    Kinetic En.   Total Energy  Conserved En.    Temperature Pres. DC (bar)
    6.72358e+03    1.09827e+04    5.05995e+03    2.93152e+02   -2.48309e+02
 Pressure (bar)   Constr. rmsd
   -1.38424e+03    2.88477e-06


DD  step 18999 load imb.: force  3.7%
           Step           Time
          19000       38.00000

   Energies (kJ/mol)
           Bond          Angle Ryckaert-Bell.          LJ-14     Coulomb-14
    7.59497e+02    4.48994e+03    1.08831e+03    5.93194e+02   -1.97224e+02
        LJ (SR)  Disper. corr.   Coulomb (SR)   Coul. recip.      Potential
   -3.33160e+03   -4.03203e+02    1.33793e+03    5.74698e+01    4.39431e+03
    Kinetic En.   Total Energy  Conserved En.    Temperature Pres. DC (bar)
    7.00568e+03    1.14000e+04    5.05021e+03    3.05452e+02   -2.48309e+02
 Pressure (bar)   Constr. rmsd
   -5.14890e+01    2.97901e-06


DD  step 19499 load imb.: force  7.6%
           Step           Time
          19500       39.00000

   Energies (kJ/mol)
           Bond          Angle Ryckaert-Bell.          LJ-14     Coulomb-14
    6.98955e+02    4.22386e+03    1.03919e+03    6.12594e+02   -2.13169e+02
        LJ (SR)  Disper. corr.   Coulomb (SR)   Coul. recip.      Potential
   -3.26973e+03   -4.03203e+02    1.35759e+03    5.58221e+01    4.10191e+03
    Kinetic En.   Total Energy  Conserved En.    Temperature Pres. DC (bar)
    6.73361e+03    1.08355e+04    5.06053e+03    2.93590e+02   -2.48309e+02
 Pressure (bar)   Constr. rmsd
    5.30447e+02    3.03118e-06


DD  step 19999 load imb.: force  4.3%
           Step           Time
          20000       40.00000

   Energies (kJ/mol)
           Bond          Angle Ryckaert-Bell.          LJ-14     Coulomb-14
    7.36739e+02    4.32865e+03    1.03173e+03    5.74661e+02   -2.09794e+02
        LJ (SR)  Disper. corr.   Coulomb (SR)   Coul. recip.      Potential
   -3.33230e+03   -4.03203e+02    1.34881e+03    5.66315e+01    4.13193e+03
    Kinetic En.   Total Energy  Conserved En.    Temperature Pres. DC (bar)
    6.89948e+03    1.10314e+04    5.05415e+03    3.00822e+02   -2.48309e+02
 Pressure (bar)   Constr. rmsd
   -2.60263e+02    3.26652e-06


DD  step 20499 load imb.: force  5.5%
           Step           Time
          20500       41.00000

   Energies (kJ/mol)
           Bond          Angle Ryckaert-Bell.          LJ-14     Coulomb-14
    7.75296e+02    4.23338e+03    1.02897e+03    6.16288e+02   -2.20367e+02
        LJ (SR)  Disper. corr.   Coulomb (SR)   Coul. recip.      Potential
   -3.33820e+03   -4.03203e+02    1.36417e+03    5.71322e+01    4.11346e+03
    Kinetic En.   Total Energy  Conserved En.    Temperature Pres. DC (bar)
    6.98850e+03    1.11020e+04    5.04218e+03    3.04703e+02   -2.48309e+02
 Pressure (bar)   Constr. rmsd
   -6.84724e+01    3.23604e-06


DD  step 20999 load imb.: force  5.2%
           Step           Time
          21000       42.00000

   Energies (kJ/mol)
           Bond          Angle Ryckaert-Bell.          LJ-14     Coulomb-14
    7.46670e+02    4.10819e+03    1.04539e+03    5.76880e+02   -2.09943e+02
        LJ (SR)  Disper. corr.   Coulomb (SR)   Coul. recip.      Potential
   -3.35548e+03   -4.03203e+02    1.35897e+03    5.55506e+01    3.92303e+03
    Kinetic En.   Total Energy  Conserved En.    Temperature Pres. DC (bar)
    6.96744e+03    1.08905e+04    5.02949e+03    3.03785e+02   -2.48309e+02
 Pressure (bar)   Constr. rmsd
    1.01004e+02    3.08443e-06


DD  step 21499 load imb.: force  7.3%
           Step           Time
          21500       43.00000

   Energies (kJ/mol)
           Bond          Angle Ryckaert-Bell.          LJ-14     Coulomb-14
    8.28105e+02    4.14764e+03    1.00544e+03    6.31488e+02   -2.27519e+02
        LJ (SR)  Disper. corr.   Coulomb (SR)   Coul. recip.      Potential
   -3.29849e+03   -4.03203e+02    1.37833e+03    5.63958e+01    4.11819e+03
    Kinetic En.   Total Energy  Conserved En.    Temperature Pres. DC (bar)
    6.85218e+03    1.09704e+04    5.05167e+03    2.98759e+02   -2.48309e+02
 Pressure (bar)   Constr. rmsd
    5.37855e+02    2.84785e-06


DD  step 21999 load imb.: force  5.9%
           Step           Time
          22000       44.00000

   Energies (kJ/mol)
           Bond          Angle Ryckaert-Bell.          LJ-14     Coulomb-14
    8.01646e+02    4.18852e+03    1.09445e+03    5.98163e+02   -2.12720e+02
        LJ (SR)  Disper. corr.   Coulomb (SR)   Coul. recip.      Potential
   -3.34214e+03   -4.03203e+02    1.36486e+03    5.59663e+01    4.14553e+03
    Kinetic En.   Total Energy  Conserved En.    Temperature Pres. DC (bar)
    7.00111e+03    1.11466e+04    5.03450e+03    3.05253e+02   -2.48309e+02
 Pressure (bar)   Constr. rmsd
   -2.87876e+02    3.16177e-06


DD  step 22499 load imb.: force  6.5%
           Step           Time
          22500       45.00000

   Energies (kJ/mol)
           Bond          Angle Ryckaert-Bell.          LJ-14     Coulomb-14
    7.81268e+02    4.03430e+03    9.68393e+02    5.44029e+02   -2.21020e+02
        LJ (SR)  Disper. corr.   Coulomb (SR)   Coul. recip.      Potential
   -3.36880e+03   -4.03203e+02    1.37672e+03    5.48524e+01    3.76654e+03
    Kinetic En.   Total Energy  Conserved En.    Temperature Pres. DC (bar)
    6.87356e+03    1.06401e+04    5.03298e+03    2.99692e+02   -2.48309e+02
 Pressure (bar)   Constr. rmsd
   -9.16134e+02    3.33173e-06


DD  step 22999 load imb.: force  6.5%
           Step           Time
          23000       46.00000

   Energies (kJ/mol)
           Bond          Angle Ryckaert-Bell.          LJ-14     Coulomb-14
    7.71820e+02    4.21570e+03    9.94834e+02    6.18411e+02   -2.23801e+02
        LJ (SR)  Disper. corr.   Coulomb (SR)   Coul. recip.      Potential
   -3.30819e+03   -4.03203e+02    1.38182e+03    5.40496e+01    4.10143e+03
    Kinetic En.   Total Energy  Conserved En.    Temperature Pres. DC (bar)
    6.88385e+03    1.09853e+04    5.04516e+03    3.00140e+02   -2.48309e+02
 Pressure (bar)   Constr. rmsd
   -8.63983e+01    3.13973e-06


DD  step 23499 load imb.: force  9.8%
           Step           Time
          23500       47.00000

   Energies (kJ/mol)
           Bond          Angle Ryckaert-Bell.          LJ-14     Coulomb-14
    7.93267e+02    4.24493e+03    1.02329e+03    5.87930e+02   -2.31625e+02
        LJ (SR)  Disper. corr.   Coulomb (SR)   Coul. recip.      Potential
   -3.32585e+03   -4.03203e+02    1.39893e+03    5.45411e+01    4.14222e+03
    Kinetic En.   Total Energy  Conserved En.    Temperature Pres. DC (bar)
    6.96145e+03    1.11037e+04    5.05042e+03    3.03523e+02   -2.48309e+02
 Pressure (bar)   Constr. rmsd
    3.48263e+01    3.10455e-06


DD  step 23999 load imb.: force  9.2%
           Step           Time
          24000       48.00000

   Energies (kJ/mol)
           Bond          Angle Ryckaert-Bell.          LJ-14     Coulomb-14
    7.65166e+02    4.23302e+03    9.74647e+02    5.57797e+02   -2.33602e+02
        LJ (SR)  Disper. corr.   Coulomb (SR)   Coul. recip.      Potential
   -3.32439e+03   -4.03203e+02    1.39731e+03    5.48530e+01    4.02159e+03
    Kinetic En.   Total Energy  Conserved En.    Temperature Pres. DC (bar)
    6.90958e+03    1.09312e+04    5.05422e+03    3.01262e+02   -2.48309e+02
 Pressure (bar)   Constr. rmsd
   -1.01226e+03    2.82071e-06


DD  step 24499 load imb.: force  4.6%
           Step           Time
          24500       49.00000

   Energies (kJ/mol)
           Bond          Angle Ryckaert-Bell.          LJ-14     Coulomb-14
    8.03883e+02    4.26109e+03    1.05533e+03    5.81983e+02   -2.33472e+02
        LJ (SR)  Disper. corr.   Coulomb (SR)   Coul. recip.      Potential
   -3.28804e+03   -4.03203e+02    1.39216e+03    5.59058e+01    4.22564e+03
    Kinetic En.   Total Energy  Conserved En.    Temperature Pres. DC (bar)
    6.83460e+03    1.10602e+04    5.05138e+03    2.97993e+02   -2.48309e+02
 Pressure (bar)   Constr. rmsd
   -1.73345e+02    3.22775e-06


DD  step 24999 load imb.: force  7.2%
           Step           Time
          25000       50.00000

   Energies (kJ/mol)
           Bond          Angle Ryckaert-Bell.          LJ-14     Coulomb-14
    7.63354e+02    4.13906e+03    9.81574e+02    6.09160e+02   -2.32811e+02
        LJ (SR)  Disper. corr.   Coulomb (SR)   Coul. recip.      Potential
   -3.25388e+03   -4.03203e+02    1.40017e+03    5.43169e+01    4.05774e+03
    Kinetic En.   Total Energy  Conserved En.    Temperature Pres. DC (bar)
    6.71009e+03    1.07678e+04    5.04603e+03    2.92564e+02   -2.48309e+02
 Pressure (bar)   Constr. rmsd
    1.28610e+03    2.89919e-06


DD  step 25499 load imb.: force  6.0%
           Step           Time
          25500       51.00000

   Energies (kJ/mol)
           Bond          Angle Ryckaert-Bell.          LJ-14     Coulomb-14
    8.25614e+02    4.16162e+03    9.71507e+02    5.65155e+02   -2.28032e+02
        LJ (SR)  Disper. corr.   Coulomb (SR)   Coul. recip.      Potential
   -3.32732e+03   -4.03203e+02    1.39045e+03    5.46884e+01    4.01048e+03
    Kinetic En.   Total Energy  Conserved En.    Temperature Pres. DC (bar)
    6.58516e+03    1.05956e+04    5.05498e+03    2.87117e+02   -2.48309e+02
 Pressure (bar)   Constr. rmsd
   -2.46412e+02    2.90122e-06


DD  step 25999 load imb.: force  4.3%
           Step           Time
          26000       52.00000

   Energies (kJ/mol)
           Bond          Angle Ryckaert-Bell.          LJ-14     Coulomb-14
    7.85423e+02    4.16474e+03    1.05479e+03    5.79801e+02   -2.14977e+02
        LJ (SR)  Disper. corr.   Coulomb (SR)   Coul. recip.      Potential
   -3.35153e+03   -4.03203e+02    1.36183e+03    5.62206e+01    4.03311e+03
    Kinetic En.   Total Energy  Conserved En.    Temperature Pres. DC (bar)
    6.93581e+03    1.09689e+04    5.04009e+03    3.02406e+02   -2.48309e+02
 Pressure (bar)   Constr. rmsd
   -4.16647e+02    3.42058e-06


DD  step 26499 load imb.: force  5.8%
           Step           Time
          26500       53.00000

   Energies (kJ/mol)
           Bond          Angle Ryckaert-Bell.          LJ-14     Coulomb-14
    7.81205e+02    4.31887e+03    1.00217e+03    5.75435e+02   -2.07947e+02
        LJ (SR)  Disper. corr.   Coulomb (SR)   Coul. recip.      Potential
   -3.36188e+03   -4.03203e+02    1.35402e+03    5.64242e+01    4.11509e+03
    Kinetic En.   Total Energy  Conserved En.    Temperature Pres. DC (bar)
    6.68796e+03    1.08031e+04    5.05980e+03    2.91599e+02   -2.48309e+02
 Pressure (bar)   Constr. rmsd
   -4.46241e+02    3.37971e-06


DD  step 26999 load imb.: force  7.9%
           Step           Time
          27000       54.00000

   Energies (kJ/mol)
           Bond          Angle Ryckaert-Bell.          LJ-14     Coulomb-14
    6.78399e+02    4.57424e+03    1.03925e+03    5.91810e+02   -2.01682e+02
        LJ (SR)  Disper. corr.   Coulomb (SR)   Coul. recip.      Potential
   -3.31295e+03   -4.03203e+02    1.34974e+03    5.60331e+01    4.37163e+03
    Kinetic En.   Total Energy  Conserved En.    Temperature Pres. DC (bar)
    6.90046e+03    1.12721e+04    5.05976e+03    3.00864e+02   -2.48309e+02
 Pressure (bar)   Constr. rmsd
    4.15566e+02    3.36921e-06


DD  step 27499 load imb.: force  4.0%
           Step           Time
          27500       55.00000

   Energies (kJ/mol)
           Bond          Angle Ryckaert-Bell.          LJ-14     Coulomb-14
    8.00674e+02    4.28312e+03    1.00758e+03    6.08029e+02   -2.17684e+02
        LJ (SR)  Disper. corr.   Coulomb (SR)   Coul. recip.      Potential
   -3.32882e+03   -4.03203e+02    1.36034e+03    5.53268e+01    4.16536e+03
    Kinetic En.   Total Energy  Conserved En.    Temperature Pres. DC (bar)
    7.02704e+03    1.11924e+04    5.04610e+03    3.06383e+02   -2.48309e+02
 Pressure (bar)   Constr. rmsd
   -1.54738e+02    3.36330e-06


DD  step 27999 load imb.: force  6.8%
           Step           Time
          28000       56.00000

   Energies (kJ/mol)
           Bond          Angle Ryckaert-Bell.          LJ-14     Coulomb-14
    7.86209e+02    4.45310e+03    1.03551e+03    5.94984e+02   -2.10928e+02
        LJ (SR)  Disper. corr.   Coulomb (SR)   Coul. recip.      Potential
   -3.35825e+03   -4.03203e+02    1.35600e+03    5.70131e+01    4.31043e+03
    Kinetic En.   Total Energy  Conserved En.    Temperature Pres. DC (bar)
    6.95055e+03    1.12610e+04    5.04918e+03    3.03048e+02   -2.48309e+02
 Pressure (bar)   Constr. rmsd
   -3.62809e+02    3.20560e-06


DD  step 28499 load imb.: force  7.3%
           Step           Time
          28500       57.00000

   Energies (kJ/mol)
           Bond          Angle Ryckaert-Bell.          LJ-14     Coulomb-14
    7.32626e+02    4.34206e+03    1.06239e+03    6.37812e+02   -2.09430e+02
        LJ (SR)  Disper. corr.   Coulomb (SR)   Coul. recip.      Potential
   -3.31948e+03   -4.03203e+02    1.35673e+03    5.59185e+01    4.25543e+03
    Kinetic En.   Total Energy  Conserved En.    Temperature Pres. DC (bar)
    6.91353e+03    1.11690e+04    5.04720e+03    3.01434e+02   -2.48309e+02
 Pressure (bar)   Constr. rmsd
    1.04914e+03    3.13079e-06


DD  step 28999 load imb.: force  6.0%
           Step           Time
          29000       58.00000

   Energies (kJ/mol)
           Bond          Angle Ryckaert-Bell.          LJ-14     Coulomb-14
    8.00897e+02    4.21442e+03    1.06633e+03    5.84715e+02   -2.16083e+02
        LJ (SR)  Disper. corr.   Coulomb (SR)   Coul. recip.      Potential
   -3.38374e+03   -4.03203e+02    1.35684e+03    5.74690e+01    4.07765e+03
    Kinetic En.   Total Energy  Conserved En.    Temperature Pres. DC (bar)
    6.88974e+03    1.09674e+04    5.04521e+03    3.00397e+02   -2.48309e+02
 Pressure (bar)   Constr. rmsd
   -4.51597e+02    3.30031e-06


DD  step 29499 load imb.: force  3.3%
           Step           Time
          29500       59.00000

   Energies (kJ/mol)
           Bond          Angle Ryckaert-Bell.          LJ-14     Coulomb-14
    8.43952e+02    4.30610e+03    1.05692e+03    5.58085e+02   -2.06436e+02
        LJ (SR)  Disper. corr.   Coulomb (SR)   Coul. recip.      Potential
   -3.35864e+03   -4.03203e+02    1.34674e+03    5.66463e+01    4.20016e+03
    Kinetic En.   Total Energy  Conserved En.    Temperature Pres. DC (bar)
    6.94880e+03    1.11490e+04    5.06154e+03    3.02972e+02   -2.48309e+02
 Pressure (bar)   Constr. rmsd
   -8.43013e+02    3.23789e-06


DD  step 29999 load imb.: force  6.1%
           Step           Time
          30000       60.00000

   Energies (kJ/mol)
           Bond          Angle Ryckaert-Bell.          LJ-14     Coulomb-14
    7.19904e+02    4.34735e+03    1.05696e+03    6.06297e+02   -2.07475e+02
        LJ (SR)  Disper. corr.   Coulomb (SR)   Coul. recip.      Potential
   -3.37210e+03   -4.03203e+02    1.35652e+03    5.73325e+01    4.16159e+03
    Kinetic En.   Total Energy  Conserved En.    Temperature Pres. DC (bar)
    6.61326e+03    1.07749e+04    5.05490e+03    2.88342e+02   -2.48309e+02
 Pressure (bar)   Constr. rmsd
    1.38493e+03    3.03057e-06


DD  step 30499 load imb.: force  7.2%
           Step           Time
          30500       61.00000

   Energies (kJ/mol)
           Bond          Angle Ryckaert-Bell.          LJ-14     Coulomb-14
    7.64053e+02    4.32220e+03    1.04794e+03    5.87843e+02   -2.19503e+02
        LJ (SR)  Disper. corr.   Coulomb (SR)   Coul. recip.      Potential
   -3.30035e+03   -4.03203e+02    1.35900e+03    5.71901e+01    4.21517e+03
    Kinetic En.   Total Energy  Conserved En.    Temperature Pres. DC (bar)
    7.01376e+03    1.12289e+04    5.04690e+03    3.05804e+02   -2.48309e+02
 Pressure (bar)   Constr. rmsd
   -3.78970e+02    3.41924e-06


DD  step 30999 load imb.: force  9.4%
           Step           Time
          31000       62.00000

   Energies (kJ/mol)
           Bond          Angle Ryckaert-Bell.          LJ-14     Coulomb-14
    7.06522e+02    4.30319e+03    1.02372e+03    6.23987e+02   -2.05988e+02
        LJ (SR)  Disper. corr.   Coulomb (SR)   Coul. recip.      Potential
   -3.32446e+03   -4.03203e+02    1.35289e+03    5.65948e+01    4.13325e+03
    Kinetic En.   Total Energy  Conserved En.    Temperature Pres. DC (bar)
    6.74995e+03    1.08832e+04    5.04542e+03    2.94302e+02   -2.48309e+02
 Pressure (bar)   Constr. rmsd
    6.69763e+02    3.21404e-06


DD  step 31499 load imb.: force  5.9%
           Step           Time
          31500       63.00000

   Energies (kJ/mol)
           Bond          Angle Ryckaert-Bell.          LJ-14     Coulomb-14
    7.99982e+02    4.12531e+03    1.01045e+03    6.05500e+02   -2.21633e+02
        LJ (SR)  Disper. corr.   Coulomb (SR)   Coul. recip.      Potential
   -3.37723e+03   -4.03203e+02    1.37438e+03    5.55409e+01    3.96910e+03
    Kinetic En.   Total Energy  Conserved En.    Temperature Pres. DC (bar)
    6.94448e+03    1.09136e+04    5.03704e+03    3.02784e+02   -2.48309e+02
 Pressure (bar)   Constr. rmsd
    8.93333e+01    3.18197e-06


DD  step 31999 load imb.: force  4.6%
           Step           Time
          32000       64.00000

   Energies (kJ/mol)
           Bond          Angle Ryckaert-Bell.          LJ-14     Coulomb-14
    8.13745e+02    4.36564e+03    1.03899e+03    5.84563e+02   -2.19943e+02
        LJ (SR)  Disper. corr.   Coulomb (SR)   Coul. recip.      Potential
   -3.37989e+03   -4.03203e+02    1.36524e+03    5.74054e+01    4.22254e+03
    Kinetic En.   Total Energy  Conserved En.    Temperature Pres. DC (bar)
    6.91729e+03    1.11398e+04    5.05177e+03    3.01598e+02   -2.48309e+02
 Pressure (bar)   Constr. rmsd
   -5.83086e+02    2.94443e-06


DD  step 32499 load imb.: force  5.5%
           Step           Time
          32500       65.00000

   Energies (kJ/mol)
           Bond          Angle Ryckaert-Bell.          LJ-14     Coulomb-14
    7.45392e+02    4.35176e+03    1.03140e+03    5.71419e+02   -2.15022e+02
        LJ (SR)  Disper. corr.   Coulomb (SR)   Coul. recip.      Potential
   -3.42366e+03   -4.03203e+02    1.35668e+03    5.61753e+01    4.07094e+03
    Kinetic En.   Total Energy  Conserved En.    Temperature Pres. DC (bar)
    6.99581e+03    1.10668e+04    5.04328e+03    3.05022e+02   -2.48309e+02
 Pressure (bar)   Constr. rmsd
   -1.09574e+03    3.07608e-06


DD  step 32999 load imb.: force  3.5%
           Step           Time
          33000       66.00000

   Energies (kJ/mol)
           Bond          Angle Ryckaert-Bell.          LJ-14     Coulomb-14
    7.27455e+02    4.14766e+03    9.99643e+02    5.99704e+02   -2.14869e+02
        LJ (SR)  Disper. corr.   Coulomb (SR)   Coul. recip.      Potential
   -3.37252e+03   -4.03203e+02    1.36663e+03    5.55321e+01    3.90604e+03
    Kinetic En.   Total Energy  Conserved En.    Temperature Pres. DC (bar)
    6.90666e+03    1.08127e+04    5.03752e+03    3.01135e+02   -2.48309e+02
 Pressure (bar)   Constr. rmsd
    6.92490e+02    3.20475e-06


DD  step 33499 load imb.: force  5.5%
           Step           Time
          33500       67.00000

   Energies (kJ/mol)
           Bond          Angle Ryckaert-Bell.          LJ-14     Coulomb-14
    7.65620e+02    4.27186e+03    1.07121e+03    6.12323e+02   -2.13466e+02
        LJ (SR)  Disper. corr.   Coulomb (SR)   Coul. recip.      Potential
   -3.38028e+03   -4.03203e+02    1.35786e+03    5.83231e+01    4.14025e+03
    Kinetic En.   Total Energy  Conserved En.    Temperature Pres. DC (bar)
    6.82854e+03    1.09688e+04    5.05008e+03    2.97729e+02   -2.48309e+02
 Pressure (bar)   Constr. rmsd
    8.19491e+02    3.08693e-06


DD  step 33999 load imb.: force  5.8%
           Step           Time
          34000       68.00000

   Energies (kJ/mol)
           Bond          Angle Ryckaert-Bell.          LJ-14     Coulomb-14
    8.25573e+02    4.20758e+03    1.06773e+03    6.36782e+02   -2.09523e+02
        LJ (SR)  Disper. corr.   Coulomb (SR)   Coul. recip.      Potential
   -3.34048e+03   -4.03203e+02    1.35149e+03    5.60954e+01    4.19204e+03
    Kinetic En.   Total Energy  Conserved En.    Temperature Pres. DC (bar)
    6.99146e+03    1.11835e+04    5.04014e+03    3.04832e+02   -2.48309e+02
 Pressure (bar)   Constr. rmsd
    9.25104e+02    3.01292e-06


DD  step 34499 load imb.: force  6.2%
           Step           Time
          34500       69.00000

   Energies (kJ/mol)
           Bond          Angle Ryckaert-Bell.          LJ-14     Coulomb-14
    9.00516e+02    4.43107e+03    1.11934e+03    5.76046e+02   -2.02583e+02
        LJ (SR)  Disper. corr.   Coulomb (SR)   Coul. recip.      Potential
   -3.39000e+03   -4.03203e+02    1.34873e+03    5.56132e+01    4.43553e+03
    Kinetic En.   Total Energy  Conserved En.    Temperature Pres. DC (bar)
    6.76882e+03    1.12043e+04    5.06615e+03    2.95125e+02   -2.48309e+02
 Pressure (bar)   Constr. rmsd
   -1.04361e+03    2.77565e-06


DD  step 34999 load imb.: force  4.5%
           Step           Time
          35000       70.00000

   Energies (kJ/mol)
           Bond          Angle Ryckaert-Bell.          LJ-14     Coulomb-14
    7.92412e+02    4.24243e+03    1.05826e+03    6.11750e+02   -2.04860e+02
        LJ (SR)  Disper. corr.   Coulomb (SR)   Coul. recip.      Potential
   -3.36622e+03   -4.03203e+02    1.34923e+03    5.66753e+01    4.13647e+03
    Kinetic En.   Total Energy  Conserved En.    Temperature Pres. DC (bar)
    7.20863e+03    1.13451e+04    5.02794e+03    3.14301e+02   -2.48309e+02
 Pressure (bar)   Constr. rmsd
    1.23664e+03    3.30554e-06


DD  step 35499 load imb.: force  7.0%
           Step           Time
          35500       71.00000

   Energies (kJ/mol)
           Bond          Angle Ryckaert-Bell.          LJ-14     Coulomb-14
    7.53782e+02    4.19009e+03    1.01639e+03    5.85889e+02   -2.10905e+02
        LJ (SR)  Disper. corr.   Coulomb (SR)   Coul. recip.      Potential
   -3.32266e+03   -4.03203e+02    1.35666e+03    5.59816e+01    4.02203e+03
    Kinetic En.   Total Energy  Conserved En.    Temperature Pres. DC (bar)
    6.66709e+03    1.06891e+04    5.03858e+03    2.90690e+02   -2.48309e+02
 Pressure (bar)   Constr. rmsd
   -3.79590e+02    3.01995e-06


DD  step 35999 load imb.: force  7.4%
           Step           Time
          36000       72.00000

   Energies (kJ/mol)
           Bond          Angle Ryckaert-Bell.          LJ-14     Coulomb-14
    7.73767e+02    4.22765e+03    9.90401e+02    5.84154e+02   -2.22313e+02
        LJ (SR)  Disper. corr.   Coulomb (SR)   Coul. recip.      Potential
   -3.36134e+03   -4.03203e+02    1.37294e+03    5.56104e+01    4.01766e+03
    Kinetic En.   Total Energy  Conserved En.    Temperature Pres. DC (bar)
    6.81260e+03    1.08303e+04    5.03748e+03    2.97033e+02   -2.48309e+02
 Pressure (bar)   Constr. rmsd
   -1.55264e+02    2.93348e-06


DD  step 36499 load imb.: force 12.4%
           Step           Time
          36500       73.00000

   Energies (kJ/mol)
           Bond          Angle Ryckaert-Bell.          LJ-14     Coulomb-14
    8.47370e+02    4.21157e+03    1.03821e+03    5.89850e+02   -2.25424e+02
        LJ (SR)  Disper. corr.   Coulomb (SR)   Coul. recip.      Potential
   -3.37684e+03   -4.03203e+02    1.37730e+03    5.61842e+01    4.11501e+03
    Kinetic En.   Total Energy  Conserved En.    Temperature Pres. DC (bar)
    6.91332e+03    1.10283e+04    5.04289e+03    3.01425e+02   -2.48309e+02
 Pressure (bar)   Constr. rmsd
   -1.46095e+03    3.11881e-06


DD  step 36999 load imb.: force  3.2%
           Step           Time
          37000       74.00000

   Energies (kJ/mol)
           Bond          Angle Ryckaert-Bell.          LJ-14     Coulomb-14
    8.76211e+02    4.31064e+03    1.04927e+03    5.99382e+02   -2.18945e+02
        LJ (SR)  Disper. corr.   Coulomb (SR)   Coul. recip.      Potential
   -3.40494e+03   -4.03203e+02    1.37615e+03    5.42456e+01    4.23882e+03
    Kinetic En.   Total Energy  Conserved En.    Temperature Pres. DC (bar)
    6.93755e+03    1.11764e+04    5.04729e+03    3.02482e+02   -2.48309e+02
 Pressure (bar)   Constr. rmsd
   -1.22658e+03    3.20687e-06


DD  step 37499 load imb.: force  4.0%
           Step           Time
          37500       75.00000

   Energies (kJ/mol)
           Bond          Angle Ryckaert-Bell.          LJ-14     Coulomb-14
    7.59064e+02    4.36869e+03    1.02356e+03    6.07491e+02   -2.26462e+02
        LJ (SR)  Disper. corr.   Coulomb (SR)   Coul. recip.      Potential
   -3.38701e+03   -4.03203e+02    1.38949e+03    5.62625e+01    4.18788e+03
    Kinetic En.   Total Energy  Conserved En.    Temperature Pres. DC (bar)
    6.83310e+03    1.10210e+04    5.03786e+03    2.97927e+02   -2.48309e+02
 Pressure (bar)   Constr. rmsd
    6.75429e+02    3.18297e-06


DD  step 37999 load imb.: force  8.4%
           Step           Time
          38000       76.00000

   Energies (kJ/mol)
           Bond          Angle Ryckaert-Bell.          LJ-14     Coulomb-14
    8.54530e+02    4.34456e+03    1.03159e+03    5.74720e+02   -2.22621e+02
        LJ (SR)  Disper. corr.   Coulomb (SR)   Coul. recip.      Potential
   -3.33725e+03   -4.03203e+02    1.36938e+03    5.61115e+01    4.26781e+03
    Kinetic En.   Total Energy  Conserved En.    Temperature Pres. DC (bar)
    6.94872e+03    1.12165e+04    5.04664e+03    3.02969e+02   -2.48309e+02
 Pressure (bar)   Constr. rmsd
   -1.33532e+03    2.99247e-06


DD  step 38499 load imb.: force 10.0%
           Step           Time
          38500       77.00000

   Energies (kJ/mol)
           Bond          Angle Ryckaert-Bell.          LJ-14     Coulomb-14
    7.02039e+02    4.25372e+03    1.00762e+03    6.07873e+02   -2.28984e+02
        LJ (SR)  Disper. corr.   Coulomb (SR)   Coul. recip.      Potential
   -3.33777e+03   -4.03203e+02    1.37868e+03    5.62597e+01    4.03624e+03
    Kinetic En.   Total Energy  Conserved En.    Temperature Pres. DC (bar)
    7.05998e+03    1.10962e+04    5.03628e+03    3.07820e+02   -2.48309e+02
 Pressure (bar)   Constr. rmsd
   -2.23519e+02    3.41810e-06


DD  step 38999 load imb.: force  5.4%
           Step           Time
          39000       78.00000

   Energies (kJ/mol)
           Bond          Angle Ryckaert-Bell.          LJ-14     Coulomb-14
    7.33208e+02    4.19259e+03    1.04015e+03    6.08698e+02   -2.24226e+02
        LJ (SR)  Disper. corr.   Coulomb (SR)   Coul. recip.      Potential
   -3.36898e+03   -4.03203e+02    1.37803e+03    5.65471e+01    4.01281e+03
    Kinetic En.   Total Energy  Conserved En.    Temperature Pres. DC (bar)
    6.81972e+03    1.08325e+04    5.03987e+03    2.97344e+02   -2.48309e+02
 Pressure (bar)   Constr. rmsd
    6.88489e+02    2.95707e-06


DD  step 39499 load imb.: force  4.3%
           Step           Time
          39500       79.00000

   Energies (kJ/mol)
           Bond          Angle Ryckaert-Bell.          LJ-14     Coulomb-14
    7.69277e+02    4.15539e+03    9.30737e+02    5.90795e+02   -2.35114e+02
        LJ (SR)  Disper. corr.   Coulomb (SR)   Coul. recip.      Potential
   -3.42330e+03   -4.03203e+02    1.39219e+03    5.67139e+01    3.83349e+03
    Kinetic En.   Total Energy  Conserved En.    Temperature Pres. DC (bar)
    6.69700e+03    1.05305e+04    5.04271e+03    2.91994e+02   -2.48309e+02
 Pressure (bar)   Constr. rmsd
   -3.46251e+02    3.13137e-06


DD  step 39999 load imb.: force  4.3%
           Step           Time
          40000       80.00000

   Energies (kJ/mol)
           Bond          Angle Ryckaert-Bell.          LJ-14     Coulomb-14
    7.96653e+02    4.28490e+03    9.40775e+02    6.17066e+02   -2.26620e+02
        LJ (SR)  Disper. corr.   Coulomb (SR)   Coul. recip.      Potential
   -3.30881e+03   -4.03203e+02    1.37948e+03    5.67096e+01    4.13695e+03
    Kinetic En.   Total Energy  Conserved En.    Temperature Pres. DC (bar)
    7.06315e+03    1.12001e+04    5.03388e+03    3.07958e+02   -2.48309e+02
 Pressure (bar)   Constr. rmsd
    2.51103e+02    3.36182e-06


DD  step 40499 load imb.: force  7.6%
           Step           Time
          40500       81.00000

   Energies (kJ/mol)
           Bond          Angle Ryckaert-Bell.          LJ-14     Coulomb-14
    7.64072e+02    4.28122e+03    1.03559e+03    5.99067e+02   -2.19774e+02
        LJ (SR)  Disper. corr.   Coulomb (SR)   Coul. recip.      Potential
   -3.36901e+03   -4.03203e+02    1.36945e+03    5.71332e+01    4.11455e+03
    Kinetic En.   Total Energy  Conserved En.    Temperature Pres. DC (bar)
    7.01825e+03    1.11328e+04    5.02662e+03    3.06000e+02   -2.48309e+02
 Pressure (bar)   Constr. rmsd
   -6.79225e+02    3.54999e-06


DD  step 40999 load imb.: force  8.6%
           Step           Time
          41000       82.00000

   Energies (kJ/mol)
           Bond          Angle Ryckaert-Bell.          LJ-14     Coulomb-14
    8.24005e+02    4.34453e+03    1.02970e+03    5.96202e+02   -2.12249e+02
        LJ (SR)  Disper. corr.   Coulomb (SR)   Coul. recip.      Potential
   -3.36092e+03   -4.03203e+02    1.35698e+03    5.75975e+01    4.23264e+03
    Kinetic En.   Total Energy  Conserved En.    Temperature Pres. DC (bar)
    6.98036e+03    1.12130e+04    5.04190e+03    3.04348e+02   -2.48309e+02
 Pressure (bar)   Constr. rmsd
    6.83284e+02    3.19345e-06


DD  step 41499 load imb.: force  7.1%
           Step           Time
          41500       83.00000

   Energies (kJ/mol)
           Bond          Angle Ryckaert-Bell.          LJ-14     Coulomb-14
    7.23304e+02    4.32461e+03    1.05356e+03    6.18681e+02   -2.18663e+02
        LJ (SR)  Disper. corr.   Coulomb (SR)   Coul. recip.      Potential
   -3.31194e+03   -4.03203e+02    1.36739e+03    5.60895e+01    4.20983e+03
    Kinetic En.   Total Energy  Conserved En.    Temperature Pres. DC (bar)
    6.85439e+03    1.10642e+04    5.04206e+03    2.98856e+02   -2.48309e+02
 Pressure (bar)   Constr. rmsd
    6.20373e+02    3.32809e-06


DD  step 41999 load imb.: force  3.8%
           Step           Time
          42000       84.00000

   Energies (kJ/mol)
           Bond          Angle Ryckaert-Bell.          LJ-14     Coulomb-14
    7.19725e+02    4.15605e+03    1.04871e+03    6.16597e+02   -2.18753e+02
        LJ (SR)  Disper. corr.   Coulomb (SR)   Coul. recip.      Potential
   -3.28688e+03   -4.03203e+02    1.37571e+03    5.56497e+01    4.06360e+03
    Kinetic En.   Total Energy  Conserved En.    Temperature Pres. DC (bar)
    6.98265e+03    1.10463e+04    5.02685e+03    3.04448e+02   -2.48309e+02
 Pressure (bar)   Constr. rmsd
   -2.30751e+02    3.17563e-06


DD  step 42499 load imb.: force 11.9%
           Step           Time
          42500       85.00000

   Energies (kJ/mol)
           Bond          Angle Ryckaert-Bell.          LJ-14     Coulomb-14
    7.58438e+02    4.24803e+03    1.04441e+03    6.10811e+02   -2.08204e+02
        LJ (SR)  Disper. corr.   Coulomb (SR)   Coul. recip.      Potential
   -3.36947e+03   -4.03203e+02    1.35481e+03    5.58543e+01    4.09148e+03
    Kinetic En.   Total Energy  Conserved En.    Temperature Pres. DC (bar)
    6.74791e+03    1.08394e+04    5.03604e+03    2.94213e+02   -2.48309e+02
 Pressure (bar)   Constr. rmsd
    8.93548e+02    3.13973e-06


DD  step 42999 load imb.: force  5.3%
           Step           Time
          43000       86.00000

   Energies (kJ/mol)
           Bond          Angle Ryckaert-Bell.          LJ-14     Coulomb-14
    8.99376e+02    4.16631e+03    1.02728e+03    6.14350e+02   -2.17361e+02
        LJ (SR)  Disper. corr.   Coulomb (SR)   Coul. recip.      Potential
   -3.28041e+03   -4.03203e+02    1.36520e+03    5.64436e+01    4.22799e+03
    Kinetic En.   Total Energy  Conserved En.    Temperature Pres. DC (bar)
    6.84717e+03    1.10752e+04    5.03999e+03    2.98541e+02   -2.48309e+02
 Pressure (bar)   Constr. rmsd
    7.55364e+02    3.05789e-06


DD  step 43499 load imb.: force  6.6%
           Step           Time
          43500       87.00000

   Energies (kJ/mol)
           Bond          Angle Ryckaert-Bell.          LJ-14     Coulomb-14
    7.49942e+02    4.20870e+03    1.07768e+03    5.94363e+02   -2.14074e+02
        LJ (SR)  Disper. corr.   Coulomb (SR)   Coul. recip.      Potential
   -3.37165e+03   -4.03203e+02    1.36174e+03    5.61961e+01    4.05969e+03
    Kinetic En.   Total Energy  Conserved En.    Temperature Pres. DC (bar)
    7.04905e+03    1.11087e+04    5.02205e+03    3.07343e+02   -2.48309e+02
 Pressure (bar)   Constr. rmsd
   -2.16402e+02    3.17553e-06


DD  step 43999 load imb.: force  3.1%
           Step           Time
          44000       88.00000

   Energies (kJ/mol)
           Bond          Angle Ryckaert-Bell.          LJ-14     Coulomb-14
    8.46046e+02    4.25457e+03    1.05895e+03    5.60337e+02   -2.16113e+02
        LJ (SR)  Disper. corr.   Coulomb (SR)   Coul. recip.      Potential
   -3.39021e+03   -4.03203e+02    1.36352e+03    5.62596e+01    4.13016e+03
    Kinetic En.   Total Energy  Conserved En.    Temperature Pres. DC (bar)
    6.86603e+03    1.09962e+04    5.03345e+03    2.99363e+02   -2.48309e+02
 Pressure (bar)   Constr. rmsd
   -7.40256e+02    3.33128e-06


DD  step 44499 load imb.: force  4.3%
           Step           Time
          44500       89.00000

   Energies (kJ/mol)
           Bond          Angle Ryckaert-Bell.          LJ-14     Coulomb-14
    9.19664e+02    4.32750e+03    1.02827e+03    5.88194e+02   -2.18334e+02
        LJ (SR)  Disper. corr.   Coulomb (SR)   Coul. recip.      Potential
   -3.30679e+03   -4.03203e+02    1.36539e+03    5.57406e+01    4.35642e+03
    Kinetic En.   Total Energy  Conserved En.    Temperature Pres. DC (bar)
    7.05170e+03    1.14081e+04    5.04921e+03    3.07459e+02   -2.48309e+02
 Pressure (bar)   Constr. rmsd
   -1.22824e+03    3.35472e-06


DD  step 44999 load imb.: force  5.3%
           Step           Time
          45000       90.00000

   Energies (kJ/mol)
           Bond          Angle Ryckaert-Bell.          LJ-14     Coulomb-14
    7.39002e+02    4.39628e+03    9.82828e+02    5.73585e+02   -2.13184e+02
        LJ (SR)  Disper. corr.   Coulomb (SR)   Coul. recip.      Potential
   -3.32131e+03   -4.03203e+02    1.36584e+03    5.49252e+01    4.17476e+03
    Kinetic En.   Total Energy  Conserved En.    Temperature Pres. DC (bar)
    6.99143e+03    1.11662e+04    5.04262e+03    3.04831e+02   -2.48309e+02
 Pressure (bar)   Constr. rmsd
    2.64773e+02    3.26780e-06


DD  step 45499 load imb.: force  3.5%
           Step           Time
          45500       91.00000

   Energies (kJ/mol)
           Bond          Angle Ryckaert-Bell.          LJ-14     Coulomb-14
    7.79608e+02    4.47092e+03    9.83770e+02    5.87320e+02   -2.12827e+02
        LJ (SR)  Disper. corr.   Coulomb (SR)   Coul. recip.      Potential
   -3.38680e+03   -4.03203e+02    1.36160e+03    5.52476e+01    4.23564e+03
    Kinetic En.   Total Energy  Conserved En.    Temperature Pres. DC (bar)
    6.78833e+03    1.10240e+04    5.06004e+03    2.95975e+02   -2.48309e+02
 Pressure (bar)   Constr. rmsd
   -5.89253e+02    3.07605e-06


DD  step 45999 load imb.: force  8.4%
           Step           Time
          46000       92.00000

   Energies (kJ/mol)
           Bond          Angle Ryckaert-Bell.          LJ-14     Coulomb-14
    7.30959e+02    4.29910e+03    1.02877e+03    5.90698e+02   -2.17811e+02
        LJ (SR)  Disper. corr.   Coulomb (SR)   Coul. recip.      Potential
   -3.36643e+03   -4.03203e+02    1.36726e+03    5.64255e+01    4.08577e+03
    Kinetic En.   Total Energy  Conserved En.    Temperature Pres. DC (bar)
    6.86996e+03    1.09557e+04    5.04142e+03    2.99534e+02   -2.48309e+02
 Pressure (bar)   Constr. rmsd
    1.63844e+02    3.19263e-06


DD  step 46499 load imb.: force  3.5%
           Step           Time
          46500       93.00000

   Energies (kJ/mol)
           Bond          Angle Ryckaert-Bell.          LJ-14     Coulomb-14
    8.17395e+02    4.37871e+03    1.02693e+03    6.13592e+02   -2.17323e+02
        LJ (SR)  Disper. corr.   Coulomb (SR)   Coul. recip.      Potential
   -3.36775e+03   -4.03203e+02    1.36635e+03    5.58617e+01    4.27057e+03
    Kinetic En.   Total Energy  Conserved En.    Temperature Pres. DC (bar)
    6.91827e+03    1.11888e+04    5.04036e+03    3.01641e+02   -2.48309e+02
 Pressure (bar)   Constr. rmsd
   -8.50326e+02    3.58225e-06


DD  step 46999 load imb.: force  5.4%
           Step           Time
          47000       94.00000

   Energies (kJ/mol)
           Bond          Angle Ryckaert-Bell.          LJ-14     Coulomb-14
    7.88207e+02    4.19876e+03    9.69177e+02    5.92117e+02   -2.20765e+02
        LJ (SR)  Disper. corr.   Coulomb (SR)   Coul. recip.      Potential
   -3.40360e+03   -4.03203e+02    1.37052e+03    5.60070e+01    3.94723e+03
    Kinetic En.   Total Energy  Conserved En.    Temperature Pres. DC (bar)
    6.95581e+03    1.09030e+04    5.03843e+03    3.03278e+02   -2.48309e+02
 Pressure (bar)   Constr. rmsd
    4.51801e+02    3.26703e-06


DD  step 47499 load imb.: force  3.7%
           Step           Time
          47500       95.00000

   Energies (kJ/mol)
           Bond          Angle Ryckaert-Bell.          LJ-14     Coulomb-14
    7.53729e+02    4.36535e+03    9.41643e+02    5.92888e+02   -2.12276e+02
        LJ (SR)  Disper. corr.   Coulomb (SR)   Coul. recip.      Potential
   -3.30793e+03   -4.03203e+02    1.36015e+03    5.60486e+01    4.14640e+03
    Kinetic En.   Total Energy  Conserved En.    Temperature Pres. DC (bar)
    6.95518e+03    1.11016e+04    5.03206e+03    3.03250e+02   -2.48309e+02
 Pressure (bar)   Constr. rmsd
    3.73408e+02    3.43508e-06


DD  step 47999 load imb.: force  7.0%
           Step           Time
          48000       96.00000

   Energies (kJ/mol)
           Bond          Angle Ryckaert-Bell.          LJ-14     Coulomb-14
    8.44186e+02    4.48121e+03    1.04070e+03    5.89414e+02   -2.17938e+02
        LJ (SR)  Disper. corr.   Coulomb (SR)   Coul. recip.      Potential
   -3.37503e+03   -4.03203e+02    1.36688e+03    5.60664e+01    4.38229e+03
    Kinetic En.   Total Energy  Conserved En.    Temperature Pres. DC (bar)
    6.71184e+03    1.10941e+04    5.06167e+03    2.92640e+02   -2.48309e+02
 Pressure (bar)   Constr. rmsd
   -1.23838e+03    3.15314e-06


DD  step 48499 load imb.: force  3.0%
           Step           Time
          48500       97.00000

   Energies (kJ/mol)
           Bond          Angle Ryckaert-Bell.          LJ-14     Coulomb-14
    8.11727e+02    4.43270e+03    9.51033e+02    5.81821e+02   -2.20305e+02
        LJ (SR)  Disper. corr.   Coulomb (SR)   Coul. recip.      Potential
   -3.39454e+03   -4.03203e+02    1.37097e+03    5.43206e+01    4.18452e+03
    Kinetic En.   Total Energy  Conserved En.    Temperature Pres. DC (bar)
    6.92390e+03    1.11084e+04    5.05185e+03    3.01886e+02   -2.48309e+02
 Pressure (bar)   Constr. rmsd
   -7.61699e+02    3.17474e-06


DD  step 48999 load imb.: force  3.6%
           Step           Time
          49000       98.00000

   Energies (kJ/mol)
           Bond          Angle Ryckaert-Bell.          LJ-14     Coulomb-14
    8.27393e+02    4.26915e+03    9.68097e+02    5.61947e+02   -2.13218e+02
        LJ (SR)  Disper. corr.   Coulomb (SR)   Coul. recip.      Potential
   -3.32953e+03   -4.03203e+02    1.35793e+03    5.63604e+01    4.09493e+03
    Kinetic En.   Total Energy  Conserved En.    Temperature Pres. DC (bar)
    7.04259e+03    1.11375e+04    5.02826e+03    3.07062e+02   -2.48309e+02
 Pressure (bar)   Constr. rmsd
   -1.10272e+03    3.22841e-06


DD  step 49499 load imb.: force  8.8%
           Step           Time
          49500       99.00000

   Energies (kJ/mol)
           Bond          Angle Ryckaert-Bell.          LJ-14     Coulomb-14
    8.15849e+02    4.17212e+03    1.01208e+03    6.37016e+02   -2.26663e+02
        LJ (SR)  Disper. corr.   Coulomb (SR)   Coul. recip.      Potential
   -3.37589e+03   -4.03203e+02    1.37024e+03    5.66394e+01    4.05819e+03
    Kinetic En.   Total Energy  Conserved En.    Temperature Pres. DC (bar)
    7.12399e+03    1.11822e+04    5.02673e+03    3.10610e+02   -2.48309e+02
 Pressure (bar)   Constr. rmsd
    2.88616e+02    3.51759e-06


DD  step 49999 load imb.: force  4.8%
           Step           Time
          50000      100.00000

Writing checkpoint, step 50000 at Sun Apr 23 16:39:25 2023


   Energies (kJ/mol)
           Bond          Angle Ryckaert-Bell.          LJ-14     Coulomb-14
    7.85538e+02    4.21098e+03    9.59148e+02    5.94962e+02   -2.23926e+02
        LJ (SR)  Disper. corr.   Coulomb (SR)   Coul. recip.      Potential
   -3.34261e+03   -4.03203e+02    1.38066e+03    5.71200e+01    4.01868e+03
    Kinetic En.   Total Energy  Conserved En.    Temperature Pres. DC (bar)
    7.02000e+03    1.10387e+04    5.03255e+03    3.06077e+02   -2.48309e+02
 Pressure (bar)   Constr. rmsd
   -8.55349e+01    3.31003e-06


Energy conservation over simulation part #1 of length 100 ns, time 0 to 100 ns
  Conserved energy drift: 8.36e-04 kJ/mol/ps per atom


	<======  ###############  ==>
	<====  A V E R A G E S  ====>
	<==  ###############  ======>

	Statistics over 50001 steps using 501 frames

   Energies (kJ/mol)
           Bond          Angle Ryckaert-Bell.          LJ-14     Coulomb-14
    7.68371e+02    4.23360e+03    1.03070e+03    5.99619e+02   -2.21215e+02
        LJ (SR)  Disper. corr.   Coulomb (SR)   Coul. recip.      Potential
   -3.33760e+03   -4.03203e+02    1.37162e+03    5.62694e+01    4.09816e+03
    Kinetic En.   Total Energy  Conserved En.    Temperature Pres. DC (bar)
    6.87673e+03    1.09749e+04    5.04820e+03    2.99830e+02   -2.48309e+02
 Pressure (bar)   Constr. rmsd
    5.77374e+01    0.00000e+00

   Total Virial (kJ/mol)
    2.25663e+03    1.11229e+01   -1.04030e+01
    1.11227e+01    2.24092e+03   -6.52152e+01
   -1.04032e+01   -6.52159e+01    2.23836e+03

   Pressure (bar)
    4.22071e+01   -1.16439e+01    5.95624e+00
   -1.16438e+01    7.31986e+01    6.90803e+01
    5.95649e+00    6.90811e+01    5.78065e+01


	M E G A - F L O P S   A C C O U N T I N G

 NB=Group-cutoff nonbonded kernels    NxN=N-by-N cluster Verlet kernels
 RF=Reaction-Field  VdW=Van der Waals  QSTab=quadratic-spline table
 W3=SPC/TIP3p  W4=TIP4p (single or pairs)
 V&F=Potential and force  V=Potential only  F=Force only

 Computing:                               M-Number         M-Flops  % Flops
-----------------------------------------------------------------------------
 Pair Search distance check             410.940004        3698.460     0.1
 NxN Ewald Elec. + LJ [F]             52960.015152     3495361.000    87.8
 NxN Ewald Elec. + LJ [V&F]             536.007184       57352.769     1.4
 NxN Ewald Elec. [F]                   1930.561776      117764.268     3.0
 NxN Ewald Elec. [V&F]                   19.544944        1641.775     0.0
 1,4 nonbonded interactions             270.005400       24300.486     0.6
 Calc Weights                           360.007200       12960.259     0.3
 Spread Q Bspline                      7680.153600       15360.307     0.4
 Gather F Bspline                      7680.153600       46080.922     1.2
 3D-FFT                               10372.807452       82982.460     2.1
 Solve PME                               80.001600        5120.102     0.1
 Reset In Box                             1.202400           3.607     0.0
 CG-CoM                                   1.204800           3.614     0.0
 Bonds                                   30.000600        1770.035     0.0
 Angles                                 216.004320       36288.726     0.9
 RB-Dihedrals                           270.005400       66691.334     1.7
 Virial                                   1.382760          24.890     0.0
 Stop-CM                                  1.204800          12.048     0.0
 Calc-Ekin                               24.004800         648.130     0.0
 Lincs                                  103.379350        6202.761     0.2
 Lincs-Mat                              895.447284        3581.789     0.1
 Constraint-V                           206.754792        1860.793     0.0
 Constraint-Vir                           1.035776          24.859     0.0
-----------------------------------------------------------------------------
 Total                                                 3979735.394   100.0
-----------------------------------------------------------------------------


    D O M A I N   D E C O M P O S I T I O N   S T A T I S T I C S

 av. #atoms communicated per step for force:  2 x 7792.4
 av. #atoms communicated per step for LINCS:  2 x 566.0


Dynamic load balancing report:
 DLB was off during the run due to low measured imbalance.
 Average load imbalance: 4.5%.
 The balanceable part of the MD step is 10%, load imbalance is computed from this.
 Part of the total run time spent waiting due to load imbalance: 0.5%.


     R E A L   C Y C L E   A N D   T I M E   A C C O U N T I N G

On 8 MPI ranks

 Computing:          Num   Num      Call    Wall time         Giga-Cycles
                     Ranks Threads  Count      (s)         total sum    %
-----------------------------------------------------------------------------
 Domain decomp.         8    1        501      23.590        210.147   0.5
 DD comm. load          8    1        102       0.279          2.484   0.0
 Neighbor search        8    1        501       0.778          6.929   0.0
 Comm. coord.           8    1      49500     435.144       3876.413   8.3
 Force                  8    1      50001      44.652        397.779   0.9
 Wait + Comm. F         8    1      50001    1032.658       9199.270  19.8
 PME mesh               8    1      50001    3277.594      29197.931  62.8
 NB X/F buffer ops.     8    1     149001       1.153         10.270   0.0
 Write traj.            8    1        106       1.594         14.197   0.0
 Update                 8    1      50001       0.240          2.134   0.0
 Constraints            8    1      50003     352.577       3140.874   6.8
 Comm. energies         8    1       5001      50.172        446.952   1.0
 Rest                                           0.622          5.544   0.0
-----------------------------------------------------------------------------
 Total                                       5221.052      46510.923 100.0
-----------------------------------------------------------------------------
 Breakdown of PME mesh computation
-----------------------------------------------------------------------------
 PME redist. X/F        8    1     100002    2016.115      17960.247  38.6
 PME spread             8    1      50001     324.365       2889.554   6.2
 PME gather             8    1      50001     257.769       2296.297   4.9
 PME 3D-FFT             8    1     100002       2.919         26.005   0.1
 PME 3D-FFT Comm.       8    1     200004     675.837       6020.589  12.9
 PME solve Elec         8    1      50001       0.480          4.277   0.0
-----------------------------------------------------------------------------

               Core t (s)   Wall t (s)        (%)
       Time:    41768.411     5221.052      800.0
                         1h27:01
                 (ns/day)    (hour/ns)
Performance:        1.655       14.503
Finished mdrun on rank 0 Sun Apr 23 16:39:25 2023

