            --------------------------------------------------------
                             AMBER SQM VERSION 19
 
                                     By
              Ross C. Walker, Michael F. Crowley, Scott Brozell,
                         Tim Giese, Andreas W. Goetz,
                        Tai-Sung Lee and David A. Case
 
            --------------------------------------------------------
 

--------------------------------------------------------------------------------
  QM CALCULATION INFO
--------------------------------------------------------------------------------

| QMMM: Citation for AMBER QMMM Run:
| QMMM: R.C. Walker, M.F. Crowley and D.A. Case, J. COMP. CHEM. 29:1019, 2008

QMMM: SINGLET STATE CALCULATION
QMMM: RHF CALCULATION, NO. OF DOUBLY OCCUPIED LEVELS = 34

| QMMM: *** Selected Hamiltonian *** 
| QMMM: AM1         

| QMMM: *** Parameter sets in use ***
| QMMM: C : M.J.S.DEWAR et al. JACS, 107, 3902, (1985)
| QMMM: H : M.J.S.DEWAR et al. JACS, 107, 3902, (1985)
| QMMM: O : M.J.S.DEWAR et al. JACS, 107, 3902, (1985)
| QMMM: S : M.J.S.DEWAR et al. INORG. CHEM., 29, 3881, (1990)

| QMMM: *** SCF convergence criteria ***
| QMMM: Energy change                :  0.1D-09 kcal/mol
| QMMM: Error matrix |FP-PF|         :  0.1D+00 au
| QMMM: Density matrix change        :  0.5D-06
| QMMM: Maximum number of SCF cycles :     1000

| QMMM: *** Diagonalization Routine Information ***
| QMMM: Pseudo diagonalizations are allowed.
| QMMM: Auto diagonalization routine selection is in use.
| QMMM:
| QMMM: Timing diagonalization routines:
| QMMM:                              norbs =       57
| QMMM:    diag iterations used for timing =       15
| QMMM:
| QMMM:              Internal diag routine = 0.006555 seconds
| QMMM:                 Dspev diag routine = 0.006942 seconds
| QMMM:                Dspevd diag routine = 0.003931 seconds
| QMMM:                Dspevx diag routine = 0.040764 seconds
| QMMM:                 Dsyev diag routine = 0.009036 seconds
| QMMM:                Dsyevd diag routine = 0.005553 seconds
| QMMM:                Dsyevr diag routine = 0.009734 seconds
| QMMM:
| QMMM:                Pseudo diag routine = 0.004001 seconds
| QMMM: Pseudo diagonalization appears to be slower than regular
| QMMM: diagonalization. Setting pseudo_diag=0 for optimum performance.
| QMMM:
| QMMM: Using dspevd routine (diag_routine=3).

  QMMM: QM Region Cartesian Coordinates (*=link atom) 
  QMMM: QM_NO.   MM_NO.  ATOM         X         Y         Z
  QMMM:     1        1      C       -8.3300    0.3540   -0.0200
  QMMM:     2        2      C       -6.9590    0.0660    0.5850
  QMMM:     3        3      H       -8.4040   -0.0900   -1.0360
  QMMM:     4        4      H       -8.5000    1.4500   -0.0870
  QMMM:     5        5      H       -9.1200   -0.0900    0.6200
  QMMM:     6        6      C       -5.8380    0.6650   -0.2720
  QMMM:     7        7      H       -6.9200    0.5010    1.6080
  QMMM:     8        8      H       -6.8240   -1.0350    0.6610
  QMMM:     9        9      C       -4.4630    0.3740    0.3400
  QMMM:    10       10      H       -5.8850    0.2280   -1.2940
  QMMM:    11       11      H       -5.9810    1.7660   -0.3460
  QMMM:    12       12      C       -3.3410    0.9750   -0.5190
  QMMM:    13       13      H       -4.3240   -0.7270    0.4150
  QMMM:    14       14      H       -4.4160    0.8100    1.3620
  QMMM:    15       15      C       -1.9590    0.7090    0.0820
  QMMM:    16       16      H       -3.4870    2.0750   -0.5920
  QMMM:    17       17      H       -3.3800    0.5450   -1.5430
  QMMM:    18       18      H       -1.9230    1.1580    1.1010
  QMMM:    19       19      H       -1.2040    1.1950   -0.5760
  QMMM:    20       20      O       -1.7260   -0.6780    0.1400
  QMMM:    21       21      S       -0.1660   -0.9080    0.8450
  QMMM:    22       22      O       -1.1710   -1.6810    1.7130
  QMMM:    23       23      O       -0.1560   -1.6240   -0.5150
  QMMM:    24       24      O        0.4720   -2.4810    1.0960

--------------------------------------------------------------------------------
  RESULTS
--------------------------------------------------------------------------------

      iter         sqm energy              rms gradient
      ----    -------------------    -----------------------
xmin    10     -149.2599 kcal/mol        2.1997 kcal/(mol*A)
xmin    20     -150.1103 kcal/mol        0.2799 kcal/(mol*A)
xmin    30     -150.2423 kcal/mol        0.3918 kcal/(mol*A)
xmin    40     -150.3784 kcal/mol        0.3180 kcal/(mol*A)
xmin    50     -150.6195 kcal/mol        0.2534 kcal/(mol*A)
xmin    60     -150.7057 kcal/mol        0.4171 kcal/(mol*A)
xmin    70     -150.7707 kcal/mol        0.1269 kcal/(mol*A)
xmin    80     -150.8530 kcal/mol        0.1225 kcal/(mol*A)
xmin    90     -150.9901 kcal/mol        0.4377 kcal/(mol*A)
xmin   100     -151.0319 kcal/mol        0.2669 kcal/(mol*A)
xmin   110     -151.0899 kcal/mol        0.2524 kcal/(mol*A)
xmin   120     -151.1106 kcal/mol        0.0748 kcal/(mol*A)
xmin   130     -151.1278 kcal/mol        0.0672 kcal/(mol*A)
xmin   140     -151.1336 kcal/mol        0.0493 kcal/(mol*A)
xmin   150     -151.1393 kcal/mol        0.0276 kcal/(mol*A)
xmin   160     -151.1450 kcal/mol        0.0594 kcal/(mol*A)
xmin   170     -151.1511 kcal/mol        0.0165 kcal/(mol*A)
xmin   180     -151.1551 kcal/mol        0.0248 kcal/(mol*A)
xmin   190     -151.1571 kcal/mol        0.0349 kcal/(mol*A)
xmin   200     -151.1584 kcal/mol        0.0192 kcal/(mol*A)
xmin   210     -151.1596 kcal/mol        0.0357 kcal/(mol*A)
xmin   220     -151.1614 kcal/mol        0.0109 kcal/(mol*A)
xmin   230     -151.1621 kcal/mol        0.0080 kcal/(mol*A)
xmin   240     -151.1624 kcal/mol        0.0150 kcal/(mol*A)
xmin   250     -151.1628 kcal/mol        0.0948 kcal/(mol*A)
xmin   260     -151.1635 kcal/mol        0.0117 kcal/(mol*A)
xmin   270     -151.1639 kcal/mol        0.0074 kcal/(mol*A)
xmin   280     -151.1651 kcal/mol        0.0360 kcal/(mol*A)
xmin   290     -151.1657 kcal/mol        0.0068 kcal/(mol*A)
xmin   300     -151.1656 kcal/mol        0.0497 kcal/(mol*A)
xmin   310     -151.1660 kcal/mol        0.0042 kcal/(mol*A)
xmin   320     -151.1661 kcal/mol        0.0070 kcal/(mol*A)
xmin   330     -151.1663 kcal/mol        0.0210 kcal/(mol*A)
xmin   340     -151.1664 kcal/mol        0.0103 kcal/(mol*A)
xmin   350     -151.1665 kcal/mol        0.0039 kcal/(mol*A)
xmin   360     -151.1666 kcal/mol        0.0040 kcal/(mol*A)
xmin   370     -151.1668 kcal/mol        0.0050 kcal/(mol*A)
xmin   380     -151.1669 kcal/mol        0.0107 kcal/(mol*A)
xmin   390     -151.1670 kcal/mol        0.0095 kcal/(mol*A)
xmin   400     -151.1670 kcal/mol        0.0051 kcal/(mol*A)
xmin   410     -151.1671 kcal/mol        0.0077 kcal/(mol*A)
xmin   420     -151.1671 kcal/mol        0.0064 kcal/(mol*A)
xmin   430     -151.1672 kcal/mol        0.0138 kcal/(mol*A)
xmin   440     -151.1672 kcal/mol        0.0175 kcal/(mol*A)
xmin   450     -151.1673 kcal/mol        0.0050 kcal/(mol*A)
xmin   460     -151.1673 kcal/mol        0.0069 kcal/(mol*A)
xmin   470     -151.1674 kcal/mol        0.0079 kcal/(mol*A)
xmin   480     -151.1674 kcal/mol        0.0036 kcal/(mol*A)
xmin   490     -151.1674 kcal/mol        0.0020 kcal/(mol*A)
xmin   500     -151.1675 kcal/mol        0.0042 kcal/(mol*A)
xmin   510     -151.1675 kcal/mol        0.0080 kcal/(mol*A)
xmin   520     -151.1675 kcal/mol        0.0062 kcal/(mol*A)
xmin   530     -151.1675 kcal/mol        0.0017 kcal/(mol*A)
xmin   540     -151.1675 kcal/mol        0.0015 kcal/(mol*A)
xmin   550     -151.1675 kcal/mol        0.0020 kcal/(mol*A)
xmin   560     -151.1676 kcal/mol        0.0138 kcal/(mol*A)
xmin   570     -151.1676 kcal/mol        0.0010 kcal/(mol*A)
xmin   580     -151.1676 kcal/mol        0.0033 kcal/(mol*A)
xmin   590     -151.1676 kcal/mol        0.0081 kcal/(mol*A)
xmin   600     -151.1676 kcal/mol        0.0063 kcal/(mol*A)
xmin   610     -151.1676 kcal/mol        0.0024 kcal/(mol*A)
xmin   620     -151.1676 kcal/mol        0.0025 kcal/(mol*A)
xmin   630     -151.1677 kcal/mol        0.0016 kcal/(mol*A)
xmin   640     -151.1677 kcal/mol        0.0014 kcal/(mol*A)
xmin   650     -151.1677 kcal/mol        0.0008 kcal/(mol*A)
xmin   660     -151.1677 kcal/mol        0.0031 kcal/(mol*A)
  ... geometry converged !
 
 Final MO eigenvalues (eV):
 -34.7274  -33.4231  -32.9386  -31.0238  -29.8835  -25.7924  -24.7767  -21.5395
 -19.1251  -18.1863  -15.0421  -14.0890  -13.6296  -12.7637  -12.3706  -11.9245
 -11.7758  -11.5544  -11.2899  -10.6663  -10.4028  -10.2735   -9.7655   -9.4500
  -9.0727   -8.8667   -8.6062   -8.1186   -7.9880   -6.8915   -6.3472   -5.2799
  -4.8194   -4.4068    5.9834    6.0636    6.1176    6.4300    6.5551    6.6526
   6.8459    7.0049    7.1773    7.2047    7.3917    7.4887    7.5373    7.7147
   7.7344    7.8695    8.1147    8.2941    8.3442    8.4736    8.6235   10.3255
  10.6501

 Heat of formation   =       -151.16767890 kcal/mol  (       -6.55512245 eV)

 Total SCF energy    =     -55871.65709677 kcal/mol  (    -2422.77685689 eV)
 Electronic energy   =    -258644.15923391 kcal/mol  (   -11215.65236694 eV)
 Core-core repulsion =     202772.50213715 kcal/mol  (     8792.87551005 eV)
 
    Atomic Charges for Step       1 :
  Atom    Element       Mulliken Charge
     1      C                 -0.207
     2      C                 -0.161
     3      H                  0.066
     4      H                  0.062
     5      H                  0.059
     6      C                 -0.154
     7      H                  0.075
     8      H                  0.085
     9      C                 -0.158
    10      H                  0.072
    11      H                  0.060
    12      C                 -0.162
    13      H                  0.118
    14      H                  0.073
    15      C                  0.053
    16      H                  0.044
    17      H                  0.073
    18      H                  0.050
    19      H                  0.001
    20      O                 -0.667
    21      S                  1.534
    22      O                 -0.447
    23      O                 -0.840
    24      O                 -0.629
 Total Mulliken Charge =      -1.000
 
                  X        Y        Z     TOTAL  
  QM DIPOLE     4.766    9.284   -5.290   11.700
 
 Final Structure

  QMMM: QM Region Cartesian Coordinates (*=link atom) 
  QMMM: QM_NO.   MM_NO.  ATOM         X         Y         Z
  QMMM:     1        1      C       -8.3031    0.2922   -0.0692
  QMMM:     2        2      C       -6.9334   -0.0542    0.4548
  QMMM:     3        3      H       -8.3757    0.0656   -1.1605
  QMMM:     4        4      H       -8.5180    1.3785    0.0761
  QMMM:     5        5      H       -9.0868   -0.2966    0.4657
  QMMM:     6        6      C       -5.8479    0.7301   -0.2515
  QMMM:     7        7      H       -6.8873    0.1547    1.5563
  QMMM:     8        8      H       -6.7437   -1.1521    0.3207
  QMMM:     9        9      C       -4.4757    0.3691    0.2746
  QMMM:    10       10      H       -5.8939    0.5233   -1.3532
  QMMM:    11       11      H       -6.0300    1.8287   -0.1145
  QMMM:    12       12      C       -3.3875    1.1571   -0.4185
  QMMM:    13       13      H       -4.2749   -0.7252    0.1187
  QMMM:    14       14      H       -4.4330    0.5590    1.3792
  QMMM:    15       15      C       -2.0035    0.7076    0.0456
  QMMM:    16       16      H       -3.5086    2.2507   -0.2056
  QMMM:    17       17      H       -3.4657    1.0095   -1.5263
  QMMM:    18       18      H       -1.9463    0.7663    1.1697
  QMMM:    19       19      H       -1.2382    1.4245   -0.3777
  QMMM:    20       20      O       -1.7497   -0.5778   -0.3928
  QMMM:    21       21      S       -0.2535   -1.3400    0.2099
  QMMM:    22       22      O       -0.6380   -1.1916    1.8867
  QMMM:    23       23      O       -0.6134   -2.7021   -0.1565
  QMMM:    24       24      O        0.6028   -1.6203    1.8363

           --------- Calculation Completed ----------

