            --------------------------------------------------------
                             AMBER SQM VERSION 19
 
                                     By
              Ross C. Walker, Michael F. Crowley, Scott Brozell,
                         Tim Giese, Andreas W. Goetz,
                        Tai-Sung Lee and David A. Case
 
            --------------------------------------------------------
 

--------------------------------------------------------------------------------
  QM CALCULATION INFO
--------------------------------------------------------------------------------

| QMMM: Citation for AMBER QMMM Run:
| QMMM: R.C. Walker, M.F. Crowley and D.A. Case, J. COMP. CHEM. 29:1019, 2008

QMMM: SINGLET STATE CALCULATION
QMMM: RHF CALCULATION, NO. OF DOUBLY OCCUPIED LEVELS = 31

| QMMM: *** Selected Hamiltonian *** 
| QMMM: AM1         

| QMMM: *** Parameter sets in use ***
| QMMM: C : M.J.S.DEWAR et al. JACS, 107, 3902, (1985)
| QMMM: H : M.J.S.DEWAR et al. JACS, 107, 3902, (1985)
| QMMM: N : M.J.S.DEWAR et al. JACS, 107, 3902, (1985)

| QMMM: *** SCF convergence criteria ***
| QMMM: Energy change                :  0.1D-09 kcal/mol
| QMMM: Error matrix |FP-PF|         :  0.1D+00 au
| QMMM: Density matrix change        :  0.5D-06
| QMMM: Maximum number of SCF cycles :     1000

| QMMM: *** Diagonalization Routine Information ***
| QMMM: Pseudo diagonalizations are allowed.
| QMMM: Auto diagonalization routine selection is in use.
| QMMM:
| QMMM: Timing diagonalization routines:
| QMMM:                              norbs =       62
| QMMM:    diag iterations used for timing =       15
| QMMM:
| QMMM:              Internal diag routine = 0.008670 seconds
| QMMM:                 Dspev diag routine = 0.010594 seconds
| QMMM:                Dspevd diag routine = 0.006027 seconds
| QMMM:                Dspevx diag routine = 0.044958 seconds
| QMMM:                 Dsyev diag routine = 0.010097 seconds
| QMMM:                Dsyevd diag routine = 0.005772 seconds
| QMMM:                Dsyevr diag routine = 0.009499 seconds
| QMMM:
| QMMM:                Pseudo diag routine = 0.004469 seconds
| QMMM:
| QMMM: Using dsyevd routine (diag_routine=6).

  QMMM: QM Region Cartesian Coordinates (*=link atom) 
  QMMM: QM_NO.   MM_NO.  ATOM         X         Y         Z
  QMMM:     1        1      C       -8.1140    0.5500   -0.0550
  QMMM:     2        2      C       -6.7690    0.0380    0.4520
  QMMM:     3        3      H       -8.2190    0.3490   -1.1430
  QMMM:     4        4      H       -8.2030    1.6430    0.1240
  QMMM:     5        5      H       -8.9360    0.0330    0.4830
  QMMM:     6        6      C       -5.6060    0.7290   -0.2690
  QMMM:     7        7      H       -6.7000    0.2310    1.5440
  QMMM:     8        8      H       -6.7160   -1.0600    0.2800
  QMMM:     9        9      C       -4.2550    0.2120    0.2440
  QMMM:    10       10      H       -5.6830    0.5350   -1.3610
  QMMM:    11       11      H       -5.6700    1.8260   -0.0950
  QMMM:    12       12      C       -3.0950    0.9050   -0.4820
  QMMM:    13       13      H       -4.2300   -0.8750    0.0510
  QMMM:    14       14      H       -4.1790    0.4130    1.3350
  QMMM:    15       15      C       -1.6640    0.6380    0.0670
  QMMM:    16       16      H       -3.2520    2.0020   -0.3770
  QMMM:    17       17      H       -3.1450    0.6780   -1.5690
  QMMM:    18       18      H       -1.6020    1.0130    1.1140
  QMMM:    19       19      H       -1.0270    1.3230   -0.5400
  QMMM:    20       20      N       -1.0990   -0.7500   -0.0180
  QMMM:    21       21      C       -1.3850   -1.3860   -1.3250
  QMMM:    22       22      H       -1.0270   -0.7490   -2.1640
  QMMM:    23       23      H       -2.4730   -1.5650   -1.4590
  QMMM:    24       24      H       -0.8850   -2.3770   -1.4070
  QMMM:    25       25      C        0.3750   -0.6460    0.1310
  QMMM:    26       26      H        0.6490   -0.1700    1.1000
  QMMM:    27       27      H        0.8240   -0.0370   -0.6860
  QMMM:    28       28      H        0.8610   -1.6480    0.0960
  QMMM:    29       29      C       -1.5850   -1.6160    1.0850
  QMMM:    30       30      H       -2.6600   -1.8360    1.0230
  QMMM:    31       31      H       -1.3860   -1.1520    2.0770
  QMMM:    32       32      H       -1.0760   -2.6060    1.0680

--------------------------------------------------------------------------------
  RESULTS
--------------------------------------------------------------------------------

      iter         sqm energy              rms gradient
      ----    -------------------    -----------------------
xmin    10      123.4532 kcal/mol        0.0718 kcal/(mol*A)
xmin    20      123.4227 kcal/mol        0.0265 kcal/(mol*A)
xmin    30      123.4182 kcal/mol        0.0141 kcal/(mol*A)
xmin    40      123.4161 kcal/mol        0.0125 kcal/(mol*A)
xmin    50      123.4161 kcal/mol        0.0010 kcal/(mol*A)
xmin    60      123.4161 kcal/mol        0.0005 kcal/(mol*A)
xmin    60      123.4161 kcal/mol        0.0004 kcal/(mol*A)
  ... geometry converged !
 
 Final MO eigenvalues (eV):
 -46.0357  -40.3730  -37.1048  -33.8636  -33.7708  -33.1325  -29.8912  -27.5281
 -25.6352  -24.4130  -22.4584  -22.2251  -21.9217  -19.8462  -19.0781  -18.8207
 -18.3898  -18.3546  -18.1650  -17.8562  -17.8135  -17.7401  -17.3649  -16.8730
 -16.7004  -15.9240  -15.6348  -14.8068  -14.7654  -14.2385  -13.8244   -3.9579
  -1.9169   -1.8613   -1.8061   -0.9210   -0.8586   -0.7437   -0.6822   -0.6428
  -0.5233   -0.4662   -0.4437   -0.3642   -0.2960   -0.2249   -0.1917    0.1306
   0.4453    0.6597    0.8388    1.0566    1.3255    1.4312    1.6894    1.9581
   2.0568    2.3332    2.4566    2.7551    2.7700    3.0113

 Heat of formation   =        123.41606405 kcal/mol  (        5.35172213 eV)

 Total SCF energy    =     -38198.64619321 kcal/mol  (    -1656.41759651 eV)
 Electronic energy   =    -228816.13070476 kcal/mol  (    -9922.21199015 eV)
 Core-core repulsion =     190617.48451155 kcal/mol  (     8265.79439363 eV)
 
    Atomic Charges for Step       1 :
  Atom    Element       Mulliken Charge
     1      C                 -0.215
     2      C                 -0.158
     3      H                  0.079
     4      H                  0.081
     5      H                  0.089
     6      C                 -0.161
     7      H                  0.082
     8      H                  0.079
     9      C                 -0.167
    10      H                  0.091
    11      H                  0.094
    12      C                 -0.188
    13      H                  0.073
    14      H                  0.088
    15      C                 -0.120
    16      H                  0.137
    17      H                  0.107
    18      H                  0.139
    19      H                  0.135
    20      N                  0.030
    21      C                 -0.187
    22      H                  0.140
    23      H                  0.145
    24      H                  0.138
    25      C                 -0.188
    26      H                  0.141
    27      H                  0.141
    28      H                  0.141
    29      C                 -0.191
    30      H                  0.148
    31      H                  0.139
    32      H                  0.138
 Total Mulliken Charge =       1.000
 
                  X        Y        Z     TOTAL  
  QM DIPOLE    -6.660   -2.888   -0.047    7.260
 
 Final Structure

  QMMM: QM Region Cartesian Coordinates (*=link atom) 
  QMMM: QM_NO.   MM_NO.  ATOM         X         Y         Z
  QMMM:     1        1      C       -8.0498    0.5899   -0.0055
  QMMM:     2        2      C       -6.7222    0.0050    0.4027
  QMMM:     3        3      H       -8.1950    0.5096   -1.1100
  QMMM:     4        4      H       -8.1118    1.6680    0.2796
  QMMM:     5        5      H       -8.8825    0.0433    0.5001
  QMMM:     6        6      C       -5.5740    0.7271   -0.2709
  QMMM:     7        7      H       -6.6066    0.0743    1.5168
  QMMM:     8        8      H       -6.6917   -1.0838    0.1327
  QMMM:     9        9      C       -4.2394    0.1434    0.1507
  QMMM:    10       10      H       -5.6834    0.6517   -1.3849
  QMMM:    11       11      H       -5.6102    1.8169   -0.0057
  QMMM:    12       12      C       -3.1027    0.8275   -0.5751
  QMMM:    13       13      H       -4.2402   -0.9560   -0.0777
  QMMM:    14       14      H       -4.1177    0.2628    1.2599
  QMMM:    15       15      C       -1.7329    0.6489    0.0591
  QMMM:    16       16      H       -3.2872    1.9411   -0.5668
  QMMM:    17       17      H       -3.0921    0.5154   -1.6526
  QMMM:    18       18      H       -1.7794    0.9467    1.1463
  QMMM:    19       19      H       -1.0169    1.3429   -0.4731
  QMMM:    20       20      N       -1.1145   -0.7299    0.0087
  QMMM:    21       21      C       -1.4201   -1.4140   -1.2803
  QMMM:    22       22      H       -1.1346   -0.7434   -2.1336
  QMMM:    23       23      H       -2.5176   -1.6464   -1.3314
  QMMM:    24       24      H       -0.8344   -2.3702   -1.3407
  QMMM:    25       25      C        0.3708   -0.5833    0.1358
  QMMM:    26       26      H        0.6077    0.0022    1.0634
  QMMM:    27       27      H        0.7730   -0.0460   -0.7638
  QMMM:    28       28      H        0.8403   -1.6007    0.2033
  QMMM:    29       29      C       -1.6016   -1.5670    1.1454
  QMMM:    30       30      H       -2.7210   -1.6371    1.1114
  QMMM:    31       31      H       -1.2857   -1.0985    2.1154
  QMMM:    32       32      H       -1.1589   -2.5955    1.0647

           --------- Calculation Completed ----------

