                       :-) GROMACS - gmx mdrun, 2021 (-:

                            GROMACS is written by:
     Andrey Alekseenko              Emile Apol              Rossen Apostolov     
         Paul Bauer           Herman J.C. Berendsen           Par Bjelkmar       
       Christian Blau           Viacheslav Bolnykh             Kevin Boyd        
     Aldert van Buuren           Rudi van Drunen             Anton Feenstra      
    Gilles Gouaillardet             Alan Gray               Gerrit Groenhof      
       Anca Hamuraru            Vincent Hindriksen          M. Eric Irrgang      
      Aleksei Iupinov           Christoph Junghans             Joe Jordan        
    Dimitrios Karkoulis            Peter Kasson                Jiri Kraus        
      Carsten Kutzner              Per Larsson              Justin A. Lemkul     
       Viveca Lindahl            Magnus Lundborg             Erik Marklund       
        Pascal Merz             Pieter Meulenhoff            Teemu Murtola       
        Szilard Pall               Sander Pronk              Roland Schulz       
       Michael Shirts            Alexey Shvetsov             Alfons Sijbers      
       Peter Tieleman              Jon Vincent              Teemu Virolainen     
     Christian Wennberg            Maarten Wolf              Artem Zhmurov       
                           and the project leaders:
        Mark Abraham, Berk Hess, Erik Lindahl, and David van der Spoel

Copyright (c) 1991-2000, University of Groningen, The Netherlands.
Copyright (c) 2001-2019, The GROMACS development team at
Uppsala University, Stockholm University and
the Royal Institute of Technology, Sweden.
check out http://www.gromacs.org for more information.

GROMACS is free software; you can redistribute it and/or modify it
under the terms of the GNU Lesser General Public License
as published by the Free Software Foundation; either version 2.1
of the License, or (at your option) any later version.

GROMACS:      gmx mdrun, version 2021
Executable:   /usr/local/gromacs/bin/gmx
Data prefix:  /usr/local/gromacs
Working dir:  /Users/admin/Documents/GitHub/CHE4597-project/data/interfaces/hexane-water-inter
Process ID:   52478
Command line:
  gmx mdrun -deffnm nvt

GROMACS version:    2021
Verified release checksum is 3e06a5865d6ff726fc417dea8d55afd37ac3cbb94c02c54c76d7a881c49c5dd8
Precision:          mixed
Memory model:       64 bit
MPI library:        thread_mpi
OpenMP support:     disabled
GPU support:        disabled
SIMD instructions:  AVX2_256
FFT library:        fftw-3.3.8-sse2
RDTSCP usage:       enabled
TNG support:        enabled
Hwloc support:      disabled
Tracing support:    disabled
C compiler:         /Library/Developer/CommandLineTools/usr/bin/cc AppleClang 12.0.5.12050022
C compiler flags:   -mavx2 -mfma -Wno-unknown-pragmas -Wno-missing-field-initializers -fno-stack-check -fno-stack-check -O3 -DNDEBUG
C++ compiler:       /Library/Developer/CommandLineTools/usr/bin/c++ AppleClang 12.0.5.12050022
C++ compiler flags: -mavx2 -mfma -Wno-unknown-pragmas -Wno-missing-field-initializers -fno-stack-check -fno-stack-check -Weverything -Wno-c++98-compat -Wno-c++98-compat-pedantic -Wno-source-uses-openmp -Wno-c++17-extensions -Wno-documentation-unknown-command -Wno-covered-switch-default -Wno-switch-enum -Wno-extra-semi-stmt -Wno-disabled-macro-expansion -Wno-cast-align -Wno-reserved-id-macro -Wno-global-constructors -Wno-exit-time-destructors -Wno-unused-macros -Wno-weak-vtables -Wno-conditional-uninitialized -Wno-format-nonliteral -Wno-shadow -Wno-cast-qual -Wno-documentation -Wno-used-but-marked-unused -Wno-padded -Wno-float-equal -Wno-old-style-cast -Wno-conversion -Wno-double-promotion -O3 -DNDEBUG


Running on 1 node with total 8 cores, 8 logical cores
Hardware detected:
  CPU info:
    Vendor: Intel
    Brand:  Intel(R) Core(TM) i5-1030NG7 CPU @ 1.10GHz
    Family: 6   Model: 126   Stepping: 5
    Features: aes apic avx avx2 avx512f avx512cd avx512bw avx512vl clfsh cmov cx8 cx16 f16c fma htt intel lahf mmx msr nonstop_tsc pcid pclmuldq pdcm pdpe1gb popcnt pse rdrnd rdtscp sha sse2 sse3 sse4.1 sse4.2 ssse3 tdt x2apic
    Number of AVX-512 FMA units: 1 (AVX2 is faster w/o 2 AVX-512 FMA units)
  Hardware topology: Only logical processor count


++++ PLEASE READ AND CITE THE FOLLOWING REFERENCE ++++
M. J. Abraham, T. Murtola, R. Schulz, S. Páll, J. C. Smith, B. Hess, E.
Lindahl
GROMACS: High performance molecular simulations through multi-level
parallelism from laptops to supercomputers
SoftwareX 1 (2015) pp. 19-25
-------- -------- --- Thank You --- -------- --------


++++ PLEASE READ AND CITE THE FOLLOWING REFERENCE ++++
S. Páll, M. J. Abraham, C. Kutzner, B. Hess, E. Lindahl
Tackling Exascale Software Challenges in Molecular Dynamics Simulations with
GROMACS
In S. Markidis & E. Laure (Eds.), Solving Software Challenges for Exascale 8759 (2015) pp. 3-27
-------- -------- --- Thank You --- -------- --------


++++ PLEASE READ AND CITE THE FOLLOWING REFERENCE ++++
S. Pronk, S. Páll, R. Schulz, P. Larsson, P. Bjelkmar, R. Apostolov, M. R.
Shirts, J. C. Smith, P. M. Kasson, D. van der Spoel, B. Hess, and E. Lindahl
GROMACS 4.5: a high-throughput and highly parallel open source molecular
simulation toolkit
Bioinformatics 29 (2013) pp. 845-54
-------- -------- --- Thank You --- -------- --------


++++ PLEASE READ AND CITE THE FOLLOWING REFERENCE ++++
B. Hess and C. Kutzner and D. van der Spoel and E. Lindahl
GROMACS 4: Algorithms for highly efficient, load-balanced, and scalable
molecular simulation
J. Chem. Theory Comput. 4 (2008) pp. 435-447
-------- -------- --- Thank You --- -------- --------


++++ PLEASE READ AND CITE THE FOLLOWING REFERENCE ++++
D. van der Spoel, E. Lindahl, B. Hess, G. Groenhof, A. E. Mark and H. J. C.
Berendsen
GROMACS: Fast, Flexible and Free
J. Comp. Chem. 26 (2005) pp. 1701-1719
-------- -------- --- Thank You --- -------- --------


++++ PLEASE READ AND CITE THE FOLLOWING REFERENCE ++++
E. Lindahl and B. Hess and D. van der Spoel
GROMACS 3.0: A package for molecular simulation and trajectory analysis
J. Mol. Mod. 7 (2001) pp. 306-317
-------- -------- --- Thank You --- -------- --------


++++ PLEASE READ AND CITE THE FOLLOWING REFERENCE ++++
H. J. C. Berendsen, D. van der Spoel and R. van Drunen
GROMACS: A message-passing parallel molecular dynamics implementation
Comp. Phys. Comm. 91 (1995) pp. 43-56
-------- -------- --- Thank You --- -------- --------


++++ PLEASE CITE THE DOI FOR THIS VERSION OF GROMACS ++++
https://doi.org/10.5281/zenodo.4457626
-------- -------- --- Thank You --- -------- --------

Input Parameters:
   integrator                     = md
   tinit                          = 0
   dt                             = 0.002
   nsteps                         = 50000
   init-step                      = 0
   simulation-part                = 1
   mts                            = false
   comm-mode                      = Linear
   nstcomm                        = 100
   bd-fric                        = 0
   ld-seed                        = 2147450229
   emtol                          = 10
   emstep                         = 0.01
   niter                          = 20
   fcstep                         = 0
   nstcgsteep                     = 1000
   nbfgscorr                      = 10
   rtpi                           = 0.05
   nstxout                        = 500
   nstvout                        = 500
   nstfout                        = 0
   nstlog                         = 500
   nstcalcenergy                  = 100
   nstenergy                      = 500
   nstxout-compressed             = 0
   compressed-x-precision         = 1000
   cutoff-scheme                  = Verlet
   nstlist                        = 10
   pbc                            = xyz
   periodic-molecules             = false
   verlet-buffer-tolerance        = 0.005
   rlist                          = 1
   coulombtype                    = PME
   coulomb-modifier               = Potential-shift
   rcoulomb-switch                = 0
   rcoulomb                       = 1
   epsilon-r                      = 1
   epsilon-rf                     = inf
   vdw-type                       = Cut-off
   vdw-modifier                   = Potential-shift
   rvdw-switch                    = 0
   rvdw                           = 1
   DispCorr                       = EnerPres
   table-extension                = 1
   fourierspacing                 = 0.2
   fourier-nx                     = 16
   fourier-ny                     = 16
   fourier-nz                     = 48
   pme-order                      = 4
   ewald-rtol                     = 1e-05
   ewald-rtol-lj                  = 0.001
   lj-pme-comb-rule               = Geometric
   ewald-geometry                 = 0
   epsilon-surface                = 0
   tcoupl                         = V-rescale
   nsttcouple                     = 10
   nh-chain-length                = 0
   print-nose-hoover-chain-variables = false
   pcoupl                         = No
   pcoupltype                     = Isotropic
   nstpcouple                     = -1
   tau-p                          = 1
   compressibility (3x3):
      compressibility[    0]={ 0.00000e+00,  0.00000e+00,  0.00000e+00}
      compressibility[    1]={ 0.00000e+00,  0.00000e+00,  0.00000e+00}
      compressibility[    2]={ 0.00000e+00,  0.00000e+00,  0.00000e+00}
   ref-p (3x3):
      ref-p[    0]={ 0.00000e+00,  0.00000e+00,  0.00000e+00}
      ref-p[    1]={ 0.00000e+00,  0.00000e+00,  0.00000e+00}
      ref-p[    2]={ 0.00000e+00,  0.00000e+00,  0.00000e+00}
   refcoord-scaling               = No
   posres-com (3):
      posres-com[0]= 0.00000e+00
      posres-com[1]= 0.00000e+00
      posres-com[2]= 0.00000e+00
   posres-comB (3):
      posres-comB[0]= 0.00000e+00
      posres-comB[1]= 0.00000e+00
      posres-comB[2]= 0.00000e+00
   QMMM                           = false
qm-opts:
   ngQM                           = 0
   constraint-algorithm           = Lincs
   continuation                   = false
   Shake-SOR                      = false
   shake-tol                      = 0.0001
   lincs-order                    = 4
   lincs-iter                     = 1
   lincs-warnangle                = 30
   nwall                          = 0
   wall-type                      = 9-3
   wall-r-linpot                  = -1
   wall-atomtype[0]               = -1
   wall-atomtype[1]               = -1
   wall-density[0]                = 0
   wall-density[1]                = 0
   wall-ewald-zfac                = 3
   pull                           = false
   awh                            = false
   rotation                       = false
   interactiveMD                  = false
   disre                          = No
   disre-weighting                = Conservative
   disre-mixed                    = false
   dr-fc                          = 1000
   dr-tau                         = 0
   nstdisreout                    = 100
   orire-fc                       = 0
   orire-tau                      = 0
   nstorireout                    = 100
   free-energy                    = no
   cos-acceleration               = 0
   deform (3x3):
      deform[    0]={ 0.00000e+00,  0.00000e+00,  0.00000e+00}
      deform[    1]={ 0.00000e+00,  0.00000e+00,  0.00000e+00}
      deform[    2]={ 0.00000e+00,  0.00000e+00,  0.00000e+00}
   simulated-tempering            = false
   swapcoords                     = no
   userint1                       = 0
   userint2                       = 0
   userint3                       = 0
   userint4                       = 0
   userreal1                      = 0
   userreal2                      = 0
   userreal3                      = 0
   userreal4                      = 0
   applied-forces:
     electric-field:
       x:
         E0                       = 0
         omega                    = 0
         t0                       = 0
         sigma                    = 0
       y:
         E0                       = 0
         omega                    = 0
         t0                       = 0
         sigma                    = 0
       z:
         E0                       = 0
         omega                    = 0
         t0                       = 0
         sigma                    = 0
     density-guided-simulation:
       active                     = false
       group                      = protein
       similarity-measure         = inner-product
       atom-spreading-weight      = unity
       force-constant             = 1e+09
       gaussian-transform-spreading-width = 0.2
       gaussian-transform-spreading-range-in-multiples-of-width = 4
       reference-density-filename = reference.mrc
       nst                        = 1
       normalize-densities        = true
       adaptive-force-scaling     = false
       adaptive-force-scaling-time-constant = 4
       shift-vector               = 
       transformation-matrix      = 
grpopts:
   nrdf:        5081       10797
   ref-t:         300         300
   tau-t:         0.1         0.1
annealing:          No          No
annealing-npoints:           0           0
   acc:	           0           0           0
   nfreeze:           N           N           N
   energygrp-flags[  0]: 0

Changing nstlist from 10 to 80, rlist from 1 to 1.111


Initializing Domain Decomposition on 8 ranks
Dynamic load balancing: auto
Minimum cell size due to atom displacement: 0.644 nm
Initial maximum distances in bonded interactions:
    two-body bonded interactions: 0.393 nm, LJ-14, atoms 3252 3242
  multi-body bonded interactions: 0.393 nm, Ryckaert-Bell., atoms 3242 3252
Minimum cell size due to bonded interactions: 0.433 nm
Maximum distance for 5 constraints, at 120 deg. angles, all-trans: 0.765 nm
Estimated maximum distance required for P-LINCS: 0.765 nm
This distance will limit the DD cell size, you can override this with -rcon
Scaling the initial minimum size with 1/0.8 (option -dds) = 1.25
Using 0 separate PME ranks, as there are too few total
 ranks for efficient splitting
Optimizing the DD grid for 8 cells with a minimum initial size of 0.956 nm
The maximum allowed number of cells is: X 3 Y 3 Z 9
Domain decomposition grid 1 x 2 x 4, separate PME ranks 0
PME domain decomposition: 1 x 8 x 1
Domain decomposition rank 0, coordinates 0 0 0

The initial number of communication pulses is: Y 1 Z 1
The initial domain decomposition cell size is: Y 1.50 nm Z 2.25 nm

The maximum allowed distance for atoms involved in interactions is:
                 non-bonded interactions           1.111 nm
            two-body bonded interactions  (-rdd)   1.111 nm
          multi-body bonded interactions  (-rdd)   1.111 nm
  atoms separated by up to 5 constraints  (-rcon)  1.500 nm

When dynamic load balancing gets turned on, these settings will change to:
The maximum number of communication pulses is: Y 1 Z 1
The minimum size for domain decomposition cells is 1.111 nm
The requested allowed shrink of DD cells (option -dds) is: 0.80
The allowed shrink of domain decomposition cells is: Y 0.74 Z 0.49
The maximum allowed distance for atoms involved in interactions is:
                 non-bonded interactions           1.111 nm
            two-body bonded interactions  (-rdd)   1.111 nm
          multi-body bonded interactions  (-rdd)   1.111 nm
  atoms separated by up to 5 constraints  (-rcon)  1.111 nm

Using 8 MPI threads
System total charge: -0.000
Will do PME sum in reciprocal space for electrostatic interactions.

++++ PLEASE READ AND CITE THE FOLLOWING REFERENCE ++++
U. Essmann, L. Perera, M. L. Berkowitz, T. Darden, H. Lee and L. G. Pedersen 
A smooth particle mesh Ewald method
J. Chem. Phys. 103 (1995) pp. 8577-8592
-------- -------- --- Thank You --- -------- --------

Using a Gaussian width (1/beta) of 0.320163 nm for Ewald
Potential shift: LJ r^-12: -1.000e+00 r^-6: -1.000e+00, Ewald -1.000e-05
Initialized non-bonded Ewald tables, spacing: 9.33e-04 size: 1073

Generated table with 1055 data points for 1-4 COUL.
Tabscale = 500 points/nm
Generated table with 1055 data points for 1-4 LJ6.
Tabscale = 500 points/nm
Generated table with 1055 data points for 1-4 LJ12.
Tabscale = 500 points/nm
Long Range LJ corr.: <C6> 3.3771e-04


Using SIMD 4x8 nonbonded short-range kernels

Using a dual 4x8 pair-list setup updated with dynamic pruning:
  outer list: updated every 80 steps, buffer 0.111 nm, rlist 1.111 nm
  inner list: updated every 16 steps, buffer 0.001 nm, rlist 1.001 nm
At tolerance 0.005 kJ/mol/ps per atom, equivalent classical 1x1 list would be:
  outer list: updated every 80 steps, buffer 0.262 nm, rlist 1.262 nm
  inner list: updated every 16 steps, buffer 0.062 nm, rlist 1.062 nm

Using geometric Lennard-Jones combination rule
Removing pbc first time

Initializing Parallel LINear Constraint Solver

++++ PLEASE READ AND CITE THE FOLLOWING REFERENCE ++++
B. Hess
P-LINCS: A Parallel Linear Constraint Solver for molecular simulation
J. Chem. Theory Comput. 4 (2008) pp. 116-122
-------- -------- --- Thank You --- -------- --------

The number of constraints is 2356
There are constraints between atoms in different decomposition domains,
will communicate selected coordinates each lincs iteration

++++ PLEASE READ AND CITE THE FOLLOWING REFERENCE ++++
S. Miyamoto and P. A. Kollman
SETTLE: An Analytical Version of the SHAKE and RATTLE Algorithms for Rigid
Water Models
J. Comp. Chem. 13 (1992) pp. 952-962
-------- -------- --- Thank You --- -------- --------


Linking all bonded interactions to atoms


Intra-simulation communication will occur every 10 steps.

++++ PLEASE READ AND CITE THE FOLLOWING REFERENCE ++++
G. Bussi, D. Donadio and M. Parrinello
Canonical sampling through velocity rescaling
J. Chem. Phys. 126 (2007) pp. 014101
-------- -------- --- Thank You --- -------- --------

There are: 7880 Atoms
Atom distribution over 8 domains: av 985 stddev 44 min 930 max 1067

Constraining the starting coordinates (step 0)

Constraining the coordinates at t0-dt (step 0)
Center of mass motion removal mode is Linear
We have the following groups for center of mass motion removal:
  0:  HEX
  1:  SOL
RMS relative constraint deviation after constraining: 0.00e+00
Initial temperature: 299.909 K

Started mdrun on rank 0 Sun Apr 23 21:18:46 2023

           Step           Time
              0        0.00000

   Energies (kJ/mol)
          Angle Ryckaert-Bell.          LJ-14     Coulomb-14        LJ (SR)
    1.11215e+02    1.02523e+02    3.56541e+02   -3.53372e+02    1.54459e+04
  Disper. corr.   Coulomb (SR)   Coul. recip.      Potential    Kinetic En.
   -1.08309e+03   -1.12840e+05    3.78867e+02   -9.78811e+04    1.97971e+04
   Total Energy  Conserved En.    Temperature Pres. DC (bar) Pressure (bar)
   -7.80840e+04   -7.80840e+04    2.99917e+02   -2.22312e+02   -1.58857e+03
   Constr. rmsd
    3.83912e-06


DD  step 79 load imb.: force 10.6%

step 160 Turning on dynamic load balancing, because the performance loss due to load imbalance is 4.3 %.
           Step           Time
            500        1.00000

   Energies (kJ/mol)
          Angle Ryckaert-Bell.          LJ-14     Coulomb-14        LJ (SR)
    4.11518e+03    8.27296e+02    6.53156e+02   -3.34250e+02    1.26098e+04
  Disper. corr.   Coulomb (SR)   Coul. recip.      Potential    Kinetic En.
   -1.08309e+03   -9.71946e+04    4.96548e+02   -7.99100e+04    1.94320e+04
   Total Energy  Conserved En.    Temperature Pres. DC (bar) Pressure (bar)
   -6.04780e+04   -7.77649e+04    2.94386e+02   -2.22312e+02    2.24554e+02
   Constr. rmsd
    3.53978e-06

           Step           Time
           1000        2.00000

   Energies (kJ/mol)
          Angle Ryckaert-Bell.          LJ-14     Coulomb-14        LJ (SR)
    4.14213e+03    8.23969e+02    6.24806e+02   -3.22088e+02    1.27104e+04
  Disper. corr.   Coulomb (SR)   Coul. recip.      Potential    Kinetic En.
   -1.08309e+03   -9.74114e+04    5.31537e+02   -7.99837e+04    1.94972e+04
   Total Energy  Conserved En.    Temperature Pres. DC (bar) Pressure (bar)
   -6.04865e+04   -7.77654e+04    2.95373e+02   -2.22312e+02   -8.09921e+01
   Constr. rmsd
    3.78101e-06

           Step           Time
           1500        3.00000

   Energies (kJ/mol)
          Angle Ryckaert-Bell.          LJ-14     Coulomb-14        LJ (SR)
    4.25890e+03    8.68866e+02    7.00206e+02   -3.16651e+02    1.32099e+04
  Disper. corr.   Coulomb (SR)   Coul. recip.      Potential    Kinetic En.
   -1.08309e+03   -9.81541e+04    4.91458e+02   -8.00245e+04    2.02084e+04
   Total Energy  Conserved En.    Temperature Pres. DC (bar) Pressure (bar)
   -5.98160e+04   -7.77843e+04    3.06149e+02   -2.22312e+02    7.73723e+02
   Constr. rmsd
    3.78573e-06


DD  step 1999  vol min/aver 0.962  load imb.: force  2.6%
           Step           Time
           2000        4.00000

   Energies (kJ/mol)
          Angle Ryckaert-Bell.          LJ-14     Coulomb-14        LJ (SR)
    4.20810e+03    8.93389e+02    6.79181e+02   -3.15402e+02    1.26030e+04
  Disper. corr.   Coulomb (SR)   Coul. recip.      Potential    Kinetic En.
   -1.08309e+03   -9.78105e+04    5.08162e+02   -8.03172e+04    1.95128e+04
   Total Energy  Conserved En.    Temperature Pres. DC (bar) Pressure (bar)
   -6.08044e+04   -7.77775e+04    2.95610e+02   -2.22312e+02    7.06030e+01
   Constr. rmsd
    3.80885e-06

           Step           Time
           2500        5.00000

   Energies (kJ/mol)
          Angle Ryckaert-Bell.          LJ-14     Coulomb-14        LJ (SR)
    4.50866e+03    9.86305e+02    6.53202e+02   -3.02630e+02    1.26893e+04
  Disper. corr.   Coulomb (SR)   Coul. recip.      Potential    Kinetic En.
   -1.08309e+03   -9.73761e+04    5.14184e+02   -7.94101e+04    1.98364e+04
   Total Energy  Conserved En.    Temperature Pres. DC (bar) Pressure (bar)
   -5.95737e+04   -7.77722e+04    3.00513e+02   -2.22312e+02   -6.09095e+01
   Constr. rmsd
    3.82214e-06

           Step           Time
           3000        6.00000

   Energies (kJ/mol)
          Angle Ryckaert-Bell.          LJ-14     Coulomb-14        LJ (SR)
    4.25996e+03    8.31980e+02    6.50227e+02   -2.94742e+02    1.31690e+04
  Disper. corr.   Coulomb (SR)   Coul. recip.      Potential    Kinetic En.
   -1.08309e+03   -9.86873e+04    5.23826e+02   -8.06301e+04    1.98013e+04
   Total Energy  Conserved En.    Temperature Pres. DC (bar) Pressure (bar)
   -6.08287e+04   -7.77781e+04    2.99982e+02   -2.22312e+02    2.09128e+02
   Constr. rmsd
    4.05498e-06


step 3200 Turning off dynamic load balancing, because it is degrading performance.
Atom distribution over 8 domains: av 985 stddev 46 min 934 max 1042
           Step           Time
           3500        7.00000

   Energies (kJ/mol)
          Angle Ryckaert-Bell.          LJ-14     Coulomb-14        LJ (SR)
    4.41505e+03    9.01820e+02    6.74115e+02   -2.98620e+02    1.35035e+04
  Disper. corr.   Coulomb (SR)   Coul. recip.      Potential    Kinetic En.
   -1.08309e+03   -9.85038e+04    5.63784e+02   -7.98272e+04    2.00868e+04
   Total Energy  Conserved En.    Temperature Pres. DC (bar) Pressure (bar)
   -5.97404e+04   -7.77849e+04    3.04307e+02   -2.22312e+02    5.58440e+02
   Constr. rmsd
    3.80949e-06


DD  step 3999 load imb.: force  1.7%
           Step           Time
           4000        8.00000

   Energies (kJ/mol)
          Angle Ryckaert-Bell.          LJ-14     Coulomb-14        LJ (SR)
    4.37541e+03    8.90509e+02    6.83224e+02   -3.03384e+02    1.28511e+04
  Disper. corr.   Coulomb (SR)   Coul. recip.      Potential    Kinetic En.
   -1.08309e+03   -9.86706e+04    5.31794e+02   -8.07251e+04    2.00012e+04
   Total Energy  Conserved En.    Temperature Pres. DC (bar) Pressure (bar)
   -6.07239e+04   -7.77793e+04    3.03010e+02   -2.22312e+02    1.64153e+02
   Constr. rmsd
    3.71048e-06

           Step           Time
           4500        9.00000

   Energies (kJ/mol)
          Angle Ryckaert-Bell.          LJ-14     Coulomb-14        LJ (SR)
    4.38151e+03    9.27758e+02    6.93544e+02   -2.99728e+02    1.26806e+04
  Disper. corr.   Coulomb (SR)   Coul. recip.      Potential    Kinetic En.
   -1.08309e+03   -9.77587e+04    5.25180e+02   -7.99329e+04    1.98267e+04
   Total Energy  Conserved En.    Temperature Pres. DC (bar) Pressure (bar)
   -6.01062e+04   -7.77900e+04    3.00366e+02   -2.22312e+02    2.98544e+02
   Constr. rmsd
    3.83697e-06

           Step           Time
           5000       10.00000

   Energies (kJ/mol)
          Angle Ryckaert-Bell.          LJ-14     Coulomb-14        LJ (SR)
    4.19645e+03    9.07853e+02    6.73469e+02   -2.95949e+02    1.32356e+04
  Disper. corr.   Coulomb (SR)   Coul. recip.      Potential    Kinetic En.
   -1.08309e+03   -9.85146e+04    5.05810e+02   -8.03744e+04    1.97015e+04
   Total Energy  Conserved En.    Temperature Pres. DC (bar) Pressure (bar)
   -6.06728e+04   -7.77853e+04    2.98469e+02   -2.22312e+02    6.23256e+02
   Constr. rmsd
    4.18124e-06

           Step           Time
           5500       11.00000

   Energies (kJ/mol)
          Angle Ryckaert-Bell.          LJ-14     Coulomb-14        LJ (SR)
    4.43880e+03    9.31539e+02    6.65370e+02   -2.88429e+02    1.23389e+04
  Disper. corr.   Coulomb (SR)   Coul. recip.      Potential    Kinetic En.
   -1.08309e+03   -9.73573e+04    5.29709e+02   -7.98245e+04    1.98128e+04
   Total Energy  Conserved En.    Temperature Pres. DC (bar) Pressure (bar)
   -6.00116e+04   -7.77950e+04    3.00156e+02   -2.22312e+02    1.08266e+01
   Constr. rmsd
    3.73782e-06


DD  step 5999 load imb.: force  3.8%
           Step           Time
           6000       12.00000

   Energies (kJ/mol)
          Angle Ryckaert-Bell.          LJ-14     Coulomb-14        LJ (SR)
    4.19800e+03    9.25933e+02    6.69405e+02   -2.85897e+02    1.27710e+04
  Disper. corr.   Coulomb (SR)   Coul. recip.      Potential    Kinetic En.
   -1.08309e+03   -9.81937e+04    5.23488e+02   -8.04749e+04    1.94886e+04
   Total Energy  Conserved En.    Temperature Pres. DC (bar) Pressure (bar)
   -6.09863e+04   -7.78004e+04    2.95243e+02   -2.22312e+02    1.74257e+02
   Constr. rmsd
    3.81762e-06

           Step           Time
           6500       13.00000

   Energies (kJ/mol)
          Angle Ryckaert-Bell.          LJ-14     Coulomb-14        LJ (SR)
    4.38346e+03    9.28055e+02    6.69859e+02   -2.79912e+02    1.29705e+04
  Disper. corr.   Coulomb (SR)   Coul. recip.      Potential    Kinetic En.
   -1.08309e+03   -9.87265e+04    4.87999e+02   -8.06496e+04    1.98937e+04
   Total Energy  Conserved En.    Temperature Pres. DC (bar) Pressure (bar)
   -6.07560e+04   -7.78094e+04    3.01380e+02   -2.22312e+02    2.15668e+02
   Constr. rmsd
    3.69799e-06

           Step           Time
           7000       14.00000

   Energies (kJ/mol)
          Angle Ryckaert-Bell.          LJ-14     Coulomb-14        LJ (SR)
    4.33401e+03    8.87333e+02    6.67157e+02   -2.58182e+02    1.30171e+04
  Disper. corr.   Coulomb (SR)   Coul. recip.      Potential    Kinetic En.
   -1.08309e+03   -9.89117e+04    5.29670e+02   -8.08177e+04    1.93706e+04
   Total Energy  Conserved En.    Temperature Pres. DC (bar) Pressure (bar)
   -6.14471e+04   -7.77915e+04    2.93456e+02   -2.22312e+02    2.27482e+02
   Constr. rmsd
    3.65857e-06

           Step           Time
           7500       15.00000

   Energies (kJ/mol)
          Angle Ryckaert-Bell.          LJ-14     Coulomb-14        LJ (SR)
    4.53795e+03    9.63921e+02    6.71080e+02   -2.57814e+02    1.34117e+04
  Disper. corr.   Coulomb (SR)   Coul. recip.      Potential    Kinetic En.
   -1.08309e+03   -9.91680e+04    5.41526e+02   -8.03828e+04    1.96396e+04
   Total Energy  Conserved En.    Temperature Pres. DC (bar) Pressure (bar)
   -6.07432e+04   -7.77929e+04    2.97531e+02   -2.22312e+02    5.22857e+02
   Constr. rmsd
    3.66027e-06


DD  step 7999 load imb.: force  2.4%

step 8000 Turning on dynamic load balancing, because the performance loss due to load imbalance is 2.1 %.
           Step           Time
           8000       16.00000

   Energies (kJ/mol)
          Angle Ryckaert-Bell.          LJ-14     Coulomb-14        LJ (SR)
    4.55653e+03    1.04266e+03    7.06272e+02   -2.51796e+02    1.24755e+04
  Disper. corr.   Coulomb (SR)   Coul. recip.      Potential    Kinetic En.
   -1.08309e+03   -9.74778e+04    5.13502e+02   -7.95182e+04    1.97548e+04
   Total Energy  Conserved En.    Temperature Pres. DC (bar) Pressure (bar)
   -5.97634e+04   -7.78056e+04    2.99277e+02   -2.22312e+02    3.90682e+02
   Constr. rmsd
    4.00289e-06

           Step           Time
           8500       17.00000

   Energies (kJ/mol)
          Angle Ryckaert-Bell.          LJ-14     Coulomb-14        LJ (SR)
    4.21740e+03    9.38088e+02    6.67944e+02   -2.59999e+02    1.27976e+04
  Disper. corr.   Coulomb (SR)   Coul. recip.      Potential    Kinetic En.
   -1.08309e+03   -9.83515e+04    5.46459e+02   -8.05271e+04    1.93183e+04
   Total Energy  Conserved En.    Temperature Pres. DC (bar) Pressure (bar)
   -6.12088e+04   -7.78198e+04    2.92664e+02   -2.22312e+02    2.19929e+02
   Constr. rmsd
    3.76439e-06

           Step           Time
           9000       18.00000

   Energies (kJ/mol)
          Angle Ryckaert-Bell.          LJ-14     Coulomb-14        LJ (SR)
    4.44539e+03    9.64957e+02    6.78187e+02   -2.55745e+02    1.33258e+04
  Disper. corr.   Coulomb (SR)   Coul. recip.      Potential    Kinetic En.
   -1.08309e+03   -9.90864e+04    5.01697e+02   -8.05092e+04    1.96720e+04
   Total Energy  Conserved En.    Temperature Pres. DC (bar) Pressure (bar)
   -6.08372e+04   -7.78171e+04    2.98022e+02   -2.22312e+02    3.82935e+02
   Constr. rmsd
    3.72535e-06

           Step           Time
           9500       19.00000

   Energies (kJ/mol)
          Angle Ryckaert-Bell.          LJ-14     Coulomb-14        LJ (SR)
    4.26371e+03    9.90350e+02    6.51257e+02   -2.51562e+02    1.26756e+04
  Disper. corr.   Coulomb (SR)   Coul. recip.      Potential    Kinetic En.
   -1.08309e+03   -9.81626e+04    5.09825e+02   -8.04066e+04    1.97353e+04
   Total Energy  Conserved En.    Temperature Pres. DC (bar) Pressure (bar)
   -6.06713e+04   -7.78324e+04    2.98981e+02   -2.22312e+02    6.82650e+01
   Constr. rmsd
    3.76982e-06

step 9600 Turning off dynamic load balancing, because it is degrading performance.
Atom distribution over 8 domains: av 985 stddev 40 min 921 max 1033

DD  step 9999 load imb.: force  3.6%
           Step           Time
          10000       20.00000

   Energies (kJ/mol)
          Angle Ryckaert-Bell.          LJ-14     Coulomb-14        LJ (SR)
    4.40683e+03    9.62016e+02    6.77151e+02   -2.48144e+02    1.31668e+04
  Disper. corr.   Coulomb (SR)   Coul. recip.      Potential    Kinetic En.
   -1.08309e+03   -9.84397e+04    4.84100e+02   -8.00740e+04    1.97073e+04
   Total Energy  Conserved En.    Temperature Pres. DC (bar) Pressure (bar)
   -6.03667e+04   -7.78286e+04    2.98558e+02   -2.22312e+02    5.22066e+02
   Constr. rmsd
    3.93269e-06

           Step           Time
          10500       21.00000

   Energies (kJ/mol)
          Angle Ryckaert-Bell.          LJ-14     Coulomb-14        LJ (SR)
    4.30981e+03    1.03620e+03    6.69099e+02   -2.43503e+02    1.33215e+04
  Disper. corr.   Coulomb (SR)   Coul. recip.      Potential    Kinetic En.
   -1.08309e+03   -9.87431e+04    5.03602e+02   -8.02295e+04    1.98216e+04
   Total Energy  Conserved En.    Temperature Pres. DC (bar) Pressure (bar)
   -6.04079e+04   -7.78370e+04    3.00288e+02   -2.22312e+02    3.14170e+02
   Constr. rmsd
    4.03886e-06

           Step           Time
          11000       22.00000

   Energies (kJ/mol)
          Angle Ryckaert-Bell.          LJ-14     Coulomb-14        LJ (SR)
    4.42360e+03    9.77509e+02    6.60746e+02   -2.40727e+02    1.33770e+04
  Disper. corr.   Coulomb (SR)   Coul. recip.      Potential    Kinetic En.
   -1.08309e+03   -9.88205e+04    5.45254e+02   -8.01602e+04    2.00365e+04
   Total Energy  Conserved En.    Temperature Pres. DC (bar) Pressure (bar)
   -6.01237e+04   -7.78300e+04    3.03544e+02   -2.22312e+02    4.67739e+02
   Constr. rmsd
    3.94949e-06

           Step           Time
          11500       23.00000

   Energies (kJ/mol)
          Angle Ryckaert-Bell.          LJ-14     Coulomb-14        LJ (SR)
    4.43636e+03    9.92635e+02    6.85167e+02   -2.39602e+02    1.31522e+04
  Disper. corr.   Coulomb (SR)   Coul. recip.      Potential    Kinetic En.
   -1.08309e+03   -9.88965e+04    5.41190e+02   -8.04117e+04    1.96752e+04
   Total Energy  Conserved En.    Temperature Pres. DC (bar) Pressure (bar)
   -6.07364e+04   -7.78288e+04    2.98071e+02   -2.22312e+02    3.64026e+02
   Constr. rmsd
    3.74578e-06


DD  step 11999 load imb.: force  5.0%
           Step           Time
          12000       24.00000

   Energies (kJ/mol)
          Angle Ryckaert-Bell.          LJ-14     Coulomb-14        LJ (SR)
    4.59548e+03    9.70246e+02    6.84837e+02   -2.49407e+02    1.27348e+04
  Disper. corr.   Coulomb (SR)   Coul. recip.      Potential    Kinetic En.
   -1.08309e+03   -9.80694e+04    5.30196e+02   -7.98863e+04    2.02693e+04
   Total Energy  Conserved En.    Temperature Pres. DC (bar) Pressure (bar)
   -5.96170e+04   -7.78303e+04    3.07071e+02   -2.22312e+02    4.15193e+02
   Constr. rmsd
    3.88527e-06

           Step           Time
          12500       25.00000

   Energies (kJ/mol)
          Angle Ryckaert-Bell.          LJ-14     Coulomb-14        LJ (SR)
    4.49706e+03    9.85007e+02    6.41214e+02   -2.47768e+02    1.27488e+04
  Disper. corr.   Coulomb (SR)   Coul. recip.      Potential    Kinetic En.
   -1.08309e+03   -9.80560e+04    4.90585e+02   -8.00242e+04    1.96823e+04
   Total Energy  Conserved En.    Temperature Pres. DC (bar) Pressure (bar)
   -6.03419e+04   -7.78387e+04    2.98179e+02   -2.22312e+02   -1.49469e+02
   Constr. rmsd
    3.97290e-06

           Step           Time
          13000       26.00000

   Energies (kJ/mol)
          Angle Ryckaert-Bell.          LJ-14     Coulomb-14        LJ (SR)
    4.28801e+03    9.48550e+02    6.49069e+02   -2.47965e+02    1.29998e+04
  Disper. corr.   Coulomb (SR)   Coul. recip.      Potential    Kinetic En.
   -1.08309e+03   -9.81614e+04    5.10581e+02   -8.00965e+04    1.97254e+04
   Total Energy  Conserved En.    Temperature Pres. DC (bar) Pressure (bar)
   -6.03711e+04   -7.78602e+04    2.98831e+02   -2.22312e+02    3.42035e+02
   Constr. rmsd
    4.09461e-06

           Step           Time
          13500       27.00000

   Energies (kJ/mol)
          Angle Ryckaert-Bell.          LJ-14     Coulomb-14        LJ (SR)
    4.32956e+03    1.00015e+03    6.89814e+02   -2.56807e+02    1.24421e+04
  Disper. corr.   Coulomb (SR)   Coul. recip.      Potential    Kinetic En.
   -1.08309e+03   -9.77384e+04    5.47702e+02   -8.00690e+04    1.97508e+04
   Total Energy  Conserved En.    Temperature Pres. DC (bar) Pressure (bar)
   -6.03182e+04   -7.78477e+04    2.99216e+02   -2.22312e+02    3.08607e+02
   Constr. rmsd
    3.88002e-06


DD  step 13999 load imb.: force  3.1%
           Step           Time
          14000       28.00000

   Energies (kJ/mol)
          Angle Ryckaert-Bell.          LJ-14     Coulomb-14        LJ (SR)
    4.52019e+03    1.04596e+03    6.78257e+02   -2.40674e+02    1.27099e+04
  Disper. corr.   Coulomb (SR)   Coul. recip.      Potential    Kinetic En.
   -1.08309e+03   -9.79973e+04    5.57242e+02   -7.98095e+04    1.99355e+04
   Total Energy  Conserved En.    Temperature Pres. DC (bar) Pressure (bar)
   -5.98740e+04   -7.78534e+04    3.02015e+02   -2.22312e+02    1.91939e+02
   Constr. rmsd
    3.75399e-06

           Step           Time
          14500       29.00000

   Energies (kJ/mol)
          Angle Ryckaert-Bell.          LJ-14     Coulomb-14        LJ (SR)
    4.46760e+03    9.69745e+02    6.90989e+02   -2.50677e+02    1.31499e+04
  Disper. corr.   Coulomb (SR)   Coul. recip.      Potential    Kinetic En.
   -1.08309e+03   -9.83556e+04    5.39367e+02   -7.98718e+04    1.99687e+04
   Total Energy  Conserved En.    Temperature Pres. DC (bar) Pressure (bar)
   -5.99031e+04   -7.78560e+04    3.02516e+02   -2.22312e+02    5.65584e+02
   Constr. rmsd
    3.89965e-06

           Step           Time
          15000       30.00000

   Energies (kJ/mol)
          Angle Ryckaert-Bell.          LJ-14     Coulomb-14        LJ (SR)
    4.34278e+03    1.00978e+03    6.87864e+02   -2.42956e+02    1.29806e+04
  Disper. corr.   Coulomb (SR)   Coul. recip.      Potential    Kinetic En.
   -1.08309e+03   -9.88711e+04    5.42510e+02   -8.06336e+04    1.96055e+04
   Total Energy  Conserved En.    Temperature Pres. DC (bar) Pressure (bar)
   -6.10281e+04   -7.78726e+04    2.97015e+02   -2.22312e+02   -8.62588e+00
   Constr. rmsd
    3.95417e-06

           Step           Time
          15500       31.00000

   Energies (kJ/mol)
          Angle Ryckaert-Bell.          LJ-14     Coulomb-14        LJ (SR)
    4.44625e+03    1.06231e+03    6.76133e+02   -2.42550e+02    1.23930e+04
  Disper. corr.   Coulomb (SR)   Coul. recip.      Potential    Kinetic En.
   -1.08309e+03   -9.75213e+04    5.30845e+02   -7.97384e+04    2.02955e+04
   Total Energy  Conserved En.    Temperature Pres. DC (bar) Pressure (bar)
   -5.94429e+04   -7.78861e+04    3.07467e+02   -2.22312e+02   -2.11591e+02
   Constr. rmsd
    4.05884e-06


DD  step 15999 load imb.: force  3.7%

step 16000 Turning on dynamic load balancing, because the performance loss due to load imbalance is 2.1 %.
           Step           Time
          16000       32.00000

   Energies (kJ/mol)
          Angle Ryckaert-Bell.          LJ-14     Coulomb-14        LJ (SR)
    4.54184e+03    1.06485e+03    6.84886e+02   -2.27894e+02    1.26866e+04
  Disper. corr.   Coulomb (SR)   Coul. recip.      Potential    Kinetic En.
   -1.08309e+03   -9.80058e+04    5.68776e+02   -7.97698e+04    2.03217e+04
   Total Energy  Conserved En.    Temperature Pres. DC (bar) Pressure (bar)
   -5.94481e+04   -7.78790e+04    3.07865e+02   -2.22312e+02   -3.12510e-01
   Constr. rmsd
    3.98683e-06

           Step           Time
          16500       33.00000

   Energies (kJ/mol)
          Angle Ryckaert-Bell.          LJ-14     Coulomb-14        LJ (SR)
    4.24355e+03    1.08561e+03    6.81609e+02   -2.37199e+02    1.26471e+04
  Disper. corr.   Coulomb (SR)   Coul. recip.      Potential    Kinetic En.
   -1.08309e+03   -9.79408e+04    5.31113e+02   -8.00721e+04    2.00671e+04
   Total Energy  Conserved En.    Temperature Pres. DC (bar) Pressure (bar)
   -6.00050e+04   -7.78886e+04    3.04008e+02   -2.22312e+02   -5.01002e+01
   Constr. rmsd
    4.14411e-06

           Step           Time
          17000       34.00000

   Energies (kJ/mol)
          Angle Ryckaert-Bell.          LJ-14     Coulomb-14        LJ (SR)
    4.44483e+03    1.03780e+03    6.59466e+02   -2.30757e+02    1.31316e+04
  Disper. corr.   Coulomb (SR)   Coul. recip.      Potential    Kinetic En.
   -1.08309e+03   -9.85762e+04    5.08406e+02   -8.01079e+04    2.03233e+04
   Total Energy  Conserved En.    Temperature Pres. DC (bar) Pressure (bar)
   -5.97846e+04   -7.78949e+04    3.07890e+02   -2.22312e+02    1.44618e+00
   Constr. rmsd
    4.14073e-06

           Step           Time
          17500       35.00000

   Energies (kJ/mol)
          Angle Ryckaert-Bell.          LJ-14     Coulomb-14        LJ (SR)
    4.44035e+03    1.00188e+03    6.74922e+02   -2.38716e+02    1.22772e+04
  Disper. corr.   Coulomb (SR)   Coul. recip.      Potential    Kinetic En.
   -1.08309e+03   -9.74176e+04    4.84414e+02   -7.98606e+04    1.95634e+04
   Total Energy  Conserved En.    Temperature Pres. DC (bar) Pressure (bar)
   -6.02972e+04   -7.78860e+04    2.96378e+02   -2.22312e+02   -2.69847e+02
   Constr. rmsd
    3.83858e-06


DD  step 17999  vol min/aver 0.957  load imb.: force  1.6%
           Step           Time
          18000       36.00000

   Energies (kJ/mol)
          Angle Ryckaert-Bell.          LJ-14     Coulomb-14        LJ (SR)
    4.42085e+03    1.05012e+03    6.57684e+02   -2.44568e+02    1.28591e+04
  Disper. corr.   Coulomb (SR)   Coul. recip.      Potential    Kinetic En.
   -1.08309e+03   -9.79631e+04    5.15039e+02   -7.97879e+04    1.98775e+04
   Total Energy  Conserved En.    Temperature Pres. DC (bar) Pressure (bar)
   -5.99104e+04   -7.78929e+04    3.01135e+02   -2.22312e+02    5.11985e+01
   Constr. rmsd
    4.00257e-06

           Step           Time
          18500       37.00000

   Energies (kJ/mol)
          Angle Ryckaert-Bell.          LJ-14     Coulomb-14        LJ (SR)
    4.45471e+03    1.03428e+03    6.56712e+02   -2.41520e+02    1.27067e+04
  Disper. corr.   Coulomb (SR)   Coul. recip.      Potential    Kinetic En.
   -1.08309e+03   -9.76393e+04    5.52757e+02   -7.95587e+04    1.97249e+04
   Total Energy  Conserved En.    Temperature Pres. DC (bar) Pressure (bar)
   -5.98338e+04   -7.78952e+04    2.98824e+02   -2.22312e+02    1.19915e+02
   Constr. rmsd
    4.03461e-06

           Step           Time
          19000       38.00000

   Energies (kJ/mol)
          Angle Ryckaert-Bell.          LJ-14     Coulomb-14        LJ (SR)
    4.32388e+03    1.02057e+03    6.80724e+02   -2.37840e+02    1.28304e+04
  Disper. corr.   Coulomb (SR)   Coul. recip.      Potential    Kinetic En.
   -1.08309e+03   -9.75777e+04    5.25555e+02   -7.95174e+04    2.04693e+04
   Total Energy  Conserved En.    Temperature Pres. DC (bar) Pressure (bar)
   -5.90482e+04   -7.79191e+04    3.10100e+02   -2.22312e+02    3.93666e+02
   Constr. rmsd
    4.12859e-06

           Step           Time
          19500       39.00000

   Energies (kJ/mol)
          Angle Ryckaert-Bell.          LJ-14     Coulomb-14        LJ (SR)
    4.37988e+03    9.95561e+02    6.86544e+02   -2.36218e+02    1.25018e+04
  Disper. corr.   Coulomb (SR)   Coul. recip.      Potential    Kinetic En.
   -1.08309e+03   -9.73136e+04    5.47217e+02   -7.95219e+04    1.96097e+04
   Total Energy  Conserved En.    Temperature Pres. DC (bar) Pressure (bar)
   -5.99121e+04   -7.78970e+04    2.97079e+02   -2.22312e+02    3.06570e+02
   Constr. rmsd
    3.87918e-06


DD  step 19999  vol min/aver 0.973  load imb.: force  1.5%
           Step           Time
          20000       40.00000

   Energies (kJ/mol)
          Angle Ryckaert-Bell.          LJ-14     Coulomb-14        LJ (SR)
    4.24714e+03    1.01694e+03    6.62863e+02   -2.35826e+02    1.27483e+04
  Disper. corr.   Coulomb (SR)   Coul. recip.      Potential    Kinetic En.
   -1.08309e+03   -9.81073e+04    5.32781e+02   -8.02181e+04    1.97562e+04
   Total Energy  Conserved En.    Temperature Pres. DC (bar) Pressure (bar)
   -6.04619e+04   -7.79128e+04    2.99298e+02   -2.22312e+02    8.84167e+01
   Constr. rmsd
    3.82665e-06

           Step           Time
          20500       41.00000

   Energies (kJ/mol)
          Angle Ryckaert-Bell.          LJ-14     Coulomb-14        LJ (SR)
    4.21001e+03    1.06126e+03    6.85589e+02   -2.36384e+02    1.29244e+04
  Disper. corr.   Coulomb (SR)   Coul. recip.      Potential    Kinetic En.
   -1.08309e+03   -9.86265e+04    5.27429e+02   -8.05373e+04    1.97429e+04
   Total Energy  Conserved En.    Temperature Pres. DC (bar) Pressure (bar)
   -6.07945e+04   -7.79163e+04    2.99096e+02   -2.22312e+02    1.67835e+02
   Constr. rmsd
    3.95176e-06

           Step           Time
          21000       42.00000

   Energies (kJ/mol)
          Angle Ryckaert-Bell.          LJ-14     Coulomb-14        LJ (SR)
    4.26921e+03    1.03850e+03    6.73930e+02   -2.51069e+02    1.23224e+04
  Disper. corr.   Coulomb (SR)   Coul. recip.      Potential    Kinetic En.
   -1.08309e+03   -9.76542e+04    5.52155e+02   -8.01322e+04    1.95314e+04
   Total Energy  Conserved En.    Temperature Pres. DC (bar) Pressure (bar)
   -6.06007e+04   -7.79128e+04    2.95893e+02   -2.22312e+02   -3.63188e+02
   Constr. rmsd
    3.88357e-06

           Step           Time
          21500       43.00000

   Energies (kJ/mol)
          Angle Ryckaert-Bell.          LJ-14     Coulomb-14        LJ (SR)
    4.57168e+03    1.04838e+03    6.84463e+02   -2.43103e+02    1.22727e+04
  Disper. corr.   Coulomb (SR)   Coul. recip.      Potential    Kinetic En.
   -1.08309e+03   -9.72839e+04    5.55935e+02   -7.94769e+04    2.03282e+04
   Total Energy  Conserved En.    Temperature Pres. DC (bar) Pressure (bar)
   -5.91487e+04   -7.79107e+04    3.07963e+02   -2.22312e+02    1.39935e+01
   Constr. rmsd
    4.25776e-06


DD  step 21999  vol min/aver 0.970  load imb.: force  1.4%
           Step           Time
          22000       44.00000

   Energies (kJ/mol)
          Angle Ryckaert-Bell.          LJ-14     Coulomb-14        LJ (SR)
    4.39165e+03    9.76175e+02    6.78349e+02   -2.47689e+02    1.29353e+04
  Disper. corr.   Coulomb (SR)   Coul. recip.      Potential    Kinetic En.
   -1.08309e+03   -9.80577e+04    5.02848e+02   -7.99042e+04    1.94846e+04
   Total Energy  Conserved En.    Temperature Pres. DC (bar) Pressure (bar)
   -6.04196e+04   -7.79137e+04    2.95183e+02   -2.22312e+02    3.05090e+02
   Constr. rmsd
    3.89582e-06


step 22400 Turning off dynamic load balancing, because it is degrading performance.
Atom distribution over 8 domains: av 985 stddev 40 min 930 max 1031
           Step           Time
          22500       45.00000

   Energies (kJ/mol)
          Angle Ryckaert-Bell.          LJ-14     Coulomb-14        LJ (SR)
    4.54145e+03    1.07329e+03    6.79288e+02   -2.57904e+02    1.25218e+04
  Disper. corr.   Coulomb (SR)   Coul. recip.      Potential    Kinetic En.
   -1.08309e+03   -9.73977e+04    5.22430e+02   -7.94005e+04    2.01600e+04
   Total Energy  Conserved En.    Temperature Pres. DC (bar) Pressure (bar)
   -5.92405e+04   -7.79125e+04    3.05414e+02   -2.22312e+02    1.41099e+01
   Constr. rmsd
    4.07256e-06

           Step           Time
          23000       46.00000

   Energies (kJ/mol)
          Angle Ryckaert-Bell.          LJ-14     Coulomb-14        LJ (SR)
    4.42829e+03    1.04116e+03    6.77264e+02   -2.53036e+02    1.31075e+04
  Disper. corr.   Coulomb (SR)   Coul. recip.      Potential    Kinetic En.
   -1.08309e+03   -9.86035e+04    5.00409e+02   -8.01850e+04    2.01258e+04
   Total Energy  Conserved En.    Temperature Pres. DC (bar) Pressure (bar)
   -6.00592e+04   -7.79218e+04    3.04897e+02   -2.22312e+02   -4.31942e+01
   Constr. rmsd
    3.92701e-06

           Step           Time
          23500       47.00000

   Energies (kJ/mol)
          Angle Ryckaert-Bell.          LJ-14     Coulomb-14        LJ (SR)
    4.47193e+03    9.48807e+02    6.80561e+02   -2.42801e+02    1.29828e+04
  Disper. corr.   Coulomb (SR)   Coul. recip.      Potential    Kinetic En.
   -1.08309e+03   -9.85307e+04    5.69478e+02   -8.02030e+04    1.94429e+04
   Total Energy  Conserved En.    Temperature Pres. DC (bar) Pressure (bar)
   -6.07600e+04   -7.79137e+04    2.94552e+02   -2.22312e+02    1.76292e+02
   Constr. rmsd
    3.87806e-06


DD  step 23999 load imb.: force  6.1%
           Step           Time
          24000       48.00000

   Energies (kJ/mol)
          Angle Ryckaert-Bell.          LJ-14     Coulomb-14        LJ (SR)
    4.44007e+03    9.60689e+02    6.76880e+02   -2.47777e+02    1.29543e+04
  Disper. corr.   Coulomb (SR)   Coul. recip.      Potential    Kinetic En.
   -1.08309e+03   -9.83581e+04    5.15841e+02   -8.01412e+04    1.95261e+04
   Total Energy  Conserved En.    Temperature Pres. DC (bar) Pressure (bar)
   -6.06151e+04   -7.79194e+04    2.95812e+02   -2.22312e+02    2.69432e+02
   Constr. rmsd
    3.82411e-06

           Step           Time
          24500       49.00000

   Energies (kJ/mol)
          Angle Ryckaert-Bell.          LJ-14     Coulomb-14        LJ (SR)
    4.37475e+03    9.82773e+02    6.60266e+02   -2.50073e+02    1.26016e+04
  Disper. corr.   Coulomb (SR)   Coul. recip.      Potential    Kinetic En.
   -1.08309e+03   -9.79662e+04    5.54841e+02   -8.01252e+04    1.96499e+04
   Total Energy  Conserved En.    Temperature Pres. DC (bar) Pressure (bar)
   -6.04753e+04   -7.79265e+04    2.97688e+02   -2.22312e+02   -8.26185e+00
   Constr. rmsd
    3.64180e-06

           Step           Time
          25000       50.00000

   Energies (kJ/mol)
          Angle Ryckaert-Bell.          LJ-14     Coulomb-14        LJ (SR)
    4.36816e+03    9.94691e+02    6.66483e+02   -2.44863e+02    1.23046e+04
  Disper. corr.   Coulomb (SR)   Coul. recip.      Potential    Kinetic En.
   -1.08309e+03   -9.76983e+04    5.27995e+02   -8.01643e+04    1.96163e+04
   Total Energy  Conserved En.    Temperature Pres. DC (bar) Pressure (bar)
   -6.05480e+04   -7.79294e+04    2.97179e+02   -2.22312e+02   -1.49625e+02
   Constr. rmsd
    3.79716e-06

           Step           Time
          25500       51.00000

   Energies (kJ/mol)
          Angle Ryckaert-Bell.          LJ-14     Coulomb-14        LJ (SR)
    4.29866e+03    1.01879e+03    6.79037e+02   -2.44824e+02    1.25670e+04
  Disper. corr.   Coulomb (SR)   Coul. recip.      Potential    Kinetic En.
   -1.08309e+03   -9.82068e+04    5.55285e+02   -8.04159e+04    1.95972e+04
   Total Energy  Conserved En.    Temperature Pres. DC (bar) Pressure (bar)
   -6.08187e+04   -7.79405e+04    2.96889e+02   -2.22312e+02    1.87410e+01
   Constr. rmsd
    3.75980e-06


DD  step 25999 load imb.: force  5.7%
           Step           Time
          26000       52.00000

   Energies (kJ/mol)
          Angle Ryckaert-Bell.          LJ-14     Coulomb-14        LJ (SR)
    4.35843e+03    9.93206e+02    6.94272e+02   -2.44734e+02    1.23276e+04
  Disper. corr.   Coulomb (SR)   Coul. recip.      Potential    Kinetic En.
   -1.08309e+03   -9.76228e+04    5.25978e+02   -8.00512e+04    1.97005e+04
   Total Energy  Conserved En.    Temperature Pres. DC (bar) Pressure (bar)
   -6.03506e+04   -7.79534e+04    2.98455e+02   -2.22312e+02    1.30051e+02
   Constr. rmsd
    3.82387e-06

           Step           Time
          26500       53.00000

   Energies (kJ/mol)
          Angle Ryckaert-Bell.          LJ-14     Coulomb-14        LJ (SR)
    4.39822e+03    9.80606e+02    6.69297e+02   -2.53140e+02    1.28340e+04
  Disper. corr.   Coulomb (SR)   Coul. recip.      Potential    Kinetic En.
   -1.08309e+03   -9.79102e+04    5.17422e+02   -7.98468e+04    2.00582e+04
   Total Energy  Conserved En.    Temperature Pres. DC (bar) Pressure (bar)
   -5.97886e+04   -7.79575e+04    3.03873e+02   -2.22312e+02    5.69372e+01
   Constr. rmsd
    4.11873e-06

           Step           Time
          27000       54.00000

   Energies (kJ/mol)
          Angle Ryckaert-Bell.          LJ-14     Coulomb-14        LJ (SR)
    4.37635e+03    9.92327e+02    6.51525e+02   -2.49134e+02    1.28035e+04
  Disper. corr.   Coulomb (SR)   Coul. recip.      Potential    Kinetic En.
   -1.08309e+03   -9.82697e+04    5.04780e+02   -8.02735e+04    1.95805e+04
   Total Energy  Conserved En.    Temperature Pres. DC (bar) Pressure (bar)
   -6.06929e+04   -7.79587e+04    2.96636e+02   -2.22312e+02   -3.32988e+02
   Constr. rmsd
    3.77821e-06

           Step           Time
          27500       55.00000

   Energies (kJ/mol)
          Angle Ryckaert-Bell.          LJ-14     Coulomb-14        LJ (SR)
    4.35295e+03    1.04009e+03    6.72259e+02   -2.35190e+02    1.27059e+04
  Disper. corr.   Coulomb (SR)   Coul. recip.      Potential    Kinetic En.
   -1.08309e+03   -9.78277e+04    4.85398e+02   -7.98894e+04    1.94811e+04
   Total Energy  Conserved En.    Temperature Pres. DC (bar) Pressure (bar)
   -6.04083e+04   -7.79562e+04    2.95130e+02   -2.22312e+02   -2.63517e+01
   Constr. rmsd
    3.90782e-06


DD  step 27999 load imb.: force  6.3%
           Step           Time
          28000       56.00000

   Energies (kJ/mol)
          Angle Ryckaert-Bell.          LJ-14     Coulomb-14        LJ (SR)
    4.32443e+03    9.93402e+02    6.71813e+02   -2.36131e+02    1.30877e+04
  Disper. corr.   Coulomb (SR)   Coul. recip.      Potential    Kinetic En.
   -1.08309e+03   -9.86206e+04    5.59158e+02   -8.03033e+04    1.98384e+04
   Total Energy  Conserved En.    Temperature Pres. DC (bar) Pressure (bar)
   -6.04649e+04   -7.79602e+04    3.00543e+02   -2.22312e+02    3.88776e+02
   Constr. rmsd
    3.79542e-06

           Step           Time
          28500       57.00000

   Energies (kJ/mol)
          Angle Ryckaert-Bell.          LJ-14     Coulomb-14        LJ (SR)
    4.42814e+03    9.77779e+02    6.67865e+02   -2.34935e+02    1.27224e+04
  Disper. corr.   Coulomb (SR)   Coul. recip.      Potential    Kinetic En.
   -1.08309e+03   -9.82868e+04    5.15206e+02   -8.02934e+04    1.98470e+04
   Total Energy  Conserved En.    Temperature Pres. DC (bar) Pressure (bar)
   -6.04464e+04   -7.79539e+04    3.00674e+02   -2.22312e+02    5.94543e+01
   Constr. rmsd
    3.96092e-06

           Step           Time
          29000       58.00000

   Energies (kJ/mol)
          Angle Ryckaert-Bell.          LJ-14     Coulomb-14        LJ (SR)
    4.38570e+03    1.03886e+03    6.86091e+02   -2.41213e+02    1.31147e+04
  Disper. corr.   Coulomb (SR)   Coul. recip.      Potential    Kinetic En.
   -1.08309e+03   -9.84452e+04    5.37854e+02   -8.00063e+04    1.99110e+04
   Total Energy  Conserved En.    Temperature Pres. DC (bar) Pressure (bar)
   -6.00953e+04   -7.79782e+04    3.01643e+02   -2.22312e+02    4.50927e+02
   Constr. rmsd
    3.81593e-06

           Step           Time
          29500       59.00000

   Energies (kJ/mol)
          Angle Ryckaert-Bell.          LJ-14     Coulomb-14        LJ (SR)
    4.46838e+03    1.02018e+03    7.01288e+02   -2.45416e+02    1.26849e+04
  Disper. corr.   Coulomb (SR)   Coul. recip.      Potential    Kinetic En.
   -1.08309e+03   -9.82898e+04    5.24283e+02   -8.02192e+04    2.00992e+04
   Total Energy  Conserved En.    Temperature Pres. DC (bar) Pressure (bar)
   -6.01201e+04   -7.79769e+04    3.04493e+02   -2.22312e+02    2.10704e+02
   Constr. rmsd
    3.97805e-06


DD  step 29999 load imb.: force  5.0%
           Step           Time
          30000       60.00000

   Energies (kJ/mol)
          Angle Ryckaert-Bell.          LJ-14     Coulomb-14        LJ (SR)
    4.29317e+03    9.33884e+02    6.75034e+02   -2.48319e+02    1.29574e+04
  Disper. corr.   Coulomb (SR)   Coul. recip.      Potential    Kinetic En.
   -1.08309e+03   -9.85362e+04    5.20750e+02   -8.04874e+04    2.03791e+04
   Total Energy  Conserved En.    Temperature Pres. DC (bar) Pressure (bar)
   -6.01083e+04   -7.79957e+04    3.08734e+02   -2.22312e+02    3.56868e+02
   Constr. rmsd
    3.99010e-06

           Step           Time
          30500       61.00000

   Energies (kJ/mol)
          Angle Ryckaert-Bell.          LJ-14     Coulomb-14        LJ (SR)
    4.10576e+03    1.02995e+03    6.76624e+02   -2.43992e+02    1.29809e+04
  Disper. corr.   Coulomb (SR)   Coul. recip.      Potential    Kinetic En.
   -1.08309e+03   -9.82059e+04    5.30137e+02   -8.02096e+04    1.91112e+04
   Total Energy  Conserved En.    Temperature Pres. DC (bar) Pressure (bar)
   -6.10983e+04   -7.79858e+04    2.89527e+02   -2.22312e+02    2.46650e+02
   Constr. rmsd
    3.73779e-06

           Step           Time
          31000       62.00000

   Energies (kJ/mol)
          Angle Ryckaert-Bell.          LJ-14     Coulomb-14        LJ (SR)
    4.47610e+03    9.51446e+02    6.67672e+02   -2.38210e+02    1.33373e+04
  Disper. corr.   Coulomb (SR)   Coul. recip.      Potential    Kinetic En.
   -1.08309e+03   -9.92776e+04    4.96425e+02   -8.06700e+04    1.95420e+04
   Total Energy  Conserved En.    Temperature Pres. DC (bar) Pressure (bar)
   -6.11280e+04   -7.79805e+04    2.96052e+02   -2.22312e+02    1.34871e+02
   Constr. rmsd
    3.76415e-06

           Step           Time
          31500       63.00000

   Energies (kJ/mol)
          Angle Ryckaert-Bell.          LJ-14     Coulomb-14        LJ (SR)
    4.44807e+03    9.87688e+02    6.62182e+02   -2.40756e+02    1.22552e+04
  Disper. corr.   Coulomb (SR)   Coul. recip.      Potential    Kinetic En.
   -1.08309e+03   -9.77447e+04    5.27374e+02   -8.01881e+04    1.97261e+04
   Total Energy  Conserved En.    Temperature Pres. DC (bar) Pressure (bar)
   -6.04619e+04   -7.79852e+04    2.98842e+02   -2.22312e+02   -2.23351e+02
   Constr. rmsd
    3.86096e-06


DD  step 31999 load imb.: force  4.8%
           Step           Time
          32000       64.00000

   Energies (kJ/mol)
          Angle Ryckaert-Bell.          LJ-14     Coulomb-14        LJ (SR)
    4.54025e+03    1.02593e+03    6.93105e+02   -2.36216e+02    1.25300e+04
  Disper. corr.   Coulomb (SR)   Coul. recip.      Potential    Kinetic En.
   -1.08309e+03   -9.77659e+04    5.63060e+02   -7.97328e+04    1.96727e+04
   Total Energy  Conserved En.    Temperature Pres. DC (bar) Pressure (bar)
   -6.00601e+04   -7.79832e+04    2.98033e+02   -2.22312e+02    2.67607e+01
   Constr. rmsd
    3.99103e-06

           Step           Time
          32500       65.00000

   Energies (kJ/mol)
          Angle Ryckaert-Bell.          LJ-14     Coulomb-14        LJ (SR)
    4.69864e+03    1.06545e+03    6.88305e+02   -2.18345e+02    1.29797e+04
  Disper. corr.   Coulomb (SR)   Coul. recip.      Potential    Kinetic En.
   -1.08309e+03   -9.80611e+04    5.31434e+02   -7.93990e+04    2.01066e+04
   Total Energy  Conserved En.    Temperature Pres. DC (bar) Pressure (bar)
   -5.92925e+04   -7.79882e+04    3.04606e+02   -2.22312e+02    2.91006e+02
   Constr. rmsd
    3.80330e-06

           Step           Time
          33000       66.00000

   Energies (kJ/mol)
          Angle Ryckaert-Bell.          LJ-14     Coulomb-14        LJ (SR)
    4.48898e+03    1.02109e+03    6.77433e+02   -2.27693e+02    1.27606e+04
  Disper. corr.   Coulomb (SR)   Coul. recip.      Potential    Kinetic En.
   -1.08309e+03   -9.82429e+04    5.42691e+02   -8.00629e+04    1.99981e+04
   Total Energy  Conserved En.    Temperature Pres. DC (bar) Pressure (bar)
   -6.00649e+04   -7.79968e+04    3.02962e+02   -2.22312e+02    1.06796e+02
   Constr. rmsd
    3.89478e-06

           Step           Time
          33500       67.00000

   Energies (kJ/mol)
          Angle Ryckaert-Bell.          LJ-14     Coulomb-14        LJ (SR)
    4.37177e+03    1.06562e+03    6.58902e+02   -2.30099e+02    1.31566e+04
  Disper. corr.   Coulomb (SR)   Coul. recip.      Potential    Kinetic En.
   -1.08309e+03   -9.87404e+04    5.48674e+02   -8.02520e+04    1.98392e+04
   Total Energy  Conserved En.    Temperature Pres. DC (bar) Pressure (bar)
   -6.04128e+04   -7.80082e+04    3.00555e+02   -2.22312e+02    1.44610e+02
   Constr. rmsd
    3.85310e-06


DD  step 33999 load imb.: force  2.8%
           Step           Time
          34000       68.00000

   Energies (kJ/mol)
          Angle Ryckaert-Bell.          LJ-14     Coulomb-14        LJ (SR)
    4.35937e+03    1.04758e+03    6.71375e+02   -2.29884e+02    1.25763e+04
  Disper. corr.   Coulomb (SR)   Coul. recip.      Potential    Kinetic En.
   -1.08309e+03   -9.78296e+04    5.11628e+02   -7.99764e+04    2.01466e+04
   Total Energy  Conserved En.    Temperature Pres. DC (bar) Pressure (bar)
   -5.98298e+04   -7.80089e+04    3.05212e+02   -2.22312e+02    1.10256e+01
   Constr. rmsd
    4.03923e-06

           Step           Time
          34500       69.00000

   Energies (kJ/mol)
          Angle Ryckaert-Bell.          LJ-14     Coulomb-14        LJ (SR)
    4.39703e+03    1.05530e+03    6.85948e+02   -2.20286e+02    1.23816e+04
  Disper. corr.   Coulomb (SR)   Coul. recip.      Potential    Kinetic En.
   -1.08309e+03   -9.77655e+04    5.53285e+02   -7.99957e+04    1.95375e+04
   Total Energy  Conserved En.    Temperature Pres. DC (bar) Pressure (bar)
   -6.04581e+04   -7.80079e+04    2.95985e+02   -2.22312e+02    1.24661e+02
   Constr. rmsd
    3.88737e-06

           Step           Time
          35000       70.00000

   Energies (kJ/mol)
          Angle Ryckaert-Bell.          LJ-14     Coulomb-14        LJ (SR)
    4.54076e+03    1.08332e+03    6.89153e+02   -2.30640e+02    1.23133e+04
  Disper. corr.   Coulomb (SR)   Coul. recip.      Potential    Kinetic En.
   -1.08309e+03   -9.75814e+04    4.75267e+02   -7.97933e+04    2.02952e+04
   Total Energy  Conserved En.    Temperature Pres. DC (bar) Pressure (bar)
   -5.94981e+04   -7.80200e+04    3.07463e+02   -2.22312e+02   -2.37543e+02
   Constr. rmsd
    4.30184e-06

           Step           Time
          35500       71.00000

   Energies (kJ/mol)
          Angle Ryckaert-Bell.          LJ-14     Coulomb-14        LJ (SR)
    4.52079e+03    1.05951e+03    6.74106e+02   -2.29047e+02    1.29129e+04
  Disper. corr.   Coulomb (SR)   Coul. recip.      Potential    Kinetic En.
   -1.08309e+03   -9.75256e+04    5.09911e+02   -7.91605e+04    2.00705e+04
   Total Energy  Conserved En.    Temperature Pres. DC (bar) Pressure (bar)
   -5.90900e+04   -7.80179e+04    3.04059e+02   -2.22312e+02    4.44655e+02
   Constr. rmsd
    3.97341e-06


DD  step 35999 load imb.: force  3.2%
           Step           Time
          36000       72.00000

   Energies (kJ/mol)
          Angle Ryckaert-Bell.          LJ-14     Coulomb-14        LJ (SR)
    4.34734e+03    1.02763e+03    6.66445e+02   -2.25450e+02    1.26441e+04
  Disper. corr.   Coulomb (SR)   Coul. recip.      Potential    Kinetic En.
   -1.08309e+03   -9.79974e+04    5.33496e+02   -8.00869e+04    1.98974e+04
   Total Energy  Conserved En.    Temperature Pres. DC (bar) Pressure (bar)
   -6.01895e+04   -7.80258e+04    3.01437e+02   -2.22312e+02    1.85167e+02
   Constr. rmsd
    3.98533e-06

           Step           Time
          36500       73.00000

   Energies (kJ/mol)
          Angle Ryckaert-Bell.          LJ-14     Coulomb-14        LJ (SR)
    4.47308e+03    1.06707e+03    6.82286e+02   -2.23277e+02    1.27307e+04
  Disper. corr.   Coulomb (SR)   Coul. recip.      Potential    Kinetic En.
   -1.08309e+03   -9.77386e+04    5.45930e+02   -7.95459e+04    1.98147e+04
   Total Energy  Conserved En.    Temperature Pres. DC (bar) Pressure (bar)
   -5.97312e+04   -7.80235e+04    3.00184e+02   -2.22312e+02    5.18276e+01
   Constr. rmsd
    4.10310e-06

           Step           Time
          37000       74.00000

   Energies (kJ/mol)
          Angle Ryckaert-Bell.          LJ-14     Coulomb-14        LJ (SR)
    4.47823e+03    1.13120e+03    7.01074e+02   -2.23189e+02    1.25567e+04
  Disper. corr.   Coulomb (SR)   Coul. recip.      Potential    Kinetic En.
   -1.08309e+03   -9.76041e+04    5.36956e+02   -7.95062e+04    2.01001e+04
   Total Energy  Conserved En.    Temperature Pres. DC (bar) Pressure (bar)
   -5.94061e+04   -7.80296e+04    3.04508e+02   -2.22312e+02    6.46360e+01
   Constr. rmsd
    3.97034e-06

           Step           Time
          37500       75.00000

   Energies (kJ/mol)
          Angle Ryckaert-Bell.          LJ-14     Coulomb-14        LJ (SR)
    4.47262e+03    1.05549e+03    7.07016e+02   -2.27455e+02    1.26755e+04
  Disper. corr.   Coulomb (SR)   Coul. recip.      Potential    Kinetic En.
   -1.08309e+03   -9.79932e+04    5.22941e+02   -7.98702e+04    1.98420e+04
   Total Energy  Conserved En.    Temperature Pres. DC (bar) Pressure (bar)
   -6.00281e+04   -7.80232e+04    3.00598e+02   -2.22312e+02    1.83843e+02
   Constr. rmsd
    3.78599e-06


DD  step 37999 load imb.: force  3.1%
           Step           Time
          38000       76.00000

   Energies (kJ/mol)
          Angle Ryckaert-Bell.          LJ-14     Coulomb-14        LJ (SR)
    4.44844e+03    1.04667e+03    6.67191e+02   -2.20449e+02    1.31273e+04
  Disper. corr.   Coulomb (SR)   Coul. recip.      Potential    Kinetic En.
   -1.08309e+03   -9.84393e+04    5.17780e+02   -7.99355e+04    1.95073e+04
   Total Energy  Conserved En.    Temperature Pres. DC (bar) Pressure (bar)
   -6.04282e+04   -7.80176e+04    2.95526e+02   -2.22312e+02    4.76017e+02
   Constr. rmsd
    3.64111e-06

           Step           Time
          38500       77.00000

   Energies (kJ/mol)
          Angle Ryckaert-Bell.          LJ-14     Coulomb-14        LJ (SR)
    4.37836e+03    1.06400e+03    6.63295e+02   -2.23093e+02    1.30448e+04
  Disper. corr.   Coulomb (SR)   Coul. recip.      Potential    Kinetic En.
   -1.08309e+03   -9.83478e+04    5.32899e+02   -7.99706e+04    1.99752e+04
   Total Energy  Conserved En.    Temperature Pres. DC (bar) Pressure (bar)
   -5.99954e+04   -7.80346e+04    3.02616e+02   -2.22312e+02    3.55989e+02
   Constr. rmsd
    3.91384e-06

           Step           Time
          39000       78.00000

   Energies (kJ/mol)
          Angle Ryckaert-Bell.          LJ-14     Coulomb-14        LJ (SR)
    4.50882e+03    1.09766e+03    7.01267e+02   -2.18108e+02    1.29630e+04
  Disper. corr.   Coulomb (SR)   Coul. recip.      Potential    Kinetic En.
   -1.08309e+03   -9.76963e+04    5.17008e+02   -7.92098e+04    1.96718e+04
   Total Energy  Conserved En.    Temperature Pres. DC (bar) Pressure (bar)
   -5.95379e+04   -7.80307e+04    2.98020e+02   -2.22312e+02    5.49458e+02
   Constr. rmsd
    3.92469e-06

           Step           Time
          39500       79.00000

   Energies (kJ/mol)
          Angle Ryckaert-Bell.          LJ-14     Coulomb-14        LJ (SR)
    4.35800e+03    1.06703e+03    6.64601e+02   -2.12296e+02    1.32041e+04
  Disper. corr.   Coulomb (SR)   Coul. recip.      Potential    Kinetic En.
   -1.08309e+03   -9.86991e+04    5.30500e+02   -8.01703e+04    1.99649e+04
   Total Energy  Conserved En.    Temperature Pres. DC (bar) Pressure (bar)
   -6.02054e+04   -7.80380e+04    3.02460e+02   -2.22312e+02    2.04863e+02
   Constr. rmsd
    3.91559e-06


DD  step 39999 load imb.: force  3.1%
           Step           Time
          40000       80.00000

   Energies (kJ/mol)
          Angle Ryckaert-Bell.          LJ-14     Coulomb-14        LJ (SR)
    4.30883e+03    1.07289e+03    6.85748e+02   -2.12374e+02    1.24967e+04
  Disper. corr.   Coulomb (SR)   Coul. recip.      Potential    Kinetic En.
   -1.08309e+03   -9.79224e+04    5.10664e+02   -8.01430e+04    1.96162e+04
   Total Energy  Conserved En.    Temperature Pres. DC (bar) Pressure (bar)
   -6.05268e+04   -7.80515e+04    2.97177e+02   -2.22312e+02    1.24763e+01
   Constr. rmsd
    3.76979e-06

           Step           Time
          40500       81.00000

   Energies (kJ/mol)
          Angle Ryckaert-Bell.          LJ-14     Coulomb-14        LJ (SR)
    4.38499e+03    1.08333e+03    6.75833e+02   -2.13992e+02    1.26702e+04
  Disper. corr.   Coulomb (SR)   Coul. recip.      Potential    Kinetic En.
   -1.08309e+03   -9.82142e+04    4.97517e+02   -8.01994e+04    1.95441e+04
   Total Energy  Conserved En.    Temperature Pres. DC (bar) Pressure (bar)
   -6.06553e+04   -7.80427e+04    2.96085e+02   -2.22312e+02   -2.18618e+02
   Constr. rmsd
    3.87336e-06

           Step           Time
          41000       82.00000

   Energies (kJ/mol)
          Angle Ryckaert-Bell.          LJ-14     Coulomb-14        LJ (SR)
    4.34182e+03    1.10169e+03    6.80692e+02   -2.12548e+02    1.32267e+04
  Disper. corr.   Coulomb (SR)   Coul. recip.      Potential    Kinetic En.
   -1.08309e+03   -9.90649e+04    4.86639e+02   -8.05230e+04    1.99216e+04
   Total Energy  Conserved En.    Temperature Pres. DC (bar) Pressure (bar)
   -6.06015e+04   -7.80550e+04    3.01803e+02   -2.22312e+02    3.95135e+02
   Constr. rmsd
    3.86874e-06

           Step           Time
          41500       83.00000

   Energies (kJ/mol)
          Angle Ryckaert-Bell.          LJ-14     Coulomb-14        LJ (SR)
    4.45557e+03    1.06567e+03    6.91945e+02   -2.07078e+02    1.26154e+04
  Disper. corr.   Coulomb (SR)   Coul. recip.      Potential    Kinetic En.
   -1.08309e+03   -9.79593e+04    5.73214e+02   -7.98476e+04    1.95642e+04
   Total Energy  Conserved En.    Temperature Pres. DC (bar) Pressure (bar)
   -6.02834e+04   -7.80387e+04    2.96388e+02   -2.22312e+02    3.17135e+02
   Constr. rmsd
    3.74538e-06


DD  step 41999 load imb.: force  2.0%
           Step           Time
          42000       84.00000

   Energies (kJ/mol)
          Angle Ryckaert-Bell.          LJ-14     Coulomb-14        LJ (SR)
    4.41348e+03    1.11358e+03    6.48458e+02   -2.13539e+02    1.26107e+04
  Disper. corr.   Coulomb (SR)   Coul. recip.      Potential    Kinetic En.
   -1.08309e+03   -9.78127e+04    5.37231e+02   -7.97858e+04    1.97565e+04
   Total Energy  Conserved En.    Temperature Pres. DC (bar) Pressure (bar)
   -6.00293e+04   -7.80566e+04    2.99303e+02   -2.22312e+02   -3.12166e+02
   Constr. rmsd
    4.06186e-06

           Step           Time
          42500       85.00000

   Energies (kJ/mol)
          Angle Ryckaert-Bell.          LJ-14     Coulomb-14        LJ (SR)
    4.29923e+03    1.01735e+03    6.32353e+02   -2.11616e+02    1.28293e+04
  Disper. corr.   Coulomb (SR)   Coul. recip.      Potential    Kinetic En.
   -1.08309e+03   -9.83208e+04    5.22744e+02   -8.03145e+04    1.97153e+04
   Total Energy  Conserved En.    Temperature Pres. DC (bar) Pressure (bar)
   -6.05992e+04   -7.80616e+04    2.98677e+02   -2.22312e+02   -2.03731e+02
   Constr. rmsd
    3.82680e-06

           Step           Time
          43000       86.00000

   Energies (kJ/mol)
          Angle Ryckaert-Bell.          LJ-14     Coulomb-14        LJ (SR)
    4.40112e+03    1.11003e+03    7.10092e+02   -2.25863e+02    1.32015e+04
  Disper. corr.   Coulomb (SR)   Coul. recip.      Potential    Kinetic En.
   -1.08309e+03   -9.82632e+04    5.01377e+02   -7.96481e+04    1.99295e+04
   Total Energy  Conserved En.    Temperature Pres. DC (bar) Pressure (bar)
   -5.97187e+04   -7.80606e+04    3.01922e+02   -2.22312e+02    5.68976e+02
   Constr. rmsd
    3.84294e-06

           Step           Time
          43500       87.00000

   Energies (kJ/mol)
          Angle Ryckaert-Bell.          LJ-14     Coulomb-14        LJ (SR)
    4.31355e+03    1.05903e+03    6.56509e+02   -2.15103e+02    1.23650e+04
  Disper. corr.   Coulomb (SR)   Coul. recip.      Potential    Kinetic En.
   -1.08309e+03   -9.76542e+04    5.37538e+02   -8.00207e+04    1.97432e+04
   Total Energy  Conserved En.    Temperature Pres. DC (bar) Pressure (bar)
   -6.02775e+04   -7.80729e+04    2.99100e+02   -2.22312e+02   -1.60452e+02
   Constr. rmsd
    3.78390e-06


DD  step 43999 load imb.: force  2.7%
           Step           Time
          44000       88.00000

   Energies (kJ/mol)
          Angle Ryckaert-Bell.          LJ-14     Coulomb-14        LJ (SR)
    4.27294e+03    1.04745e+03    6.77347e+02   -2.26818e+02    1.36957e+04
  Disper. corr.   Coulomb (SR)   Coul. recip.      Potential    Kinetic En.
   -1.08309e+03   -9.93419e+04    5.46751e+02   -8.04116e+04    1.92612e+04
   Total Energy  Conserved En.    Temperature Pres. DC (bar) Pressure (bar)
   -6.11503e+04   -7.80646e+04    2.91799e+02   -2.22312e+02    6.13278e+02
   Constr. rmsd
    3.77769e-06

           Step           Time
          44500       89.00000

   Energies (kJ/mol)
          Angle Ryckaert-Bell.          LJ-14     Coulomb-14        LJ (SR)
    4.29438e+03    1.11384e+03    6.91642e+02   -2.25275e+02    1.31802e+04
  Disper. corr.   Coulomb (SR)   Coul. recip.      Potential    Kinetic En.
   -1.08309e+03   -9.84430e+04    5.33729e+02   -7.99376e+04    1.96318e+04
   Total Energy  Conserved En.    Temperature Pres. DC (bar) Pressure (bar)
   -6.03057e+04   -7.80731e+04    2.97413e+02   -2.22312e+02    4.09742e+02
   Constr. rmsd
    3.99644e-06

           Step           Time
          45000       90.00000

   Energies (kJ/mol)
          Angle Ryckaert-Bell.          LJ-14     Coulomb-14        LJ (SR)
    4.32113e+03    1.07646e+03    6.73018e+02   -2.30365e+02    1.23774e+04
  Disper. corr.   Coulomb (SR)   Coul. recip.      Potential    Kinetic En.
   -1.08309e+03   -9.77936e+04    5.11014e+02   -8.01481e+04    1.92712e+04
   Total Energy  Conserved En.    Temperature Pres. DC (bar) Pressure (bar)
   -6.08769e+04   -7.80839e+04    2.91950e+02   -2.22312e+02   -1.85911e+02
   Constr. rmsd
    3.87686e-06

           Step           Time
          45500       91.00000

   Energies (kJ/mol)
          Angle Ryckaert-Bell.          LJ-14     Coulomb-14        LJ (SR)
    4.43237e+03    1.06886e+03    6.65831e+02   -2.16645e+02    1.27431e+04
  Disper. corr.   Coulomb (SR)   Coul. recip.      Potential    Kinetic En.
   -1.08309e+03   -9.80288e+04    5.01356e+02   -7.99170e+04    1.99810e+04
   Total Energy  Conserved En.    Temperature Pres. DC (bar) Pressure (bar)
   -5.99361e+04   -7.80783e+04    3.02703e+02   -2.22312e+02    8.33013e+01
   Constr. rmsd
    3.96563e-06


DD  step 45999 load imb.: force  4.3%
           Step           Time
          46000       92.00000

   Energies (kJ/mol)
          Angle Ryckaert-Bell.          LJ-14     Coulomb-14        LJ (SR)
    4.45936e+03    1.06030e+03    6.77215e+02   -2.05753e+02    1.32176e+04
  Disper. corr.   Coulomb (SR)   Coul. recip.      Potential    Kinetic En.
   -1.08309e+03   -9.85891e+04    5.20962e+02   -7.99426e+04    1.98162e+04
   Total Energy  Conserved En.    Temperature Pres. DC (bar) Pressure (bar)
   -6.01263e+04   -7.80889e+04    3.00207e+02   -2.22312e+02    5.03135e+02
   Constr. rmsd
    3.86849e-06

           Step           Time
          46500       93.00000

   Energies (kJ/mol)
          Angle Ryckaert-Bell.          LJ-14     Coulomb-14        LJ (SR)
    4.35954e+03    1.01943e+03    6.74704e+02   -2.18138e+02    1.34173e+04
  Disper. corr.   Coulomb (SR)   Coul. recip.      Potential    Kinetic En.
   -1.08309e+03   -9.89672e+04    5.22604e+02   -8.02749e+04    1.97909e+04
   Total Energy  Conserved En.    Temperature Pres. DC (bar) Pressure (bar)
   -6.04840e+04   -7.80769e+04    2.99823e+02   -2.22312e+02    6.53846e+02
   Constr. rmsd
    3.94109e-06

           Step           Time
          47000       94.00000

   Energies (kJ/mol)
          Angle Ryckaert-Bell.          LJ-14     Coulomb-14        LJ (SR)
    4.47754e+03    1.02019e+03    6.68434e+02   -2.24026e+02    1.30750e+04
  Disper. corr.   Coulomb (SR)   Coul. recip.      Potential    Kinetic En.
   -1.08309e+03   -9.86314e+04    5.10186e+02   -8.01872e+04    1.97192e+04
   Total Energy  Conserved En.    Temperature Pres. DC (bar) Pressure (bar)
   -6.04680e+04   -7.80956e+04    2.98738e+02   -2.22312e+02   -1.29692e+01
   Constr. rmsd
    3.92661e-06

           Step           Time
          47500       95.00000

   Energies (kJ/mol)
          Angle Ryckaert-Bell.          LJ-14     Coulomb-14        LJ (SR)
    4.37294e+03    1.05072e+03    6.90258e+02   -2.26035e+02    1.30507e+04
  Disper. corr.   Coulomb (SR)   Coul. recip.      Potential    Kinetic En.
   -1.08309e+03   -9.84429e+04    5.19772e+02   -8.00676e+04    1.93585e+04
   Total Energy  Conserved En.    Temperature Pres. DC (bar) Pressure (bar)
   -6.07091e+04   -7.80850e+04    2.93273e+02   -2.22312e+02    2.69517e+02
   Constr. rmsd
    3.81237e-06


DD  step 47999 load imb.: force  2.9%
           Step           Time
          48000       96.00000

   Energies (kJ/mol)
          Angle Ryckaert-Bell.          LJ-14     Coulomb-14        LJ (SR)
    4.33140e+03    1.06665e+03    6.94298e+02   -2.21576e+02    1.30520e+04
  Disper. corr.   Coulomb (SR)   Coul. recip.      Potential    Kinetic En.
   -1.08309e+03   -9.87367e+04    4.88808e+02   -8.04083e+04    2.02361e+04
   Total Energy  Conserved En.    Temperature Pres. DC (bar) Pressure (bar)
   -6.01722e+04   -7.81048e+04    3.06568e+02   -2.22312e+02    2.78326e+02
   Constr. rmsd
    3.88437e-06

           Step           Time
          48500       97.00000

   Energies (kJ/mol)
          Angle Ryckaert-Bell.          LJ-14     Coulomb-14        LJ (SR)
    4.34220e+03    1.00871e+03    6.62416e+02   -2.28687e+02    1.27736e+04
  Disper. corr.   Coulomb (SR)   Coul. recip.      Potential    Kinetic En.
   -1.08309e+03   -9.83086e+04    5.25269e+02   -8.03082e+04    1.95212e+04
   Total Energy  Conserved En.    Temperature Pres. DC (bar) Pressure (bar)
   -6.07870e+04   -7.81054e+04    2.95738e+02   -2.22312e+02    1.38079e+01
   Constr. rmsd
    3.75525e-06

           Step           Time
          49000       98.00000

   Energies (kJ/mol)
          Angle Ryckaert-Bell.          LJ-14     Coulomb-14        LJ (SR)
    4.37191e+03    1.04700e+03    6.82952e+02   -2.24113e+02    1.30872e+04
  Disper. corr.   Coulomb (SR)   Coul. recip.      Potential    Kinetic En.
   -1.08309e+03   -9.90753e+04    5.35685e+02   -8.06578e+04    1.92376e+04
   Total Energy  Conserved En.    Temperature Pres. DC (bar) Pressure (bar)
   -6.14202e+04   -7.81002e+04    2.91441e+02   -2.22312e+02    1.38559e+02
   Constr. rmsd
    3.65622e-06

           Step           Time
          49500       99.00000

   Energies (kJ/mol)
          Angle Ryckaert-Bell.          LJ-14     Coulomb-14        LJ (SR)
    4.47730e+03    9.92761e+02    6.48210e+02   -2.31756e+02    1.33892e+04
  Disper. corr.   Coulomb (SR)   Coul. recip.      Potential    Kinetic En.
   -1.08309e+03   -9.89884e+04    5.40467e+02   -8.02553e+04    1.98211e+04
   Total Energy  Conserved En.    Temperature Pres. DC (bar) Pressure (bar)
   -6.04342e+04   -7.80996e+04    3.00281e+02   -2.22312e+02    2.93916e+02
   Constr. rmsd
    3.92202e-06


DD  step 49999 load imb.: force  4.2%
           Step           Time
          50000      100.00000

Writing checkpoint, step 50000 at Sun Apr 23 21:22:26 2023


   Energies (kJ/mol)
          Angle Ryckaert-Bell.          LJ-14     Coulomb-14        LJ (SR)
    4.35187e+03    1.01916e+03    6.92855e+02   -2.37689e+02    1.38451e+04
  Disper. corr.   Coulomb (SR)   Coul. recip.      Potential    Kinetic En.
   -1.08309e+03   -9.93333e+04    5.06631e+02   -8.02384e+04    2.00955e+04
   Total Energy  Conserved En.    Temperature Pres. DC (bar) Pressure (bar)
   -6.01429e+04   -7.81043e+04    3.04439e+02   -2.22312e+02    1.03979e+03
   Constr. rmsd
    3.92554e-06


Energy conservation over simulation part #1 of length 100 ns, time 0 to 100 ns
  Conserved energy drift: -2.59e-05 kJ/mol/ps per atom


	<======  ###############  ==>
	<====  A V E R A G E S  ====>
	<==  ###############  ======>

	Statistics over 50001 steps using 501 frames

   Energies (kJ/mol)
          Angle Ryckaert-Bell.          LJ-14     Coulomb-14        LJ (SR)
    4.37940e+03    1.01137e+03    6.73606e+02   -2.44585e+02    1.28664e+04
  Disper. corr.   Coulomb (SR)   Coul. recip.      Potential    Kinetic En.
   -1.08309e+03   -9.82309e+04    5.21128e+02   -8.01066e+04    1.97823e+04
   Total Energy  Conserved En.    Temperature Pres. DC (bar) Pressure (bar)
   -6.03243e+04   -7.79378e+04    2.99693e+02   -2.22312e+02    1.75539e+02
   Constr. rmsd
    0.00000e+00

   Total Virial (kJ/mol)
    6.24342e+03    3.65125e+01    7.85026e+01
    3.65448e+01    6.26803e+03    1.46942e+01
    7.85267e+01    1.45602e+01    5.98644e+03

   Pressure (bar)
    1.36081e+02   -1.61006e+01   -3.37431e+01
   -1.61138e+01    1.26157e+02   -4.73423e+00
   -3.37530e+01   -4.67929e+00    2.64380e+02

          T-HEX          T-SOL
    2.99883e+02    2.99604e+02


	M E G A - F L O P S   A C C O U N T I N G

 NB=Group-cutoff nonbonded kernels    NxN=N-by-N cluster Verlet kernels
 RF=Reaction-Field  VdW=Van der Waals  QSTab=quadratic-spline table
 W3=SPC/TIP3p  W4=TIP4p (single or pairs)
 V&F=Potential and force  V=Potential only  F=Force only

 Computing:                               M-Number         M-Flops  % Flops
-----------------------------------------------------------------------------
 Pair Search distance check            2043.213668       18388.923     0.1
 NxN Ewald Elec. + LJ [F]            152274.745040    10050133.173    63.3
 NxN Ewald Elec. + LJ [V&F]            1541.113232      164899.116     1.0
 NxN Ewald Elec. [F]                  81954.276528     4999210.868    31.5
 NxN Ewald Elec. [V&F]                  829.482192       69676.504     0.4
 1,4 nonbonded interactions             279.005580       25110.502     0.2
 Calc Weights                          1182.023640       42552.851     0.3
 Spread Q Bspline                     25216.504320       50433.009     0.3
 Gather F Bspline                     25216.504320      151299.026     1.0
 3D-FFT                               16693.533864      133548.271     0.8
 Solve PME                              102.402048        6553.731     0.0
 Reset In Box                             4.909240          14.728     0.0
 CG-CoM                                   4.940760          14.822     0.0
 Angles                                 223.204464       37498.350     0.2
 RB-Dihedrals                           279.005580       68914.378     0.4
 Virial                                   4.128240          74.308     0.0
 Stop-CM                                  3.955760          39.558     0.0
 Calc-Ekin                               78.815760        2128.026     0.0
 Lincs                                  172.696592       10361.796     0.1
 Lincs-Mat                             3918.454416       15673.818     0.1
 Constraint-V                           644.104878        5796.944     0.0
 Constraint-Vir                           4.722973         113.351     0.0
 Settle                                  99.574747       36842.656     0.2
-----------------------------------------------------------------------------
 Total                                                15889278.708   100.0
-----------------------------------------------------------------------------


    D O M A I N   D E C O M P O S I T I O N   S T A T I S T I C S

 av. #atoms communicated per step for force:  2 x 12024.2
 av. #atoms communicated per step for LINCS:  2 x 1758.3


Dynamic load balancing report:
 DLB was off during the run due to low measured imbalance.
 Average load imbalance: 2.7%.
 The balanceable part of the MD step is 68%, load imbalance is computed from this.
 Part of the total run time spent waiting due to load imbalance: 1.9%.


     R E A L   C Y C L E   A N D   T I M E   A C C O U N T I N G

On 8 MPI ranks

 Computing:          Num   Num      Call    Wall time         Giga-Cycles
                     Ranks Threads  Count      (s)         total sum    %
-----------------------------------------------------------------------------
 Domain decomp.         8    1        626       1.656         14.752   0.8
 DD comm. load          8    1        161       0.004          0.039   0.0
 DD comm. bounds        8    1        138       0.007          0.064   0.0
 Neighbor search        8    1        626       2.745         24.453   1.3
 Comm. coord.           8    1      49375       3.877         34.539   1.8
 Force                  8    1      50001     125.024       1113.800  57.0
 Wait + Comm. F         8    1      50001       1.897         16.897   0.9
 PME mesh               8    1      50001      68.644        611.523  31.3
 NB X/F buffer ops.     8    1     148751       1.614         14.380   0.7
 Write traj.            8    1        101       0.173          1.545   0.1
 Update                 8    1      50001       0.611          5.441   0.3
 Constraints            8    1      50003      12.228        108.937   5.6
 Comm. energies         8    1       5001       0.560          4.991   0.3
 Rest                                           0.483          4.300   0.2
-----------------------------------------------------------------------------
 Total                                        219.523       1955.659 100.0
-----------------------------------------------------------------------------
 Breakdown of PME mesh computation
-----------------------------------------------------------------------------
 PME redist. X/F        8    1     100002      42.895        382.134  19.5
 PME spread             8    1      50001      10.878         96.907   5.0
 PME gather             8    1      50001       7.329         65.291   3.3
 PME 3D-FFT             8    1     100002       3.173         28.263   1.4
 PME 3D-FFT Comm.       8    1     100002       3.843         34.233   1.8
 PME solve Elec         8    1      50001       0.461          4.109   0.2
-----------------------------------------------------------------------------

               Core t (s)   Wall t (s)        (%)
       Time:     1756.128      219.523      800.0
                 (ns/day)    (hour/ns)
Performance:       39.359        0.610
Finished mdrun on rank 0 Sun Apr 23 21:22:26 2023

