            --------------------------------------------------------
                             AMBER SQM VERSION 19
 
                                     By
              Ross C. Walker, Michael F. Crowley, Scott Brozell,
                         Tim Giese, Andreas W. Goetz,
                        Tai-Sung Lee and David A. Case
 
            --------------------------------------------------------
 

--------------------------------------------------------------------------------
  QM CALCULATION INFO
--------------------------------------------------------------------------------

| QMMM: Citation for AMBER QMMM Run:
| QMMM: R.C. Walker, M.F. Crowley and D.A. Case, J. COMP. CHEM. 29:1019, 2008

QMMM: SINGLET STATE CALCULATION
QMMM: RHF CALCULATION, NO. OF DOUBLY OCCUPIED LEVELS = 19

| QMMM: *** Selected Hamiltonian *** 
| QMMM: AM1         

| QMMM: *** Parameter sets in use ***
| QMMM: C : M.J.S.DEWAR et al. JACS, 107, 3902, (1985)
| QMMM: H : M.J.S.DEWAR et al. JACS, 107, 3902, (1985)

| QMMM: *** SCF convergence criteria ***
| QMMM: Energy change                :  0.1D-09 kcal/mol
| QMMM: Error matrix |FP-PF|         :  0.1D+00 au
| QMMM: Density matrix change        :  0.5D-06
| QMMM: Maximum number of SCF cycles :     1000

| QMMM: *** Diagonalization Routine Information ***
| QMMM: Pseudo diagonalizations are allowed.
| QMMM: Auto diagonalization routine selection is in use.
| QMMM:
| QMMM: Timing diagonalization routines:
| QMMM:                              norbs =       38
| QMMM:    diag iterations used for timing =       20
| QMMM:
| QMMM:              Internal diag routine = 0.003831 seconds
| QMMM:                 Dspev diag routine = 0.022543 seconds
| QMMM:                Dspevd diag routine = 0.009851 seconds
| QMMM:                Dspevx diag routine = 0.022276 seconds
| QMMM:                 Dsyev diag routine = 0.011098 seconds
| QMMM:                Dsyevd diag routine = 0.010551 seconds
| QMMM:                Dsyevr diag routine = 0.007097 seconds
| QMMM:
| QMMM:                Pseudo diag routine = 0.001190 seconds
| QMMM:
| QMMM: Using internal diagonalization routine (diag_routine=1).

  QMMM: QM Region Cartesian Coordinates (*=link atom) 
  QMMM: QM_NO.   MM_NO.  ATOM         X         Y         Z
  QMMM:     1        1      C       -8.1550    0.5350   -0.1160
  QMMM:     2        2      C       -6.8140    0.1050    0.4710
  QMMM:     3        3      H       -8.2130    0.2570   -1.1900
  QMMM:     4        4      H       -8.2870    1.6330   -0.0160
  QMMM:     5        5      H       -8.9790    0.0260    0.4270
  QMMM:     6        6      C       -5.6480    0.7870   -0.2540
  QMMM:     7        7      H       -6.7920    0.3750    1.5500
  QMMM:     8        8      H       -6.7180   -0.9980    0.3770
  QMMM:     9        9      C       -4.3020    0.3540    0.3390
  QMMM:    10       10      H       -5.6780    0.5170   -1.3330
  QMMM:    11       11      H       -5.7530    1.8910   -0.1590
  QMMM:    12       12      C       -3.1370    1.0360   -0.3860
  QMMM:    13       13      H       -4.1980   -0.7500    0.2440
  QMMM:    14       14      H       -4.2720    0.6250    1.4180
  QMMM:    15       15      C       -1.7950    0.6070    0.2020
  QMMM:    16       16      H       -3.2330    2.1400   -0.2920
  QMMM:    17       17      H       -3.1580    0.7660   -1.4650
  QMMM:    18       18      H       -1.7380    0.8850    1.2760
  QMMM:    19       19      H       -0.9710    1.1150   -0.3420
  QMMM:    20       20      H       -1.6630   -0.4920    0.1010

--------------------------------------------------------------------------------
  RESULTS
--------------------------------------------------------------------------------

      iter         sqm energy              rms gradient
      ----    -------------------    -----------------------
xmin    10      -44.9328 kcal/mol        0.0009 kcal/(mol*A)
  ... geometry converged !
 
 Final MO eigenvalues (eV):
 -37.2410  -34.1015  -29.5975  -24.8568  -21.6727  -21.5205  -16.6400  -15.1980
 -15.1453  -14.6251  -13.4856  -13.3905  -13.1535  -12.1060  -12.0444  -11.7526
 -11.3759  -11.3389  -11.0846    3.7353    3.7406    4.0085    4.2638    4.2649
   4.3829    4.5691    4.6650    4.7365    4.7725    4.9401    4.9690    5.0800
   5.1033    5.1882    5.2161    5.2954    5.3375    5.3893

 Heat of formation   =        -44.93282194 kcal/mol  (       -1.94843337 eV)

 Total SCF energy    =     -22195.88101720 kcal/mol  (     -962.48562583 eV)
 Electronic energy   =    -100383.49180470 kcal/mol  (    -4352.95485038 eV)
 Core-core repulsion =      78187.61078750 kcal/mol  (     3390.46922456 eV)
 
    Atomic Charges for Step       1 :
  Atom    Element       Mulliken Charge
     1      C                 -0.210
     2      C                 -0.159
     3      H                  0.072
     4      H                  0.072
     5      H                  0.072
     6      C                 -0.158
     7      H                  0.078
     8      H                  0.078
     9      C                 -0.158
    10      H                  0.078
    11      H                  0.078
    12      C                 -0.159
    13      H                  0.078
    14      H                  0.078
    15      C                 -0.210
    16      H                  0.078
    17      H                  0.078
    18      H                  0.072
    19      H                  0.072
    20      H                  0.072
 Total Mulliken Charge =      -0.000
 
                  X        Y        Z     TOTAL  
  QM DIPOLE    -0.000    0.000    0.000    0.000
 
 Final Structure

  QMMM: QM Region Cartesian Coordinates (*=link atom) 
  QMMM: QM_NO.   MM_NO.  ATOM         X         Y         Z
  QMMM:     1        1      C       -8.1216    0.5337   -0.1131
  QMMM:     2        2      C       -6.7950    0.1124    0.4640
  QMMM:     3        3      H       -8.1850    0.2631   -1.1949
  QMMM:     4        4      H       -8.2590    1.6383   -0.0207
  QMMM:     5        5      H       -8.9582    0.0280    0.4266
  QMMM:     6        6      C       -5.6403    0.7835   -0.2490
  QMMM:     7        7      H       -6.7600    0.3697    1.5557
  QMMM:     8        8      H       -6.6861   -1.0017    0.3844
  QMMM:     9        9      C       -4.3101    0.3577    0.3340
  QMMM:    10       10      H       -5.6726    0.5259   -1.3405
  QMMM:    11       11      H       -5.7467    1.8975   -0.1695
  QMMM:    12       12      C       -3.1554    1.0289   -0.3789
  QMMM:    13       13      H       -4.2036   -0.7563    0.2544
  QMMM:    14       14      H       -4.2778    0.6152    1.4255
  QMMM:    15       15      C       -1.8288    0.6080    0.1986
  QMMM:    16       16      H       -3.2645    2.1429   -0.2998
  QMMM:    17       17      H       -3.1901    0.7712   -1.4706
  QMMM:    18       18      H       -1.7657    0.8789    1.2803
  QMMM:    19       19      H       -0.9922    1.1138   -0.3410
  QMMM:    20       20      H       -1.6912   -0.4966    0.1065

           --------- Calculation Completed ----------

