                       :-) GROMACS - gmx mdrun, 2021 (-:

                            GROMACS is written by:
     Andrey Alekseenko              Emile Apol              Rossen Apostolov     
         Paul Bauer           Herman J.C. Berendsen           Par Bjelkmar       
       Christian Blau           Viacheslav Bolnykh             Kevin Boyd        
     Aldert van Buuren           Rudi van Drunen             Anton Feenstra      
    Gilles Gouaillardet             Alan Gray               Gerrit Groenhof      
       Anca Hamuraru            Vincent Hindriksen          M. Eric Irrgang      
      Aleksei Iupinov           Christoph Junghans             Joe Jordan        
    Dimitrios Karkoulis            Peter Kasson                Jiri Kraus        
      Carsten Kutzner              Per Larsson              Justin A. Lemkul     
       Viveca Lindahl            Magnus Lundborg             Erik Marklund       
        Pascal Merz             Pieter Meulenhoff            Teemu Murtola       
        Szilard Pall               Sander Pronk              Roland Schulz       
       Michael Shirts            Alexey Shvetsov             Alfons Sijbers      
       Peter Tieleman              Jon Vincent              Teemu Virolainen     
     Christian Wennberg            Maarten Wolf              Artem Zhmurov       
                           and the project leaders:
        Mark Abraham, Berk Hess, Erik Lindahl, and David van der Spoel

Copyright (c) 1991-2000, University of Groningen, The Netherlands.
Copyright (c) 2001-2019, The GROMACS development team at
Uppsala University, Stockholm University and
the Royal Institute of Technology, Sweden.
check out http://www.gromacs.org for more information.

GROMACS is free software; you can redistribute it and/or modify it
under the terms of the GNU Lesser General Public License
as published by the Free Software Foundation; either version 2.1
of the License, or (at your option) any later version.

GROMACS:      gmx mdrun, version 2021
Executable:   /usr/local/gromacs/bin/gmx
Data prefix:  /usr/local/gromacs
Working dir:  /Users/admin/Documents/GitHub/CHE4597-project/data/interfaces/add-cationic
Process ID:   15084
Command line:
  gmx mdrun -deffnm nvt

GROMACS version:    2021
Verified release checksum is 3e06a5865d6ff726fc417dea8d55afd37ac3cbb94c02c54c76d7a881c49c5dd8
Precision:          mixed
Memory model:       64 bit
MPI library:        thread_mpi
OpenMP support:     disabled
GPU support:        disabled
SIMD instructions:  AVX2_256
FFT library:        fftw-3.3.8-sse2
RDTSCP usage:       enabled
TNG support:        enabled
Hwloc support:      disabled
Tracing support:    disabled
C compiler:         /Library/Developer/CommandLineTools/usr/bin/cc AppleClang 12.0.5.12050022
C compiler flags:   -mavx2 -mfma -Wno-unknown-pragmas -Wno-missing-field-initializers -fno-stack-check -fno-stack-check -O3 -DNDEBUG
C++ compiler:       /Library/Developer/CommandLineTools/usr/bin/c++ AppleClang 12.0.5.12050022
C++ compiler flags: -mavx2 -mfma -Wno-unknown-pragmas -Wno-missing-field-initializers -fno-stack-check -fno-stack-check -Weverything -Wno-c++98-compat -Wno-c++98-compat-pedantic -Wno-source-uses-openmp -Wno-c++17-extensions -Wno-documentation-unknown-command -Wno-covered-switch-default -Wno-switch-enum -Wno-extra-semi-stmt -Wno-disabled-macro-expansion -Wno-cast-align -Wno-reserved-id-macro -Wno-global-constructors -Wno-exit-time-destructors -Wno-unused-macros -Wno-weak-vtables -Wno-conditional-uninitialized -Wno-format-nonliteral -Wno-shadow -Wno-cast-qual -Wno-documentation -Wno-used-but-marked-unused -Wno-padded -Wno-float-equal -Wno-old-style-cast -Wno-conversion -Wno-double-promotion -O3 -DNDEBUG


Running on 1 node with total 8 cores, 8 logical cores
Hardware detected:
  CPU info:
    Vendor: Intel
    Brand:  Intel(R) Core(TM) i5-1030NG7 CPU @ 1.10GHz
    Family: 6   Model: 126   Stepping: 5
    Features: aes apic avx avx2 avx512f avx512cd avx512bw avx512vl clfsh cmov cx8 cx16 f16c fma htt intel lahf mmx msr nonstop_tsc pcid pclmuldq pdcm pdpe1gb popcnt pse rdrnd rdtscp sha sse2 sse3 sse4.1 sse4.2 ssse3 tdt x2apic
    Number of AVX-512 FMA units: 1 (AVX2 is faster w/o 2 AVX-512 FMA units)
  Hardware topology: Only logical processor count


++++ PLEASE READ AND CITE THE FOLLOWING REFERENCE ++++
M. J. Abraham, T. Murtola, R. Schulz, S. Páll, J. C. Smith, B. Hess, E.
Lindahl
GROMACS: High performance molecular simulations through multi-level
parallelism from laptops to supercomputers
SoftwareX 1 (2015) pp. 19-25
-------- -------- --- Thank You --- -------- --------


++++ PLEASE READ AND CITE THE FOLLOWING REFERENCE ++++
S. Páll, M. J. Abraham, C. Kutzner, B. Hess, E. Lindahl
Tackling Exascale Software Challenges in Molecular Dynamics Simulations with
GROMACS
In S. Markidis & E. Laure (Eds.), Solving Software Challenges for Exascale 8759 (2015) pp. 3-27
-------- -------- --- Thank You --- -------- --------


++++ PLEASE READ AND CITE THE FOLLOWING REFERENCE ++++
S. Pronk, S. Páll, R. Schulz, P. Larsson, P. Bjelkmar, R. Apostolov, M. R.
Shirts, J. C. Smith, P. M. Kasson, D. van der Spoel, B. Hess, and E. Lindahl
GROMACS 4.5: a high-throughput and highly parallel open source molecular
simulation toolkit
Bioinformatics 29 (2013) pp. 845-54
-------- -------- --- Thank You --- -------- --------


++++ PLEASE READ AND CITE THE FOLLOWING REFERENCE ++++
B. Hess and C. Kutzner and D. van der Spoel and E. Lindahl
GROMACS 4: Algorithms for highly efficient, load-balanced, and scalable
molecular simulation
J. Chem. Theory Comput. 4 (2008) pp. 435-447
-------- -------- --- Thank You --- -------- --------


++++ PLEASE READ AND CITE THE FOLLOWING REFERENCE ++++
D. van der Spoel, E. Lindahl, B. Hess, G. Groenhof, A. E. Mark and H. J. C.
Berendsen
GROMACS: Fast, Flexible and Free
J. Comp. Chem. 26 (2005) pp. 1701-1719
-------- -------- --- Thank You --- -------- --------


++++ PLEASE READ AND CITE THE FOLLOWING REFERENCE ++++
E. Lindahl and B. Hess and D. van der Spoel
GROMACS 3.0: A package for molecular simulation and trajectory analysis
J. Mol. Mod. 7 (2001) pp. 306-317
-------- -------- --- Thank You --- -------- --------


++++ PLEASE READ AND CITE THE FOLLOWING REFERENCE ++++
H. J. C. Berendsen, D. van der Spoel and R. van Drunen
GROMACS: A message-passing parallel molecular dynamics implementation
Comp. Phys. Comm. 91 (1995) pp. 43-56
-------- -------- --- Thank You --- -------- --------


++++ PLEASE CITE THE DOI FOR THIS VERSION OF GROMACS ++++
https://doi.org/10.5281/zenodo.4457626
-------- -------- --- Thank You --- -------- --------

Input Parameters:
   integrator                     = md
   tinit                          = 0
   dt                             = 0.002
   nsteps                         = 50000
   init-step                      = 0
   simulation-part                = 1
   mts                            = false
   comm-mode                      = Linear
   nstcomm                        = 100
   bd-fric                        = 0
   ld-seed                        = -3539460
   emtol                          = 10
   emstep                         = 0.01
   niter                          = 20
   fcstep                         = 0
   nstcgsteep                     = 1000
   nbfgscorr                      = 10
   rtpi                           = 0.05
   nstxout                        = 500
   nstvout                        = 500
   nstfout                        = 0
   nstlog                         = 500
   nstcalcenergy                  = 100
   nstenergy                      = 500
   nstxout-compressed             = 0
   compressed-x-precision         = 1000
   cutoff-scheme                  = Verlet
   nstlist                        = 10
   pbc                            = xyz
   periodic-molecules             = false
   verlet-buffer-tolerance        = 0.005
   rlist                          = 1
   coulombtype                    = PME
   coulomb-modifier               = Potential-shift
   rcoulomb-switch                = 0
   rcoulomb                       = 1
   epsilon-r                      = 1
   epsilon-rf                     = inf
   vdw-type                       = Cut-off
   vdw-modifier                   = Potential-shift
   rvdw-switch                    = 0
   rvdw                           = 1
   DispCorr                       = EnerPres
   table-extension                = 1
   fourierspacing                 = 0.2
   fourier-nx                     = 16
   fourier-ny                     = 16
   fourier-nz                     = 48
   pme-order                      = 4
   ewald-rtol                     = 1e-05
   ewald-rtol-lj                  = 0.001
   lj-pme-comb-rule               = Geometric
   ewald-geometry                 = 0
   epsilon-surface                = 0
   tcoupl                         = V-rescale
   nsttcouple                     = 10
   nh-chain-length                = 0
   print-nose-hoover-chain-variables = false
   pcoupl                         = No
   pcoupltype                     = Isotropic
   nstpcouple                     = -1
   tau-p                          = 1
   compressibility (3x3):
      compressibility[    0]={ 0.00000e+00,  0.00000e+00,  0.00000e+00}
      compressibility[    1]={ 0.00000e+00,  0.00000e+00,  0.00000e+00}
      compressibility[    2]={ 0.00000e+00,  0.00000e+00,  0.00000e+00}
   ref-p (3x3):
      ref-p[    0]={ 0.00000e+00,  0.00000e+00,  0.00000e+00}
      ref-p[    1]={ 0.00000e+00,  0.00000e+00,  0.00000e+00}
      ref-p[    2]={ 0.00000e+00,  0.00000e+00,  0.00000e+00}
   refcoord-scaling               = No
   posres-com (3):
      posres-com[0]= 0.00000e+00
      posres-com[1]= 0.00000e+00
      posres-com[2]= 0.00000e+00
   posres-comB (3):
      posres-comB[0]= 0.00000e+00
      posres-comB[1]= 0.00000e+00
      posres-comB[2]= 0.00000e+00
   QMMM                           = false
qm-opts:
   ngQM                           = 0
   constraint-algorithm           = Lincs
   continuation                   = false
   Shake-SOR                      = false
   shake-tol                      = 0.0001
   lincs-order                    = 4
   lincs-iter                     = 1
   lincs-warnangle                = 30
   nwall                          = 0
   wall-type                      = 9-3
   wall-r-linpot                  = -1
   wall-atomtype[0]               = -1
   wall-atomtype[1]               = -1
   wall-density[0]                = 0
   wall-density[1]                = 0
   wall-ewald-zfac                = 3
   pull                           = false
   awh                            = false
   rotation                       = false
   interactiveMD                  = false
   disre                          = No
   disre-weighting                = Conservative
   disre-mixed                    = false
   dr-fc                          = 1000
   dr-tau                         = 0
   nstdisreout                    = 100
   orire-fc                       = 0
   orire-tau                      = 0
   nstorireout                    = 100
   free-energy                    = no
   cos-acceleration               = 0
   deform (3x3):
      deform[    0]={ 0.00000e+00,  0.00000e+00,  0.00000e+00}
      deform[    1]={ 0.00000e+00,  0.00000e+00,  0.00000e+00}
      deform[    2]={ 0.00000e+00,  0.00000e+00,  0.00000e+00}
   simulated-tempering            = false
   swapcoords                     = no
   userint1                       = 0
   userint2                       = 0
   userint3                       = 0
   userint4                       = 0
   userreal1                      = 0
   userreal2                      = 0
   userreal3                      = 0
   userreal4                      = 0
   applied-forces:
     electric-field:
       x:
         E0                       = 0
         omega                    = 0
         t0                       = 0
         sigma                    = 0
       y:
         E0                       = 0
         omega                    = 0
         t0                       = 0
         sigma                    = 0
       z:
         E0                       = 0
         omega                    = 0
         t0                       = 0
         sigma                    = 0
     density-guided-simulation:
       active                     = false
       group                      = protein
       similarity-measure         = inner-product
       atom-spreading-weight      = unity
       force-constant             = 1e+09
       gaussian-transform-spreading-width = 0.2
       gaussian-transform-spreading-range-in-multiples-of-width = 4
       reference-density-filename = reference.mrc
       nst                        = 1
       normalize-densities        = true
       adaptive-force-scaling     = false
       adaptive-force-scaling-time-constant = 4
       shift-vector               = 
       transformation-matrix      = 
grpopts:
   nrdf:        5040        1037       10845
   ref-t:         300         0.1         300
   tau-t:         0.1         0.1         0.1
annealing:          No          No          No
annealing-npoints:           0           0           0
   acc:	           0           0           0
   nfreeze:           N           N           N
   energygrp-flags[  0]: 0

Changing nstlist from 10 to 80, rlist from 1 to 1.109


Initializing Domain Decomposition on 8 ranks
Dynamic load balancing: auto
Minimum cell size due to atom displacement: 0.646 nm
Initial maximum distances in bonded interactions:
    two-body bonded interactions: 0.400 nm, LJ-14, atoms 3098 3107
  multi-body bonded interactions: 0.400 nm, Proper Dih., atoms 3098 3107
Minimum cell size due to bonded interactions: 0.440 nm
Maximum distance for 5 constraints, at 120 deg. angles, all-trans: 0.765 nm
Estimated maximum distance required for P-LINCS: 0.765 nm
This distance will limit the DD cell size, you can override this with -rcon
Scaling the initial minimum size with 1/0.8 (option -dds) = 1.25
Using 0 separate PME ranks, as there are too few total
 ranks for efficient splitting
Optimizing the DD grid for 8 cells with a minimum initial size of 0.956 nm
The maximum allowed number of cells is: X 3 Y 3 Z 9
Domain decomposition grid 1 x 2 x 4, separate PME ranks 0
PME domain decomposition: 1 x 8 x 1
Domain decomposition rank 0, coordinates 0 0 0

The initial number of communication pulses is: Y 1 Z 1
The initial domain decomposition cell size is: Y 1.50 nm Z 2.25 nm

The maximum allowed distance for atoms involved in interactions is:
                 non-bonded interactions           1.109 nm
            two-body bonded interactions  (-rdd)   1.109 nm
          multi-body bonded interactions  (-rdd)   1.109 nm
  atoms separated by up to 5 constraints  (-rcon)  1.500 nm

When dynamic load balancing gets turned on, these settings will change to:
The maximum number of communication pulses is: Y 1 Z 1
The minimum size for domain decomposition cells is 1.109 nm
The requested allowed shrink of DD cells (option -dds) is: 0.80
The allowed shrink of domain decomposition cells is: Y 0.74 Z 0.49
The maximum allowed distance for atoms involved in interactions is:
                 non-bonded interactions           1.109 nm
            two-body bonded interactions  (-rdd)   1.109 nm
          multi-body bonded interactions  (-rdd)   1.109 nm
  atoms separated by up to 5 constraints  (-rcon)  1.109 nm

Using 8 MPI threads
System total charge: -0.000
Will do PME sum in reciprocal space for electrostatic interactions.

++++ PLEASE READ AND CITE THE FOLLOWING REFERENCE ++++
U. Essmann, L. Perera, M. L. Berkowitz, T. Darden, H. Lee and L. G. Pedersen 
A smooth particle mesh Ewald method
J. Chem. Phys. 103 (1995) pp. 8577-8592
-------- -------- --- Thank You --- -------- --------

Using a Gaussian width (1/beta) of 0.320163 nm for Ewald
Potential shift: LJ r^-12: -1.000e+00 r^-6: -1.000e+00, Ewald -1.000e-05
Initialized non-bonded Ewald tables, spacing: 9.33e-04 size: 1073

Generated table with 1054 data points for 1-4 COUL.
Tabscale = 500 points/nm
Generated table with 1054 data points for 1-4 LJ6.
Tabscale = 500 points/nm
Generated table with 1054 data points for 1-4 LJ12.
Tabscale = 500 points/nm
Long Range LJ corr.: <C6> 3.5060e-04


Using SIMD 4x8 nonbonded short-range kernels

Using a dual 4x8 pair-list setup updated with dynamic pruning:
  outer list: updated every 80 steps, buffer 0.109 nm, rlist 1.109 nm
  inner list: updated every 16 steps, buffer 0.001 nm, rlist 1.001 nm
At tolerance 0.005 kJ/mol/ps per atom, equivalent classical 1x1 list would be:
  outer list: updated every 80 steps, buffer 0.261 nm, rlist 1.261 nm
  inner list: updated every 16 steps, buffer 0.061 nm, rlist 1.061 nm

Using geometric Lennard-Jones combination rule
Removing pbc first time

Initializing Parallel LINear Constraint Solver

++++ PLEASE READ AND CITE THE FOLLOWING REFERENCE ++++
B. Hess
P-LINCS: A Parallel Linear Constraint Solver for molecular simulation
J. Chem. Theory Comput. 4 (2008) pp. 116-122
-------- -------- --- Thank You --- -------- --------

The number of constraints is 2833
There are constraints between atoms in different decomposition domains,
will communicate selected coordinates each lincs iteration

++++ PLEASE READ AND CITE THE FOLLOWING REFERENCE ++++
S. Miyamoto and P. A. Kollman
SETTLE: An Analytical Version of the SHAKE and RATTLE Algorithms for Rigid
Water Models
J. Comp. Chem. 13 (1992) pp. 952-962
-------- -------- --- Thank You --- -------- --------


Linking all bonded interactions to atoms


Intra-simulation communication will occur every 10 steps.

++++ PLEASE READ AND CITE THE FOLLOWING REFERENCE ++++
G. Bussi, D. Donadio and M. Parrinello
Canonical sampling through velocity rescaling
J. Chem. Phys. 126 (2007) pp. 014101
-------- -------- --- Thank You --- -------- --------

There are: 8388 Atoms
Atom distribution over 8 domains: av 1048 stddev 67 min 975 max 1144

Constraining the starting coordinates (step 0)

Constraining the coordinates at t0-dt (step 0)
Center of mass motion removal mode is Linear
We have the following groups for center of mass motion removal:
  0:  HEX
  1:  CAT
  2:  Water_and_ions
RMS relative constraint deviation after constraining: 0.00e+00
Initial temperature: 301.073 K

Started mdrun on rank 0 Wed Apr 26 17:41:58 2023

           Step           Time
              0        0.00000

   Energies (kJ/mol)
          Angle    Proper Dih. Ryckaert-Bell.          LJ-14     Coulomb-14
    5.66328e+02    1.91796e+02    1.45857e+02    6.29777e+02    2.26776e+02
        LJ (SR)  Disper. corr.   Coulomb (SR)   Coul. recip.      Potential
    1.53331e+04   -1.27418e+03   -1.22406e+05    1.71274e+03   -1.04873e+05
    Kinetic En.   Total Energy  Conserved En.    Temperature Pres. DC (bar)
    2.11851e+04   -8.36882e+04   -8.36882e+04    3.01144e+02   -2.61514e+02
 Pressure (bar)   Constr. rmsd
   -1.24310e+03    5.00570e-06


DD  step 79 load imb.: force 17.7%

step 160 Turning on dynamic load balancing, because the performance loss due to load imbalance is 4.7 %.
           Step           Time
            500        1.00000

   Energies (kJ/mol)
          Angle    Proper Dih. Ryckaert-Bell.          LJ-14     Coulomb-14
    4.52278e+03    2.29399e+02    8.80788e+02    9.28839e+02    2.53254e+02
        LJ (SR)  Disper. corr.   Coulomb (SR)   Coul. recip.      Potential
    1.21834e+04   -1.27418e+03   -1.05758e+05    1.29285e+03   -8.67408e+04
    Kinetic En.   Total Energy  Conserved En.    Temperature Pres. DC (bar)
    1.94414e+04   -6.72994e+04   -8.33599e+04    2.76358e+02   -2.61514e+02
 Pressure (bar)   Constr. rmsd
    1.38202e+03    3.49367e-06

           Step           Time
           1000        2.00000

   Energies (kJ/mol)
          Angle    Proper Dih. Ryckaert-Bell.          LJ-14     Coulomb-14
    4.46571e+03    2.05426e+02    7.54749e+02    9.28071e+02    2.54646e+02
        LJ (SR)  Disper. corr.   Coulomb (SR)   Coul. recip.      Potential
    1.28689e+04   -1.27418e+03   -1.07433e+05    1.06494e+03   -8.81646e+04
    Kinetic En.   Total Energy  Conserved En.    Temperature Pres. DC (bar)
    1.96882e+04   -6.84765e+04   -8.34140e+04    2.79866e+02   -2.61514e+02
 Pressure (bar)   Constr. rmsd
    1.40041e+03    3.54699e-06

           Step           Time
           1500        3.00000

   Energies (kJ/mol)
          Angle    Proper Dih. Ryckaert-Bell.          LJ-14     Coulomb-14
    4.75070e+03    2.23087e+02    7.98738e+02    9.57599e+02    2.59054e+02
        LJ (SR)  Disper. corr.   Coulomb (SR)   Coul. recip.      Potential
    1.24862e+04   -1.27418e+03   -1.06531e+05    1.01610e+03   -8.73140e+04
    Kinetic En.   Total Energy  Conserved En.    Temperature Pres. DC (bar)
    1.99274e+04   -6.73866e+04   -8.34400e+04    2.83266e+02   -2.61514e+02
 Pressure (bar)   Constr. rmsd
    1.19344e+03    3.57766e-06


DD  step 1999  vol min/aver 0.826  load imb.: force  4.6%
           Step           Time
           2000        4.00000

   Energies (kJ/mol)
          Angle    Proper Dih. Ryckaert-Bell.          LJ-14     Coulomb-14
    4.62186e+03    2.26897e+02    9.25519e+02    9.62754e+02    2.64350e+02
        LJ (SR)  Disper. corr.   Coulomb (SR)   Coul. recip.      Potential
    1.26896e+04   -1.27418e+03   -1.07352e+05    9.86347e+02   -8.79493e+04
    Kinetic En.   Total Energy  Conserved En.    Temperature Pres. DC (bar)
    1.97797e+04   -6.81695e+04   -8.34657e+04    2.81167e+02   -2.61514e+02
 Pressure (bar)   Constr. rmsd
    1.09102e+03    3.67577e-06

           Step           Time
           2500        5.00000

   Energies (kJ/mol)
          Angle    Proper Dih. Ryckaert-Bell.          LJ-14     Coulomb-14
    4.57256e+03    2.12832e+02    8.49188e+02    9.66913e+02    2.66853e+02
        LJ (SR)  Disper. corr.   Coulomb (SR)   Coul. recip.      Potential
    1.22676e+04   -1.27418e+03   -1.07184e+05    9.47133e+02   -8.83752e+04
    Kinetic En.   Total Energy  Conserved En.    Temperature Pres. DC (bar)
    1.99712e+04   -6.84040e+04   -8.34896e+04    2.83889e+02   -2.61514e+02
 Pressure (bar)   Constr. rmsd
    9.46984e+02    3.61824e-06

           Step           Time
           3000        6.00000

   Energies (kJ/mol)
          Angle    Proper Dih. Ryckaert-Bell.          LJ-14     Coulomb-14
    4.73756e+03    2.05351e+02    8.35185e+02    9.53069e+02    2.74325e+02
        LJ (SR)  Disper. corr.   Coulomb (SR)   Coul. recip.      Potential
    1.20761e+04   -1.27418e+03   -1.06728e+05    9.50147e+02   -8.79704e+04
    Kinetic En.   Total Energy  Conserved En.    Temperature Pres. DC (bar)
    2.00767e+04   -6.78937e+04   -8.34875e+04    2.85389e+02   -2.61514e+02
 Pressure (bar)   Constr. rmsd
    7.57772e+02    3.89471e-06


step 3200 Turning off dynamic load balancing, because it is degrading performance.
Atom distribution over 8 domains: av 1048 stddev 62 min 957 max 1123
           Step           Time
           3500        7.00000

   Energies (kJ/mol)
          Angle    Proper Dih. Ryckaert-Bell.          LJ-14     Coulomb-14
    4.85814e+03    2.00513e+02    8.17110e+02    9.02006e+02    2.83314e+02
        LJ (SR)  Disper. corr.   Coulomb (SR)   Coul. recip.      Potential
    1.23424e+04   -1.27418e+03   -1.06889e+05    9.41654e+02   -8.78181e+04
    Kinetic En.   Total Energy  Conserved En.    Temperature Pres. DC (bar)
    2.00168e+04   -6.78013e+04   -8.34956e+04    2.84537e+02   -2.61514e+02
 Pressure (bar)   Constr. rmsd
    9.27311e+02    3.94211e-06


DD  step 3999 load imb.: force 12.5%
           Step           Time
           4000        8.00000

   Energies (kJ/mol)
          Angle    Proper Dih. Ryckaert-Bell.          LJ-14     Coulomb-14
    4.81293e+03    2.08834e+02    8.31459e+02    9.31901e+02    2.81587e+02
        LJ (SR)  Disper. corr.   Coulomb (SR)   Coul. recip.      Potential
    1.20594e+04   -1.27418e+03   -1.06628e+05    9.16377e+02   -8.78597e+04
    Kinetic En.   Total Energy  Conserved En.    Temperature Pres. DC (bar)
    1.98583e+04   -6.80014e+04   -8.35163e+04    2.82284e+02   -2.61514e+02
 Pressure (bar)   Constr. rmsd
    7.02175e+02    3.90759e-06

           Step           Time
           4500        9.00000

   Energies (kJ/mol)
          Angle    Proper Dih. Ryckaert-Bell.          LJ-14     Coulomb-14
    4.91534e+03    2.02846e+02    8.13418e+02    9.37269e+02    2.70765e+02
        LJ (SR)  Disper. corr.   Coulomb (SR)   Coul. recip.      Potential
    1.24177e+04   -1.27418e+03   -1.07312e+05    8.90728e+02   -8.81381e+04
    Kinetic En.   Total Energy  Conserved En.    Temperature Pres. DC (bar)
    1.98012e+04   -6.83370e+04   -8.35168e+04    2.81472e+02   -2.61514e+02
 Pressure (bar)   Constr. rmsd
    8.99260e+02    3.75908e-06

           Step           Time
           5000       10.00000

   Energies (kJ/mol)
          Angle    Proper Dih. Ryckaert-Bell.          LJ-14     Coulomb-14
    4.89798e+03    2.09421e+02    8.59076e+02    9.58548e+02    2.83535e+02
        LJ (SR)  Disper. corr.   Coulomb (SR)   Coul. recip.      Potential
    1.26635e+04   -1.27418e+03   -1.07364e+05    9.21259e+02   -8.78451e+04
    Kinetic En.   Total Energy  Conserved En.    Temperature Pres. DC (bar)
    1.98751e+04   -6.79700e+04   -8.35340e+04    2.82523e+02   -2.61514e+02
 Pressure (bar)   Constr. rmsd
    1.17192e+03    3.56663e-06

           Step           Time
           5500       11.00000

   Energies (kJ/mol)
          Angle    Proper Dih. Ryckaert-Bell.          LJ-14     Coulomb-14
    4.90154e+03    2.19497e+02    8.22979e+02    9.41610e+02    2.80936e+02
        LJ (SR)  Disper. corr.   Coulomb (SR)   Coul. recip.      Potential
    1.21339e+04   -1.27418e+03   -1.06591e+05    9.83055e+02   -8.75819e+04
    Kinetic En.   Total Energy  Conserved En.    Temperature Pres. DC (bar)
    1.97126e+04   -6.78692e+04   -8.35457e+04    2.80213e+02   -2.61514e+02
 Pressure (bar)   Constr. rmsd
    6.79102e+02    3.67583e-06


DD  step 5999 load imb.: force 13.4%
           Step           Time
           6000       12.00000

   Energies (kJ/mol)
          Angle    Proper Dih. Ryckaert-Bell.          LJ-14     Coulomb-14
    4.81435e+03    2.08303e+02    8.27133e+02    9.56887e+02    2.89328e+02
        LJ (SR)  Disper. corr.   Coulomb (SR)   Coul. recip.      Potential
    1.23316e+04   -1.27418e+03   -1.07077e+05    9.55739e+02   -8.79682e+04
    Kinetic En.   Total Energy  Conserved En.    Temperature Pres. DC (bar)
    1.95814e+04   -6.83868e+04   -8.35612e+04    2.78348e+02   -2.61514e+02
 Pressure (bar)   Constr. rmsd
    8.95805e+02    3.90436e-06

           Step           Time
           6500       13.00000

   Energies (kJ/mol)
          Angle    Proper Dih. Ryckaert-Bell.          LJ-14     Coulomb-14
    4.93372e+03    2.21162e+02    8.33981e+02    9.70488e+02    2.81810e+02
        LJ (SR)  Disper. corr.   Coulomb (SR)   Coul. recip.      Potential
    1.27670e+04   -1.27418e+03   -1.07263e+05    8.96402e+02   -8.76322e+04
    Kinetic En.   Total Energy  Conserved En.    Temperature Pres. DC (bar)
    2.01357e+04   -6.74965e+04   -8.35735e+04    2.86228e+02   -2.61514e+02
 Pressure (bar)   Constr. rmsd
    1.51058e+03    3.73477e-06

           Step           Time
           7000       14.00000

   Energies (kJ/mol)
          Angle    Proper Dih. Ryckaert-Bell.          LJ-14     Coulomb-14
    4.96539e+03    2.06703e+02    8.04279e+02    9.60595e+02    2.89116e+02
        LJ (SR)  Disper. corr.   Coulomb (SR)   Coul. recip.      Potential
    1.23887e+04   -1.27418e+03   -1.06799e+05    9.67351e+02   -8.74915e+04
    Kinetic En.   Total Energy  Conserved En.    Temperature Pres. DC (bar)
    1.94663e+04   -6.80252e+04   -8.35719e+04    2.76711e+02   -2.61514e+02
 Pressure (bar)   Constr. rmsd
    1.24221e+03    3.79657e-06

           Step           Time
           7500       15.00000

   Energies (kJ/mol)
          Angle    Proper Dih. Ryckaert-Bell.          LJ-14     Coulomb-14
    4.89818e+03    2.10305e+02    8.25731e+02    9.28852e+02    3.00100e+02
        LJ (SR)  Disper. corr.   Coulomb (SR)   Coul. recip.      Potential
    1.18520e+04   -1.27418e+03   -1.06284e+05    9.58052e+02   -8.75849e+04
    Kinetic En.   Total Energy  Conserved En.    Temperature Pres. DC (bar)
    2.01484e+04   -6.74366e+04   -8.36115e+04    2.86407e+02   -2.61514e+02
 Pressure (bar)   Constr. rmsd
    4.91231e+02    3.93497e-06


DD  step 7999 load imb.: force 21.3%

step 8000 Turning on dynamic load balancing, because the performance loss due to load imbalance is 2.4 %.
           Step           Time
           8000       16.00000

   Energies (kJ/mol)
          Angle    Proper Dih. Ryckaert-Bell.          LJ-14     Coulomb-14
    4.82429e+03    2.08139e+02    8.30451e+02    9.03065e+02    3.00137e+02
        LJ (SR)  Disper. corr.   Coulomb (SR)   Coul. recip.      Potential
    1.21200e+04   -1.27418e+03   -1.06587e+05    9.01677e+02   -8.77736e+04
    Kinetic En.   Total Energy  Conserved En.    Temperature Pres. DC (bar)
    1.95834e+04   -6.81902e+04   -8.36267e+04    2.78376e+02   -2.61514e+02
 Pressure (bar)   Constr. rmsd
    5.68183e+02    4.04695e-06

           Step           Time
           8500       17.00000

   Energies (kJ/mol)
          Angle    Proper Dih. Ryckaert-Bell.          LJ-14     Coulomb-14
    4.74577e+03    2.17398e+02    8.04672e+02    8.87801e+02    3.02351e+02
        LJ (SR)  Disper. corr.   Coulomb (SR)   Coul. recip.      Potential
    1.24472e+04   -1.27418e+03   -1.07183e+05    8.97456e+02   -8.81543e+04
    Kinetic En.   Total Energy  Conserved En.    Temperature Pres. DC (bar)
    1.94348e+04   -6.87194e+04   -8.36334e+04    2.76264e+02   -2.61514e+02
 Pressure (bar)   Constr. rmsd
    5.79838e+02    4.03253e-06

           Step           Time
           9000       18.00000

   Energies (kJ/mol)
          Angle    Proper Dih. Ryckaert-Bell.          LJ-14     Coulomb-14
    4.67454e+03    2.00865e+02    8.50621e+02    9.40478e+02    2.97410e+02
        LJ (SR)  Disper. corr.   Coulomb (SR)   Coul. recip.      Potential
    1.21179e+04   -1.27418e+03   -1.06939e+05    9.06644e+02   -8.82251e+04
    Kinetic En.   Total Energy  Conserved En.    Temperature Pres. DC (bar)
    2.00258e+04   -6.81993e+04   -8.36538e+04    2.84665e+02   -2.61514e+02
 Pressure (bar)   Constr. rmsd
    5.21645e+02    3.87626e-06

           Step           Time
           9500       19.00000

   Energies (kJ/mol)
          Angle    Proper Dih. Ryckaert-Bell.          LJ-14     Coulomb-14
    4.71658e+03    1.99186e+02    8.33134e+02    9.34069e+02    3.07782e+02
        LJ (SR)  Disper. corr.   Coulomb (SR)   Coul. recip.      Potential
    1.20891e+04   -1.27418e+03   -1.06801e+05    9.02218e+02   -8.80926e+04
    Kinetic En.   Total Energy  Conserved En.    Temperature Pres. DC (bar)
    2.01853e+04   -6.79073e+04   -8.36757e+04    2.86933e+02   -2.61514e+02
 Pressure (bar)   Constr. rmsd
    4.96734e+02    3.94689e-06

step 9600 Turning off dynamic load balancing, because it is degrading performance.
Atom distribution over 8 domains: av 1048 stddev 70 min 949 max 1133

DD  step 9999 load imb.: force 13.1%
           Step           Time
          10000       20.00000

   Energies (kJ/mol)
          Angle    Proper Dih. Ryckaert-Bell.          LJ-14     Coulomb-14
    4.73626e+03    1.91503e+02    8.88713e+02    9.07083e+02    3.07445e+02
        LJ (SR)  Disper. corr.   Coulomb (SR)   Coul. recip.      Potential
    1.24557e+04   -1.27418e+03   -1.06979e+05    9.03350e+02   -8.78632e+04
    Kinetic En.   Total Energy  Conserved En.    Temperature Pres. DC (bar)
    1.97014e+04   -6.81619e+04   -8.36741e+04    2.80053e+02   -2.61514e+02
 Pressure (bar)   Constr. rmsd
    5.71037e+02    4.12570e-06

           Step           Time
          10500       21.00000

   Energies (kJ/mol)
          Angle    Proper Dih. Ryckaert-Bell.          LJ-14     Coulomb-14
    4.85312e+03    1.99890e+02    8.77313e+02    9.25927e+02    3.01754e+02
        LJ (SR)  Disper. corr.   Coulomb (SR)   Coul. recip.      Potential
    1.25916e+04   -1.27418e+03   -1.07150e+05    9.05300e+02   -8.77690e+04
    Kinetic En.   Total Energy  Conserved En.    Temperature Pres. DC (bar)
    1.96791e+04   -6.80899e+04   -8.36836e+04    2.79737e+02   -2.61514e+02
 Pressure (bar)   Constr. rmsd
    7.87778e+02    3.87294e-06

           Step           Time
          11000       22.00000

   Energies (kJ/mol)
          Angle    Proper Dih. Ryckaert-Bell.          LJ-14     Coulomb-14
    4.76130e+03    1.97963e+02    8.39996e+02    9.17634e+02    3.18615e+02
        LJ (SR)  Disper. corr.   Coulomb (SR)   Coul. recip.      Potential
    1.20907e+04   -1.27418e+03   -1.06681e+05    8.71538e+02   -8.79574e+04
    Kinetic En.   Total Energy  Conserved En.    Temperature Pres. DC (bar)
    1.99875e+04   -6.79698e+04   -8.37096e+04    2.84121e+02   -2.61514e+02
 Pressure (bar)   Constr. rmsd
    7.12622e+02    3.93703e-06

           Step           Time
          11500       23.00000

   Energies (kJ/mol)
          Angle    Proper Dih. Ryckaert-Bell.          LJ-14     Coulomb-14
    4.86112e+03    1.93348e+02    9.56093e+02    9.80277e+02    3.23209e+02
        LJ (SR)  Disper. corr.   Coulomb (SR)   Coul. recip.      Potential
    1.20920e+04   -1.27418e+03   -1.06651e+05    8.90747e+02   -8.76280e+04
    Kinetic En.   Total Energy  Conserved En.    Temperature Pres. DC (bar)
    2.00964e+04   -6.75315e+04   -8.37111e+04    2.85669e+02   -2.61514e+02
 Pressure (bar)   Constr. rmsd
    1.04091e+03    4.16295e-06


DD  step 11999 load imb.: force 17.0%
           Step           Time
          12000       24.00000

   Energies (kJ/mol)
          Angle    Proper Dih. Ryckaert-Bell.          LJ-14     Coulomb-14
    4.92897e+03    1.85383e+02    8.92342e+02    9.82601e+02    3.06424e+02
        LJ (SR)  Disper. corr.   Coulomb (SR)   Coul. recip.      Potential
    1.21993e+04   -1.27418e+03   -1.06509e+05    9.57821e+02   -8.73300e+04
    Kinetic En.   Total Energy  Conserved En.    Temperature Pres. DC (bar)
    1.97089e+04   -6.76211e+04   -8.37154e+04    2.80160e+02   -2.61514e+02
 Pressure (bar)   Constr. rmsd
    1.31046e+03    3.75240e-06

           Step           Time
          12500       25.00000

   Energies (kJ/mol)
          Angle    Proper Dih. Ryckaert-Bell.          LJ-14     Coulomb-14
    4.81965e+03    1.96210e+02    8.91001e+02    9.71417e+02    3.07542e+02
        LJ (SR)  Disper. corr.   Coulomb (SR)   Coul. recip.      Potential
    1.20471e+04   -1.27418e+03   -1.06167e+05    9.39669e+02   -8.72691e+04
    Kinetic En.   Total Energy  Conserved En.    Temperature Pres. DC (bar)
    1.97704e+04   -6.74988e+04   -8.37403e+04    2.81034e+02   -2.61514e+02
 Pressure (bar)   Constr. rmsd
    1.05263e+03    3.90341e-06

           Step           Time
          13000       26.00000

   Energies (kJ/mol)
          Angle    Proper Dih. Ryckaert-Bell.          LJ-14     Coulomb-14
    4.87863e+03    2.00153e+02    9.04530e+02    9.45944e+02    3.14032e+02
        LJ (SR)  Disper. corr.   Coulomb (SR)   Coul. recip.      Potential
    1.20156e+04   -1.27418e+03   -1.06050e+05    9.57247e+02   -8.71079e+04
    Kinetic En.   Total Energy  Conserved En.    Temperature Pres. DC (bar)
    2.00330e+04   -6.70749e+04   -8.37510e+04    2.84767e+02   -2.61514e+02
 Pressure (bar)   Constr. rmsd
    9.23355e+02    3.93939e-06

           Step           Time
          13500       27.00000

   Energies (kJ/mol)
          Angle    Proper Dih. Ryckaert-Bell.          LJ-14     Coulomb-14
    4.82056e+03    1.96283e+02    1.02227e+03    9.73972e+02    3.07658e+02
        LJ (SR)  Disper. corr.   Coulomb (SR)   Coul. recip.      Potential
    1.18071e+04   -1.27418e+03   -1.06213e+05    9.40138e+02   -8.74192e+04
    Kinetic En.   Total Energy  Conserved En.    Temperature Pres. DC (bar)
    1.96794e+04   -6.77398e+04   -8.37744e+04    2.79740e+02   -2.61514e+02
 Pressure (bar)   Constr. rmsd
    4.97060e+02    4.06532e-06


DD  step 13999 load imb.: force 16.0%
           Step           Time
          14000       28.00000

   Energies (kJ/mol)
          Angle    Proper Dih. Ryckaert-Bell.          LJ-14     Coulomb-14
    4.74452e+03    1.87982e+02    8.84792e+02    9.42774e+02    3.19111e+02
        LJ (SR)  Disper. corr.   Coulomb (SR)   Coul. recip.      Potential
    1.21109e+04   -1.27418e+03   -1.06412e+05    9.06015e+02   -8.75905e+04
    Kinetic En.   Total Energy  Conserved En.    Temperature Pres. DC (bar)
    1.94406e+04   -6.81499e+04   -8.37881e+04    2.76346e+02   -2.61514e+02
 Pressure (bar)   Constr. rmsd
    1.04916e+03    4.08876e-06

           Step           Time
          14500       29.00000

   Energies (kJ/mol)
          Angle    Proper Dih. Ryckaert-Bell.          LJ-14     Coulomb-14
    4.86532e+03    1.94687e+02    9.25297e+02    9.62029e+02    3.06103e+02
        LJ (SR)  Disper. corr.   Coulomb (SR)   Coul. recip.      Potential
    1.24399e+04   -1.27418e+03   -1.07032e+05    8.95773e+02   -8.77172e+04
    Kinetic En.   Total Energy  Conserved En.    Temperature Pres. DC (bar)
    2.01138e+04   -6.76034e+04   -8.38019e+04    2.85916e+02   -2.61514e+02
 Pressure (bar)   Constr. rmsd
    1.11443e+03    4.26425e-06

           Step           Time
          15000       30.00000

   Energies (kJ/mol)
          Angle    Proper Dih. Ryckaert-Bell.          LJ-14     Coulomb-14
    4.77740e+03    1.96077e+02    9.22226e+02    9.39799e+02    3.11644e+02
        LJ (SR)  Disper. corr.   Coulomb (SR)   Coul. recip.      Potential
    1.28742e+04   -1.27418e+03   -1.07283e+05    9.35370e+02   -8.76007e+04
    Kinetic En.   Total Energy  Conserved En.    Temperature Pres. DC (bar)
    1.97117e+04   -6.78890e+04   -8.38067e+04    2.80199e+02   -2.61514e+02
 Pressure (bar)   Constr. rmsd
    1.15696e+03    4.05004e-06

           Step           Time
          15500       31.00000

   Energies (kJ/mol)
          Angle    Proper Dih. Ryckaert-Bell.          LJ-14     Coulomb-14
    4.67213e+03    1.95883e+02    9.18586e+02    9.79320e+02    3.04015e+02
        LJ (SR)  Disper. corr.   Coulomb (SR)   Coul. recip.      Potential
    1.24936e+04   -1.27418e+03   -1.07440e+05    8.82658e+02   -8.82682e+04
    Kinetic En.   Total Energy  Conserved En.    Temperature Pres. DC (bar)
    1.97176e+04   -6.85507e+04   -8.38256e+04    2.80283e+02   -2.61514e+02
 Pressure (bar)   Constr. rmsd
    9.80223e+02    3.82172e-06


DD  step 15999 load imb.: force 19.1%
           Step           Time
          16000       32.00000

   Energies (kJ/mol)
          Angle    Proper Dih. Ryckaert-Bell.          LJ-14     Coulomb-14
    4.73589e+03    2.00003e+02    8.62513e+02    9.20850e+02    3.00953e+02
        LJ (SR)  Disper. corr.   Coulomb (SR)   Coul. recip.      Potential
    1.23770e+04   -1.27418e+03   -1.07294e+05    9.19506e+02   -8.82512e+04
    Kinetic En.   Total Energy  Conserved En.    Temperature Pres. DC (bar)
    2.01824e+04   -6.80687e+04   -8.38438e+04    2.86892e+02   -2.61514e+02
 Pressure (bar)   Constr. rmsd
    6.97132e+02    3.95618e-06

           Step           Time
          16500       33.00000

   Energies (kJ/mol)
          Angle    Proper Dih. Ryckaert-Bell.          LJ-14     Coulomb-14
    4.89662e+03    1.73665e+02    9.05863e+02    9.60490e+02    3.01688e+02
        LJ (SR)  Disper. corr.   Coulomb (SR)   Coul. recip.      Potential
    1.22850e+04   -1.27418e+03   -1.06837e+05    8.86373e+02   -8.77016e+04
    Kinetic En.   Total Energy  Conserved En.    Temperature Pres. DC (bar)
    1.99298e+04   -6.77718e+04   -8.38413e+04    2.83301e+02   -2.61514e+02
 Pressure (bar)   Constr. rmsd
    1.16803e+03    4.08651e-06

           Step           Time
          17000       34.00000

   Energies (kJ/mol)
          Angle    Proper Dih. Ryckaert-Bell.          LJ-14     Coulomb-14
    4.83211e+03    1.89609e+02    9.47445e+02    9.46441e+02    3.00758e+02
        LJ (SR)  Disper. corr.   Coulomb (SR)   Coul. recip.      Potential
    1.27414e+04   -1.27418e+03   -1.07342e+05    9.25696e+02   -8.77332e+04
    Kinetic En.   Total Energy  Conserved En.    Temperature Pres. DC (bar)
    1.95589e+04   -6.81743e+04   -8.38529e+04    2.78028e+02   -2.61514e+02
 Pressure (bar)   Constr. rmsd
    9.51041e+02    3.75441e-06

           Step           Time
          17500       35.00000

   Energies (kJ/mol)
          Angle    Proper Dih. Ryckaert-Bell.          LJ-14     Coulomb-14
    4.74326e+03    1.93349e+02    8.92099e+02    9.56842e+02    2.91431e+02
        LJ (SR)  Disper. corr.   Coulomb (SR)   Coul. recip.      Potential
    1.22359e+04   -1.27418e+03   -1.06972e+05    9.54837e+02   -8.79784e+04
    Kinetic En.   Total Energy  Conserved En.    Temperature Pres. DC (bar)
    1.99122e+04   -6.80662e+04   -8.38744e+04    2.83051e+02   -2.61514e+02
 Pressure (bar)   Constr. rmsd
    8.55690e+02    4.12909e-06


DD  step 17999 load imb.: force 23.7%
           Step           Time
          18000       36.00000

   Energies (kJ/mol)
          Angle    Proper Dih. Ryckaert-Bell.          LJ-14     Coulomb-14
    4.77349e+03    1.94064e+02    8.24905e+02    9.07727e+02    3.04309e+02
        LJ (SR)  Disper. corr.   Coulomb (SR)   Coul. recip.      Potential
    1.20600e+04   -1.27418e+03   -1.06629e+05    8.80837e+02   -8.79574e+04
    Kinetic En.   Total Energy  Conserved En.    Temperature Pres. DC (bar)
    1.95978e+04   -6.83596e+04   -8.38918e+04    2.78581e+02   -2.61514e+02
 Pressure (bar)   Constr. rmsd
    6.13332e+02    4.07762e-06

           Step           Time
          18500       37.00000

   Energies (kJ/mol)
          Angle    Proper Dih. Ryckaert-Bell.          LJ-14     Coulomb-14
    4.85349e+03    1.85496e+02    8.54086e+02    9.10445e+02    2.98758e+02
        LJ (SR)  Disper. corr.   Coulomb (SR)   Coul. recip.      Potential
    1.28121e+04   -1.27418e+03   -1.07486e+05    8.98062e+02   -8.79478e+04
    Kinetic En.   Total Energy  Conserved En.    Temperature Pres. DC (bar)
    2.00938e+04   -6.78540e+04   -8.39087e+04    2.85631e+02   -2.61514e+02
 Pressure (bar)   Constr. rmsd
    1.20498e+03    3.99487e-06

           Step           Time
          19000       38.00000

   Energies (kJ/mol)
          Angle    Proper Dih. Ryckaert-Bell.          LJ-14     Coulomb-14
    4.95994e+03    1.97620e+02    8.48132e+02    9.39435e+02    2.96107e+02
        LJ (SR)  Disper. corr.   Coulomb (SR)   Coul. recip.      Potential
    1.23589e+04   -1.27418e+03   -1.06840e+05    8.78886e+02   -8.76349e+04
    Kinetic En.   Total Energy  Conserved En.    Temperature Pres. DC (bar)
    1.97174e+04   -6.79176e+04   -8.38983e+04    2.80281e+02   -2.61514e+02
 Pressure (bar)   Constr. rmsd
    9.92588e+02    3.85619e-06

           Step           Time
          19500       39.00000

   Energies (kJ/mol)
          Angle    Proper Dih. Ryckaert-Bell.          LJ-14     Coulomb-14
    5.13051e+03    1.97920e+02    8.58781e+02    9.43874e+02    3.05124e+02
        LJ (SR)  Disper. corr.   Coulomb (SR)   Coul. recip.      Potential
    1.20711e+04   -1.27418e+03   -1.06562e+05    9.62605e+02   -8.73658e+04
    Kinetic En.   Total Energy  Conserved En.    Temperature Pres. DC (bar)
    2.00118e+04   -6.73540e+04   -8.39089e+04    2.84466e+02   -2.61514e+02
 Pressure (bar)   Constr. rmsd
    4.57202e+02    4.27118e-06


DD  step 19999 load imb.: force 17.5%
           Step           Time
          20000       40.00000

   Energies (kJ/mol)
          Angle    Proper Dih. Ryckaert-Bell.          LJ-14     Coulomb-14
    4.83227e+03    2.07589e+02    8.99577e+02    9.01175e+02    3.09655e+02
        LJ (SR)  Disper. corr.   Coulomb (SR)   Coul. recip.      Potential
    1.19930e+04   -1.27418e+03   -1.06409e+05    8.92642e+02   -8.76469e+04
    Kinetic En.   Total Energy  Conserved En.    Temperature Pres. DC (bar)
    1.93934e+04   -6.82535e+04   -8.39453e+04    2.75675e+02   -2.61514e+02
 Pressure (bar)   Constr. rmsd
    1.58417e+02    4.26456e-06

           Step           Time
          20500       41.00000

   Energies (kJ/mol)
          Angle    Proper Dih. Ryckaert-Bell.          LJ-14     Coulomb-14
    5.11345e+03    2.03490e+02    9.12983e+02    9.55713e+02    2.96886e+02
        LJ (SR)  Disper. corr.   Coulomb (SR)   Coul. recip.      Potential
    1.21160e+04   -1.27418e+03   -1.06215e+05    8.99493e+02   -8.69912e+04
    Kinetic En.   Total Energy  Conserved En.    Temperature Pres. DC (bar)
    2.04601e+04   -6.65311e+04   -8.39516e+04    2.90838e+02   -2.61514e+02
 Pressure (bar)   Constr. rmsd
    8.58143e+02    4.23047e-06

           Step           Time
          21000       42.00000

   Energies (kJ/mol)
          Angle    Proper Dih. Ryckaert-Bell.          LJ-14     Coulomb-14
    4.76843e+03    2.08414e+02    8.24973e+02    9.11529e+02    3.03173e+02
        LJ (SR)  Disper. corr.   Coulomb (SR)   Coul. recip.      Potential
    1.20934e+04   -1.27418e+03   -1.06810e+05    9.48657e+02   -8.80254e+04
    Kinetic En.   Total Energy  Conserved En.    Temperature Pres. DC (bar)
    1.94552e+04   -6.85702e+04   -8.39636e+04    2.76554e+02   -2.61514e+02
 Pressure (bar)   Constr. rmsd
    5.19346e+02    4.22111e-06

           Step           Time
          21500       43.00000

   Energies (kJ/mol)
          Angle    Proper Dih. Ryckaert-Bell.          LJ-14     Coulomb-14
    4.88224e+03    2.05966e+02    8.39970e+02    9.15273e+02    3.04999e+02
        LJ (SR)  Disper. corr.   Coulomb (SR)   Coul. recip.      Potential
    1.18948e+04   -1.27418e+03   -1.06465e+05    8.65683e+02   -8.78299e+04
    Kinetic En.   Total Energy  Conserved En.    Temperature Pres. DC (bar)
    1.97174e+04   -6.81125e+04   -8.39858e+04    2.80282e+02   -2.61514e+02
 Pressure (bar)   Constr. rmsd
    5.28113e+02    4.03048e-06


DD  step 21999 load imb.: force 17.5%
           Step           Time
          22000       44.00000

   Energies (kJ/mol)
          Angle    Proper Dih. Ryckaert-Bell.          LJ-14     Coulomb-14
    4.75167e+03    1.86531e+02    8.77277e+02    9.45903e+02    3.01911e+02
        LJ (SR)  Disper. corr.   Coulomb (SR)   Coul. recip.      Potential
    1.18969e+04   -1.27418e+03   -1.06590e+05    8.83914e+02   -8.80201e+04
    Kinetic En.   Total Energy  Conserved En.    Temperature Pres. DC (bar)
    2.01766e+04   -6.78435e+04   -8.40003e+04    2.86809e+02   -2.61514e+02
 Pressure (bar)   Constr. rmsd
    8.27072e+02    4.48515e-06

           Step           Time
          22500       45.00000

   Energies (kJ/mol)
          Angle    Proper Dih. Ryckaert-Bell.          LJ-14     Coulomb-14
    4.86996e+03    1.93629e+02    8.73939e+02    9.28009e+02    3.01043e+02
        LJ (SR)  Disper. corr.   Coulomb (SR)   Coul. recip.      Potential
    1.18769e+04   -1.27418e+03   -1.06507e+05    8.60772e+02   -8.78774e+04
    Kinetic En.   Total Energy  Conserved En.    Temperature Pres. DC (bar)
    1.99054e+04   -6.79720e+04   -8.40069e+04    2.82953e+02   -2.61514e+02
 Pressure (bar)   Constr. rmsd
    6.78865e+02    3.96727e-06

           Step           Time
          23000       46.00000

   Energies (kJ/mol)
          Angle    Proper Dih. Ryckaert-Bell.          LJ-14     Coulomb-14
    4.94211e+03    2.02309e+02    8.95291e+02    9.65819e+02    2.96129e+02
        LJ (SR)  Disper. corr.   Coulomb (SR)   Coul. recip.      Potential
    1.24956e+04   -1.27418e+03   -1.07151e+05    8.61382e+02   -8.77666e+04
    Kinetic En.   Total Energy  Conserved En.    Temperature Pres. DC (bar)
    1.99770e+04   -6.77896e+04   -8.40110e+04    2.83971e+02   -2.61514e+02
 Pressure (bar)   Constr. rmsd
    1.11015e+03    3.97308e-06

           Step           Time
          23500       47.00000

   Energies (kJ/mol)
          Angle    Proper Dih. Ryckaert-Bell.          LJ-14     Coulomb-14
    5.07027e+03    2.03978e+02    9.16655e+02    9.54840e+02    2.91928e+02
        LJ (SR)  Disper. corr.   Coulomb (SR)   Coul. recip.      Potential
    1.22576e+04   -1.27418e+03   -1.06115e+05    8.90301e+02   -8.68035e+04
    Kinetic En.   Total Energy  Conserved En.    Temperature Pres. DC (bar)
    1.96454e+04   -6.71581e+04   -8.40159e+04    2.79258e+02   -2.61514e+02
 Pressure (bar)   Constr. rmsd
    1.02329e+03    3.89447e-06


DD  step 23999 load imb.: force 10.0%

step 24000 Turning on dynamic load balancing, because the performance loss due to load imbalance is 2.7 %.
           Step           Time
          24000       48.00000

   Energies (kJ/mol)
          Angle    Proper Dih. Ryckaert-Bell.          LJ-14     Coulomb-14
    4.72980e+03    1.97186e+02    8.86399e+02    9.58310e+02    2.94936e+02
        LJ (SR)  Disper. corr.   Coulomb (SR)   Coul. recip.      Potential
    1.22907e+04   -1.27418e+03   -1.06975e+05    9.11570e+02   -8.79803e+04
    Kinetic En.   Total Energy  Conserved En.    Temperature Pres. DC (bar)
    1.96441e+04   -6.83362e+04   -8.40450e+04    2.79239e+02   -2.61514e+02
 Pressure (bar)   Constr. rmsd
    1.11759e+03    3.79248e-06

           Step           Time
          24500       49.00000

   Energies (kJ/mol)
          Angle    Proper Dih. Ryckaert-Bell.          LJ-14     Coulomb-14
    5.08309e+03    2.02108e+02    8.40640e+02    9.74169e+02    2.94983e+02
        LJ (SR)  Disper. corr.   Coulomb (SR)   Coul. recip.      Potential
    1.18362e+04   -1.27418e+03   -1.06274e+05    8.84791e+02   -8.74322e+04
    Kinetic En.   Total Energy  Conserved En.    Temperature Pres. DC (bar)
    1.97814e+04   -6.76508e+04   -8.40394e+04    2.81191e+02   -2.61514e+02
 Pressure (bar)   Constr. rmsd
    1.11614e+03    3.91559e-06

           Step           Time
          25000       50.00000

   Energies (kJ/mol)
          Angle    Proper Dih. Ryckaert-Bell.          LJ-14     Coulomb-14
    4.71015e+03    1.92159e+02    8.76247e+02    9.66889e+02    2.95050e+02
        LJ (SR)  Disper. corr.   Coulomb (SR)   Coul. recip.      Potential
    1.18994e+04   -1.27418e+03   -1.06502e+05    8.45284e+02   -8.79912e+04
    Kinetic En.   Total Energy  Conserved En.    Temperature Pres. DC (bar)
    1.98922e+04   -6.80990e+04   -8.40755e+04    2.82766e+02   -2.61514e+02
 Pressure (bar)   Constr. rmsd
    7.54899e+02    4.26029e-06

           Step           Time
          25500       51.00000

   Energies (kJ/mol)
          Angle    Proper Dih. Ryckaert-Bell.          LJ-14     Coulomb-14
    4.61537e+03    2.04844e+02    8.55783e+02    9.59957e+02    2.93222e+02
        LJ (SR)  Disper. corr.   Coulomb (SR)   Coul. recip.      Potential
    1.23288e+04   -1.27418e+03   -1.07002e+05    8.70644e+02   -8.81476e+04
    Kinetic En.   Total Energy  Conserved En.    Temperature Pres. DC (bar)
    1.94857e+04   -6.86619e+04   -8.41008e+04    2.76987e+02   -2.61514e+02
 Pressure (bar)   Constr. rmsd
    1.08540e+03    4.06582e-06

step 25600 Turning off dynamic load balancing, because it is degrading performance.
Atom distribution over 8 domains: av 1048 stddev 85 min 930 max 1184

DD  step 25999 load imb.: force 20.9%
           Step           Time
          26000       52.00000

   Energies (kJ/mol)
          Angle    Proper Dih. Ryckaert-Bell.          LJ-14     Coulomb-14
    4.83488e+03    2.00329e+02    8.93310e+02    9.36792e+02    3.06720e+02
        LJ (SR)  Disper. corr.   Coulomb (SR)   Coul. recip.      Potential
    1.22444e+04   -1.27418e+03   -1.07103e+05    8.86285e+02   -8.80750e+04
    Kinetic En.   Total Energy  Conserved En.    Temperature Pres. DC (bar)
    1.98052e+04   -6.82697e+04   -8.41034e+04    2.81530e+02   -2.61514e+02
 Pressure (bar)   Constr. rmsd
    9.27444e+02    3.95250e-06

           Step           Time
          26500       53.00000

   Energies (kJ/mol)
          Angle    Proper Dih. Ryckaert-Bell.          LJ-14     Coulomb-14
    4.93900e+03    2.01942e+02    8.71757e+02    9.61966e+02    2.92533e+02
        LJ (SR)  Disper. corr.   Coulomb (SR)   Coul. recip.      Potential
    1.20213e+04   -1.27418e+03   -1.06873e+05    9.06038e+02   -8.79530e+04
    Kinetic En.   Total Energy  Conserved En.    Temperature Pres. DC (bar)
    1.98249e+04   -6.81281e+04   -8.41070e+04    2.81809e+02   -2.61514e+02
 Pressure (bar)   Constr. rmsd
    8.48468e+02    3.88379e-06

           Step           Time
          27000       54.00000

   Energies (kJ/mol)
          Angle    Proper Dih. Ryckaert-Bell.          LJ-14     Coulomb-14
    4.71812e+03    1.99832e+02    8.59050e+02    9.15902e+02    3.07703e+02
        LJ (SR)  Disper. corr.   Coulomb (SR)   Coul. recip.      Potential
    1.22712e+04   -1.27418e+03   -1.06812e+05    8.70756e+02   -8.79440e+04
    Kinetic En.   Total Energy  Conserved En.    Temperature Pres. DC (bar)
    2.02558e+04   -6.76882e+04   -8.41436e+04    2.87935e+02   -2.61514e+02
 Pressure (bar)   Constr. rmsd
    1.01667e+03    4.37504e-06

           Step           Time
          27500       55.00000

   Energies (kJ/mol)
          Angle    Proper Dih. Ryckaert-Bell.          LJ-14     Coulomb-14
    4.75101e+03    2.03566e+02    8.99829e+02    9.42764e+02    3.10168e+02
        LJ (SR)  Disper. corr.   Coulomb (SR)   Coul. recip.      Potential
    1.16543e+04   -1.27418e+03   -1.06039e+05    8.81952e+02   -8.76695e+04
    Kinetic En.   Total Energy  Conserved En.    Temperature Pres. DC (bar)
    1.94475e+04   -6.82220e+04   -8.41494e+04    2.76444e+02   -2.61514e+02
 Pressure (bar)   Constr. rmsd
    6.38952e+02    4.01720e-06


DD  step 27999 load imb.: force 16.1%
           Step           Time
          28000       56.00000

   Energies (kJ/mol)
          Angle    Proper Dih. Ryckaert-Bell.          LJ-14     Coulomb-14
    4.96510e+03    1.99193e+02    8.50307e+02    9.29139e+02    3.00978e+02
        LJ (SR)  Disper. corr.   Coulomb (SR)   Coul. recip.      Potential
    1.19003e+04   -1.27418e+03   -1.06128e+05    9.05567e+02   -8.73514e+04
    Kinetic En.   Total Energy  Conserved En.    Temperature Pres. DC (bar)
    1.99880e+04   -6.73634e+04   -8.41593e+04    2.84128e+02   -2.61514e+02
 Pressure (bar)   Constr. rmsd
    6.41491e+02    4.21262e-06

           Step           Time
          28500       57.00000

   Energies (kJ/mol)
          Angle    Proper Dih. Ryckaert-Bell.          LJ-14     Coulomb-14
    4.61847e+03    1.97093e+02    8.56355e+02    9.29694e+02    3.11458e+02
        LJ (SR)  Disper. corr.   Coulomb (SR)   Coul. recip.      Potential
    1.20419e+04   -1.27418e+03   -1.07053e+05    8.73885e+02   -8.84981e+04
    Kinetic En.   Total Energy  Conserved En.    Temperature Pres. DC (bar)
    1.96747e+04   -6.88235e+04   -8.41869e+04    2.79674e+02   -2.61514e+02
 Pressure (bar)   Constr. rmsd
    7.31641e+02    4.14894e-06

           Step           Time
          29000       58.00000

   Energies (kJ/mol)
          Angle    Proper Dih. Ryckaert-Bell.          LJ-14     Coulomb-14
    4.85110e+03    2.03526e+02    8.40019e+02    9.27994e+02    2.96890e+02
        LJ (SR)  Disper. corr.   Coulomb (SR)   Coul. recip.      Potential
    1.29918e+04   -1.27418e+03   -1.07483e+05    9.10618e+02   -8.77357e+04
    Kinetic En.   Total Energy  Conserved En.    Temperature Pres. DC (bar)
    2.00741e+04   -6.76616e+04   -8.41878e+04    2.85352e+02   -2.61514e+02
 Pressure (bar)   Constr. rmsd
    1.52527e+03    4.06766e-06

           Step           Time
          29500       59.00000

   Energies (kJ/mol)
          Angle    Proper Dih. Ryckaert-Bell.          LJ-14     Coulomb-14
    4.74460e+03    1.90110e+02    8.04277e+02    9.43292e+02    2.93552e+02
        LJ (SR)  Disper. corr.   Coulomb (SR)   Coul. recip.      Potential
    1.26928e+04   -1.27418e+03   -1.06982e+05    9.00520e+02   -8.76869e+04
    Kinetic En.   Total Energy  Conserved En.    Temperature Pres. DC (bar)
    1.96669e+04   -6.80200e+04   -8.42164e+04    2.79563e+02   -2.61514e+02
 Pressure (bar)   Constr. rmsd
    1.45860e+03    4.48726e-06


DD  step 29999 load imb.: force 18.0%
           Step           Time
          30000       60.00000

   Energies (kJ/mol)
          Angle    Proper Dih. Ryckaert-Bell.          LJ-14     Coulomb-14
    4.68366e+03    1.91743e+02    8.53450e+02    9.31086e+02    2.87344e+02
        LJ (SR)  Disper. corr.   Coulomb (SR)   Coul. recip.      Potential
    1.26733e+04   -1.27418e+03   -1.07844e+05    9.05740e+02   -8.85918e+04
    Kinetic En.   Total Energy  Conserved En.    Temperature Pres. DC (bar)
    1.99365e+04   -6.86554e+04   -8.42252e+04    2.83395e+02   -2.61514e+02
 Pressure (bar)   Constr. rmsd
    9.89308e+02    4.11423e-06

           Step           Time
          30500       61.00000

   Energies (kJ/mol)
          Angle    Proper Dih. Ryckaert-Bell.          LJ-14     Coulomb-14
    4.80779e+03    1.79835e+02    8.14631e+02    9.47965e+02    2.84629e+02
        LJ (SR)  Disper. corr.   Coulomb (SR)   Coul. recip.      Potential
    1.21005e+04   -1.27418e+03   -1.06703e+05    8.68496e+02   -8.79730e+04
    Kinetic En.   Total Energy  Conserved En.    Temperature Pres. DC (bar)
    1.98330e+04   -6.81400e+04   -8.42291e+04    2.81924e+02   -2.61514e+02
 Pressure (bar)   Constr. rmsd
    7.63622e+02    4.00501e-06

           Step           Time
          31000       62.00000

   Energies (kJ/mol)
          Angle    Proper Dih. Ryckaert-Bell.          LJ-14     Coulomb-14
    4.96492e+03    1.87086e+02    8.78841e+02    9.56188e+02    2.93908e+02
        LJ (SR)  Disper. corr.   Coulomb (SR)   Coul. recip.      Potential
    1.24812e+04   -1.27418e+03   -1.06799e+05    8.58141e+02   -8.74530e+04
    Kinetic En.   Total Energy  Conserved En.    Temperature Pres. DC (bar)
    1.97126e+04   -6.77405e+04   -8.42405e+04    2.80212e+02   -2.61514e+02
 Pressure (bar)   Constr. rmsd
    1.24141e+03    4.26547e-06

           Step           Time
          31500       63.00000

   Energies (kJ/mol)
          Angle    Proper Dih. Ryckaert-Bell.          LJ-14     Coulomb-14
    4.90270e+03    1.77507e+02    9.68617e+02    9.76269e+02    2.91735e+02
        LJ (SR)  Disper. corr.   Coulomb (SR)   Coul. recip.      Potential
    1.19421e+04   -1.27418e+03   -1.06383e+05    8.80784e+02   -8.75170e+04
    Kinetic En.   Total Energy  Conserved En.    Temperature Pres. DC (bar)
    2.01883e+04   -6.73287e+04   -8.42686e+04    2.86975e+02   -2.61514e+02
 Pressure (bar)   Constr. rmsd
    9.18458e+02    4.03351e-06


DD  step 31999 load imb.: force 17.0%

step 32000 Turning on dynamic load balancing, because the performance loss due to load imbalance is 2.8 %.
           Step           Time
          32000       64.00000

   Energies (kJ/mol)
          Angle    Proper Dih. Ryckaert-Bell.          LJ-14     Coulomb-14
    4.94480e+03    1.84038e+02    8.35882e+02    9.46514e+02    2.97521e+02
        LJ (SR)  Disper. corr.   Coulomb (SR)   Coul. recip.      Potential
    1.23362e+04   -1.27418e+03   -1.06854e+05    8.73972e+02   -8.77092e+04
    Kinetic En.   Total Energy  Conserved En.    Temperature Pres. DC (bar)
    2.01244e+04   -6.75848e+04   -8.42699e+04    2.86067e+02   -2.61514e+02
 Pressure (bar)   Constr. rmsd
    1.07538e+03    4.25034e-06

           Step           Time
          32500       65.00000

   Energies (kJ/mol)
          Angle    Proper Dih. Ryckaert-Bell.          LJ-14     Coulomb-14
    4.79084e+03    1.84086e+02    8.87611e+02    9.65584e+02    3.01602e+02
        LJ (SR)  Disper. corr.   Coulomb (SR)   Coul. recip.      Potential
    1.19968e+04   -1.27418e+03   -1.06802e+05    8.85344e+02   -8.80643e+04
    Kinetic En.   Total Energy  Conserved En.    Temperature Pres. DC (bar)
    2.01204e+04   -6.79439e+04   -8.42903e+04    2.86010e+02   -2.61514e+02
 Pressure (bar)   Constr. rmsd
    8.17275e+02    4.05839e-06

           Step           Time
          33000       66.00000

   Energies (kJ/mol)
          Angle    Proper Dih. Ryckaert-Bell.          LJ-14     Coulomb-14
    4.85548e+03    1.83097e+02    8.09969e+02    9.53559e+02    3.02510e+02
        LJ (SR)  Disper. corr.   Coulomb (SR)   Coul. recip.      Potential
    1.18829e+04   -1.27418e+03   -1.06392e+05    8.87484e+02   -8.77908e+04
    Kinetic En.   Total Energy  Conserved En.    Temperature Pres. DC (bar)
    1.97698e+04   -6.80210e+04   -8.42989e+04    2.81026e+02   -2.61514e+02
 Pressure (bar)   Constr. rmsd
    1.02776e+03    3.84946e-06

           Step           Time
          33500       67.00000

   Energies (kJ/mol)
          Angle    Proper Dih. Ryckaert-Bell.          LJ-14     Coulomb-14
    4.94756e+03    1.75675e+02    8.79472e+02    9.49817e+02    3.07126e+02
        LJ (SR)  Disper. corr.   Coulomb (SR)   Coul. recip.      Potential
    1.18436e+04   -1.27418e+03   -1.06740e+05    8.80803e+02   -8.80300e+04
    Kinetic En.   Total Energy  Conserved En.    Temperature Pres. DC (bar)
    1.98528e+04   -6.81773e+04   -8.43046e+04    2.82205e+02   -2.61514e+02
 Pressure (bar)   Constr. rmsd
    8.22306e+02    3.90016e-06


DD  step 33999  vol min/aver 0.748  load imb.: force  2.0%
           Step           Time
          34000       68.00000

   Energies (kJ/mol)
          Angle    Proper Dih. Ryckaert-Bell.          LJ-14     Coulomb-14
    4.83491e+03    1.79616e+02    8.74726e+02    9.36876e+02    3.02105e+02
        LJ (SR)  Disper. corr.   Coulomb (SR)   Coul. recip.      Potential
    1.31267e+04   -1.27418e+03   -1.07987e+05    8.41147e+02   -8.81653e+04
    Kinetic En.   Total Energy  Conserved En.    Temperature Pres. DC (bar)
    1.97908e+04   -6.83745e+04   -8.43281e+04    2.81325e+02   -2.61514e+02
 Pressure (bar)   Constr. rmsd
    1.53264e+03    3.88718e-06

           Step           Time
          34500       69.00000

   Energies (kJ/mol)
          Angle    Proper Dih. Ryckaert-Bell.          LJ-14     Coulomb-14
    4.88140e+03    1.80327e+02    8.76673e+02    9.61266e+02    3.07954e+02
        LJ (SR)  Disper. corr.   Coulomb (SR)   Coul. recip.      Potential
    1.22237e+04   -1.27418e+03   -1.07016e+05    8.83339e+02   -8.79756e+04
    Kinetic En.   Total Energy  Conserved En.    Temperature Pres. DC (bar)
    1.97705e+04   -6.82051e+04   -8.43302e+04    2.81036e+02   -2.61514e+02
 Pressure (bar)   Constr. rmsd
    1.04035e+03    4.21444e-06

           Step           Time
          35000       70.00000

   Energies (kJ/mol)
          Angle    Proper Dih. Ryckaert-Bell.          LJ-14     Coulomb-14
    4.98485e+03    1.82201e+02    8.93391e+02    9.54971e+02    3.19763e+02
        LJ (SR)  Disper. corr.   Coulomb (SR)   Coul. recip.      Potential
    1.21531e+04   -1.27418e+03   -1.06662e+05    8.44032e+02   -8.76042e+04
    Kinetic En.   Total Energy  Conserved En.    Temperature Pres. DC (bar)
    1.99782e+04   -6.76260e+04   -8.43403e+04    2.83988e+02   -2.61514e+02
 Pressure (bar)   Constr. rmsd
    1.03713e+03    4.25587e-06

           Step           Time
          35500       71.00000

   Energies (kJ/mol)
          Angle    Proper Dih. Ryckaert-Bell.          LJ-14     Coulomb-14
    5.00864e+03    1.82959e+02    9.30870e+02    9.45213e+02    3.12962e+02
        LJ (SR)  Disper. corr.   Coulomb (SR)   Coul. recip.      Potential
    1.19008e+04   -1.27418e+03   -1.06444e+05    8.37675e+02   -8.75994e+04
    Kinetic En.   Total Energy  Conserved En.    Temperature Pres. DC (bar)
    1.97964e+04   -6.78030e+04   -8.43471e+04    2.81404e+02   -2.61514e+02
 Pressure (bar)   Constr. rmsd
    6.94462e+02    4.02533e-06


DD  step 35999  vol min/aver 0.800  load imb.: force  7.6%
           Step           Time
          36000       72.00000

   Energies (kJ/mol)
          Angle    Proper Dih. Ryckaert-Bell.          LJ-14     Coulomb-14
    4.80692e+03    1.78044e+02    9.15099e+02    9.51352e+02    3.10541e+02
        LJ (SR)  Disper. corr.   Coulomb (SR)   Coul. recip.      Potential
    1.19892e+04   -1.27418e+03   -1.06576e+05    9.07731e+02   -8.77913e+04
    Kinetic En.   Total Energy  Conserved En.    Temperature Pres. DC (bar)
    2.02634e+04   -6.75279e+04   -8.43691e+04    2.88042e+02   -2.61514e+02
 Pressure (bar)   Constr. rmsd
    9.23997e+02    3.98678e-06

           Step           Time
          36500       73.00000

   Energies (kJ/mol)
          Angle    Proper Dih. Ryckaert-Bell.          LJ-14     Coulomb-14
    4.91557e+03    1.87376e+02    9.32244e+02    9.23655e+02    3.26008e+02
        LJ (SR)  Disper. corr.   Coulomb (SR)   Coul. recip.      Potential
    1.24297e+04   -1.27418e+03   -1.07103e+05    8.41994e+02   -8.78209e+04
    Kinetic En.   Total Energy  Conserved En.    Temperature Pres. DC (bar)
    1.98491e+04   -6.79718e+04   -8.43807e+04    2.82153e+02   -2.61514e+02
 Pressure (bar)   Constr. rmsd
    9.32667e+02    3.92559e-06

           Step           Time
          37000       74.00000

   Energies (kJ/mol)
          Angle    Proper Dih. Ryckaert-Bell.          LJ-14     Coulomb-14
    4.89095e+03    1.82313e+02    9.25510e+02    9.13721e+02    3.21866e+02
        LJ (SR)  Disper. corr.   Coulomb (SR)   Coul. recip.      Potential
    1.22594e+04   -1.27418e+03   -1.06676e+05    8.53456e+02   -8.76030e+04
    Kinetic En.   Total Energy  Conserved En.    Temperature Pres. DC (bar)
    2.02746e+04   -6.73284e+04   -8.44092e+04    2.88202e+02   -2.61514e+02
 Pressure (bar)   Constr. rmsd
    7.13731e+02    4.08073e-06

           Step           Time
          37500       75.00000

   Energies (kJ/mol)
          Angle    Proper Dih. Ryckaert-Bell.          LJ-14     Coulomb-14
    4.71523e+03    1.85757e+02    8.90750e+02    9.21845e+02    3.20869e+02
        LJ (SR)  Disper. corr.   Coulomb (SR)   Coul. recip.      Potential
    1.22850e+04   -1.27418e+03   -1.07055e+05    8.49322e+02   -8.81603e+04
    Kinetic En.   Total Energy  Conserved En.    Temperature Pres. DC (bar)
    1.94699e+04   -6.86904e+04   -8.44167e+04    2.76763e+02   -2.61514e+02
 Pressure (bar)   Constr. rmsd
    8.94716e+02    3.90053e-06


DD  step 37999  vol min/aver 0.774  load imb.: force  3.5%
           Step           Time
          38000       76.00000

   Energies (kJ/mol)
          Angle    Proper Dih. Ryckaert-Bell.          LJ-14     Coulomb-14
    4.66488e+03    1.81083e+02    8.74121e+02    9.28515e+02    3.03753e+02
        LJ (SR)  Disper. corr.   Coulomb (SR)   Coul. recip.      Potential
    1.17150e+04   -1.27418e+03   -1.06691e+05    8.52304e+02   -8.84455e+04
    Kinetic En.   Total Energy  Conserved En.    Temperature Pres. DC (bar)
    1.89326e+04   -6.95129e+04   -8.44097e+04    2.69126e+02   -2.61514e+02
 Pressure (bar)   Constr. rmsd
    5.28919e+02    3.54058e-06

           Step           Time
          38500       77.00000

   Energies (kJ/mol)
          Angle    Proper Dih. Ryckaert-Bell.          LJ-14     Coulomb-14
    4.80680e+03    1.93438e+02    9.49984e+02    9.61727e+02    3.10662e+02
        LJ (SR)  Disper. corr.   Coulomb (SR)   Coul. recip.      Potential
    1.17552e+04   -1.27418e+03   -1.06322e+05    8.58612e+02   -8.77595e+04
    Kinetic En.   Total Energy  Conserved En.    Temperature Pres. DC (bar)
    1.96980e+04   -6.80615e+04   -8.44326e+04    2.80005e+02   -2.61514e+02
 Pressure (bar)   Constr. rmsd
    5.89676e+02    3.91422e-06

           Step           Time
          39000       78.00000

   Energies (kJ/mol)
          Angle    Proper Dih. Ryckaert-Bell.          LJ-14     Coulomb-14
    4.84161e+03    1.86295e+02    9.32010e+02    9.52921e+02    3.04201e+02
        LJ (SR)  Disper. corr.   Coulomb (SR)   Coul. recip.      Potential
    1.15883e+04   -1.27418e+03   -1.06122e+05    8.83514e+02   -8.77075e+04
    Kinetic En.   Total Energy  Conserved En.    Temperature Pres. DC (bar)
    1.98928e+04   -6.78147e+04   -8.44437e+04    2.82774e+02   -2.61514e+02
 Pressure (bar)   Constr. rmsd
    6.06241e+02    4.13840e-06

           Step           Time
          39500       79.00000

   Energies (kJ/mol)
          Angle    Proper Dih. Ryckaert-Bell.          LJ-14     Coulomb-14
    4.92498e+03    1.79825e+02    8.99456e+02    9.09030e+02    3.21049e+02
        LJ (SR)  Disper. corr.   Coulomb (SR)   Coul. recip.      Potential
    1.17836e+04   -1.27418e+03   -1.06214e+05    8.84316e+02   -8.75864e+04
    Kinetic En.   Total Energy  Conserved En.    Temperature Pres. DC (bar)
    2.00046e+04   -6.75817e+04   -8.44593e+04    2.84364e+02   -2.61514e+02
 Pressure (bar)   Constr. rmsd
    7.17780e+02    3.97100e-06


DD  step 39999  vol min/aver 0.763  load imb.: force  3.1%
           Step           Time
          40000       80.00000

   Energies (kJ/mol)
          Angle    Proper Dih. Ryckaert-Bell.          LJ-14     Coulomb-14
    4.77894e+03    1.85518e+02    9.34143e+02    9.60734e+02    3.14911e+02
        LJ (SR)  Disper. corr.   Coulomb (SR)   Coul. recip.      Potential
    1.24444e+04   -1.27418e+03   -1.06723e+05    8.80175e+02   -8.74983e+04
    Kinetic En.   Total Energy  Conserved En.    Temperature Pres. DC (bar)
    1.96371e+04   -6.78612e+04   -8.44833e+04    2.79140e+02   -2.61514e+02
 Pressure (bar)   Constr. rmsd
    1.28981e+03    4.04812e-06

           Step           Time
          40500       81.00000

   Energies (kJ/mol)
          Angle    Proper Dih. Ryckaert-Bell.          LJ-14     Coulomb-14
    4.96378e+03    1.84792e+02    9.56968e+02    9.56009e+02    3.16260e+02
        LJ (SR)  Disper. corr.   Coulomb (SR)   Coul. recip.      Potential
    1.22486e+04   -1.27418e+03   -1.06578e+05    8.84944e+02   -8.73405e+04
    Kinetic En.   Total Energy  Conserved En.    Temperature Pres. DC (bar)
    2.02112e+04   -6.71293e+04   -8.44921e+04    2.87300e+02   -2.61514e+02
 Pressure (bar)   Constr. rmsd
    1.09475e+03    4.21995e-06

           Step           Time
          41000       82.00000

   Energies (kJ/mol)
          Angle    Proper Dih. Ryckaert-Bell.          LJ-14     Coulomb-14
    5.17439e+03    1.83909e+02    8.94331e+02    9.44911e+02    3.12853e+02
        LJ (SR)  Disper. corr.   Coulomb (SR)   Coul. recip.      Potential
    1.25325e+04   -1.27418e+03   -1.06856e+05    8.99231e+02   -8.71877e+04
    Kinetic En.   Total Energy  Conserved En.    Temperature Pres. DC (bar)
    2.03290e+04   -6.68587e+04   -8.44862e+04    2.88975e+02   -2.61514e+02
 Pressure (bar)   Constr. rmsd
    1.13140e+03    4.16927e-06

           Step           Time
          41500       83.00000

   Energies (kJ/mol)
          Angle    Proper Dih. Ryckaert-Bell.          LJ-14     Coulomb-14
    4.69178e+03    1.78825e+02    8.90388e+02    9.66645e+02    3.10486e+02
        LJ (SR)  Disper. corr.   Coulomb (SR)   Coul. recip.      Potential
    1.21890e+04   -1.27418e+03   -1.06602e+05    8.41889e+02   -8.78071e+04
    Kinetic En.   Total Energy  Conserved En.    Temperature Pres. DC (bar)
    1.93137e+04   -6.84934e+04   -8.45097e+04    2.74542e+02   -2.61514e+02
 Pressure (bar)   Constr. rmsd
    1.01102e+03    4.08474e-06


DD  step 41999  vol min/aver 0.793  load imb.: force  3.6%
           Step           Time
          42000       84.00000

   Energies (kJ/mol)
          Angle    Proper Dih. Ryckaert-Bell.          LJ-14     Coulomb-14
    4.76716e+03    1.92976e+02    8.66675e+02    9.24381e+02    3.02842e+02
        LJ (SR)  Disper. corr.   Coulomb (SR)   Coul. recip.      Potential
    1.23106e+04   -1.27418e+03   -1.07077e+05    8.55904e+02   -8.81308e+04
    Kinetic En.   Total Energy  Conserved En.    Temperature Pres. DC (bar)
    1.97341e+04   -6.83967e+04   -8.45234e+04    2.80519e+02   -2.61514e+02
 Pressure (bar)   Constr. rmsd
    9.62831e+02    4.12248e-06

           Step           Time
          42500       85.00000

   Energies (kJ/mol)
          Angle    Proper Dih. Ryckaert-Bell.          LJ-14     Coulomb-14
    4.92178e+03    1.92098e+02    8.86310e+02    9.38775e+02    3.21435e+02
        LJ (SR)  Disper. corr.   Coulomb (SR)   Coul. recip.      Potential
    1.21210e+04   -1.27418e+03   -1.06591e+05    8.99722e+02   -8.75845e+04
    Kinetic En.   Total Energy  Conserved En.    Temperature Pres. DC (bar)
    1.99994e+04   -6.75851e+04   -8.45378e+04    2.84289e+02   -2.61514e+02
 Pressure (bar)   Constr. rmsd
    1.05089e+03    4.10591e-06

           Step           Time
          43000       86.00000

   Energies (kJ/mol)
          Angle    Proper Dih. Ryckaert-Bell.          LJ-14     Coulomb-14
    5.04468e+03    1.81552e+02    9.00104e+02    9.10314e+02    3.18460e+02
        LJ (SR)  Disper. corr.   Coulomb (SR)   Coul. recip.      Potential
    1.20111e+04   -1.27418e+03   -1.06345e+05    8.55587e+02   -8.73972e+04
    Kinetic En.   Total Energy  Conserved En.    Temperature Pres. DC (bar)
    1.96609e+04   -6.77364e+04   -8.45434e+04    2.79477e+02   -2.61514e+02
 Pressure (bar)   Constr. rmsd
    5.14895e+02    4.15249e-06

           Step           Time
          43500       87.00000

   Energies (kJ/mol)
          Angle    Proper Dih. Ryckaert-Bell.          LJ-14     Coulomb-14
    4.81916e+03    1.89506e+02    9.36057e+02    9.43720e+02    3.21986e+02
        LJ (SR)  Disper. corr.   Coulomb (SR)   Coul. recip.      Potential
    1.24867e+04   -1.27418e+03   -1.07303e+05    8.86884e+02   -8.79928e+04
    Kinetic En.   Total Energy  Conserved En.    Temperature Pres. DC (bar)
    1.97428e+04   -6.82499e+04   -8.45543e+04    2.80643e+02   -2.61514e+02
 Pressure (bar)   Constr. rmsd
    1.24951e+03    3.90922e-06


DD  step 43999  vol min/aver 0.773  load imb.: force  2.5%
           Step           Time
          44000       88.00000

   Energies (kJ/mol)
          Angle    Proper Dih. Ryckaert-Bell.          LJ-14     Coulomb-14
    4.93470e+03    1.81930e+02    9.21392e+02    9.29047e+02    3.23827e+02
        LJ (SR)  Disper. corr.   Coulomb (SR)   Coul. recip.      Potential
    1.19571e+04   -1.27418e+03   -1.06657e+05    8.54907e+02   -8.78280e+04
    Kinetic En.   Total Energy  Conserved En.    Temperature Pres. DC (bar)
    1.98579e+04   -6.79701e+04   -8.45663e+04    2.82278e+02   -2.61514e+02
 Pressure (bar)   Constr. rmsd
    5.61017e+02    3.97618e-06

           Step           Time
          44500       89.00000

   Energies (kJ/mol)
          Angle    Proper Dih. Ryckaert-Bell.          LJ-14     Coulomb-14
    4.88640e+03    1.80453e+02    8.94398e+02    9.30205e+02    3.20646e+02
        LJ (SR)  Disper. corr.   Coulomb (SR)   Coul. recip.      Potential
    1.24132e+04   -1.27418e+03   -1.07019e+05    8.66823e+02   -8.78013e+04
    Kinetic En.   Total Energy  Conserved En.    Temperature Pres. DC (bar)
    2.01982e+04   -6.76031e+04   -8.45813e+04    2.87115e+02   -2.61514e+02
 Pressure (bar)   Constr. rmsd
    8.98569e+02    4.17415e-06

           Step           Time
          45000       90.00000

   Energies (kJ/mol)
          Angle    Proper Dih. Ryckaert-Bell.          LJ-14     Coulomb-14
    4.67050e+03    1.90316e+02    8.66187e+02    9.36467e+02    3.07736e+02
        LJ (SR)  Disper. corr.   Coulomb (SR)   Coul. recip.      Potential
    1.30760e+04   -1.27418e+03   -1.07885e+05    9.12612e+02   -8.81990e+04
    Kinetic En.   Total Energy  Conserved En.    Temperature Pres. DC (bar)
    1.99887e+04   -6.82103e+04   -8.46113e+04    2.84137e+02   -2.61514e+02
 Pressure (bar)   Constr. rmsd
    1.30207e+03    4.39789e-06

           Step           Time
          45500       91.00000

   Energies (kJ/mol)
          Angle    Proper Dih. Ryckaert-Bell.          LJ-14     Coulomb-14
    4.95437e+03    1.90671e+02    9.46417e+02    9.63017e+02    3.17507e+02
        LJ (SR)  Disper. corr.   Coulomb (SR)   Coul. recip.      Potential
    1.24658e+04   -1.27418e+03   -1.07038e+05    8.52614e+02   -8.76216e+04
    Kinetic En.   Total Energy  Conserved En.    Temperature Pres. DC (bar)
    1.95996e+04   -6.80219e+04   -8.45923e+04    2.78607e+02   -2.61514e+02
 Pressure (bar)   Constr. rmsd
    1.15230e+03    4.19457e-06


DD  step 45999  vol min/aver 0.782  load imb.: force  3.6%
           Step           Time
          46000       92.00000

   Energies (kJ/mol)
          Angle    Proper Dih. Ryckaert-Bell.          LJ-14     Coulomb-14
    4.79548e+03    1.93023e+02    9.02470e+02    9.43736e+02    3.13056e+02
        LJ (SR)  Disper. corr.   Coulomb (SR)   Coul. recip.      Potential
    1.24593e+04   -1.27418e+03   -1.07309e+05    8.50422e+02   -8.81257e+04
    Kinetic En.   Total Energy  Conserved En.    Temperature Pres. DC (bar)
    1.95189e+04   -6.86068e+04   -8.46104e+04    2.77459e+02   -2.61514e+02
 Pressure (bar)   Constr. rmsd
    9.20538e+02    3.82239e-06

           Step           Time
          46500       93.00000

   Energies (kJ/mol)
          Angle    Proper Dih. Ryckaert-Bell.          LJ-14     Coulomb-14
    4.67467e+03    1.91276e+02    8.68510e+02    9.47784e+02    3.18264e+02
        LJ (SR)  Disper. corr.   Coulomb (SR)   Coul. recip.      Potential
    1.20758e+04   -1.27418e+03   -1.06937e+05    8.51184e+02   -8.82834e+04
    Kinetic En.   Total Energy  Conserved En.    Temperature Pres. DC (bar)
    1.96608e+04   -6.86226e+04   -8.46350e+04    2.79476e+02   -2.61514e+02
 Pressure (bar)   Constr. rmsd
    9.91716e+02    4.00730e-06

           Step           Time
          47000       94.00000

   Energies (kJ/mol)
          Angle    Proper Dih. Ryckaert-Bell.          LJ-14     Coulomb-14
    4.86893e+03    1.82986e+02    9.32364e+02    9.53602e+02    3.09598e+02
        LJ (SR)  Disper. corr.   Coulomb (SR)   Coul. recip.      Potential
    1.19097e+04   -1.27418e+03   -1.06668e+05    8.22491e+02   -8.79620e+04
    Kinetic En.   Total Energy  Conserved En.    Temperature Pres. DC (bar)
    1.97140e+04   -6.82480e+04   -8.46341e+04    2.80232e+02   -2.61514e+02
 Pressure (bar)   Constr. rmsd
    6.94751e+02    4.13971e-06

           Step           Time
          47500       95.00000

   Energies (kJ/mol)
          Angle    Proper Dih. Ryckaert-Bell.          LJ-14     Coulomb-14
    4.79804e+03    1.79036e+02    9.10528e+02    9.55252e+02    2.99097e+02
        LJ (SR)  Disper. corr.   Coulomb (SR)   Coul. recip.      Potential
    1.21910e+04   -1.27418e+03   -1.06919e+05    8.81073e+02   -8.79793e+04
    Kinetic En.   Total Energy  Conserved En.    Temperature Pres. DC (bar)
    1.95172e+04   -6.84622e+04   -8.46512e+04    2.77435e+02   -2.61514e+02
 Pressure (bar)   Constr. rmsd
    7.77419e+02    4.07441e-06


DD  step 47999  vol min/aver 0.765  load imb.: force  3.1%
           Step           Time
          48000       96.00000

   Energies (kJ/mol)
          Angle    Proper Dih. Ryckaert-Bell.          LJ-14     Coulomb-14
    4.74600e+03    1.87539e+02    8.64750e+02    9.56791e+02    3.04202e+02
        LJ (SR)  Disper. corr.   Coulomb (SR)   Coul. recip.      Potential
    1.20421e+04   -1.27418e+03   -1.06571e+05    8.57046e+02   -8.78871e+04
    Kinetic En.   Total Energy  Conserved En.    Temperature Pres. DC (bar)
    2.02331e+04   -6.76541e+04   -8.46785e+04    2.87611e+02   -2.61514e+02
 Pressure (bar)   Constr. rmsd
    9.43276e+02    4.54820e-06

           Step           Time
          48500       97.00000

   Energies (kJ/mol)
          Angle    Proper Dih. Ryckaert-Bell.          LJ-14     Coulomb-14
    4.85049e+03    1.76444e+02    8.56738e+02    9.12488e+02    3.04984e+02
        LJ (SR)  Disper. corr.   Coulomb (SR)   Coul. recip.      Potential
    1.23634e+04   -1.27418e+03   -1.06972e+05    8.15753e+02   -8.79662e+04
    Kinetic En.   Total Energy  Conserved En.    Temperature Pres. DC (bar)
    1.98021e+04   -6.81641e+04   -8.46915e+04    2.81485e+02   -2.61514e+02
 Pressure (bar)   Constr. rmsd
    7.00552e+02    4.13311e-06

           Step           Time
          49000       98.00000

   Energies (kJ/mol)
          Angle    Proper Dih. Ryckaert-Bell.          LJ-14     Coulomb-14
    4.70098e+03    1.76947e+02    9.15604e+02    9.48663e+02    3.07956e+02
        LJ (SR)  Disper. corr.   Coulomb (SR)   Coul. recip.      Potential
    1.22982e+04   -1.27418e+03   -1.06937e+05    8.56381e+02   -8.80062e+04
    Kinetic En.   Total Energy  Conserved En.    Temperature Pres. DC (bar)
    1.99987e+04   -6.80076e+04   -8.47098e+04    2.84279e+02   -2.61514e+02
 Pressure (bar)   Constr. rmsd
    1.03563e+03    4.21911e-06

           Step           Time
          49500       99.00000

   Energies (kJ/mol)
          Angle    Proper Dih. Ryckaert-Bell.          LJ-14     Coulomb-14
    4.69942e+03    1.78587e+02    9.18682e+02    9.58438e+02    3.00804e+02
        LJ (SR)  Disper. corr.   Coulomb (SR)   Coul. recip.      Potential
    1.23942e+04   -1.27418e+03   -1.06875e+05    8.77625e+02   -8.78217e+04
    Kinetic En.   Total Energy  Conserved En.    Temperature Pres. DC (bar)
    1.96960e+04   -6.81257e+04   -8.47025e+04    2.79977e+02   -2.61514e+02
 Pressure (bar)   Constr. rmsd
    1.30763e+03    3.97131e-06


DD  step 49999  vol min/aver 0.758  load imb.: force  2.5%
           Step           Time
          50000      100.00000

Writing checkpoint, step 50000 at Wed Apr 26 17:49:30 2023


   Energies (kJ/mol)
          Angle    Proper Dih. Ryckaert-Bell.          LJ-14     Coulomb-14
    4.92908e+03    1.80779e+02    8.77006e+02    9.60177e+02    3.08001e+02
        LJ (SR)  Disper. corr.   Coulomb (SR)   Coul. recip.      Potential
    1.22430e+04   -1.27418e+03   -1.06615e+05    8.59533e+02   -8.75321e+04
    Kinetic En.   Total Energy  Conserved En.    Temperature Pres. DC (bar)
    1.96405e+04   -6.78916e+04   -8.47076e+04    2.79188e+02   -2.61514e+02
 Pressure (bar)   Constr. rmsd
    1.15501e+03    4.03597e-06


Energy conservation over simulation part #1 of length 100 ns, time 0 to 100 ns
  Conserved energy drift: -1.22e-03 kJ/mol/ps per atom


	<======  ###############  ==>
	<====  A V E R A G E S  ====>
	<==  ###############  ======>

	Statistics over 50001 steps using 501 frames

   Energies (kJ/mol)
          Angle    Proper Dih. Ryckaert-Bell.          LJ-14     Coulomb-14
    4.81748e+03    1.93946e+02    8.74934e+02    9.39782e+02    3.01679e+02
        LJ (SR)  Disper. corr.   Coulomb (SR)   Coul. recip.      Potential
    1.22643e+04   -1.27418e+03   -1.06887e+05    9.05669e+02   -8.78634e+04
    Kinetic En.   Total Energy  Conserved En.    Temperature Pres. DC (bar)
    1.98041e+04   -6.80593e+04   -8.40722e+04    2.81514e+02   -2.61514e+02
 Pressure (bar)   Constr. rmsd
    9.04246e+02    0.00000e+00

   Total Virial (kJ/mol)
    4.38679e+03   -9.56241e+01   -1.35242e+01
   -9.56392e+01    4.12860e+03    1.32830e+01
   -1.40160e+01    1.28106e+01    4.67246e+03

   Pressure (bar)
    9.34136e+02    3.98179e+01    7.50369e+00
    3.98241e+01    1.02442e+03   -7.04803e+00
    7.70530e+00   -6.85435e+00    7.54185e+02

          T-HEX          T-CATT-Water_and_ions
    2.98542e+02    1.61691e+01    2.98973e+02


	M E G A - F L O P S   A C C O U N T I N G

 NB=Group-cutoff nonbonded kernels    NxN=N-by-N cluster Verlet kernels
 RF=Reaction-Field  VdW=Van der Waals  QSTab=quadratic-spline table
 W3=SPC/TIP3p  W4=TIP4p (single or pairs)
 V&F=Potential and force  V=Potential only  F=Force only

 Computing:                               M-Number         M-Flops  % Flops
-----------------------------------------------------------------------------
 Pair Search distance check            2276.455412       20488.099     0.1
 NxN Ewald Elec. + LJ [F]            178283.242000    11766693.972    65.8
 NxN Ewald Elec. + LJ [V&F]            1804.588208      193090.938     1.1
 NxN Ewald Elec. [F]                  85149.147632     5194098.006    29.0
 NxN Ewald Elec. [V&F]                  861.861744       72396.386     0.4
 1,4 nonbonded interactions             341.556831       30740.115     0.2
 Calc Weights                          1258.225164       45296.106     0.3
 Spread Q Bspline                     26842.136832       53684.274     0.3
 Gather F Bspline                     26842.136832      161052.821     0.9
 3D-FFT                               16693.533864      133548.271     0.7
 Solve PME                              102.402048        6553.731     0.0
 Reset In Box                             5.225724          15.677     0.0
 CG-CoM                                   5.259276          15.778     0.0
 Angles                                 269.405388       45260.105     0.3
 Propers                                 69.601392       15938.719     0.1
 RB-Dihedrals                           276.755535       68358.617     0.4
 Virial                                   4.382748          78.889     0.0
 Stop-CM                                  4.210776          42.108     0.0
 Calc-Ekin                               83.896776        2265.213     0.0
 Lincs                                  200.195155       12011.709     0.1
 Lincs-Mat                             4556.785896       18227.144     0.1
 Constraint-V                           699.355000        6294.195     0.0
 Constraint-Vir                           5.001066         120.026     0.0
 Settle                                  99.659447       36873.995     0.2
-----------------------------------------------------------------------------
 Total                                                17883144.893   100.0
-----------------------------------------------------------------------------


    D O M A I N   D E C O M P O S I T I O N   S T A T I S T I C S

 av. #atoms communicated per step for force:  2 x 12863.8
 av. #atoms communicated per step for LINCS:  2 x 1842.1


Dynamic load balancing report:
 DLB was turned on during the run due to measured imbalance.
 Average load imbalance: 6.5%.
 The balanceable part of the MD step is 38%, load imbalance is computed from this.
 Part of the total run time spent waiting due to load imbalance: 2.5%.
 Steps where the load balancing was limited by -rdd, -rcon and/or -dds: Y 0 % Z 0 %


     R E A L   C Y C L E   A N D   T I M E   A C C O U N T I N G

On 8 MPI ranks

 Computing:          Num   Num      Call    Wall time         Giga-Cycles
                     Ranks Threads  Count      (s)         total sum    %
-----------------------------------------------------------------------------
 Domain decomp.         8    1        626       2.897         25.805   0.6
 DD comm. load          8    1        320       0.030          0.265   0.0
 DD comm. bounds        8    1        304       0.034          0.305   0.0
 Neighbor search        8    1        626       3.062         27.277   0.7
 Comm. coord.           8    1      49375      11.585        103.211   2.6
 Force                  8    1      50001     141.040       1256.499  31.2
 Wait + Comm. F         8    1      50001       6.832         60.866   1.5
 PME mesh               8    1      50001     256.741       2287.266  56.8
 NB X/F buffer ops.     8    1     148751       1.713         15.258   0.4
 Write traj.            8    1        101       0.156          1.387   0.0
 Update                 8    1      50001       0.829          7.388   0.2
 Constraints            8    1      50003      24.238        215.933   5.4
 Comm. energies         8    1       5001       2.287         20.372   0.5
 Rest                                           0.661          5.890   0.1
-----------------------------------------------------------------------------
 Total                                        452.105       4027.724 100.0
-----------------------------------------------------------------------------
 Breakdown of PME mesh computation
-----------------------------------------------------------------------------
 PME redist. X/F        8    1     100002     198.205       1765.775  43.8
 PME spread             8    1      50001      21.605        192.479   4.8
 PME gather             8    1      50001      13.993        124.659   3.1
 PME 3D-FFT             8    1     100002       3.275         29.174   0.7
 PME 3D-FFT Comm.       8    1     100002      19.075        169.935   4.2
 PME solve Elec         8    1      50001       0.486          4.329   0.1
-----------------------------------------------------------------------------

               Core t (s)   Wall t (s)        (%)
       Time:     3616.811      452.105      800.0
                 (ns/day)    (hour/ns)
Performance:       19.111        1.256
Finished mdrun on rank 0 Wed Apr 26 17:49:30 2023

